ARM GAS  C:\Users\patri\AppData\Local\Temp\ccZEbYTT.s 			page 1


   1              		.cpu cortex-m4
   2              		.arch armv7e-m
   3              		.fpu fpv4-sp-d16
   4              		.eabi_attribute 27, 1
   5              		.eabi_attribute 28, 1
   6              		.eabi_attribute 20, 1
   7              		.eabi_attribute 21, 1
   8              		.eabi_attribute 23, 3
   9              		.eabi_attribute 24, 1
  10              		.eabi_attribute 25, 1
  11              		.eabi_attribute 26, 1
  12              		.eabi_attribute 30, 2
  13              		.eabi_attribute 34, 1
  14              		.eabi_attribute 18, 4
  15              		.file	"board.c"
  16              		.file 1 "c:\\chibistudio\\tools\\gnu tools arm embedded\\11.3 2022.08\\arm-none-eabi\\include\\mac
  17              		.file 2 "c:\\chibistudio\\tools\\gnu tools arm embedded\\11.3 2022.08\\arm-none-eabi\\include\\sys
  18              		.file 3 "../../chibios2111/os/common/ext/ST/STM32F4xx/stm32f410rx.h"
  19              		.file 4 "../../chibios2111/os/hal/ports/STM32/LLD/GPIOv2/stm32_gpio.h"
  20              		.file 5 "./source/board.c"
  21              		.file 6 "../../chibios2111/os/hal/ports/STM32/STM32F4xx/hal_lld_type1.h"
  22              		.section	.gnu.debuglto_.debug_info,"e",%progbits
  23              	.Ldebug_info0:
  24              		.hidden	board.c.19822d90
  25              		.weak	board.c.19822d90
  26              	board.c.19822d90:
  27 0000 1A040000 		.4byte	0x41a
  28 0004 0500     		.2byte	0x5
  29 0006 01       		.byte	0x1
  30 0007 04       		.byte	0x4
  31 0008 00000000 		.4byte	.Ldebug_abbrev0
  32 000c 10       		.uleb128 0x10
  33 000d DD020000 		.4byte	.LASF67
  34 0011 1D       		.byte	0x1d
  35 0012 16010000 		.4byte	.LASF68
  36 0016 8A010000 		.4byte	.LASF69
  37 001a 00000000 		.4byte	.Ldebug_line0
  38 001e 11       		.uleb128 0x11
  39 001f 04       		.byte	0x4
  40 0020 05       		.byte	0x5
  41 0021 696E7400 		.ascii	"int\000"
  42 0025 03       		.uleb128 0x3
  43 0026 04       		.byte	0x4
  44 0027 07       		.byte	0x7
  45 0028 A8020000 		.4byte	.LASF0
  46 002c 03       		.uleb128 0x3
  47 002d 08       		.byte	0x8
  48 002e 05       		.byte	0x5
  49 002f A5000000 		.4byte	.LASF1
  50 0033 03       		.uleb128 0x3
  51 0034 08       		.byte	0x8
  52 0035 04       		.byte	0x4
  53 0036 F4000000 		.4byte	.LASF2
  54 003a 03       		.uleb128 0x3
  55 003b 01       		.byte	0x1
  56 003c 06       		.byte	0x6
  57 003d 27010000 		.4byte	.LASF3
ARM GAS  C:\Users\patri\AppData\Local\Temp\ccZEbYTT.s 			page 2


  58 0041 03       		.uleb128 0x3
  59 0042 01       		.byte	0x1
  60 0043 08       		.byte	0x8
  61 0044 00010000 		.4byte	.LASF4
  62 0048 03       		.uleb128 0x3
  63 0049 02       		.byte	0x2
  64 004a 05       		.byte	0x5
  65 004b 18000000 		.4byte	.LASF5
  66 004f 04       		.uleb128 0x4
  67 0050 5C000000 		.4byte	.LASF8
  68 0054 01       		.byte	0x1
  69 0055 39       		.byte	0x39
  70 0056 19       		.byte	0x19
  71 0057 5B000000 		.4byte	0x5b
  72 005b 03       		.uleb128 0x3
  73 005c 02       		.byte	0x2
  74 005d 07       		.byte	0x7
  75 005e BF010000 		.4byte	.LASF6
  76 0062 03       		.uleb128 0x3
  77 0063 04       		.byte	0x4
  78 0064 05       		.byte	0x5
  79 0065 C1000000 		.4byte	.LASF7
  80 0069 04       		.uleb128 0x4
  81 006a 43000000 		.4byte	.LASF9
  82 006e 01       		.byte	0x1
  83 006f 4F       		.byte	0x4f
  84 0070 19       		.byte	0x19
  85 0071 75000000 		.4byte	0x75
  86 0075 03       		.uleb128 0x3
  87 0076 04       		.byte	0x4
  88 0077 07       		.byte	0x7
  89 0078 63010000 		.4byte	.LASF10
  90 007c 03       		.uleb128 0x3
  91 007d 08       		.byte	0x8
  92 007e 07       		.byte	0x7
  93 007f 33010000 		.4byte	.LASF11
  94 0083 04       		.uleb128 0x4
  95 0084 5A010000 		.4byte	.LASF12
  96 0088 02       		.byte	0x2
  97 0089 24       		.byte	0x24
  98 008a 14       		.byte	0x14
  99 008b 4F000000 		.4byte	0x4f
 100 008f 04       		.uleb128 0x4
 101 0090 4A010000 		.4byte	.LASF13
 102 0094 02       		.byte	0x2
 103 0095 30       		.byte	0x30
 104 0096 14       		.byte	0x14
 105 0097 69000000 		.4byte	0x69
 106 009b 08       		.uleb128 0x8
 107 009c 8F000000 		.4byte	0x8f
 108 00a0 03       		.uleb128 0x3
 109 00a1 01       		.byte	0x1
 110 00a2 08       		.byte	0x8
 111 00a3 DC010000 		.4byte	.LASF14
 112 00a7 09       		.uleb128 0x9
 113 00a8 8F000000 		.4byte	0x8f
 114 00ac B7000000 		.4byte	0xb7
ARM GAS  C:\Users\patri\AppData\Local\Temp\ccZEbYTT.s 			page 3


 115 00b0 0A       		.uleb128 0xa
 116 00b1 25000000 		.4byte	0x25
 117 00b5 01       		.byte	0x1
 118 00b6 00       		.byte	0
 119 00b7 12       		.uleb128 0x12
 120 00b8 98       		.byte	0x98
 121 00b9 03       		.byte	0x3
 122 00ba 8901     		.2byte	0x189
 123 00bc 09       		.byte	0x9
 124 00bd 05020000 		.4byte	0x205
 125 00c1 07       		.uleb128 0x7
 126 00c2 435200   		.ascii	"CR\000"
 127 00c5 8B01     		.2byte	0x18b
 128 00c7 9B000000 		.4byte	0x9b
 129 00cb 00       		.byte	0
 130 00cc 01       		.uleb128 0x1
 131 00cd B2010000 		.4byte	.LASF15
 132 00d1 8C01     		.2byte	0x18c
 133 00d3 9B000000 		.4byte	0x9b
 134 00d7 04       		.byte	0x4
 135 00d8 01       		.uleb128 0x1
 136 00d9 82000000 		.4byte	.LASF16
 137 00dd 8D01     		.2byte	0x18d
 138 00df 9B000000 		.4byte	0x9b
 139 00e3 08       		.byte	0x8
 140 00e4 07       		.uleb128 0x7
 141 00e5 43495200 		.ascii	"CIR\000"
 142 00e9 8E01     		.2byte	0x18e
 143 00eb 9B000000 		.4byte	0x9b
 144 00ef 0C       		.byte	0xc
 145 00f0 01       		.uleb128 0x1
 146 00f1 72000000 		.4byte	.LASF17
 147 00f5 8F01     		.2byte	0x18f
 148 00f7 9B000000 		.4byte	0x9b
 149 00fb 10       		.byte	0x10
 150 00fc 01       		.uleb128 0x1
 151 00fd FE010000 		.4byte	.LASF18
 152 0101 9001     		.2byte	0x190
 153 0103 05020000 		.4byte	0x205
 154 0107 14       		.byte	0x14
 155 0108 01       		.uleb128 0x1
 156 0109 0F000000 		.4byte	.LASF19
 157 010d 9101     		.2byte	0x191
 158 010f 9B000000 		.4byte	0x9b
 159 0113 20       		.byte	0x20
 160 0114 01       		.uleb128 0x1
 161 0115 E5000000 		.4byte	.LASF20
 162 0119 9201     		.2byte	0x192
 163 011b 9B000000 		.4byte	0x9b
 164 011f 24       		.byte	0x24
 165 0120 01       		.uleb128 0x1
 166 0121 08020000 		.4byte	.LASF21
 167 0125 9301     		.2byte	0x193
 168 0127 A7000000 		.4byte	0xa7
 169 012b 28       		.byte	0x28
 170 012c 01       		.uleb128 0x1
 171 012d 5B020000 		.4byte	.LASF22
ARM GAS  C:\Users\patri\AppData\Local\Temp\ccZEbYTT.s 			page 4


 172 0131 9401     		.2byte	0x194
 173 0133 9B000000 		.4byte	0x9b
 174 0137 30       		.byte	0x30
 175 0138 01       		.uleb128 0x1
 176 0139 12020000 		.4byte	.LASF23
 177 013d 9501     		.2byte	0x195
 178 013f 05020000 		.4byte	0x205
 179 0143 34       		.byte	0x34
 180 0144 01       		.uleb128 0x1
 181 0145 87000000 		.4byte	.LASF24
 182 0149 9601     		.2byte	0x196
 183 014b 9B000000 		.4byte	0x9b
 184 014f 40       		.byte	0x40
 185 0150 01       		.uleb128 0x1
 186 0151 0E010000 		.4byte	.LASF25
 187 0155 9701     		.2byte	0x197
 188 0157 9B000000 		.4byte	0x9b
 189 015b 44       		.byte	0x44
 190 015c 01       		.uleb128 0x1
 191 015d 1C020000 		.4byte	.LASF26
 192 0161 9801     		.2byte	0x198
 193 0163 A7000000 		.4byte	0xa7
 194 0167 48       		.byte	0x48
 195 0168 01       		.uleb128 0x1
 196 0169 F4010000 		.4byte	.LASF27
 197 016d 9901     		.2byte	0x199
 198 016f 9B000000 		.4byte	0x9b
 199 0173 50       		.byte	0x50
 200 0174 01       		.uleb128 0x1
 201 0175 26020000 		.4byte	.LASF28
 202 0179 9A01     		.2byte	0x19a
 203 017b 05020000 		.4byte	0x205
 204 017f 54       		.byte	0x54
 205 0180 01       		.uleb128 0x1
 206 0181 D2010000 		.4byte	.LASF29
 207 0185 9B01     		.2byte	0x19b
 208 0187 9B000000 		.4byte	0x9b
 209 018b 60       		.byte	0x60
 210 018c 01       		.uleb128 0x1
 211 018d BF020000 		.4byte	.LASF30
 212 0191 9C01     		.2byte	0x19c
 213 0193 9B000000 		.4byte	0x9b
 214 0197 64       		.byte	0x64
 215 0198 01       		.uleb128 0x1
 216 0199 30020000 		.4byte	.LASF31
 217 019d 9D01     		.2byte	0x19d
 218 019f A7000000 		.4byte	0xa7
 219 01a3 68       		.byte	0x68
 220 01a4 01       		.uleb128 0x1
 221 01a5 35000000 		.4byte	.LASF32
 222 01a9 9E01     		.2byte	0x19e
 223 01ab 9B000000 		.4byte	0x9b
 224 01af 70       		.byte	0x70
 225 01b0 07       		.uleb128 0x7
 226 01b1 43535200 		.ascii	"CSR\000"
 227 01b5 9F01     		.2byte	0x19f
 228 01b7 9B000000 		.4byte	0x9b
ARM GAS  C:\Users\patri\AppData\Local\Temp\ccZEbYTT.s 			page 5


 229 01bb 74       		.byte	0x74
 230 01bc 01       		.uleb128 0x1
 231 01bd 3A020000 		.4byte	.LASF33
 232 01c1 A001     		.2byte	0x1a0
 233 01c3 A7000000 		.4byte	0xa7
 234 01c7 78       		.byte	0x78
 235 01c8 01       		.uleb128 0x1
 236 01c9 67000000 		.4byte	.LASF34
 237 01cd A101     		.2byte	0x1a1
 238 01cf 9B000000 		.4byte	0x9b
 239 01d3 80       		.byte	0x80
 240 01d4 01       		.uleb128 0x1
 241 01d5 44020000 		.4byte	.LASF35
 242 01d9 A201     		.2byte	0x1a2
 243 01db A7000000 		.4byte	0xa7
 244 01df 84       		.byte	0x84
 245 01e0 01       		.uleb128 0x1
 246 01e1 96000000 		.4byte	.LASF36
 247 01e5 A301     		.2byte	0x1a3
 248 01e7 9B000000 		.4byte	0x9b
 249 01eb 8C       		.byte	0x8c
 250 01ec 01       		.uleb128 0x1
 251 01ed 3A000000 		.4byte	.LASF37
 252 01f1 A401     		.2byte	0x1a4
 253 01f3 9B000000 		.4byte	0x9b
 254 01f7 90       		.byte	0x90
 255 01f8 01       		.uleb128 0x1
 256 01f9 D6000000 		.4byte	.LASF38
 257 01fd A501     		.2byte	0x1a5
 258 01ff 9B000000 		.4byte	0x9b
 259 0203 94       		.byte	0x94
 260 0204 00       		.byte	0
 261 0205 09       		.uleb128 0x9
 262 0206 8F000000 		.4byte	0x8f
 263 020a 15020000 		.4byte	0x215
 264 020e 0A       		.uleb128 0xa
 265 020f 25000000 		.4byte	0x25
 266 0213 02       		.byte	0x2
 267 0214 00       		.byte	0
 268 0215 13       		.uleb128 0x13
 269 0216 CA000000 		.4byte	.LASF39
 270 021a 03       		.byte	0x3
 271 021b A601     		.2byte	0x1a6
 272 021d 03       		.byte	0x3
 273 021e B7000000 		.4byte	0xb7
 274 0222 03       		.uleb128 0x3
 275 0223 01       		.byte	0x1
 276 0224 02       		.byte	0x2
 277 0225 EE010000 		.4byte	.LASF40
 278 0229 05       		.uleb128 0x5
 279 022a 04       		.byte	0x4
 280 022b 04       		.byte	0x4
 281 022c 5B       		.byte	0x5b
 282 022d 05       		.byte	0x5
 283 022e 4C020000 		.4byte	0x24c
 284 0232 06       		.uleb128 0x6
 285 0233 73657400 		.ascii	"set\000"
ARM GAS  C:\Users\patri\AppData\Local\Temp\ccZEbYTT.s 			page 6


 286 0237 04       		.byte	0x4
 287 0238 5C       		.byte	0x5c
 288 0239 83000000 		.4byte	0x83
 289 023d 00       		.byte	0
 290 023e 02       		.uleb128 0x2
 291 023f EE000000 		.4byte	.LASF41
 292 0243 04       		.byte	0x4
 293 0244 5D       		.byte	0x5d
 294 0245 19       		.byte	0x19
 295 0246 83000000 		.4byte	0x83
 296 024a 02       		.byte	0x2
 297 024b 00       		.byte	0
 298 024c 14       		.uleb128 0x14
 299 024d 04       		.byte	0x4
 300 024e 04       		.byte	0x4
 301 024f 59       		.byte	0x59
 302 0250 0C       		.byte	0xc
 303 0251 68020000 		.4byte	0x268
 304 0255 0B       		.uleb128 0xb
 305 0256 5700     		.ascii	"W\000"
 306 0258 5A       		.byte	0x5a
 307 0259 19       		.byte	0x19
 308 025a 8F000000 		.4byte	0x8f
 309 025e 0B       		.uleb128 0xb
 310 025f 4800     		.ascii	"H\000"
 311 0261 5E       		.byte	0x5e
 312 0262 07       		.byte	0x7
 313 0263 29020000 		.4byte	0x229
 314 0267 00       		.byte	0
 315 0268 08       		.uleb128 0x8
 316 0269 4C020000 		.4byte	0x24c
 317 026d 05       		.uleb128 0x5
 318 026e 28       		.byte	0x28
 319 026f 04       		.byte	0x4
 320 0270 51       		.byte	0x51
 321 0271 09       		.byte	0x9
 322 0272 F7020000 		.4byte	0x2f7
 323 0276 02       		.uleb128 0x2
 324 0277 DF000000 		.4byte	.LASF42
 325 027b 04       		.byte	0x4
 326 027c 53       		.byte	0x53
 327 027d 19       		.byte	0x19
 328 027e 9B000000 		.4byte	0x9b
 329 0282 00       		.byte	0
 330 0283 02       		.uleb128 0x2
 331 0284 8F000000 		.4byte	.LASF43
 332 0288 04       		.byte	0x4
 333 0289 54       		.byte	0x54
 334 028a 19       		.byte	0x19
 335 028b 9B000000 		.4byte	0x9b
 336 028f 04       		.byte	0x4
 337 0290 02       		.uleb128 0x2
 338 0291 07000000 		.4byte	.LASF44
 339 0295 04       		.byte	0x4
 340 0296 55       		.byte	0x55
 341 0297 19       		.byte	0x19
 342 0298 9B000000 		.4byte	0x9b
ARM GAS  C:\Users\patri\AppData\Local\Temp\ccZEbYTT.s 			page 7


 343 029c 08       		.byte	0x8
 344 029d 02       		.uleb128 0x2
 345 029e B3000000 		.4byte	.LASF45
 346 02a2 04       		.byte	0x4
 347 02a3 56       		.byte	0x56
 348 02a4 19       		.byte	0x19
 349 02a5 9B000000 		.4byte	0x9b
 350 02a9 0C       		.byte	0xc
 351 02aa 06       		.uleb128 0x6
 352 02ab 49445200 		.ascii	"IDR\000"
 353 02af 04       		.byte	0x4
 354 02b0 57       		.byte	0x57
 355 02b1 9B000000 		.4byte	0x9b
 356 02b5 10       		.byte	0x10
 357 02b6 06       		.uleb128 0x6
 358 02b7 4F445200 		.ascii	"ODR\000"
 359 02bb 04       		.byte	0x4
 360 02bc 58       		.byte	0x58
 361 02bd 9B000000 		.4byte	0x9b
 362 02c1 14       		.byte	0x14
 363 02c2 02       		.uleb128 0x2
 364 02c3 6D000000 		.4byte	.LASF46
 365 02c7 04       		.byte	0x4
 366 02c8 5F       		.byte	0x5f
 367 02c9 05       		.byte	0x5
 368 02ca 68020000 		.4byte	0x268
 369 02ce 18       		.byte	0x18
 370 02cf 02       		.uleb128 0x2
 371 02d0 4E020000 		.4byte	.LASF47
 372 02d4 04       		.byte	0x4
 373 02d5 60       		.byte	0x60
 374 02d6 19       		.byte	0x19
 375 02d7 9B000000 		.4byte	0x9b
 376 02db 1C       		.byte	0x1c
 377 02dc 02       		.uleb128 0x2
 378 02dd BA010000 		.4byte	.LASF48
 379 02e1 04       		.byte	0x4
 380 02e2 61       		.byte	0x61
 381 02e3 19       		.byte	0x19
 382 02e4 9B000000 		.4byte	0x9b
 383 02e8 20       		.byte	0x20
 384 02e9 02       		.uleb128 0x2
 385 02ea 85010000 		.4byte	.LASF49
 386 02ee 04       		.byte	0x4
 387 02ef 62       		.byte	0x62
 388 02f0 19       		.byte	0x19
 389 02f1 9B000000 		.4byte	0x9b
 390 02f5 24       		.byte	0x24
 391 02f6 00       		.byte	0
 392 02f7 04       		.uleb128 0x4
 393 02f8 22000000 		.4byte	.LASF50
 394 02fc 04       		.byte	0x4
 395 02fd 63       		.byte	0x63
 396 02fe 03       		.byte	0x3
 397 02ff 6D020000 		.4byte	0x26d
 398 0303 0C       		.uleb128 0xc
 399 0304 F7020000 		.4byte	0x2f7
ARM GAS  C:\Users\patri\AppData\Local\Temp\ccZEbYTT.s 			page 8


 400 0308 05       		.uleb128 0x5
 401 0309 1C       		.byte	0x1c
 402 030a 05       		.byte	0x5
 403 030b 15       		.byte	0x15
 404 030c 09       		.byte	0x9
 405 030d 6C030000 		.4byte	0x36c
 406 0311 02       		.uleb128 0x2
 407 0312 9B020000 		.4byte	.LASF51
 408 0316 05       		.byte	0x5
 409 0317 16       		.byte	0x16
 410 0318 19       		.byte	0x19
 411 0319 8F000000 		.4byte	0x8f
 412 031d 00       		.byte	0
 413 031e 02       		.uleb128 0x2
 414 031f 53010000 		.4byte	.LASF52
 415 0323 05       		.byte	0x5
 416 0324 17       		.byte	0x17
 417 0325 19       		.byte	0x19
 418 0326 8F000000 		.4byte	0x8f
 419 032a 04       		.byte	0x4
 420 032b 02       		.uleb128 0x2
 421 032c B9000000 		.4byte	.LASF53
 422 0330 05       		.byte	0x5
 423 0331 18       		.byte	0x18
 424 0332 19       		.byte	0x19
 425 0333 8F000000 		.4byte	0x8f
 426 0337 08       		.byte	0x8
 427 0338 02       		.uleb128 0x2
 428 0339 7E020000 		.4byte	.LASF54
 429 033d 05       		.byte	0x5
 430 033e 19       		.byte	0x19
 431 033f 19       		.byte	0x19
 432 0340 8F000000 		.4byte	0x8f
 433 0344 0C       		.byte	0xc
 434 0345 06       		.uleb128 0x6
 435 0346 6F647200 		.ascii	"odr\000"
 436 034a 05       		.byte	0x5
 437 034b 1A       		.byte	0x1a
 438 034c 8F000000 		.4byte	0x8f
 439 0350 10       		.byte	0x10
 440 0351 02       		.uleb128 0x2
 441 0352 96020000 		.4byte	.LASF55
 442 0356 05       		.byte	0x5
 443 0357 1B       		.byte	0x1b
 444 0358 19       		.byte	0x19
 445 0359 8F000000 		.4byte	0x8f
 446 035d 14       		.byte	0x14
 447 035e 02       		.uleb128 0x2
 448 035f 84020000 		.4byte	.LASF56
 449 0363 05       		.byte	0x5
 450 0364 1C       		.byte	0x1c
 451 0365 19       		.byte	0x19
 452 0366 8F000000 		.4byte	0x8f
 453 036a 18       		.byte	0x18
 454 036b 00       		.byte	0
 455 036c 04       		.uleb128 0x4
 456 036d 89020000 		.4byte	.LASF57
ARM GAS  C:\Users\patri\AppData\Local\Temp\ccZEbYTT.s 			page 9


 457 0371 05       		.byte	0x5
 458 0372 1D       		.byte	0x1d
 459 0373 03       		.byte	0x3
 460 0374 08030000 		.4byte	0x308
 461 0378 0D       		.uleb128 0xd
 462 0379 6C030000 		.4byte	0x36c
 463 037d 05       		.uleb128 0x5
 464 037e 70       		.byte	0x70
 465 037f 05       		.byte	0x5
 466 0380 22       		.byte	0x22
 467 0381 09       		.byte	0x9
 468 0382 BB030000 		.4byte	0x3bb
 469 0386 02       		.uleb128 0x2
 470 0387 9E000000 		.4byte	.LASF58
 471 038b 05       		.byte	0x5
 472 038c 24       		.byte	0x24
 473 038d 19       		.byte	0x19
 474 038e 6C030000 		.4byte	0x36c
 475 0392 00       		.byte	0
 476 0393 02       		.uleb128 0x2
 477 0394 A1020000 		.4byte	.LASF59
 478 0398 05       		.byte	0x5
 479 0399 27       		.byte	0x27
 480 039a 19       		.byte	0x19
 481 039b 6C030000 		.4byte	0x36c
 482 039f 1C       		.byte	0x1c
 483 03a0 02       		.uleb128 0x2
 484 03a1 00000000 		.4byte	.LASF60
 485 03a5 05       		.byte	0x5
 486 03a6 2A       		.byte	0x2a
 487 03a7 19       		.byte	0x19
 488 03a8 6C030000 		.4byte	0x36c
 489 03ac 38       		.byte	0x38
 490 03ad 02       		.uleb128 0x2
 491 03ae 54020000 		.4byte	.LASF61
 492 03b2 05       		.byte	0x5
 493 03b3 39       		.byte	0x39
 494 03b4 19       		.byte	0x19
 495 03b5 6C030000 		.4byte	0x36c
 496 03b9 54       		.byte	0x54
 497 03ba 00       		.byte	0
 498 03bb 04       		.uleb128 0x4
 499 03bc 4E000000 		.4byte	.LASF62
 500 03c0 05       		.byte	0x5
 501 03c1 44       		.byte	0x44
 502 03c2 03       		.byte	0x3
 503 03c3 7D030000 		.4byte	0x37d
 504 03c7 0D       		.uleb128 0xd
 505 03c8 BB030000 		.4byte	0x3bb
 506 03cc 15       		.uleb128 0x15
 507 03cd C9020000 		.4byte	.LASF70
 508 03d1 05       		.byte	0x5
 509 03d2 49       		.byte	0x49
 510 03d3 1C       		.byte	0x1c
 511 03d4 C7030000 		.4byte	0x3c7
 512 03d8 16       		.uleb128 0x16
 513 03d9 6D020000 		.4byte	.LASF71
ARM GAS  C:\Users\patri\AppData\Local\Temp\ccZEbYTT.s 			page 10


 514 03dd 06       		.byte	0x6
 515 03de F107     		.2byte	0x7f1
 516 03e0 08       		.byte	0x8
 517 03e1 0E       		.uleb128 0xe
 518 03e2 B5020000 		.4byte	.LASF63
 519 03e6 F5       		.byte	0xf5
 520 03e7 0E       		.uleb128 0xe
 521 03e8 E1010000 		.4byte	.LASF64
 522 03ec BF       		.byte	0xbf
 523 03ed 17       		.uleb128 0x17
 524 03ee 75010000 		.4byte	.LASF72
 525 03f2 05       		.byte	0x5
 526 03f3 87       		.byte	0x87
 527 03f4 0D       		.byte	0xd
 528 03f5 18       		.uleb128 0x18
 529 03f6 63020000 		.4byte	.LASF73
 530 03fa 05       		.byte	0x5
 531 03fb 7C       		.byte	0x7c
 532 03fc 0D       		.byte	0xd
 533 03fd 18040000 		.4byte	0x418
 534 0401 0F       		.uleb128 0xf
 535 0402 2F000000 		.4byte	.LASF65
 536 0406 7C       		.byte	0x7c
 537 0407 25       		.byte	0x25
 538 0408 03030000 		.4byte	0x303
 539 040c 0F       		.uleb128 0xf
 540 040d 7B000000 		.4byte	.LASF66
 541 0411 7C       		.byte	0x7c
 542 0412 40       		.byte	0x40
 543 0413 18040000 		.4byte	0x418
 544 0417 00       		.byte	0
 545 0418 0C       		.uleb128 0xc
 546 0419 78030000 		.4byte	0x378
 547 041d 00       		.byte	0
 548              		.section	.gnu.debuglto_.debug_abbrev,"e",%progbits
 549              	.Ldebug_abbrev0:
 550 0000 01       		.uleb128 0x1
 551 0001 0D       		.uleb128 0xd
 552 0002 00       		.byte	0
 553 0003 03       		.uleb128 0x3
 554 0004 0E       		.uleb128 0xe
 555 0005 3A       		.uleb128 0x3a
 556 0006 21       		.uleb128 0x21
 557 0007 03       		.sleb128 3
 558 0008 3B       		.uleb128 0x3b
 559 0009 05       		.uleb128 0x5
 560 000a 39       		.uleb128 0x39
 561 000b 21       		.uleb128 0x21
 562 000c 11       		.sleb128 17
 563 000d 49       		.uleb128 0x49
 564 000e 13       		.uleb128 0x13
 565 000f 38       		.uleb128 0x38
 566 0010 0B       		.uleb128 0xb
 567 0011 00       		.byte	0
 568 0012 00       		.byte	0
 569 0013 02       		.uleb128 0x2
 570 0014 0D       		.uleb128 0xd
ARM GAS  C:\Users\patri\AppData\Local\Temp\ccZEbYTT.s 			page 11


 571 0015 00       		.byte	0
 572 0016 03       		.uleb128 0x3
 573 0017 0E       		.uleb128 0xe
 574 0018 3A       		.uleb128 0x3a
 575 0019 0B       		.uleb128 0xb
 576 001a 3B       		.uleb128 0x3b
 577 001b 0B       		.uleb128 0xb
 578 001c 39       		.uleb128 0x39
 579 001d 0B       		.uleb128 0xb
 580 001e 49       		.uleb128 0x49
 581 001f 13       		.uleb128 0x13
 582 0020 38       		.uleb128 0x38
 583 0021 0B       		.uleb128 0xb
 584 0022 00       		.byte	0
 585 0023 00       		.byte	0
 586 0024 03       		.uleb128 0x3
 587 0025 24       		.uleb128 0x24
 588 0026 00       		.byte	0
 589 0027 0B       		.uleb128 0xb
 590 0028 0B       		.uleb128 0xb
 591 0029 3E       		.uleb128 0x3e
 592 002a 0B       		.uleb128 0xb
 593 002b 03       		.uleb128 0x3
 594 002c 0E       		.uleb128 0xe
 595 002d 00       		.byte	0
 596 002e 00       		.byte	0
 597 002f 04       		.uleb128 0x4
 598 0030 16       		.uleb128 0x16
 599 0031 00       		.byte	0
 600 0032 03       		.uleb128 0x3
 601 0033 0E       		.uleb128 0xe
 602 0034 3A       		.uleb128 0x3a
 603 0035 0B       		.uleb128 0xb
 604 0036 3B       		.uleb128 0x3b
 605 0037 0B       		.uleb128 0xb
 606 0038 39       		.uleb128 0x39
 607 0039 0B       		.uleb128 0xb
 608 003a 49       		.uleb128 0x49
 609 003b 13       		.uleb128 0x13
 610 003c 00       		.byte	0
 611 003d 00       		.byte	0
 612 003e 05       		.uleb128 0x5
 613 003f 13       		.uleb128 0x13
 614 0040 01       		.byte	0x1
 615 0041 0B       		.uleb128 0xb
 616 0042 0B       		.uleb128 0xb
 617 0043 3A       		.uleb128 0x3a
 618 0044 0B       		.uleb128 0xb
 619 0045 3B       		.uleb128 0x3b
 620 0046 0B       		.uleb128 0xb
 621 0047 39       		.uleb128 0x39
 622 0048 0B       		.uleb128 0xb
 623 0049 01       		.uleb128 0x1
 624 004a 13       		.uleb128 0x13
 625 004b 00       		.byte	0
 626 004c 00       		.byte	0
 627 004d 06       		.uleb128 0x6
ARM GAS  C:\Users\patri\AppData\Local\Temp\ccZEbYTT.s 			page 12


 628 004e 0D       		.uleb128 0xd
 629 004f 00       		.byte	0
 630 0050 03       		.uleb128 0x3
 631 0051 08       		.uleb128 0x8
 632 0052 3A       		.uleb128 0x3a
 633 0053 0B       		.uleb128 0xb
 634 0054 3B       		.uleb128 0x3b
 635 0055 0B       		.uleb128 0xb
 636 0056 39       		.uleb128 0x39
 637 0057 21       		.uleb128 0x21
 638 0058 19       		.sleb128 25
 639 0059 49       		.uleb128 0x49
 640 005a 13       		.uleb128 0x13
 641 005b 38       		.uleb128 0x38
 642 005c 0B       		.uleb128 0xb
 643 005d 00       		.byte	0
 644 005e 00       		.byte	0
 645 005f 07       		.uleb128 0x7
 646 0060 0D       		.uleb128 0xd
 647 0061 00       		.byte	0
 648 0062 03       		.uleb128 0x3
 649 0063 08       		.uleb128 0x8
 650 0064 3A       		.uleb128 0x3a
 651 0065 21       		.uleb128 0x21
 652 0066 03       		.sleb128 3
 653 0067 3B       		.uleb128 0x3b
 654 0068 05       		.uleb128 0x5
 655 0069 39       		.uleb128 0x39
 656 006a 21       		.uleb128 0x21
 657 006b 11       		.sleb128 17
 658 006c 49       		.uleb128 0x49
 659 006d 13       		.uleb128 0x13
 660 006e 38       		.uleb128 0x38
 661 006f 0B       		.uleb128 0xb
 662 0070 00       		.byte	0
 663 0071 00       		.byte	0
 664 0072 08       		.uleb128 0x8
 665 0073 35       		.uleb128 0x35
 666 0074 00       		.byte	0
 667 0075 49       		.uleb128 0x49
 668 0076 13       		.uleb128 0x13
 669 0077 00       		.byte	0
 670 0078 00       		.byte	0
 671 0079 09       		.uleb128 0x9
 672 007a 01       		.uleb128 0x1
 673 007b 01       		.byte	0x1
 674 007c 49       		.uleb128 0x49
 675 007d 13       		.uleb128 0x13
 676 007e 01       		.uleb128 0x1
 677 007f 13       		.uleb128 0x13
 678 0080 00       		.byte	0
 679 0081 00       		.byte	0
 680 0082 0A       		.uleb128 0xa
 681 0083 21       		.uleb128 0x21
 682 0084 00       		.byte	0
 683 0085 49       		.uleb128 0x49
 684 0086 13       		.uleb128 0x13
ARM GAS  C:\Users\patri\AppData\Local\Temp\ccZEbYTT.s 			page 13


 685 0087 2F       		.uleb128 0x2f
 686 0088 0B       		.uleb128 0xb
 687 0089 00       		.byte	0
 688 008a 00       		.byte	0
 689 008b 0B       		.uleb128 0xb
 690 008c 0D       		.uleb128 0xd
 691 008d 00       		.byte	0
 692 008e 03       		.uleb128 0x3
 693 008f 08       		.uleb128 0x8
 694 0090 3A       		.uleb128 0x3a
 695 0091 21       		.uleb128 0x21
 696 0092 04       		.sleb128 4
 697 0093 3B       		.uleb128 0x3b
 698 0094 0B       		.uleb128 0xb
 699 0095 39       		.uleb128 0x39
 700 0096 0B       		.uleb128 0xb
 701 0097 49       		.uleb128 0x49
 702 0098 13       		.uleb128 0x13
 703 0099 00       		.byte	0
 704 009a 00       		.byte	0
 705 009b 0C       		.uleb128 0xc
 706 009c 0F       		.uleb128 0xf
 707 009d 00       		.byte	0
 708 009e 0B       		.uleb128 0xb
 709 009f 21       		.uleb128 0x21
 710 00a0 04       		.sleb128 4
 711 00a1 49       		.uleb128 0x49
 712 00a2 13       		.uleb128 0x13
 713 00a3 00       		.byte	0
 714 00a4 00       		.byte	0
 715 00a5 0D       		.uleb128 0xd
 716 00a6 26       		.uleb128 0x26
 717 00a7 00       		.byte	0
 718 00a8 49       		.uleb128 0x49
 719 00a9 13       		.uleb128 0x13
 720 00aa 00       		.byte	0
 721 00ab 00       		.byte	0
 722 00ac 0E       		.uleb128 0xe
 723 00ad 2E       		.uleb128 0x2e
 724 00ae 00       		.byte	0
 725 00af 3F       		.uleb128 0x3f
 726 00b0 19       		.uleb128 0x19
 727 00b1 03       		.uleb128 0x3
 728 00b2 0E       		.uleb128 0xe
 729 00b3 3A       		.uleb128 0x3a
 730 00b4 21       		.uleb128 0x21
 731 00b5 05       		.sleb128 5
 732 00b6 3B       		.uleb128 0x3b
 733 00b7 0B       		.uleb128 0xb
 734 00b8 39       		.uleb128 0x39
 735 00b9 21       		.uleb128 0x21
 736 00ba 06       		.sleb128 6
 737 00bb 27       		.uleb128 0x27
 738 00bc 19       		.uleb128 0x19
 739 00bd 00       		.byte	0
 740 00be 00       		.byte	0
 741 00bf 0F       		.uleb128 0xf
ARM GAS  C:\Users\patri\AppData\Local\Temp\ccZEbYTT.s 			page 14


 742 00c0 05       		.uleb128 0x5
 743 00c1 00       		.byte	0
 744 00c2 03       		.uleb128 0x3
 745 00c3 0E       		.uleb128 0xe
 746 00c4 3A       		.uleb128 0x3a
 747 00c5 21       		.uleb128 0x21
 748 00c6 05       		.sleb128 5
 749 00c7 3B       		.uleb128 0x3b
 750 00c8 0B       		.uleb128 0xb
 751 00c9 39       		.uleb128 0x39
 752 00ca 0B       		.uleb128 0xb
 753 00cb 49       		.uleb128 0x49
 754 00cc 13       		.uleb128 0x13
 755 00cd 00       		.byte	0
 756 00ce 00       		.byte	0
 757 00cf 10       		.uleb128 0x10
 758 00d0 11       		.uleb128 0x11
 759 00d1 01       		.byte	0x1
 760 00d2 25       		.uleb128 0x25
 761 00d3 0E       		.uleb128 0xe
 762 00d4 13       		.uleb128 0x13
 763 00d5 0B       		.uleb128 0xb
 764 00d6 03       		.uleb128 0x3
 765 00d7 0E       		.uleb128 0xe
 766 00d8 1B       		.uleb128 0x1b
 767 00d9 0E       		.uleb128 0xe
 768 00da 10       		.uleb128 0x10
 769 00db 17       		.uleb128 0x17
 770 00dc 00       		.byte	0
 771 00dd 00       		.byte	0
 772 00de 11       		.uleb128 0x11
 773 00df 24       		.uleb128 0x24
 774 00e0 00       		.byte	0
 775 00e1 0B       		.uleb128 0xb
 776 00e2 0B       		.uleb128 0xb
 777 00e3 3E       		.uleb128 0x3e
 778 00e4 0B       		.uleb128 0xb
 779 00e5 03       		.uleb128 0x3
 780 00e6 08       		.uleb128 0x8
 781 00e7 00       		.byte	0
 782 00e8 00       		.byte	0
 783 00e9 12       		.uleb128 0x12
 784 00ea 13       		.uleb128 0x13
 785 00eb 01       		.byte	0x1
 786 00ec 0B       		.uleb128 0xb
 787 00ed 0B       		.uleb128 0xb
 788 00ee 3A       		.uleb128 0x3a
 789 00ef 0B       		.uleb128 0xb
 790 00f0 3B       		.uleb128 0x3b
 791 00f1 05       		.uleb128 0x5
 792 00f2 39       		.uleb128 0x39
 793 00f3 0B       		.uleb128 0xb
 794 00f4 01       		.uleb128 0x1
 795 00f5 13       		.uleb128 0x13
 796 00f6 00       		.byte	0
 797 00f7 00       		.byte	0
 798 00f8 13       		.uleb128 0x13
ARM GAS  C:\Users\patri\AppData\Local\Temp\ccZEbYTT.s 			page 15


 799 00f9 16       		.uleb128 0x16
 800 00fa 00       		.byte	0
 801 00fb 03       		.uleb128 0x3
 802 00fc 0E       		.uleb128 0xe
 803 00fd 3A       		.uleb128 0x3a
 804 00fe 0B       		.uleb128 0xb
 805 00ff 3B       		.uleb128 0x3b
 806 0100 05       		.uleb128 0x5
 807 0101 39       		.uleb128 0x39
 808 0102 0B       		.uleb128 0xb
 809 0103 49       		.uleb128 0x49
 810 0104 13       		.uleb128 0x13
 811 0105 00       		.byte	0
 812 0106 00       		.byte	0
 813 0107 14       		.uleb128 0x14
 814 0108 17       		.uleb128 0x17
 815 0109 01       		.byte	0x1
 816 010a 0B       		.uleb128 0xb
 817 010b 0B       		.uleb128 0xb
 818 010c 3A       		.uleb128 0x3a
 819 010d 0B       		.uleb128 0xb
 820 010e 3B       		.uleb128 0x3b
 821 010f 0B       		.uleb128 0xb
 822 0110 39       		.uleb128 0x39
 823 0111 0B       		.uleb128 0xb
 824 0112 01       		.uleb128 0x1
 825 0113 13       		.uleb128 0x13
 826 0114 00       		.byte	0
 827 0115 00       		.byte	0
 828 0116 15       		.uleb128 0x15
 829 0117 34       		.uleb128 0x34
 830 0118 00       		.byte	0
 831 0119 03       		.uleb128 0x3
 832 011a 0E       		.uleb128 0xe
 833 011b 3A       		.uleb128 0x3a
 834 011c 0B       		.uleb128 0xb
 835 011d 3B       		.uleb128 0x3b
 836 011e 0B       		.uleb128 0xb
 837 011f 39       		.uleb128 0x39
 838 0120 0B       		.uleb128 0xb
 839 0121 49       		.uleb128 0x49
 840 0122 13       		.uleb128 0x13
 841 0123 00       		.byte	0
 842 0124 00       		.byte	0
 843 0125 16       		.uleb128 0x16
 844 0126 2E       		.uleb128 0x2e
 845 0127 00       		.byte	0
 846 0128 3F       		.uleb128 0x3f
 847 0129 19       		.uleb128 0x19
 848 012a 03       		.uleb128 0x3
 849 012b 0E       		.uleb128 0xe
 850 012c 3A       		.uleb128 0x3a
 851 012d 0B       		.uleb128 0xb
 852 012e 3B       		.uleb128 0x3b
 853 012f 05       		.uleb128 0x5
 854 0130 39       		.uleb128 0x39
 855 0131 0B       		.uleb128 0xb
ARM GAS  C:\Users\patri\AppData\Local\Temp\ccZEbYTT.s 			page 16


 856 0132 27       		.uleb128 0x27
 857 0133 19       		.uleb128 0x19
 858 0134 3C       		.uleb128 0x3c
 859 0135 19       		.uleb128 0x19
 860 0136 00       		.byte	0
 861 0137 00       		.byte	0
 862 0138 17       		.uleb128 0x17
 863 0139 2E       		.uleb128 0x2e
 864 013a 00       		.byte	0
 865 013b 03       		.uleb128 0x3
 866 013c 0E       		.uleb128 0xe
 867 013d 3A       		.uleb128 0x3a
 868 013e 0B       		.uleb128 0xb
 869 013f 3B       		.uleb128 0x3b
 870 0140 0B       		.uleb128 0xb
 871 0141 39       		.uleb128 0x39
 872 0142 0B       		.uleb128 0xb
 873 0143 27       		.uleb128 0x27
 874 0144 19       		.uleb128 0x19
 875 0145 00       		.byte	0
 876 0146 00       		.byte	0
 877 0147 18       		.uleb128 0x18
 878 0148 2E       		.uleb128 0x2e
 879 0149 01       		.byte	0x1
 880 014a 03       		.uleb128 0x3
 881 014b 0E       		.uleb128 0xe
 882 014c 3A       		.uleb128 0x3a
 883 014d 0B       		.uleb128 0xb
 884 014e 3B       		.uleb128 0x3b
 885 014f 0B       		.uleb128 0xb
 886 0150 39       		.uleb128 0x39
 887 0151 0B       		.uleb128 0xb
 888 0152 27       		.uleb128 0x27
 889 0153 19       		.uleb128 0x19
 890 0154 01       		.uleb128 0x1
 891 0155 13       		.uleb128 0x13
 892 0156 00       		.byte	0
 893 0157 00       		.byte	0
 894 0158 00       		.byte	0
 895              		.section	.gnu.debuglto_.debug_line,"e",%progbits
 896              	.Ldebug_line0:
 897 0000 63000000 		.4byte	.LELT0-.LSLT0
 898              	.LSLT0:
 899 0004 0500     		.2byte	0x5
 900 0006 04       		.byte	0x4
 901 0007 00       		.byte	0
 902 0008 5B000000 		.4byte	.LELTP0-.LASLTP0
 903              	.LASLTP0:
 904 000c 01       		.byte	0x1
 905 000d 01       		.byte	0x1
 906 000e 01       		.byte	0x1
 907 000f F6       		.byte	0xf6
 908 0010 F2       		.byte	0xf2
 909 0011 0D       		.byte	0xd
 910 0012 00       		.byte	0
 911 0013 01       		.byte	0x1
 912 0014 01       		.byte	0x1
ARM GAS  C:\Users\patri\AppData\Local\Temp\ccZEbYTT.s 			page 17


 913 0015 01       		.byte	0x1
 914 0016 01       		.byte	0x1
 915 0017 00       		.byte	0
 916 0018 00       		.byte	0
 917 0019 00       		.byte	0
 918 001a 01       		.byte	0x1
 919 001b 00       		.byte	0
 920 001c 00       		.byte	0
 921 001d 01       		.byte	0x1
 922 001e 01       		.byte	0x1
 923 001f 01       		.uleb128 0x1
 924 0020 1F       		.uleb128 0x1f
 925 0021 07       		.uleb128 0x7
 926 0022 5E010000 		.4byte	.LASF74
 927 0026 86010000 		.4byte	.LASF75
 928 002a 5D000000 		.4byte	.LASF76
 929 002e 8D000000 		.4byte	.LASF77
 930 0032 BC000000 		.4byte	.LASF78
 931 0036 0A000000 		.4byte	.LASF79
 932 003a 4A010000 		.4byte	.LASF80
 933 003e 02       		.byte	0x2
 934 003f 01       		.uleb128 0x1
 935 0040 1F       		.uleb128 0x1f
 936 0041 02       		.uleb128 0x2
 937 0042 0B       		.uleb128 0xb
 938 0043 07       		.uleb128 0x7
 939 0044 29010000 		.4byte	.LASF81
 940 0048 00       		.byte	0
 941 0049 B3010000 		.4byte	.LASF82
 942 004d 04       		.byte	0x4
 943 004e 00000000 		.4byte	.LASF83
 944 0052 05       		.byte	0x5
 945 0053 1B010000 		.4byte	.LASF84
 946 0057 01       		.byte	0x1
 947 0058 51010000 		.4byte	.LASF85
 948 005c 02       		.byte	0x2
 949 005d 13010000 		.4byte	.LASF86
 950 0061 06       		.byte	0x6
 951 0062 3A010000 		.4byte	.LASF87
 952 0066 03       		.byte	0x3
 953              	.LELTP0:
 954              	.LELT0:
 955              		.section	.gnu.debuglto_.debug_str,"eMS",%progbits,1
 956              	.LASF60:
 957 0000 50434461 		.ascii	"PCData\000"
 957      746100
 958              	.LASF44:
 959 0007 4F535045 		.ascii	"OSPEEDR\000"
 959      45445200 
 960              	.LASF19:
 961 000f 41504231 		.ascii	"APB1RSTR\000"
 961      52535452 
 961      00
 962              	.LASF5:
 963 0018 73686F72 		.ascii	"short int\000"
 963      7420696E 
 963      7400
ARM GAS  C:\Users\patri\AppData\Local\Temp\ccZEbYTT.s 			page 18


 964              	.LASF50:
 965 0022 73746D33 		.ascii	"stm32_gpio_t\000"
 965      325F6770 
 965      696F5F74 
 965      00
 966              	.LASF65:
 967 002f 6770696F 		.ascii	"gpiop\000"
 967      7000
 968              	.LASF32:
 969 0035 42444352 		.ascii	"BDCR\000"
 969      00
 970              	.LASF37:
 971 003a 434B4741 		.ascii	"CKGATENR\000"
 971      54454E52 
 971      00
 972              	.LASF9:
 973 0043 5F5F7569 		.ascii	"__uint32_t\000"
 973      6E743332 
 973      5F7400
 974              	.LASF62:
 975 004e 6770696F 		.ascii	"gpio_config_t\000"
 975      5F636F6E 
 975      6669675F 
 975      7400
 976              	.LASF8:
 977 005c 5F5F7569 		.ascii	"__uint16_t\000"
 977      6E743136 
 977      5F7400
 978              	.LASF34:
 979 0067 53534347 		.ascii	"SSCGR\000"
 979      5200
 980              	.LASF46:
 981 006d 42535252 		.ascii	"BSRR\000"
 981      00
 982              	.LASF17:
 983 0072 41484231 		.ascii	"AHB1RSTR\000"
 983      52535452 
 983      00
 984              	.LASF66:
 985 007b 636F6E66 		.ascii	"config\000"
 985      696700
 986              	.LASF16:
 987 0082 43464752 		.ascii	"CFGR\000"
 987      00
 988              	.LASF24:
 989 0087 41504231 		.ascii	"APB1ENR\000"
 989      454E5200 
 990              	.LASF43:
 991 008f 4F545950 		.ascii	"OTYPER\000"
 991      455200
 992              	.LASF36:
 993 0096 44434B43 		.ascii	"DCKCFGR\000"
 993      46475200 
 994              	.LASF58:
 995 009e 50414461 		.ascii	"PAData\000"
 995      746100
 996              	.LASF1:
ARM GAS  C:\Users\patri\AppData\Local\Temp\ccZEbYTT.s 			page 19


 997 00a5 6C6F6E67 		.ascii	"long long int\000"
 997      206C6F6E 
 997      6720696E 
 997      7400
 998              	.LASF45:
 999 00b3 50555044 		.ascii	"PUPDR\000"
 999      5200
 1000              	.LASF53:
 1001 00b9 6F737065 		.ascii	"ospeedr\000"
 1001      65647200 
 1002              	.LASF7:
 1003 00c1 6C6F6E67 		.ascii	"long int\000"
 1003      20696E74 
 1003      00
 1004              	.LASF39:
 1005 00ca 5243435F 		.ascii	"RCC_TypeDef\000"
 1005      54797065 
 1005      44656600 
 1006              	.LASF38:
 1007 00d6 44434B43 		.ascii	"DCKCFGR2\000"
 1007      46475232 
 1007      00
 1008              	.LASF42:
 1009 00df 4D4F4445 		.ascii	"MODER\000"
 1009      5200
 1010              	.LASF20:
 1011 00e5 41504232 		.ascii	"APB2RSTR\000"
 1011      52535452 
 1011      00
 1012              	.LASF41:
 1013 00ee 636C6561 		.ascii	"clear\000"
 1013      7200
 1014              	.LASF2:
 1015 00f4 6C6F6E67 		.ascii	"long double\000"
 1015      20646F75 
 1015      626C6500 
 1016              	.LASF4:
 1017 0100 756E7369 		.ascii	"unsigned char\000"
 1017      676E6564 
 1017      20636861 
 1017      7200
 1018              	.LASF25:
 1019 010e 41504232 		.ascii	"APB2ENR\000"
 1019      454E5200 
 1020              	.LASF68:
 1021 0116 2E2F736F 		.ascii	"./source/board.c\000"
 1021      75726365 
 1021      2F626F61 
 1021      72642E63 
 1021      00
 1022              	.LASF3:
 1023 0127 7369676E 		.ascii	"signed char\000"
 1023      65642063 
 1023      68617200 
 1024              	.LASF11:
 1025 0133 6C6F6E67 		.ascii	"long long unsigned int\000"
 1025      206C6F6E 
ARM GAS  C:\Users\patri\AppData\Local\Temp\ccZEbYTT.s 			page 20


 1025      6720756E 
 1025      7369676E 
 1025      65642069 
 1026              	.LASF13:
 1027 014a 75696E74 		.ascii	"uint32_t\000"
 1027      33325F74 
 1027      00
 1028              	.LASF52:
 1029 0153 6F747970 		.ascii	"otyper\000"
 1029      657200
 1030              	.LASF12:
 1031 015a 75696E74 		.ascii	"uint16_t\000"
 1031      31365F74 
 1031      00
 1032              	.LASF10:
 1033 0163 6C6F6E67 		.ascii	"long unsigned int\000"
 1033      20756E73 
 1033      69676E65 
 1033      6420696E 
 1033      7400
 1034              	.LASF72:
 1035 0175 73746D33 		.ascii	"stm32_gpio_init\000"
 1035      325F6770 
 1035      696F5F69 
 1035      6E697400 
 1036              	.LASF49:
 1037 0185 41465248 		.ascii	"AFRH\000"
 1037      00
 1038              	.LASF69:
 1039 018a 433A5C43 		.ascii	"C:\\ChibiStudio\\workspace_user\\microcntr\000"
 1039      68696269 
 1039      53747564 
 1039      696F5C77 
 1039      6F726B73 
 1040              	.LASF15:
 1041 01b2 504C4C43 		.ascii	"PLLCFGR\000"
 1041      46475200 
 1042              	.LASF48:
 1043 01ba 4146524C 		.ascii	"AFRL\000"
 1043      00
 1044              	.LASF6:
 1045 01bf 73686F72 		.ascii	"short unsigned int\000"
 1045      7420756E 
 1045      7369676E 
 1045      65642069 
 1045      6E7400
 1046              	.LASF29:
 1047 01d2 41504231 		.ascii	"APB1LPENR\000"
 1047      4C50454E 
 1047      5200
 1048              	.LASF14:
 1049 01dc 63686172 		.ascii	"char\000"
 1049      00
 1050              	.LASF64:
 1051 01e1 5F5F6561 		.ascii	"__early_init\000"
 1051      726C795F 
 1051      696E6974 
ARM GAS  C:\Users\patri\AppData\Local\Temp\ccZEbYTT.s 			page 21


 1051      00
 1052              	.LASF40:
 1053 01ee 5F426F6F 		.ascii	"_Bool\000"
 1053      6C00
 1054              	.LASF27:
 1055 01f4 41484231 		.ascii	"AHB1LPENR\000"
 1055      4C50454E 
 1055      5200
 1056              	.LASF18:
 1057 01fe 52455345 		.ascii	"RESERVED0\000"
 1057      52564544 
 1057      3000
 1058              	.LASF21:
 1059 0208 52455345 		.ascii	"RESERVED1\000"
 1059      52564544 
 1059      3100
 1060              	.LASF23:
 1061 0212 52455345 		.ascii	"RESERVED2\000"
 1061      52564544 
 1061      3200
 1062              	.LASF26:
 1063 021c 52455345 		.ascii	"RESERVED3\000"
 1063      52564544 
 1063      3300
 1064              	.LASF28:
 1065 0226 52455345 		.ascii	"RESERVED4\000"
 1065      52564544 
 1065      3400
 1066              	.LASF31:
 1067 0230 52455345 		.ascii	"RESERVED5\000"
 1067      52564544 
 1067      3500
 1068              	.LASF33:
 1069 023a 52455345 		.ascii	"RESERVED6\000"
 1069      52564544 
 1069      3600
 1070              	.LASF35:
 1071 0244 52455345 		.ascii	"RESERVED7\000"
 1071      52564544 
 1071      3700
 1072              	.LASF47:
 1073 024e 4C4F434B 		.ascii	"LOCKR\000"
 1073      5200
 1074              	.LASF61:
 1075 0254 50484461 		.ascii	"PHData\000"
 1075      746100
 1076              	.LASF22:
 1077 025b 41484231 		.ascii	"AHB1ENR\000"
 1077      454E5200 
 1078              	.LASF73:
 1079 0263 6770696F 		.ascii	"gpio_init\000"
 1079      5F696E69 
 1079      7400
 1080              	.LASF71:
 1081 026d 73746D33 		.ascii	"stm32_clock_init\000"
 1081      325F636C 
 1081      6F636B5F 
ARM GAS  C:\Users\patri\AppData\Local\Temp\ccZEbYTT.s 			page 22


 1081      696E6974 
 1081      00
 1082              	.LASF54:
 1083 027e 70757064 		.ascii	"pupdr\000"
 1083      7200
 1084              	.LASF56:
 1085 0284 61667268 		.ascii	"afrh\000"
 1085      00
 1086              	.LASF57:
 1087 0289 6770696F 		.ascii	"gpio_setup_t\000"
 1087      5F736574 
 1087      75705F74 
 1087      00
 1088              	.LASF55:
 1089 0296 6166726C 		.ascii	"afrl\000"
 1089      00
 1090              	.LASF51:
 1091 029b 6D6F6465 		.ascii	"moder\000"
 1091      7200
 1092              	.LASF59:
 1093 02a1 50424461 		.ascii	"PBData\000"
 1093      746100
 1094              	.LASF0:
 1095 02a8 756E7369 		.ascii	"unsigned int\000"
 1095      676E6564 
 1095      20696E74 
 1095      00
 1096              	.LASF63:
 1097 02b5 626F6172 		.ascii	"boardInit\000"
 1097      64496E69 
 1097      7400
 1098              	.LASF30:
 1099 02bf 41504232 		.ascii	"APB2LPENR\000"
 1099      4C50454E 
 1099      5200
 1100              	.LASF70:
 1101 02c9 6770696F 		.ascii	"gpio_default_config\000"
 1101      5F646566 
 1101      61756C74 
 1101      5F636F6E 
 1101      66696700 
 1102              	.LASF67:
 1103 02dd 474E5520 		.ascii	"GNU C17 11.3.1 20220712 -mcpu=cortex-m4 -mthumb -mf"
 1103      43313720 
 1103      31312E33 
 1103      2E312032 
 1103      30323230 
 1104 0310 6C6F6174 		.ascii	"loat-abi=hard -mfpu=fpv4-sp-d16 -march=armv7e-m+fp "
 1104      2D616269 
 1104      3D686172 
 1104      64202D6D 
 1104      6670753D 
 1105 0343 2D676764 		.ascii	"-ggdb -O2 -fomit-frame-pointer -falign-functions=16"
 1105      62202D4F 
 1105      32202D66 
 1105      6F6D6974 
 1105      2D667261 
ARM GAS  C:\Users\patri\AppData\Local\Temp\ccZEbYTT.s 			page 23


 1106 0376 202D6666 		.ascii	" -ffunction-sections -fdata-sections -fno-common -f"
 1106      756E6374 
 1106      696F6E2D 
 1106      73656374 
 1106      696F6E73 
 1107 03a9 6C746F00 		.ascii	"lto\000"
 1108              		.section	.gnu.debuglto_.debug_line_str,"eMS",%progbits,1
 1109              	.LASF83:
 1110 0000 5F737464 		.ascii	"_stdint.h\000"
 1110      696E742E 
 1110      6800
 1111              	.LASF79:
 1112 000a 633A5C63 		.ascii	"c:\\chibistudio\\tools\\gnu tools arm embedded\\11."
 1112      68696269 
 1112      73747564 
 1112      696F5C74 
 1112      6F6F6C73 
 1113 0039 33203230 		.ascii	"3 2022.08\\arm-none-eabi\\include\\sys\000"
 1113      32322E30 
 1113      385C6172 
 1113      6D2D6E6F 
 1113      6E652D65 
 1114              	.LASF76:
 1115 005d 2E2E2F2E 		.ascii	"../../chibios2111/os/hal/ports/STM32/LLD/GPIOv2\000"
 1115      2E2F6368 
 1115      6962696F 
 1115      73323131 
 1115      312F6F73 
 1116              	.LASF77:
 1117 008d 2E2E2F2E 		.ascii	"../../chibios2111/os/hal/ports/STM32/STM32F4xx\000"
 1117      2E2F6368 
 1117      6962696F 
 1117      73323131 
 1117      312F6F73 
 1118              	.LASF78:
 1119 00bc 633A5C63 		.ascii	"c:\\chibistudio\\tools\\gnu tools arm embedded\\11."
 1119      68696269 
 1119      73747564 
 1119      696F5C74 
 1119      6F6F6C73 
 1120 00eb 33203230 		.ascii	"3 2022.08\\arm-none-eabi\\include\\machine\000"
 1120      32322E30 
 1120      385C6172 
 1120      6D2D6E6F 
 1120      6E652D65 
 1121              	.LASF86:
 1122 0113 626F6172 		.ascii	"board.c\000"
 1122      642E6300 
 1123              	.LASF84:
 1124 011b 73746D33 		.ascii	"stm32f410rx.h\000"
 1124      32663431 
 1124      3072782E 
 1124      6800
 1125              	.LASF81:
 1126 0129 2E2F736F 		.ascii	"./source/board.c\000"
 1126      75726365 
 1126      2F626F61 
ARM GAS  C:\Users\patri\AppData\Local\Temp\ccZEbYTT.s 			page 24


 1126      72642E63 
 1126      00
 1127              	.LASF87:
 1128 013a 68616C5F 		.ascii	"hal_lld_type1.h\000"
 1128      6C6C645F 
 1128      74797065 
 1128      312E6800 
 1129              	.LASF80:
 1130 014a 736F7572 		.ascii	"source\000"
 1130      636500
 1131              	.LASF85:
 1132 0151 73746D33 		.ascii	"stm32_gpio.h\000"
 1132      325F6770 
 1132      696F2E68 
 1132      00
 1133              	.LASF74:
 1134 015e 433A5C43 		.ascii	"C:\\ChibiStudio\\workspace_user\\microcntr\000"
 1134      68696269 
 1134      53747564 
 1134      696F5C77 
 1134      6F726B73 
 1135              	.LASF75:
 1136 0186 2E2E2F2E 		.ascii	"../../chibios2111/os/common/ext/ST/STM32F4xx\000"
 1136      2E2F6368 
 1136      6962696F 
 1136      73323131 
 1136      312F6F73 
 1137              	.LASF82:
 1138 01b3 5F646566 		.ascii	"_default_types.h\000"
 1138      61756C74 
 1138      5F747970 
 1138      65732E68 
 1138      00
 1139              		.text
 1140              		.section	.gnu.lto_.profile.a5596ee2,"e",%progbits
 1141 0000 789C6362 		.ascii	"x\234cb\000\001\000\000\022\000\003"
 1141      00010000 
 1141      120003
 1142              		.text
 1143              		.section	.gnu.lto_.icf.a5596ee2,"e",%progbits
 1144 0000 789C5BCF 		.ascii	"x\234[\317\200\000\314\014\313\366/^\315\351\303\304"
 1144      8000CC0C 
 1144      CBF62F5E 
 1144      CDE9C3C4 
 1145 0010 C0C44824 		.ascii	"\300\304H$f\242'f\354y\372\3502?\003\323\203{\273g1"
 1145      66A22766 
 1145      EC79FAE8 
 1145      323F03D3 
 1145      837BBB67 
 1146 0025 31300000 		.ascii	"10\000\000\016@\012\342"
 1146      0E400AE2 
 1147              		.text
 1148              		.section	.gnu.lto_.ipa_sra.a5596ee2,"e",%progbits
 1149 0000 789CE367 		.ascii	"x\234\343g@\000f\006\006FF\0060d\002\022\000\002\023"
 1149      40006606 
 1149      06464606 
 1149      30640212 
ARM GAS  C:\Users\patri\AppData\Local\Temp\ccZEbYTT.s 			page 25


 1149      000213
 1150 0013 001B     		.ascii	"\000\033"
 1151              		.text
 1152              		.section	.gnu.lto_.inline.a5596ee2,"e",%progbits
 1153 0000 789C2B67 		.ascii	"x\234+g@\000f\006\006\335\206\206\206\007L\031\214\014"
 1153      40006606 
 1153      06DD8686 
 1153      86074C19 
 1153      8C0C
 1154 0012 4C2140D6 		.ascii	"L!@\326\005\246\014\006\0066 \243\201)\205\211\201\011"
 1154      05A60C06 
 1154      063620A3 
 1154      81298589 
 1154      8109
 1155 0024 A4869181 		.ascii	"\244\206\221\201\025\254$\235\021\304o\004\262\3530"
 1155      15AC249D 
 1155      11C46F04 
 1155      B2EB30
 1156 0033 94702148 		.ascii	"\224p!H&\006f\210\034n\345\014\000_\223\030'"
 1156      26066688 
 1156      1C6EE50C 
 1156      005F9318 
 1156      27
 1157              		.text
 1158              		.section	.gnu.lto_.jmpfuncs.a5596ee2,"e",%progbits
 1159 0000 789CE365 		.ascii	"x\234\343e@\000f f\0041\230\200\030\000\001\226\000"
 1159      40006620 
 1159      66043198 
 1159      80180001 
 1159      9600
 1160 0012 14       		.ascii	"\024"
 1161              		.text
 1162              		.section	.gnu.lto_.pureconst.a5596ee2,"e",%progbits
 1163 0000 789CE362 		.ascii	"x\234\343b```f\230\305\3028\203\205\251\201\005\000"
 1163      60606066 
 1163      98C5C238 
 1163      8385A981 
 1163      0500
 1164 0012 09BC01CF 		.ascii	"\011\274\001\317"
 1165              		.text
 1166              		.section	.gnu.lto_.ipa_modref.a5596ee2,"e",%progbits
 1167 0000 789C3361 		.ascii	"x\2343a@\000&\006\006\005\001\001\006F&f fa\004s\230"
 1167      40002606 
 1167      06050101 
 1167      06462666 
 1167      20666104 
 1168 0016 601C2656 		.ascii	"`\034&V\010\315\000\021\207\020\014\014\000,\021\001"
 1168      08CD0011 
 1168      87100C0C 
 1168      002C1101 
 1169 0026 64       		.ascii	"d"
 1170              		.text
 1171              		.section	.gnu.lto_.lto.a5596ee2,"e",%progbits
 1172 0000 0B000300 		.ascii	"\013\000\003\000\001\000\000\000"
 1172      01000000 
 1173              		.text
 1174              		.section	.gnu.lto_stm32_gpio_init.386.a5596ee2,"e",%progbits
ARM GAS  C:\Users\patri\AppData\Local\Temp\ccZEbYTT.s 			page 26


 1175 0000 789CA596 		.ascii	"x\234\245\226mL\034E\030\307\347\231\275=\216\227\024"
 1175      6D4C1C45 
 1175      18C7E799 
 1175      BD3D8E97 
 1175      14
 1176 0011 5BE377D4 		.ascii	"[\343w\324/$V\320\373\320\330&&&|l\2141\2044\0154\015"
 1176      2F2456D0 
 1176      FBD0D826 
 1176      26267C6C 
 1176      8C318434 
 1177 0028 3D102F4D 		.ascii	"=\020/M{p\364b\232\2060\034X\352\325\024\260\330V\213"
 1177      7B70F462 
 1177      9A86301C 
 1177      58EAD514 
 1177      B0D8568B 
 1178 003c 588A2417 		.ascii	"X\212$\027\352[\242\225+\226vy+\364\200\213\240Hb\252"
 1178      EA5BA295 
 1178      2B967679 
 1178      2BF4808B 
 1178      A04862AA 
 1179 0050 21A84D6D 		.ascii	"!\250MmM%M\214\030j\317gf\366n\347^\366\276\364\222"
 1179      4D254D8C 
 1179      186ACF67 
 1179      66F66EE7 
 1179      5EF6BEF4 
 1180 0065 C9EDDCFC 		.ascii	"\311\355\334\374\346\277\317\334ov\262c\005\204T\023"
 1180      E6BFCFDC 
 1180      6F76B263 
 1180      05845413 
 1181 0075 429EC506 		.ascii	"B\236\305\006\032\201\367zB\2240\306^\311\243\320\326"
 1181      1A81F77A 
 1181      429430C6 
 1181      5EC9A3D0 
 1181      D6
 1182 0086 13CA8711 		.ascii	"\023\312\207\021\020= \255\024Za@+\307\356\306\357g"
 1182      103D20AD 
 1182      145A6140 
 1182      2BC7EEC6 
 1182      EF67
 1183 0098 BA86F258 		.ascii	"\272\206\362X\330\200\273\204\264\022\363S(\256\035"
 1183      D880BB84 
 1183      B412F353 
 1183      28AE1D
 1184 00a7 3AE045CB 		.ascii	":\340E\313\025 :8\237\004\354:\237\202\022\035\\/\343"
 1184      15203A38 
 1184      9F04EC3A 
 1184      9F82121D 
 1184      5C2FE3
 1185 00ba 0FCF1B8C 		.ascii	"\017\317\033\214\255?\034<\275\245\033\216]\205\226"
 1185      AD3F1C3C 
 1185      BDA51B8E 
 1185      5D8596
 1186 00c9 6F6114C8 		.ascii	"oa\024\310\030PZ\321\346\322\3419>\3305\324\271\245"
 1186      18505AD1 
 1186      E6D2E139 
 1186      3ED835D4 
 1186      B9A5
ARM GAS  C:\Users\patri\AppData\Local\Temp\ccZEbYTT.s 			page 27


 1187 00db BBCD85A3 		.ascii	"\273\315\205\243\255\346(&\343\354\252\344\354\366\265"
 1187      ADE62826 
 1187      E3ECAAE4 
 1187      ECF6B5
 1188 00ea 5560DB8E 		.ascii	"U`\333\216^7\247\033@\265\212w\323\246\343h\2539*\246"
 1188      5E37A71B 
 1188      40B58A77 
 1188      D3A6E368 
 1188      AB392AA6 
 1189 00fe 1762D191 		.ascii	"\027b\321\221\037\334\343p\015H\004Zx\251\023 J\314"
 1189      1FDCE370 
 1189      0D48045A 
 1189      78A91320 
 1189      4ACC
 1190 0110 75533ED6 		.ascii	"uS>\326\335\307\214\216\022\222-pc\331=\015S\311\300"
 1190      DDC78C8E 
 1190      12922D70 
 1190      63D93D0D 
 1190      53C9C0
 1191 0123 1B8F1D18 		.ascii	"\033\217\035\030Yq\337\204\331d`\364\361+\274\355^\200"
 1191      5971DF84 
 1191      D96460F4 
 1191      F12BBCED 
 1191      5E80
 1192 0135 F964608C 		.ascii	"\371d`\214\007\362\321/\226t\203=\214w1\026/\235\353"
 1192      07F2D12F 
 1192      9674833D 
 1192      8C773116 
 1192      2F9DEB
 1193 0148 1BCDDF0E 		.ascii	"\033\315\337\016\204:(6\015\233\003\233\216\315\211"
 1193      843A2836 
 1193      0D9B039B 
 1193      8ECD89
 1194 0157 2D0F9B0B 		.ascii	"-\017\233\013[\021\266bl\204\364k|w0\0070\203\220\217"
 1194      5B11B662 
 1194      6C84F46B 
 1194      7C773007 
 1194      3083908F 
 1195 016b 352A3BED 		.ascii	"5*;\355\330\371\207\262\265\221(\220M:q-_\003\364\036"
 1195      D8F987B2 
 1195      B5912890 
 1195      4D3A712D 
 1195      5F03F41E 
 1196 017f 107B2000 		.ascii	"\020{ \000l\375\004\303}\360)\337I\256\346E\370\016"
 1196      6CFD04C3 
 1196      7DF029DF 
 1196      49AEE645 
 1196      F80E
 1197 0191 C88EA79B 		.ascii	"\310\216\247\233\226\300\207\245l\322\366\336N\320\250"
 1197      96C087A5 
 1197      6CD2F6DE 
 1197      4ED0A8
 1198 01a0 06CE52E8 		.ascii	"\006\316R\350\024\263\037\204 \003^\346\260F\371M\236"
 1198      14B31F84 
 1198      20035EE6 
 1198      B046F94D 
 1198      9E
ARM GAS  C:\Users\patri\AppData\Local\Temp\ccZEbYTT.s 			page 28


 1199 01b1 31EFA065 		.ascii	"1\357\240e@+\211\304s\230\350\3204L\334x\024\217\027"
 1199      402B89C4 
 1199      7398E8D0 
 1199      344CDC78 
 1199      148F17
 1200 01c4 DB85FE24 		.ascii	"\333\205\376$B\035jhQ\0324\200\227M\267D.R\027\317\202"
 1200      421D6A68 
 1200      511A3480 
 1200      974DB744 
 1200      2E5217CF 
 1201 01d9 58E695E4 		.ascii	"X\346\225\3442\365\214\320_\340\220\265,'\026\371\275"
 1201      32F58CD0 
 1201      5FE090B5 
 1201      2C2716F9 
 1201      BD
 1202 01ea EDA25639 		.ascii	"\355\242V9\2529\345\375\225\"\3622\31058h\205\272\264"
 1202      AA39E5FD 
 1202      9522F232 
 1202      C8353868 
 1202      85BAB4
 1203 01fd BC1CA1BF 		.ascii	"\274\034\241\277qTs\251y\305\331\026u[D\362E]\226\213"
 1203      715473A9 
 1203      79C5D916 
 1203      755B44F2 
 1203      455D968B 
 1204 0211 5A8CF2EF 		.ascii	"Z\214\362\357`\011\214\201\363\030\342\350L\366\015"
 1204      60098C81 
 1204      F318E2E8 
 1204      4CF60D
 1205 0220 EED2CB5D 		.ascii	"\356\322\313]\206\360\273\201\3604G\375]\370\203\377"
 1205      86F0BB81 
 1205      F03447FD 
 1205      5DF883FF 
 1206 0230 B4A383B1 		.ascii	"\264\243\203\261\360v\317=\250%$\004\307\031\273\003"
 1206      F076CF3D 
 1206      A8252404 
 1206      C719BB03 
 1207 0240 47FF8488 		.ascii	"G\377\204\210\210\374\365\337\231S\000\3432\376\277"
 1207      88FCF5DF 
 1207      995300E3 
 1207      32FEBF
 1208 024f 997C9830 		.ascii	"\231|\2300\253^\246:\277\207H\"\373\357\300}YT\270\250"
 1208      AB5EA63A 
 1208      BF874822 
 1208      FBEFC07D 
 1208      5954B8A8 
 1209 0263 E92FD887 		.ascii	"\351/\330\207O&\212\223\373)>\243\314Hg\037@\265d\207"
 1209      4F268A93 
 1209      FB293EA3 
 1209      CC48671F 
 1209      40B56487 
 1210 0277 EE7D7649 		.ascii	"\356}vI\027|O4\007\3777\354\225|\260\227\031\005\202"
 1210      177C4F34 
 1210      07FF37EC 
 1210      957CB097 
 1210      190582
 1211 028a 3F9D8BDF 		.ascii	"?\235\213\337\200=\222\027\333n\355\375\\\354&T\231"
ARM GAS  C:\Users\patri\AppData\Local\Temp\ccZEbYTT.s 			page 29


 1211      803D9217 
 1211      DB6EEDFD 
 1211      5CEC2654 
 1211      99
 1212 029b D9F7E572 		.ascii	"\331\367\345r\317\346\242\037A\245\244\327\313\004\374"
 1212      CFE6A21F 
 1212      41A5A4D7 
 1212      CB04FC
 1213 02aa 412EB88D 		.ascii	"A.\270\215\276.\341O\006\006\027x)\301\325\305(?\227"
 1213      BE2EE14F 
 1213      06061778 
 1213      29C1D5C5 
 1213      283F97
 1214 02bd 614CFC4B 		.ascii	"aL\374K\302\220\374\273~,\220\375Ia\360D\322\340\024"
 1214      C290FCBB 
 1214      7E2C90FD 
 1214      4961F044 
 1214      D2E014
 1215 02d0 A4BA7B9B 		.ascii	"\244\272{\233\252\356\216\323\327,w\235Tu7m\271\273"
 1215      AAEE8ED3 
 1215      D72C779D 
 1215      5475376D 
 1215      B9BB
 1216 02e2 91566207 		.ascii	"\221Vb\007\265J|\207\356\303\343\017\326!\2734\025="
 1216      B54A7C87 
 1216      EEC3E30F 
 1216      D621BB34 
 1216      153D
 1217 02f4 49AB11C5 		.ascii	"I\253\021\305\325,\017//\345g\227\246\362\247\350^\311"
 1217      D52C0F2F 
 1217      2FE56797 
 1217      A6F2A7E8 
 1217      5EC9
 1218 0306 87C787F5 		.ascii	"\207\307\207\365\354\316T\274\207\356\221\370\205\222"
 1218      ECCE54BC 
 1218      87EE91F8 
 1218      8592
 1219 0314 ECD254B8 		.ascii	"\354\322T\270\227V)eg\030S\3213\264RA3|\251\3509\364"
 1219      97562965 
 1219      671853D1 
 1219      33B45241 
 1219      337CA9E8 
 1220 032a 254A683B 		.ascii	"%Jh;\311\302\272\360\265\"}M&|M\231\276n\231\276f\204"
 1220      C9C2BAF0 
 1220      B5227D4D 
 1220      267C4D99 
 1220      BE6E99BE 
 1221 0340 AFEEA4AF 		.ascii	"\257\356\244\257\3314_})\276>\242\257Z\276\372S|\335"
 1221      D9345F7D 
 1221      29BE3EA2 
 1221      AF5ABEFA 
 1221      537CDD
 1222 0353 B47CA597 		.ascii	"\264|\245\227x^)\361\002\372\212\332\373R\321\213\350"
 1222      785E29F1 
 1222      02FA8ADA 
 1222      FB52D18B 
 1222      E8
ARM GAS  C:\Users\patri\AppData\Local\Temp\ccZEbYTT.s 			page 30


 1223 0364 2B6AFA1A 		.ascii	"+j\372\032\266y\310T~\010}\011\236\215\017\317\272\262"
 1223      B679C854 
 1223      7E087D09 
 1223      9E8D0FCF 
 1223      BAB2
 1224 0376 0B53F930 		.ascii	"\013S\3710\012\223\374\023\331\205\251\360%\024&a6o"
 1224      0A93FC13 
 1224      D985A9F0 
 1224      25142661 
 1224      366F
 1225 0388 234DC53F 		.ascii	"#M\305?GiQ{i*\372%J\023\311#\275FP\234\203\253?Ki3\011"
 1225      4769517B 
 1225      692AFA25 
 1225      4A13C923 
 1225      BD46509C 
 1226 03a3 69B3A6B4 		.ascii	"i\263\246\264\017\013e\177NH\213$\245\315\247I\373:"
 1226      0F0B657F 
 1226      4E488B24 
 1226      A5CDA749 
 1226      FB3A
 1227 03b5 45DA65BA 		.ascii	"E\332e\272\333\222\366M\212\264\005KZ,\255\304\257\224"
 1227      DB92F64D 
 1227      8AB4054B 
 1227      5A2CADC4 
 1227      AF94
 1228 03c7 1223282D 		.ascii	"\022#(-f/MEGQ\032\242\2034\273/\025\275\212\276b\342"
 1228      662F4D45 
 1228      47511AA2 
 1228      8334BB2F 
 1228      15BD8ABE 
 1229 03dd 8141C136 		.ascii	"\201A\3016\207\242\312_G_V\025\031\266Tt\034m\305\354"
 1229      87A2CA5F 
 1229      475F5615 
 1229      19B65474 
 1229      1C6DC5EC 
 1230 03f1 1F2F159D 		.ascii	"\037/\025\235DS1{S*:\215\246\022hp\365\374\234\2204"
 1230      4453317B 
 1230      532A3A8D 
 1230      A6126870 
 1230      F5FC9C90 
 1231 0406 979084DB 		.ascii	"\227\220\204\333\202\304\371\011\271[\274\222\366k "
 1231      82C4F909 
 1231      B95BBC92 
 1231      F66B20
 1232 0415 5F508206 		.ascii	"_P\202\006\357\226V\354\252\251x\323{\300[y$P\347\365"
 1232      EF9656EC 
 1232      AAA978D3 
 1232      7BC05B79 
 1232      2450E7F5 
 1233 0429 D5BCE5F3 		.ascii	"\325\274\345\363\037ln\254\365\324\357\0174\327\373"
 1233      1F6C6EAC 
 1233      F5D4EF0F 
 1233      34D7FB
 1234 0438 6B0E793D 		.ascii	"k\016y=~\237\347\360\021?\331ZV\336\354\013\370=\365"
 1234      7E9FE7F0 
 1234      113FD95A 
 1234      56DEEC0B 
ARM GAS  C:\Users\patri\AppData\Local\Temp\ccZEbYTT.s 			page 31


 1234      F83DF5
 1235 044b E5077CB5 		.ascii	"\345\007|\265\376\2722\017\321\033\032\275\276\306\255"
 1235      FEBA320F 
 1235      D11B1ABD 
 1235      BEC6AD
 1236 045a 66B7ECC5 		.ascii	"f\267\354\305\235/\271\335u;_ N\217\357\360\033\336"
 1236      9D2FB9DD 
 1236      753B5F20 
 1236      4E8FEFF0 
 1236      1BDE
 1237 046c 86FF011E 		.ascii	"\206\377\001\036\215\316\346"
 1237      8DCEE6
 1238              		.text
 1239              		.section	.gnu.lto___early_init.387.a5596ee2,"e",%progbits
 1240 0000 789C9BC9 		.ascii	"x\234\233\311\300\300`\003\304\312@\314\310\314\300"
 1240      C0C06003 
 1240      C4CA40CC 
 1240      C8CCC0
 1241 000f 38696217 		.ascii	"8ib\027\023CCC\203\003;\023c\343\304.N\306\355\214`"
 1241      13434343 
 1241      83033B13 
 1241      63E3C42E 
 1241      4EC6ED8C 
 1242 0024 1E23433D 		.ascii	"\036#C=\023c=\343Bf} \367\307\323i\377\21726\2548\300"
 1242      13633DE3 
 1242      42667D20 
 1242      F7C7D369 
 1242      FF8F3236 
 1243 003b F88A81A1 		.ascii	"\370\212\201\241\236\001\012\270!lF ^\177\211\365@\303"
 1243      9E010AB8 
 1243      216C4620 
 1243      5E7F89F5 
 1243      40C3
 1244 004d 9FFFFD0D 		.ascii	"\237\377\375\015\015g\0373v\253\26300\314c\006\231\332"
 1244      0D671F33 
 1244      76ABB330 
 1244      30CC6306 
 1244      99DA
 1245 005f C0C2D870 		.ascii	"\300\302\330p\200\201a>3\023\204\323\010\344|gjx4\371"
 1245      8081613E 
 1245      331384D3 
 1245      08E47C67 
 1245      6A7834F9 
 1246 0073 1C23C35F 		.ascii	"\034#\303_\246f\005\206.F\246\332j\006\006&f\260\360"
 1246      A6660586 
 1246      2E46A6DA 
 1246      6A060626 
 1246      66B0F0
 1247 0086 143E8468 		.ascii	"\024>\204h9X\364?S\323\203\351~`\353\34613\"Ld`\320"
 1247      3958F43F 
 1247      53D383E9 
 1247      7E60EBE6 
 1247      3133224C 
 1248 009d 70B68A71 		.ascii	"p\266\212q\316\310L\312\014.)M\311\314\217)\317/\312"
 1248      CEC84CCA 
 1248      0C2E294D 
 1248      C9CC8F29 
ARM GAS  C:\Users\patri\AppData\Local\Temp\ccZEbYTT.s 			page 32


 1248      CF2FCA
 1249 00b0 2E2E484C 		.ascii	"..HLN\215/-N-\212\311\315L.\312O\316+)b\020\324\323"
 1249      4E8D2F2D 
 1249      4E2D8AC9 
 1249      CD4C2ECA 
 1249      4FCE2B29 
 1250 00c8 2FCE2F2D 		.ascii	"/\316/-JN\325O\312O,J\321Kf\000\000\221\336N`"
 1250      4A4ED54F 
 1250      CA4F2C4A 
 1250      D14B6600 
 1250      0091DE4E 
 1251              		.text
 1252              		.section	.gnu.lto_boardInit.388.a5596ee2,"e",%progbits
 1253 0000 789CCB67 		.ascii	"x\234\313g``\260\001be fdf`\2344\261\213\211\241\241"
 1253      6060B001 
 1253      62652066 
 1253      6466609C 
 1253      34B18B89 
 1254 0016 A1C1819D 		.ascii	"\241\301\201\235\211\261qb\027'\343vF0\217\221\241\236"
 1254      89B17162 
 1254      1727E376 
 1254      46308F91 
 1254      A19E
 1255 0028 89B19E71 		.ascii	"\211\261\236q!\263>\220\373\343\351\264\267\307\031"
 1255      21B33E90 
 1255      FBE3E9B4 
 1255      B7C719
 1256 0037 1B561C60 		.ascii	"\033V\034`|\305\300P\317\000\005\334\0206#\020\257\277"
 1256      7CC5C050 
 1256      CF0005DC 
 1256      10362310 
 1256      AFBF
 1257 0049 C47AA0E1 		.ascii	"\304z\240\341\317\377\376\206\206\257\217\030\337\253"
 1257      CFFFFE86 
 1257      86AF8F18 
 1257      DFAB
 1258 0057 333130CC 		.ascii	"310\314c\006\231\332\300\302\330p\200\201a>3\023\204"
 1258      630699DA 
 1258      C0C2D870 
 1258      8081613E 
 1258      331384
 1259 006a D308E47C 		.ascii	"\323\010\344|gjPb\370\317\324\244\0006d\0363#B\035\003"
 1259      676A5062 
 1259      F8CFD4A4 
 1259      0036641E 
 1259      3323421D 
 1260 007f 8386B355 		.ascii	"\203\206\263U\214sFfRfpIiJf~Ly~QvqAbrj|iqjQLnfrQ~r^"
 1260      8C734666 
 1260      52667049 
 1260      694A667E 
 1260      4C797E51 
 1261 00a6 491183A0 		.ascii	"I\021\203\240\236~q~iQr\252~R~bQ\212^2\003\000\354-"
 1261      9E7E717E 
 1261      695172AA 
 1261      7E527E62 
 1261      518A5E32 
 1262 00be 4197     		.ascii	"A\227"
ARM GAS  C:\Users\patri\AppData\Local\Temp\ccZEbYTT.s 			page 33


 1263              		.text
 1264              		.section	.gnu.lto_.symbol_nodes.a5596ee2,"e",%progbits
 1265 0000 789C6DCB 		.ascii	"x\234m\313\311\015\2000\014D\3211\203X\252\240\027\032"
 1265      C90D8030 
 1265      0C44D131 
 1265      8358AAA0 
 1265      171A
 1266 0012 B34DC29D 		.ascii	"\263M\302\235v\240\010Z\002\207pA\342\237,\275\261!"
 1266      76A0085A 
 1266      02877041 
 1266      E29F2CBD 
 1266      B121
 1267 0024 6A166A67 		.ascii	"j\026jgQ+\333\011(\260\233\273\261P\242\366\037:\314"
 1267      512BDB09 
 1267      28B09BBB 
 1267      B150A2F6 
 1267      1F3ACC
 1268 0037 A540A60E 		.ascii	"\245@\246\016\177 +u\274\336\246\007\201\330\025\243"
 1268      7F202B75 
 1268      BCDEA607 
 1268      81D815A3 
 1269 0047 A0BECC14 		.ascii	"\240\276\314\024\326+\013n\311a&k"
 1269      D62B0B6E 
 1269      C961266B 
 1270              		.text
 1271              		.section	.gnu.lto_.refs.a5596ee2,"e",%progbits
 1272 0000 789C6364 		.ascii	"x\234cd\000\002\000\000\012\000\002"
 1272      00020000 
 1272      0A0002
 1273              		.text
 1274              		.section	.gnu.lto_.decls.a5596ee2,"e",%progbits
 1275 0000 789CA557 		.ascii	"x\234\245W}T\224U\032\277\367\231wf.:\012l\333F\273"
 1275      7D549455 
 1275      1ABFF799 
 1275      77662E3A 
 1275      0A6CDB46 
 1276 0015 FDD13F9E 		.ascii	"\375\321?\2368v\002\007Lkk\317j\003\251'\012\316`\355"
 1276      38760207 
 1276      4C6B6BCF 
 1276      6A03A927 
 1276      0ACE60ED 
 1277 0029 EE399DC3 		.ascii	"\3569\235\303\022\014\311\011\034\032\206\262\277\366"
 1277      120CC909 
 1277      1C1A86B2 
 1277      BFF6
 1278 0037 0E104CEB 		.ascii	"\016\020L\353G\203\225M\003\326\204\225\250\211\224"
 1278      4783954D 
 1278      03D68495 
 1278      A88994
 1279 0046 5988262F 		.ascii	"Y\210&/\202\012\250\211\231\232\212\206\342\007\212"
 1279      820AA889 
 1279      999A8A86 
 1279      E2078A
 1280 0055 0A9A26F6 		.ascii	"\012\232&\366\261\356s\337\257\231am\317\236\263s\346"
 1280      B1EE73DF 
 1280      AF99616D 
 1280      CF9EB373 
ARM GAS  C:\Users\patri\AppData\Local\Temp\ccZEbYTT.s 			page 34


 1280      E6
 1281 0066 997BDFFB 		.ascii	"\231{\337\373{~\317\363\334\347\336\373\274w\216N&\304"
 1281      7B7ECFF3 
 1281      DCE7DEFB 
 1281      BC778E4E 
 1281      26C4
 1282 0078 6122A48F 		.ascii	"a\"\244\217\020r\013?\022\266\007P&\240\264\242\374"
 1282      10720B3F 
 1282      12B60750 
 1282      26A0B4A2 
 1282      FC
 1283 0089 8612F228 		.ascii	"\206\022\362(J\"\212\214\317\217`;\033\305\201\222\211"
 1283      4A228A8C 
 1283      CF8F603B 
 1283      1BC58192 
 1283      89
 1284 009a 3207A50A 		.ascii	"2\007\245\012\010\371\003Q\307s5\375\"\224\3734\276"
 1284      08F90351 
 1284      C77335FD 
 1284      2294FB34 
 1284      BE
 1285 00ab CE25D85E 		.ascii	"\316%\330^\303\306\214m\005\312\313(^\224E(eT\265=\003"
 1285      C3C68C6D 
 1285      05CACB28 
 1285      5E944528 
 1285      6554B53D 
 1286 00c0 C58E320D 		.ascii	"\305\2162\015%\035\345a\224T\224\231(\036\0247\312\213"
 1286      251DE561 
 1286      94549499 
 1286      281E1437 
 1286      CA8B
 1287 00d2 28B5E8D3 		.ascii	"(\265\350\323L\3248^\321b\232\245\305\263\030\024WJ"
 1287      4CD4385E 
 1287      D1629AA5 
 1287      C5B31814 
 1287      574A
 1288 00e4 7C963BA8 		.ascii	"|\226;\250d\271\223\336+\301\212\033u)\2112\347\243"
 1288      64B993DE 
 1288      2BC18A1B 
 1288      75298932 
 1288      E7A3
 1289 00f6 3CBC5D4A 		.ascii	"<\274]Jn\245_ \272Y\325\010P\006\304\222LE\002\342\261"
 1289      6EA55F20 
 1289      BA59D508 
 1289      5006C492 
 1289      4C4502E2 
 1290 010b 256C2279 		.ascii	"%l\"y\220+\237\312x\262M\330\"d\212\215\315$\022\004"
 1290      902B9FCA 
 1290      78B24DD8 
 1290      22648A8D 
 1290      CD241204 
 1291 011f 4247369A 		.ascii	"BG6\232\342\007\204\035\271:\216(vd\232\334N\277\244"
 1291      E207841D 
 1291      B93A8E28 
 1291      76649ADC 
 1291      4EBFA4
 1292 0132 5B29DAF2 		.ascii	"[)\332\362S6K\330\344\342\201\241k\231\260\271\310;"
ARM GAS  C:\Users\patri\AppData\Local\Temp\ccZEbYTT.s 			page 35


 1292      53364BD8 
 1292      E4E281A1 
 1292      6B99B0B9 
 1292      C83B
 1293 0144 73F96468 		.ascii	"s\371dhR<\327xw\250\376\273)\261\247I\320<|j`B\274|"
 1293      523CD778 
 1293      77A8FEBB 
 1293      29B1A749 
 1293      D03C7C6A 
 1294 015c 7B9B12B4 		.ascii	"{\233\022\264_Z>H\357Bj5\347a\350\241;\351\016\344\366"
 1294      5F5A3E48 
 1294      EF426A35 
 1294      E761E8A1 
 1294      3BE90EE4 
 1295 0171 524127CC 		.ascii	"RA'\314)\274\215\021\366W\321\216\022\366\034aE\242"
 1295      29BC8D11 
 1295      F657D18E 
 1295      12F61C61 
 1295      45A2
 1296 0183 3B44D80B 		.ascii	";D\330\013\242\035 \254\202\260\177\210n\237\370\261"
 1296      A21D20AC 
 1296      82B07F88 
 1296      6E9FF8B1 
 1297 0193 614C38F6 		.ascii	"aL8\366\032\025\017 \301\276\226\217V\302\370\300\216"
 1297      1A150F20 
 1297      C1BE968F 
 1297      56C2F8C0 
 1297      8E
 1298 01a4 616047D1 		.ascii	"a`G\321\365\306+\315\267\342\242\\\177K\017#\332O\205"
 1298      F5C62BCD 
 1298      B7E2A25C 
 1298      7F4B0F23 
 1298      DA4F85
 1299 01b7 02616F28 		.ascii	"\002ao(6\272\011[\251tp\246\2531w\033\224\207i\014\355"
 1299      36BA095B 
 1299      A97470A6 
 1299      AB31771B 
 1299      9487690C 
 1300 01cc B00EA59F 		.ascii	"\260\016\245\237\314z\224\366^v\000\307\372\225~\002"
 1300      CC7A94F6 
 1300      5E7600C7 
 1300      FA957E02 
 1301 01dc 3B83FD11 		.ascii	";\203\375\021\2241\224\237Q|\200Q\201\300\202T\344-"
 1301      9431949F 
 1301      517C8051 
 1301      81C08254 
 1301      E42D
 1302 01ee 8E2D0122 		.ascii	"\216-\001\"=\324\332S\273z\342\324\350OR\314\323\324"
 1302      3DD4DA53 
 1302      BB7AE2D4 
 1302      E84F52CC 
 1302      D3D4
 1303 0200 939C8F1D 		.ascii	"\223\234\217\035[~\253\372\376\025\257\326\362\200\317"
 1303      5B7EABFA 
 1303      FE15AFD6 
 1303      F280CF
 1304 020f D441CFD0 		.ascii	"\324A\317\320JP\3471(\266\021A\215\226\236\245\265<"
ARM GAS  C:\Users\patri\AppData\Local\Temp\ccZEbYTT.s 			page 36


 1304      4A50E731 
 1304      28B61141 
 1304      8D969EA5 
 1304      B53C
 1305 0221 A1DAD641 		.ascii	"\241\332\326Aw\033`\227\001\256\325\301\363\0068\204"
 1305      771B6097 
 1305      01AED5C1 
 1305      F3063884 
 1306 0231 D24A1574 		.ascii	"\322J\025t\215\216^\210AUj\263\016\2362\300\001\005"
 1306      8D8E5E88 
 1306      41556AB3 
 1306      0E9E32C0 
 1306      0105
 1307 0243 C4A4B5AC 		.ascii	"\304\244\265\254[\317\005\330K\317!\250.\333Y\203\271"
 1307      5BCF05D8 
 1307      4BCF21A8 
 1307      2EDB5983 
 1307      B9
 1308 0254 5B67761A 		.ascii	"[gv\032\314\355\021\247\033t\364d\214]D\205\341\365"
 1308      CCED11A7 
 1308      1B74F464 
 1308      8C5D4485 
 1308      E1F5
 1309 0266 AAE17E7A 		.ascii	"\252\341~z\032QuQ\006#\350\227\272\333\257\015\267\373"
 1309      1A517551 
 1309      0623E897 
 1309      BADBAF0D 
 1309      B7FB
 1310 0278 8D989A74 		.ascii	"\215\230\232t\352E\203:\034\241\366\352\324]\006\265"
 1310      EA45833A 
 1310      1CA1F6EA 
 1310      D45D06B5 
 1311 0288 2B12D47B 		.ascii	"+\022\324{zP\227\214\240\206u\303\270Cd\211|O\257\342"
 1311      7A50978C 
 1311      A08675C3 
 1311      B8436489 
 1311      7C4FAFE2 
 1312 029c 4025B4D3 		.ascii	"@%\264\323\305\360:,\205\327\300\007\267\350\030\275"
 1312      C5F03A2C 
 1312      85D7C007 
 1312      B7E818BD 
 1313 02ac 417FA4D7 		.ascii	"A\177\244\327\351/\364&\375\231VA\015\274\012\265\020"
 1313      E92FF426 
 1313      FD995641 
 1313      0DBC0AB5 
 1313      10
 1314 02bd 807FD16A 		.ascii	"\200\177\321jX\002\313\340\007\312\341'\352\207\177"
 1314      5802CBE0 
 1314      07CAE127 
 1314      EA877F
 1315 02cc E2C955C2 		.ascii	"\342\311U\302h\325\303\370\316\010\343\204\221\270m"
 1315      68D5C3F8 
 1315      CE08E384 
 1315      91B86D
 1316 02db 7A147D46 		.ascii	"z\024}F\024_\031\323k\323\247w\304\230\336\241\310\004"
 1316      145F19D3 
 1316      6BD3A777 
ARM GAS  C:\Users\patri\AppData\Local\Temp\ccZEbYTT.s 			page 37


 1316      C498DEA1 
 1316      C804
 1317 02ed 36EBD4E3 		.ascii	"6\353\324\343\006\365\220aw\213\016\0364\300\003\006"
 1317      06F59061 
 1317      778B0E1E 
 1317      34C00306 
 1318 02fd B84707B7 		.ascii	"\270G\007\267\030`\233\001\276\253\203\227\015pG\304"
 1318      18609B01 
 1318      BEAB8397 
 1318      0D7047C4 
 1319 030d E95E1DBD 		.ascii	"\351^\035\275\026C\325\320z\035\275b\240v\335n\273\216"
 1319      1643D5D0 
 1319      7A1DBD62 
 1319      A076DD6E 
 1319      BB8E
 1320 031f ED8B99A9 		.ascii	"\355\213\231\251\306\\\251\243#1^\325<t\353\031\334"
 1320      C65CA9A3 
 1320      23315ED5 
 1320      3C74EB19 
 1320      DC
 1321 0330 6B64708F 		.ascii	"kdp\217\021o\203\316\034\215\366\251\231\335\252\203"
 1321      116F83CE 
 1321      1C8DF6A9 
 1321      99DDAA83 
 1322 0340 DFC4A401 		.ascii	"\337\304\244\001Q\366#\036HX\367\331\300'\223\222bW"
 1322      51F6231E 
 1322      4858F7D9 
 1322      C0279392 
 1322      6257
 1323 0352 BC0EFEAF 		.ascii	"\274\016\376\257%\227\340\265\300u\277\311(\317\313"
 1323      2597E0B5 
 1323      C075BFC9 
 1323      28CFCB
 1324 0361 35BF6F20 		.ascii	"5\277o \310jL\242&$\261\305&\302\352PV\240\004q\354"
 1324      C86A4CA2 
 1324      2624B1C5 
 1324      26C2EA50 
 1324      56A00471 
 1325 0376 4EAC2121 		.ascii	"N\254!!l\357\303\272m\302_\302\302&\264t\351\255\233"
 1325      6CEFC3BA 
 1325      6DC25FC2 
 1325      C226B474 
 1325      E9AD9B
 1326 0389 F526514C 		.ascii	"\365&QL/r\271\322LBp\224\222w\341\276v\272\022\032\200"
 1326      2F72B9D2 
 1326      4C427094 
 1326      9277E1BE 
 1326      76BA121A 
 1327 039e AD4115CB 		.ascii	"\255A\025\313\221\356\213\033&`\035A\245\261\266\372"
 1327      91EE8B1B 
 1327      26601D41 
 1327      A5B1B6FA 
 1328 03ae ADAB26D7 		.ascii	"\255\253&\327\243\252\355=\010\303*P\364\325\025\220"
 1328      A3AAED3D 
 1328      08C32A50 
 1328      F4D51590 
 1329 03be C5511AAC 		.ascii	"\305Q\032\254\341\011\002\253\217\306B\240\357xP\253"
ARM GAS  C:\Users\patri\AppData\Local\Temp\ccZEbYTT.s 			page 38


 1329      E10902AB 
 1329      8FC642A0 
 1329      EF7850AB 
 1330 03ce 355985D3 		.ascii	"5Y\205\323\177\037\032\225\311X^\357l\2766q\352\335"
 1330      7F1F1A95 
 1330      C9585EEF 
 1330      6CBE3671 
 1330      EADD
 1331 03e0 534551DD 		.ascii	"SEQ\3356hn\222\351*x\007>\214^]\245\336\212\364\251"
 1331      36686E92 
 1331      E92A7807 
 1331      3E8C5E5D 
 1331      A5DE8AF4 
 1332 03f5 631F22FD 		.ascii	"c\037\"\375#\370@\320E\016\332V-\233\214\225\254\207"
 1332      23F840D0 
 1332      450EDA56 
 1332      2D9B8C95 
 1332      AC87
 1333 0407 06635912 		.ascii	"\006cY\022\204\332\3666\305\335\035\376U6\033\306\354"
 1333      84DAF636 
 1333      C5DD1DFE 
 1333      55361BC6 
 1333      EC
 1334 0418 8CA07C8F 		.ascii	"\214\240|\217r\023\305'\021\346\227D\266d`\313$\"\375"
 1334      7213C527 
 1334      11E69744 
 1334      B66460CB 
 1334      2422FD
 1335 042b EE62D592 		.ascii	"\356b\325\222\275\223\242\312\250X\363\336*m\3157\300"
 1335      BD93A2CA 
 1335      A858F3DE 
 1335      2A6DCD37 
 1335      C0
 1336 043c C6FF2C80 		.ascii	"\306\377,\200\315:\272\326@\243\266\367z\035]\027\203"
 1336      CD3ABAD6 
 1336      40A3B6F7 
 1336      7A1D5D17 
 1336      83
 1337 044d 46158566 		.ascii	"F\025\205f\020Uo#F\331\012_\300\247\360\011l\202\317"
 1337      10556F23 
 1337      46D90A5F 
 1337      C0A7F009 
 1337      6C82CF
 1338 0460 E073D80C 		.ascii	"\340s\330\014m\320\"\242\026fZu3M\206\231\341\250r\250"
 1338      6DD022A2 
 1338      16665A75 
 1338      334D8699 
 1338      E1A872A8 
 1339 0474 A36B62D0 		.ascii	"\243kb\320t\362>\246\242}\325\213\3352]\015o\033\330"
 1339      74F23EA6 
 1339      A27DD58B 
 1339      DD325D0D 
 1339      6F1BD8
 1340 0487 5BA06DF5 		.ascii	"[\240m\365\321\217\325Tv\320\217\0150\262\325\327\351"
 1340      D18FD554 
 1340      76D08F0D 
 1340      30B2D5D7 
ARM GAS  C:\Users\patri\AppData\Local\Temp\ccZEbYTT.s 			page 39


 1340      E9
 1341 0498 56D74783 		.ascii	"V\327G\203\352\031\351\326\261\0251V5f\217\216\276\031"
 1341      EA19E9D6 
 1341      B1153156 
 1341      35668F8E 
 1341      BE19
 1342 04aa 93B0747C 		.ascii	"\223\260t|)b\216a\350\364\316o\342\222b\023\260\005"
 1342      29628E61 
 1342      E8F4CE6F 
 1342      E2926213 
 1342      B005
 1343 04bc FE4B0624 		.ascii	"\376K\006$\270\020>~n\202q\002\266jF\277D\012\202G\276"
 1343      B8103E7E 
 1343      6E827102 
 1343      B66A46BF 
 1343      440A8247 
 1344 04d1 5ABD19AE 		.ascii	"Z\275\031\256P4\350\347\262\257\213\005\032\207x\013"
 1344      5034E8E7 
 1344      B2AF8B05 
 1344      1A87780B 
 1345 04e1 E7657CE7 		.ascii	"\347e|\347P0T3\344O\254\253\024\207\336\317\177\037"
 1345      50305433 
 1345      E44FACAB 
 1345      1487DECF 
 1345      7F1F
 1346 04f3 C4E15068 		.ascii	"\304\341Ph \000a\223p\316y\225\215\177&.2\013xU\215"
 1346      20006193 
 1346      70CE7995 
 1346      8D7F262E 
 1346      320B7855 
 1347 0508 785E9214 		.ascii	"x^\222\024\256R\3576}\224\3135\274E\2664v\362\232 \317"
 1347      AE52EF36 
 1347      7D94CB35 
 1347      BC45B634 
 1347      76F29A20 
 1348 051d 0A8586BA 		.ascii	"\012\205\206\272\205\013\276|\240\2416>\\\325\357\017"
 1348      850BBE7C 
 1348      A0A1363E 
 1348      5CD5EF0F 
 1349 052d 77F2BBC3 		.ascii	"w\362\273\303h%\310\253\345:\352C\212O\346u2\015\204"
 1349      6825C8AB 
 1349      E53AEA43 
 1349      8A4FE675 
 1349      320D84
 1350 0540 1B962EAB 		.ascii	"\033\226.\253\356\222\227\320\272\260\314}a\331O}\215"
 1350      EE9297D0 
 1350      BAB0CC7D 
 1350      61D94F7D 
 1350      8D
 1351 0551 B2DF87BA 		.ascii	"\262\337\207\272w\325Uvq\276\275\232\371x\227\277.\334"
 1351      77D55576 
 1351      71BEBD9A 
 1351      F97897BF 
 1351      2EDC
 1352 0563 E54F0C34 		.ascii	"\345O\0144v\361\272\306.\177BX\250H\201J\231\007\302"
 1352      76F1BAC6 
 1352      2E7F4258 
ARM GAS  C:\Users\patri\AppData\Local\Temp\ccZEbYTT.s 			page 40


 1352      A848814A 
 1352      9907C2
 1353 0576 D52C50D9 		.ascii	"\325,P\331\217\256d\177\202\240#\316\002H\300\001\236"
 1353      8FAE647F 
 1353      82A023CE 
 1353      0248C001 
 1353      9E
 1354 0587 18C0C07D 		.ascii	"\030\300\300}\215<\220\350k\254\366\371\220\231\210"
 1354      8D3C90E8 
 1354      6BACF6F9 
 1354      909988
 1355 0596 307FBB91 		.ascii	"0\177\273\221\373\023\352\032\253QW\342\350\350\357"
 1355      FB13EA1A 
 1355      AB5157E2 
 1355      E8E8EF
 1356 05a5 CAAD0C4D 		.ascii	"\312\255\014M\210\2638K\002\336\323\373\350U\021~\313"
 1356      88B3384B 
 1356      02DED3FB 
 1356      E855117E 
 1356      CB
 1357 05b6 CEBA9516 		.ascii	"\316\272\225\026:90\213P{\002\333*\226c\315X\177\247"
 1357      3A39308B 
 1357      507B02DB 
 1357      2A9663CD 
 1357      587FA7
 1358 05c9 E91E2E6A 		.ascii	"\351\036.j\002\377\355\005\265&\220\016 W\320Br \310"
 1358      02FFED05 
 1358      B526900E 
 1358      2057D042 
 1358      7220C8
 1359 05dc C75ACF8E 		.ascii	"\307Z\317\216\356\237\336Q\305\233PgV\007\310\"\353"
 1359      EE9FDE51 
 1359      C59B5067 
 1359      5607C822 
 1359      EB
 1360 05ed E22C0269 		.ascii	"\342,\002i\207m0\345\222\225\235\020vN\310\276\006H"
 1360      876D30E5 
 1360      92959D10 
 1360      764EC8BE 
 1360      0648
 1361 05ff 0E06F9E8 		.ascii	"\016\006\371\350\255\035/j\272\235\232n\247\246{\316"
 1361      AD1D2F6A 
 1361      BA9D9A6E 
 1361      A7A67BCE 
 1362 060f CA8685EE 		.ascii	"\312\206\205\356\332\320\212\334\344\206 o\271T\213"
 1362      DAD08ADC 
 1362      E486206F 
 1362      B9548B
 1363 061e 5B452C8F 		.ascii	"[E,\217\324\001;4\345\035\232\362I+\273.\224?\\\033"
 1363      D4013B34 
 1363      E51D9AF2 
 1363      492BBB2E 
 1363      943F5C1B 
 1364 0632 AAB42507 		.ascii	"\252\264%\007\261\0365\\\010\374\022\037l\345\325f\014"
 1364      B11E355C 
 1364      08FC121F 
 1364      6CE5D566 
ARM GAS  C:\Users\patri\AppData\Local\Temp\ccZEbYTT.s 			page 41


 1364      0C
 1365 0643 7097A6BE 		.ascii	"p\227\246\276Kl\221)\337Z\331N3*\037{\365\223e4I]CY"
 1365      4B6C9129 
 1365      DF5AD94E 
 1365      332A1F7B 
 1365      F5936534 
 1366 065b BD9CF6AA 		.ascii	"\275\234\366\252\212\254O\340C\373O\217\232\025\\\326"
 1366      8AAC4FE0 
 1366      43FB4F8F 
 1366      9A155CD6 
 1367 066b F0DDA029 		.ascii	"\360\335\240)H\020<<ry\242\261\315\366h\333l/\010\354"
 1367      48103C3C 
 1367      7279A2B1 
 1367      CDF668DB 
 1367      6C2F08EC 
 1368 067f FCA1D5BB 		.ascii	"\374\241\325\273&\307\021\361x\345\366~\366\351f\016"
 1368      26C711F1 
 1368      78E5F67E 
 1368      F6E9660E 
 1369 068f 7EDBBD2C 		.ascii	"~\333\275,>\006\333\002\006x\376\273\372z\253\341\243"
 1369      3E06DB02 
 1369      0678FEBB 
 1369      FA7AABE1 
 1369      A3
 1370 06a0 4FF3B15F 		.ascii	"O\363\261_\361qx\300_*\\\354\207\257\360\362Y\033\374"
 1370      F17178C0 
 1370      5F2A5CEC 
 1370      87AFF0F2 
 1370      591BFC
 1371 06b3 F4308C5F 		.ascii	"\3640\214_\230\003@\276\006ca\344vma\002\263\016@\217"
 1371      980340BE 
 1371      066361E4 
 1371      766D6102 
 1371      B30E408F 
 1372 06c7 EAE21BEC 		.ascii	"\352\342\033\354\250\011\274ne\307\315\204\235B9\213"
 1372      A809BC6E 
 1372      65C7CD84 
 1372      9D42398B 
 1373 06d7 7211E51A 		.ascii	"r\021\345\032\312Of\361\316\270G\\u)\363Y\210\224\360"
 1373      CA4F66F1 
 1373      CEB8475C 
 1373      7529F359 
 1373      8894F0
 1374 06ea C1D707DF 		.ascii	"\301\327\007\337\221\364\252'Bk\275Z\206E\003\257\264"
 1374      91F4AA27 
 1374      426BBD5A 
 1374      864503AF 
 1374      B4
 1375 06fb 7032A66A 		.ascii	"p2\246j\211\252\337\334\312y\234\255\207\03650\343\205"
 1375      89AADFDC 
 1375      CA799CAD 
 1375      871E3530 
 1375      E385
 1376 070d D0A64187 		.ascii	"\320\246A\207\014h\334\015\250\037\216a\360'1\320\357"
 1376      0C68DC0D 
 1376      A81F8E61 
 1376      F02731D0 
ARM GAS  C:\Users\patri\AppData\Local\Temp\ccZEbYTT.s 			page 42


 1376      EF
 1377 071e E0149C80 		.ascii	"\340\024\234\20030\000\247aP+\355-\0334\376\221h\323"
 1377      333000A7 
 1377      61502BED 
 1377      2D1B34FE 
 1377      9168D3
 1378 0731 585404B6 		.ascii	"XT\004\266U\303\216\033\230Z\307\004\266E\303\016\306"
 1378      55C38E1B 
 1378      985AC704 
 1378      B645C30E 
 1378      C6
 1379 0742 F8D5889B 		.ascii	"\370\325\210\2335\360p\314\\ZE\345\030\371|C\255Z\211"
 1379      35F070CC 
 1379      5C5A45E5 
 1379      18F97C43 
 1379      AD5A89
 1380 0755 6423BADD 		.ascii	"d#\272\335p\333\360$\270\374\305\273>\213\261pg5[\347"
 1380      70DBF024 
 1380      B8FCC5BB 
 1380      3E8BB170 
 1380      67355BE7 
 1381 0769 40F997F4 		.ascii	"@\371\227\364\020\253\301D\302\342\335+\232\254I\261"
 1381      10ABC144 
 1381      C2E2DD2B 
 1381      9AAC49B1 
 1382 0779 D3FD1583 		.ascii	"\323\375\025\203l\251\205\2607-\342\345\303\255\254"
 1382      6CA985B0 
 1382      372DE2E5 
 1382      C3ADAC
 1383 0788 1ED913F6 		.ascii	"\036\331\023\366\377\262\376\262MY\003\303\302%\020"
 1383      FFB2FEB2 
 1383      4D5903C3 
 1383      C22510
 1384 0797 779A1134 		.ascii	"w\232\0214p\005\276\207Q\270\252_\002\217V\212Y]\200"
 1384      7005BE87 
 1384      51B8AA5F 
 1384      028F568A 
 1384      595D80
 1385 07aa F330026A 		.ascii	"\3630\002jV\207@\277\336\354\321\260\213\006\246\277"
 1385      568740BF 
 1385      DEECD1B0 
 1385      8B06A6BF 
 1386 07ba 565B6E6A 		.ascii	"V[nj\320e\003:\024\271\337\356\323\300a\003\324\212"
 1386      D065033A 
 1386      14B9DFEE 
 1386      D3C06103 
 1386      D48A
 1387 07cc 3A6B1493 		.ascii	":k\024\223"
 1388 07d0 DBD4BBFC 		.ascii	"\333\324\273\374\214-\222-%\264k0.6\011\266\237\332"
 1388      8C2D922D 
 1388      25B46B30 
 1388      2E3609B6 
 1388      9FDA
 1389 07e2 7435DEC8 		.ascii	"t5\336\310\323u-O?\210\333J\213\205\334\377f\200\217"
 1389      D3752D4F 
 1389      3F88DB4A 
 1389      8B85DCFF 
ARM GAS  C:\Users\patri\AppData\Local\Temp\ccZEbYTT.s 			page 43


 1389      66808F
 1390 07f5 BE53951D 		.ascii	"\276S\225\035\240\327\341\006R\325\011\336\000\272\211"
 1390      A0D7E106 
 1390      52D509DE 
 1390      00BA89
 1391 0804 4ED96395 		.ascii	"N\331c\225\240\251oq`\362\270%\271\375\206\221\240m"
 1391      A0A96F71 
 1391      60F2B825 
 1391      B9FD8691 
 1391      A06D
 1392 0816 E3A1C1C8 		.ascii	"\343\241\301\310Q\352\320<\375\250d\327\361\304\234"
 1392      51EAD03C 
 1392      FDA864D7 
 1392      F1C49C
 1393 0825 D9F3339F 		.ascii	"\331\3633\237r&\244\244\226\273+<\005\256\324\347\334"
 1393      7226A4A4 
 1393      96BB2B3C 
 1393      05AED4E7 
 1393      DC
 1394 0836 F99EC294 		.ascii	"\371\236\302\224\0026\347\251\247\357u\330g\222Dm \305"
 1394      0236E7A9 
 1394      A7EF75D8 
 1394      6792446D 
 1394      20C5
 1395 0848 FEF04369 		.ascii	"\376\360Cii\205\017O\303\377\202\305\013\275\351iy^"
 1395      69850F4F 
 1395      C3FF82C5 
 1395      0BBDE969 
 1395      795E
 1396 085a 6B86E309 		.ascii	"k\206\343\011\307\343s\234q\316\314\334L\3473\231\031"
 1396      C7E3739C 
 1396      71CECCDC 
 1396      4CE73399 
 1396      19
 1397 086b 33CDB9B9 		.ascii	"3\315\271\271\216\250\347\031&G\256Sz,\303\021\031z"
 1397      8EA8E719 
 1397      2647AE53 
 1397      7A2CC311 
 1397      197A
 1398 087d 306E76CE 		.ascii	"0nv\316ciY9\350S\364\354jOG\247\307\315\236;~,\335*"
 1398      63695939 
 1398      E853F4EC 
 1398      6A4F47A7 
 1398      C7CD9E3B 
 1399 0895 1838225A 		.ascii	"\0308\"Z{4\222f\025\332\321#v&t\235\271\363\235\242"
 1399      7B349266 
 1399      15DAD123 
 1399      7626749D 
 1399      B9F39DA2 
 1400 08a9 63171D03 		.ascii	"c\027\035\003\233\306\204\266\03029\3469%\021\2705'"
 1400      9BC684B6 
 1400      183239E6 
 1400      392511B8 
 1400      3527
 1401 08bb 2B4BB4E0 		.ascii	"+K\264\340p2m.i\311\216?>\353XP\374\\q\256\267\242\260"
 1401      70326D2E 
 1401      69C98E3F 
ARM GAS  C:\Users\patri\AppData\Local\Temp\ccZEbYTT.s 			page 44


 1401      3EEB5850 
 1401      FC5C71AE 
 1402 08d2 D8FDECCB 		.ascii	"\330\375\354\313n\317\013\345e\371\005\256\274\212r"
 1402      6ECF0BE5 
 1402      65F905AE 
 1402      BC8A72
 1403 08e1 97E7D9D2 		.ascii	"\227\347\331\322\342\002\217\273`\241\327C\036III\305"
 1403      E2028FBB 
 1403      60A1D743 
 1403      1E494949 
 1403      C5
 1404 08f2 6F81D075 		.ascii	"o\201\320u\227\247\331\355\366Twyj\201\273\264\324\275"
 1404      97A7D9ED 
 1404      F6547779 
 1404      6A81BBB4 
 1404      D4BD
 1405 0904 30D5B5C8 		.ascii	"0\325\265\310\233\232;\037\277O\246\247=>}\321\242\324"
 1405      9B9A3B1F 
 1405      BF4FA6A7 
 1405      3D3E7DD1 
 1405      A2D4
 1406 0916 726F697A 		.ascii	"roizZ\321t\3734\317\242\224\005d\242\323\341\310\233"
 1406      5AD174FB 
 1406      34CFA294 
 1406      0564A2D3 
 1406      E1C89B
 1407 0929 FF4A992B 		.ascii	"\377J\231+\303U$\315~\334\231e\316\312v<\201\251\312"
 1407      C35524CD 
 1407      7EDC9965 
 1407      CECA763C 
 1407      81A9CA
 1408 093c 753AE95F 		.ascii	"u:\351_\350\\sA\211+\337\243$\332>#\317k*wy\377t[w\013"
 1408      E85C7341 
 1408      892BDFA3 
 1408      24DA3E23 
 1408      CF6B2A77 
 1409 0956 F24B52CB 		.ascii	"\362KR\313\334\036o\271\352*5++#uN\316\274\354\227\322"
 1409      DC1E6FB9 
 1409      EA2A352B 
 1409      2B23754E 
 1409      CEBCEC97 
 1410 096b 548F79CF 		.ascii	"T\217y\317\227\025\273\321\241);\303i\232\227\3414\347"
 1410      9715BBD1 
 1410      A1293BC3 
 1410      699A97E1 
 1410      34E7
 1411 097d 3C9D93E1 		.ascii	"<\235\223\341\264f\347\346dff8-\331\363\377\226\223"
 1411      B466E7E6 
 1411      64666638 
 1411      2DD9F3FF 
 1411      9693
 1412 098f E9343F99 		.ascii	"\3514?\231\235\221\351\024q\314\265EX\350\326>\203\330"
 1412      9D91E914 
 1412      71CCB545 
 1412      58E8D63E 
 1412      83D8
 1413 09a1 F23DA52F 		.ascii	"\362=\245/\315t=Pz\177Q\031\231P\200\256\\\213\036("
ARM GAS  C:\Users\patri\AppData\Local\Temp\ccZEbYTT.s 			page 45


 1413      CD743D50 
 1413      7A7F5119 
 1413      995080AE 
 1413      5C8B1E28 
 1414 09b5 9D4EE2A3 		.ascii	"\235N\342\243\024\213\027\026{\023\307o b\313\313\303"
 1414      148B1716 
 1414      7B13C76F 
 1414      2062CBCB 
 1414      C3
 1415 09c6 3994BCA2 		.ascii	"9\224\274\242\300q\312\350<\354%\250\304\202\022w\301"
 1415      C071CAE8 
 1415      3CEC25A8 
 1415      C4821277 
 1415      C1
 1416 09d7 0B0AF4E7 		.ascii	"\013\012\364\347\377ib\221L\"\222WRR\230\347\305\364"
 1416      FF696291 
 1416      4C229257 
 1416      525298E7 
 1416      C5F4
 1417 09e9 D9716A71 		.ascii	"\331qjqF\0146\245\207\271\252(\313\363J\371E\236\022"
 1417      460C36A5 
 1417      87B9AA28 
 1417      CBF34AF9 
 1417      459E12
 1418 09fc 93BBD063 		.ascii	"\223\273\320c.\253(+\364X\335\345e.W\241\307\342\026"
 1418      2EAB282B 
 1418      F458DDE5 
 1418      652E57A1 
 1418      C7E216
 1419 0a0f 3C8FB9D4 		.ascii	"<\217\271\324]\350\362\010\235\005\226\034GF\2767\337"
 1419      5DE8F208 
 1419      9D05961C 
 1419      4746BE37 
 1419      DF
 1420 0a20 92F398DA 		.ascii	"\222\363\230\332\314V\233\271\242\231\244X,p/,*~>\317"
 1420      CC569BB9 
 1420      A299A458 
 1420      2C702F2C 
 1420      2A7E3ECF 
 1421 0a34 7B87F254 		.ascii	"{\207\362T\350*\312\257(\361j\243\377\006\305]=\240"
 1421      E82ACAAF 
 1421      28F16AA3 
 1421      FF06C55D 
 1421      3DA0
 1422              		.text
 1423              		.section	.gnu.lto_.symtab.a5596ee2,"e",%progbits
 1424 0000 5F5F6561 		.ascii	"__early_init\000"
 1424      726C795F 
 1424      696E6974 
 1424      00
 1425 000d 00       		.ascii	"\000"
 1426 000e 00       		.ascii	"\000"
 1427 000f 00       		.ascii	"\000"
 1428 0010 00000000 		.ascii	"\000\000\000\000\000\000\000\000"
 1428      00000000 
 1429 0018 43010000 		.ascii	"C\001\000\000"
 1430 001c 626F6172 		.ascii	"boardInit\000"
ARM GAS  C:\Users\patri\AppData\Local\Temp\ccZEbYTT.s 			page 46


 1430      64496E69 
 1430      7400
 1431 0026 00       		.ascii	"\000"
 1432 0027 00       		.ascii	"\000"
 1433 0028 00       		.ascii	"\000"
 1434 0029 00000000 		.ascii	"\000\000\000\000\000\000\000\000"
 1434      00000000 
 1435 0031 45010000 		.ascii	"E\001\000\000"
 1436 0035 73746D33 		.ascii	"stm32_clock_init\000"
 1436      325F636C 
 1436      6F636B5F 
 1436      696E6974 
 1436      00
 1437 0046 00       		.ascii	"\000"
 1438 0047 02       		.ascii	"\002"
 1439 0048 00       		.ascii	"\000"
 1440 0049 00000000 		.ascii	"\000\000\000\000\000\000\000\000"
 1440      00000000 
 1441 0051 47010000 		.ascii	"G\001\000\000"
 1442              		.text
 1443              		.section	.gnu.lto_.ext_symtab.a5596ee2,"e",%progbits
 1444 0000 01       		.ascii	"\001"
 1445 0001 01       		.ascii	"\001"
 1446 0002 00       		.ascii	"\000"
 1447 0003 01       		.ascii	"\001"
 1448 0004 00       		.ascii	"\000"
 1449 0005 01       		.ascii	"\001"
 1450 0006 00       		.ascii	"\000"
 1451              		.text
 1452              		.section	.gnu.lto_.opts,"e",%progbits
 1453 0000 272D666E 		.ascii	"'-fno-openmp' '-fno-openacc' '-fno-pie' '-fcf-prote"
 1453      6F2D6F70 
 1453      656E6D70 
 1453      2720272D 
 1453      666E6F2D 
 1454 0033 6374696F 		.ascii	"ction=none' '-g' '-mcpu=cortex-m4' '-mthumb' '-mflo"
 1454      6E3D6E6F 
 1454      6E652720 
 1454      272D6727 
 1454      20272D6D 
 1455 0066 61742D61 		.ascii	"at-abi=hard' '-mfpu=fpv4-sp-d16' '-mlibarch=armv7e-"
 1455      62693D68 
 1455      61726427 
 1455      20272D6D 
 1455      6670753D 
 1456 0099 6D2B6670 		.ascii	"m+fp' '-march=armv7e-m+fp' '-O2' '-fomit-frame-poin"
 1456      2720272D 
 1456      6D617263 
 1456      683D6172 
 1456      6D763765 
 1457 00cc 74657227 		.ascii	"ter' '-falign-functions=16' '-ffunction-sections' '"
 1457      20272D66 
 1457      616C6967 
 1457      6E2D6675 
 1457      6E637469 
 1458 00ff 2D666461 		.ascii	"-fdata-sections' '-fno-common' '-flto' '-Xassembler"
 1458      74612D73 
ARM GAS  C:\Users\patri\AppData\Local\Temp\ccZEbYTT.s 			page 47


 1458      65637469 
 1458      6F6E7327 
 1458      20272D66 
 1459 0132 2720272D 		.ascii	"' '-alms=./build/lst/board.lst'\000"
 1459      616C6D73 
 1459      3D2E2F62 
 1459      75696C64 
 1459      2F6C7374 
 1460              		.text
 1461              		.comm	__gnu_lto_slim,1,1
 1462              		.ident	"GCC: (Arm GNU Toolchain 11.3.Rel1) 11.3.1 20220712"
ARM GAS  C:\Users\patri\AppData\Local\Temp\ccZEbYTT.s 			page 48


DEFINED SYMBOLS
                            *ABS*:00000000 board.c
C:\Users\patri\AppData\Local\Temp\ccZEbYTT.s:26     .gnu.debuglto_.debug_info:00000000 board.c.19822d90
                            *COM*:00000001 __gnu_lto_slim

NO UNDEFINED SYMBOLS
