ARM GAS  C:\Users\patri\AppData\Local\Temp\ccMW850y.s 			page 1


   1              		.cpu cortex-m4
   2              		.arch armv7e-m
   3              		.fpu fpv4-sp-d16
   4              		.eabi_attribute 27, 1
   5              		.eabi_attribute 28, 1
   6              		.eabi_attribute 20, 1
   7              		.eabi_attribute 21, 1
   8              		.eabi_attribute 23, 3
   9              		.eabi_attribute 24, 1
  10              		.eabi_attribute 25, 1
  11              		.eabi_attribute 26, 1
  12              		.eabi_attribute 30, 2
  13              		.eabi_attribute 34, 1
  14              		.eabi_attribute 18, 4
  15              		.file	"crt1.c"
  16              		.file 1 "c:\\chibistudio\\tools\\gnu tools arm embedded\\11.3 2022.08\\arm-none-eabi\\include\\mac
  17              		.file 2 "c:\\chibistudio\\tools\\gnu tools arm embedded\\11.3 2022.08\\arm-none-eabi\\include\\sys
  18              		.file 3 "../../chibios2111/os/common/startup/ARMCMx/compilers/GCC/crt1.c"
  19              		.section	.gnu.debuglto_.debug_info,"e",%progbits
  20              	.Ldebug_info0:
  21              		.hidden	crt1.c.4a6694df
  22              		.weak	crt1.c.4a6694df
  23              	crt1.c.4a6694df:
  24 0000 92020000 		.4byte	0x292
  25 0004 0500     		.2byte	0x5
  26 0006 01       		.byte	0x1
  27 0007 04       		.byte	0x4
  28 0008 00000000 		.4byte	.Ldebug_abbrev0
  29 000c 09       		.uleb128 0x9
  30 000d 92020000 		.4byte	.LASF52
  31 0011 1D       		.byte	0x1d
  32 0012 57000000 		.4byte	.LASF53
  33 0016 28040000 		.4byte	.LASF54
  34 001a 00000000 		.4byte	.Ldebug_line0
  35 001e 02       		.uleb128 0x2
  36 001f 01       		.byte	0x1
  37 0020 06       		.byte	0x6
  38 0021 1C040000 		.4byte	.LASF0
  39 0025 02       		.uleb128 0x2
  40 0026 01       		.byte	0x1
  41 0027 08       		.byte	0x8
  42 0028 AA010000 		.4byte	.LASF1
  43 002c 02       		.uleb128 0x2
  44 002d 02       		.byte	0x2
  45 002e 05       		.byte	0x5
  46 002f D2030000 		.4byte	.LASF2
  47 0033 02       		.uleb128 0x2
  48 0034 02       		.byte	0x2
  49 0035 07       		.byte	0x7
  50 0036 AA000000 		.4byte	.LASF3
  51 003a 02       		.uleb128 0x2
  52 003b 04       		.byte	0x4
  53 003c 05       		.byte	0x5
  54 003d 03040000 		.4byte	.LASF4
  55 0041 04       		.uleb128 0x4
  56 0042 E4010000 		.4byte	.LASF9
  57 0046 01       		.byte	0x1
ARM GAS  C:\Users\patri\AppData\Local\Temp\ccMW850y.s 			page 2


  58 0047 4F       		.byte	0x4f
  59 0048 19       		.byte	0x19
  60 0049 4D000000 		.4byte	0x4d
  61 004d 02       		.uleb128 0x2
  62 004e 04       		.byte	0x4
  63 004f 07       		.byte	0x7
  64 0050 4F010000 		.4byte	.LASF5
  65 0054 02       		.uleb128 0x2
  66 0055 08       		.byte	0x8
  67 0056 05       		.byte	0x5
  68 0057 7F030000 		.4byte	.LASF6
  69 005b 02       		.uleb128 0x2
  70 005c 08       		.byte	0x8
  71 005d 07       		.byte	0x7
  72 005e 5B020000 		.4byte	.LASF7
  73 0062 0A       		.uleb128 0xa
  74 0063 04       		.byte	0x4
  75 0064 05       		.byte	0x5
  76 0065 696E7400 		.ascii	"int\000"
  77 0069 02       		.uleb128 0x2
  78 006a 04       		.byte	0x4
  79 006b 07       		.byte	0x7
  80 006c 4E020000 		.4byte	.LASF8
  81 0070 04       		.uleb128 0x4
  82 0071 FA030000 		.4byte	.LASF10
  83 0075 02       		.byte	0x2
  84 0076 30       		.byte	0x30
  85 0077 14       		.byte	0x14
  86 0078 41000000 		.4byte	0x41
  87 007c 0B       		.uleb128 0xb
  88 007d 10       		.byte	0x10
  89 007e 03       		.byte	0x3
  90 007f 39       		.byte	0x39
  91 0080 09       		.byte	0x9
  92 0081 B2000000 		.4byte	0xb2
  93 0085 03       		.uleb128 0x3
  94 0086 DC030000 		.4byte	.LASF11
  95 008a 3A       		.byte	0x3a
  96 008b B2000000 		.4byte	0xb2
  97 008f 00       		.byte	0
  98 0090 03       		.uleb128 0x3
  99 0091 4D000000 		.4byte	.LASF12
 100 0095 3B       		.byte	0x3b
 101 0096 B2000000 		.4byte	0xb2
 102 009a 04       		.byte	0x4
 103 009b 03       		.uleb128 0x3
 104 009c 29010000 		.4byte	.LASF13
 105 00a0 3C       		.byte	0x3c
 106 00a1 B2000000 		.4byte	0xb2
 107 00a5 08       		.byte	0x8
 108 00a6 03       		.uleb128 0x3
 109 00a7 62030000 		.4byte	.LASF14
 110 00ab 3D       		.byte	0x3d
 111 00ac B2000000 		.4byte	0xb2
 112 00b0 0C       		.byte	0xc
 113 00b1 00       		.byte	0
 114 00b2 07       		.uleb128 0x7
ARM GAS  C:\Users\patri\AppData\Local\Temp\ccMW850y.s 			page 3


 115 00b3 70000000 		.4byte	0x70
 116 00b7 04       		.uleb128 0x4
 117 00b8 EF010000 		.4byte	.LASF15
 118 00bc 03       		.byte	0x3
 119 00bd 3E       		.byte	0x3e
 120 00be 03       		.byte	0x3
 121 00bf 7C000000 		.4byte	0x7c
 122 00c3 08       		.uleb128 0x8
 123 00c4 B7000000 		.4byte	0xb7
 124 00c8 01       		.uleb128 0x1
 125 00c9 97000000 		.4byte	.LASF16
 126 00cd 45       		.byte	0x45
 127 00ce 11       		.byte	0x11
 128 00cf 70000000 		.4byte	0x70
 129 00d3 01       		.uleb128 0x1
 130 00d4 61010000 		.4byte	.LASF17
 131 00d8 45       		.byte	0x45
 132 00d9 25       		.byte	0x25
 133 00da 70000000 		.4byte	0x70
 134 00de 01       		.uleb128 0x1
 135 00df EB030000 		.4byte	.LASF18
 136 00e3 45       		.byte	0x45
 137 00e4 34       		.byte	0x34
 138 00e5 70000000 		.4byte	0x70
 139 00e9 01       		.uleb128 0x1
 140 00ea 2D000000 		.4byte	.LASF19
 141 00ee 45       		.byte	0x45
 142 00ef 44       		.byte	0x44
 143 00f0 70000000 		.4byte	0x70
 144 00f4 01       		.uleb128 0x1
 145 00f5 9D030000 		.4byte	.LASF20
 146 00f9 48       		.byte	0x48
 147 00fa 11       		.byte	0x11
 148 00fb 70000000 		.4byte	0x70
 149 00ff 01       		.uleb128 0x1
 150 0100 C8000000 		.4byte	.LASF21
 151 0104 48       		.byte	0x48
 152 0105 25       		.byte	0x25
 153 0106 70000000 		.4byte	0x70
 154 010a 01       		.uleb128 0x1
 155 010b 7D010000 		.4byte	.LASF22
 156 010f 48       		.byte	0x48
 157 0110 34       		.byte	0x34
 158 0111 70000000 		.4byte	0x70
 159 0115 01       		.uleb128 0x1
 160 0116 0C040000 		.4byte	.LASF23
 161 011a 48       		.byte	0x48
 162 011b 44       		.byte	0x44
 163 011c 70000000 		.4byte	0x70
 164 0120 01       		.uleb128 0x1
 165 0121 C7010000 		.4byte	.LASF24
 166 0125 4B       		.byte	0x4b
 167 0126 11       		.byte	0x11
 168 0127 70000000 		.4byte	0x70
 169 012b 01       		.uleb128 0x1
 170 012c 11000000 		.4byte	.LASF25
 171 0130 4B       		.byte	0x4b
ARM GAS  C:\Users\patri\AppData\Local\Temp\ccMW850y.s 			page 4


 172 0131 25       		.byte	0x25
 173 0132 70000000 		.4byte	0x70
 174 0136 01       		.uleb128 0x1
 175 0137 B0030000 		.4byte	.LASF26
 176 013b 4B       		.byte	0x4b
 177 013c 34       		.byte	0x34
 178 013d 70000000 		.4byte	0x70
 179 0141 01       		.uleb128 0x1
 180 0142 8D030000 		.4byte	.LASF27
 181 0146 4B       		.byte	0x4b
 182 0147 44       		.byte	0x44
 183 0148 70000000 		.4byte	0x70
 184 014c 01       		.uleb128 0x1
 185 014d 16010000 		.4byte	.LASF28
 186 0151 4E       		.byte	0x4e
 187 0152 11       		.byte	0x11
 188 0153 70000000 		.4byte	0x70
 189 0157 01       		.uleb128 0x1
 190 0158 9C010000 		.4byte	.LASF29
 191 015c 4E       		.byte	0x4e
 192 015d 25       		.byte	0x25
 193 015e 70000000 		.4byte	0x70
 194 0162 01       		.uleb128 0x1
 195 0163 F7000000 		.4byte	.LASF30
 196 0167 4E       		.byte	0x4e
 197 0168 34       		.byte	0x34
 198 0169 70000000 		.4byte	0x70
 199 016d 01       		.uleb128 0x1
 200 016e 6F030000 		.4byte	.LASF31
 201 0172 4E       		.byte	0x4e
 202 0173 44       		.byte	0x44
 203 0174 70000000 		.4byte	0x70
 204 0178 01       		.uleb128 0x1
 205 0179 BF030000 		.4byte	.LASF32
 206 017d 51       		.byte	0x51
 207 017e 11       		.byte	0x11
 208 017f 70000000 		.4byte	0x70
 209 0183 01       		.uleb128 0x1
 210 0184 21020000 		.4byte	.LASF33
 211 0188 51       		.byte	0x51
 212 0189 25       		.byte	0x25
 213 018a 70000000 		.4byte	0x70
 214 018e 01       		.uleb128 0x1
 215 018f 2F020000 		.4byte	.LASF34
 216 0193 51       		.byte	0x51
 217 0194 34       		.byte	0x34
 218 0195 70000000 		.4byte	0x70
 219 0199 01       		.uleb128 0x1
 220 019a 3E020000 		.4byte	.LASF35
 221 019e 51       		.byte	0x51
 222 019f 44       		.byte	0x44
 223 01a0 70000000 		.4byte	0x70
 224 01a4 01       		.uleb128 0x1
 225 01a5 FF010000 		.4byte	.LASF36
 226 01a9 54       		.byte	0x54
 227 01aa 11       		.byte	0x11
 228 01ab 70000000 		.4byte	0x70
ARM GAS  C:\Users\patri\AppData\Local\Temp\ccMW850y.s 			page 5


 229 01af 01       		.uleb128 0x1
 230 01b0 6F010000 		.4byte	.LASF37
 231 01b4 54       		.byte	0x54
 232 01b5 25       		.byte	0x25
 233 01b6 70000000 		.4byte	0x70
 234 01ba 01       		.uleb128 0x1
 235 01bb 50040000 		.4byte	.LASF38
 236 01bf 54       		.byte	0x54
 237 01c0 34       		.byte	0x34
 238 01c1 70000000 		.4byte	0x70
 239 01c5 01       		.uleb128 0x1
 240 01c6 8C010000 		.4byte	.LASF39
 241 01ca 54       		.byte	0x54
 242 01cb 44       		.byte	0x44
 243 01cc 70000000 		.4byte	0x70
 244 01d0 01       		.uleb128 0x1
 245 01d1 E4000000 		.4byte	.LASF40
 246 01d5 57       		.byte	0x57
 247 01d6 11       		.byte	0x11
 248 01d7 70000000 		.4byte	0x70
 249 01db 01       		.uleb128 0x1
 250 01dc D6000000 		.4byte	.LASF41
 251 01e0 57       		.byte	0x57
 252 01e1 25       		.byte	0x25
 253 01e2 70000000 		.4byte	0x70
 254 01e6 01       		.uleb128 0x1
 255 01e7 40010000 		.4byte	.LASF42
 256 01eb 57       		.byte	0x57
 257 01ec 34       		.byte	0x34
 258 01ed 70000000 		.4byte	0x70
 259 01f1 01       		.uleb128 0x1
 260 01f2 06010000 		.4byte	.LASF43
 261 01f6 57       		.byte	0x57
 262 01f7 44       		.byte	0x44
 263 01f8 70000000 		.4byte	0x70
 264 01fc 01       		.uleb128 0x1
 265 01fd 72020000 		.4byte	.LASF44
 266 0201 5A       		.byte	0x5a
 267 0202 11       		.byte	0x11
 268 0203 70000000 		.4byte	0x70
 269 0207 01       		.uleb128 0x1
 270 0208 1F000000 		.4byte	.LASF45
 271 020c 5A       		.byte	0x5a
 272 020d 25       		.byte	0x25
 273 020e 70000000 		.4byte	0x70
 274 0212 01       		.uleb128 0x1
 275 0213 12020000 		.4byte	.LASF46
 276 0217 5A       		.byte	0x5a
 277 0218 34       		.byte	0x34
 278 0219 70000000 		.4byte	0x70
 279 021d 01       		.uleb128 0x1
 280 021e 3D000000 		.4byte	.LASF47
 281 0222 5A       		.byte	0x5a
 282 0223 44       		.byte	0x44
 283 0224 70000000 		.4byte	0x70
 284 0228 0C       		.uleb128 0xc
 285 0229 C3000000 		.4byte	0xc3
ARM GAS  C:\Users\patri\AppData\Local\Temp\ccMW850y.s 			page 6


 286 022d 38020000 		.4byte	0x238
 287 0231 0D       		.uleb128 0xd
 288 0232 69000000 		.4byte	0x69
 289 0236 07       		.byte	0x7
 290 0237 00       		.byte	0
 291 0238 08       		.uleb128 0x8
 292 0239 28020000 		.4byte	0x228
 293 023d 0E       		.uleb128 0xe
 294 023e DA010000 		.4byte	.LASF48
 295 0242 03       		.byte	0x3
 296 0243 61       		.byte	0x61
 297 0244 1E       		.byte	0x1e
 298 0245 38020000 		.4byte	0x238
 299 0249 0F       		.uleb128 0xf
 300 024a 00000000 		.4byte	.LASF55
 301 024e 03       		.byte	0x3
 302 024f EC       		.byte	0xec
 303 0250 06       		.byte	0x6
 304 0251 76020000 		.4byte	0x276
 305 0255 05       		.uleb128 0x5
 306 0256 72617000 		.ascii	"rap\000"
 307 025a EE       		.byte	0xee
 308 025b 1A       		.byte	0x1a
 309 025c 76020000 		.4byte	0x276
 310 0260 10       		.uleb128 0x10
 311 0261 05       		.uleb128 0x5
 312 0262 747000   		.ascii	"tp\000"
 313 0265 F1       		.byte	0xf1
 314 0266 0F       		.byte	0xf
 315 0267 B2000000 		.4byte	0xb2
 316 026b 05       		.uleb128 0x5
 317 026c 7000     		.ascii	"p\000"
 318 026e F2       		.byte	0xf2
 319 026f 0F       		.byte	0xf
 320 0270 B2000000 		.4byte	0xb2
 321 0274 00       		.byte	0
 322 0275 00       		.byte	0
 323 0276 07       		.uleb128 0x7
 324 0277 C3000000 		.4byte	0xc3
 325 027b 11       		.uleb128 0x11
 326 027c B8010000 		.4byte	.LASF56
 327 0280 03       		.byte	0x3
 328 0281 BB       		.byte	0xbb
 329 0282 06       		.byte	0x6
 330 0283 06       		.uleb128 0x6
 331 0284 34010000 		.4byte	.LASF49
 332 0288 AE       		.byte	0xae
 333 0289 06       		.uleb128 0x6
 334 028a 85020000 		.4byte	.LASF50
 335 028e A0       		.byte	0xa0
 336 028f 06       		.uleb128 0x6
 337 0290 BD000000 		.4byte	.LASF51
 338 0294 8D       		.byte	0x8d
 339 0295 00       		.byte	0
 340              		.section	.gnu.debuglto_.debug_abbrev,"e",%progbits
 341              	.Ldebug_abbrev0:
 342 0000 01       		.uleb128 0x1
ARM GAS  C:\Users\patri\AppData\Local\Temp\ccMW850y.s 			page 7


 343 0001 34       		.uleb128 0x34
 344 0002 00       		.byte	0
 345 0003 03       		.uleb128 0x3
 346 0004 0E       		.uleb128 0xe
 347 0005 3A       		.uleb128 0x3a
 348 0006 21       		.uleb128 0x21
 349 0007 03       		.sleb128 3
 350 0008 3B       		.uleb128 0x3b
 351 0009 0B       		.uleb128 0xb
 352 000a 39       		.uleb128 0x39
 353 000b 0B       		.uleb128 0xb
 354 000c 49       		.uleb128 0x49
 355 000d 13       		.uleb128 0x13
 356 000e 3F       		.uleb128 0x3f
 357 000f 19       		.uleb128 0x19
 358 0010 3C       		.uleb128 0x3c
 359 0011 19       		.uleb128 0x19
 360 0012 00       		.byte	0
 361 0013 00       		.byte	0
 362 0014 02       		.uleb128 0x2
 363 0015 24       		.uleb128 0x24
 364 0016 00       		.byte	0
 365 0017 0B       		.uleb128 0xb
 366 0018 0B       		.uleb128 0xb
 367 0019 3E       		.uleb128 0x3e
 368 001a 0B       		.uleb128 0xb
 369 001b 03       		.uleb128 0x3
 370 001c 0E       		.uleb128 0xe
 371 001d 00       		.byte	0
 372 001e 00       		.byte	0
 373 001f 03       		.uleb128 0x3
 374 0020 0D       		.uleb128 0xd
 375 0021 00       		.byte	0
 376 0022 03       		.uleb128 0x3
 377 0023 0E       		.uleb128 0xe
 378 0024 3A       		.uleb128 0x3a
 379 0025 21       		.uleb128 0x21
 380 0026 03       		.sleb128 3
 381 0027 3B       		.uleb128 0x3b
 382 0028 0B       		.uleb128 0xb
 383 0029 39       		.uleb128 0x39
 384 002a 21       		.uleb128 0x21
 385 002b 1A       		.sleb128 26
 386 002c 49       		.uleb128 0x49
 387 002d 13       		.uleb128 0x13
 388 002e 38       		.uleb128 0x38
 389 002f 0B       		.uleb128 0xb
 390 0030 00       		.byte	0
 391 0031 00       		.byte	0
 392 0032 04       		.uleb128 0x4
 393 0033 16       		.uleb128 0x16
 394 0034 00       		.byte	0
 395 0035 03       		.uleb128 0x3
 396 0036 0E       		.uleb128 0xe
 397 0037 3A       		.uleb128 0x3a
 398 0038 0B       		.uleb128 0xb
 399 0039 3B       		.uleb128 0x3b
ARM GAS  C:\Users\patri\AppData\Local\Temp\ccMW850y.s 			page 8


 400 003a 0B       		.uleb128 0xb
 401 003b 39       		.uleb128 0x39
 402 003c 0B       		.uleb128 0xb
 403 003d 49       		.uleb128 0x49
 404 003e 13       		.uleb128 0x13
 405 003f 00       		.byte	0
 406 0040 00       		.byte	0
 407 0041 05       		.uleb128 0x5
 408 0042 34       		.uleb128 0x34
 409 0043 00       		.byte	0
 410 0044 03       		.uleb128 0x3
 411 0045 08       		.uleb128 0x8
 412 0046 3A       		.uleb128 0x3a
 413 0047 21       		.uleb128 0x21
 414 0048 03       		.sleb128 3
 415 0049 3B       		.uleb128 0x3b
 416 004a 0B       		.uleb128 0xb
 417 004b 39       		.uleb128 0x39
 418 004c 0B       		.uleb128 0xb
 419 004d 49       		.uleb128 0x49
 420 004e 13       		.uleb128 0x13
 421 004f 00       		.byte	0
 422 0050 00       		.byte	0
 423 0051 06       		.uleb128 0x6
 424 0052 2E       		.uleb128 0x2e
 425 0053 00       		.byte	0
 426 0054 3F       		.uleb128 0x3f
 427 0055 19       		.uleb128 0x19
 428 0056 03       		.uleb128 0x3
 429 0057 0E       		.uleb128 0xe
 430 0058 3A       		.uleb128 0x3a
 431 0059 21       		.uleb128 0x21
 432 005a 03       		.sleb128 3
 433 005b 3B       		.uleb128 0x3b
 434 005c 0B       		.uleb128 0xb
 435 005d 39       		.uleb128 0x39
 436 005e 21       		.uleb128 0x21
 437 005f 06       		.sleb128 6
 438 0060 27       		.uleb128 0x27
 439 0061 19       		.uleb128 0x19
 440 0062 00       		.byte	0
 441 0063 00       		.byte	0
 442 0064 07       		.uleb128 0x7
 443 0065 0F       		.uleb128 0xf
 444 0066 00       		.byte	0
 445 0067 0B       		.uleb128 0xb
 446 0068 21       		.uleb128 0x21
 447 0069 04       		.sleb128 4
 448 006a 49       		.uleb128 0x49
 449 006b 13       		.uleb128 0x13
 450 006c 00       		.byte	0
 451 006d 00       		.byte	0
 452 006e 08       		.uleb128 0x8
 453 006f 26       		.uleb128 0x26
 454 0070 00       		.byte	0
 455 0071 49       		.uleb128 0x49
 456 0072 13       		.uleb128 0x13
ARM GAS  C:\Users\patri\AppData\Local\Temp\ccMW850y.s 			page 9


 457 0073 00       		.byte	0
 458 0074 00       		.byte	0
 459 0075 09       		.uleb128 0x9
 460 0076 11       		.uleb128 0x11
 461 0077 01       		.byte	0x1
 462 0078 25       		.uleb128 0x25
 463 0079 0E       		.uleb128 0xe
 464 007a 13       		.uleb128 0x13
 465 007b 0B       		.uleb128 0xb
 466 007c 03       		.uleb128 0x3
 467 007d 0E       		.uleb128 0xe
 468 007e 1B       		.uleb128 0x1b
 469 007f 0E       		.uleb128 0xe
 470 0080 10       		.uleb128 0x10
 471 0081 17       		.uleb128 0x17
 472 0082 00       		.byte	0
 473 0083 00       		.byte	0
 474 0084 0A       		.uleb128 0xa
 475 0085 24       		.uleb128 0x24
 476 0086 00       		.byte	0
 477 0087 0B       		.uleb128 0xb
 478 0088 0B       		.uleb128 0xb
 479 0089 3E       		.uleb128 0x3e
 480 008a 0B       		.uleb128 0xb
 481 008b 03       		.uleb128 0x3
 482 008c 08       		.uleb128 0x8
 483 008d 00       		.byte	0
 484 008e 00       		.byte	0
 485 008f 0B       		.uleb128 0xb
 486 0090 13       		.uleb128 0x13
 487 0091 01       		.byte	0x1
 488 0092 0B       		.uleb128 0xb
 489 0093 0B       		.uleb128 0xb
 490 0094 3A       		.uleb128 0x3a
 491 0095 0B       		.uleb128 0xb
 492 0096 3B       		.uleb128 0x3b
 493 0097 0B       		.uleb128 0xb
 494 0098 39       		.uleb128 0x39
 495 0099 0B       		.uleb128 0xb
 496 009a 01       		.uleb128 0x1
 497 009b 13       		.uleb128 0x13
 498 009c 00       		.byte	0
 499 009d 00       		.byte	0
 500 009e 0C       		.uleb128 0xc
 501 009f 01       		.uleb128 0x1
 502 00a0 01       		.byte	0x1
 503 00a1 49       		.uleb128 0x49
 504 00a2 13       		.uleb128 0x13
 505 00a3 01       		.uleb128 0x1
 506 00a4 13       		.uleb128 0x13
 507 00a5 00       		.byte	0
 508 00a6 00       		.byte	0
 509 00a7 0D       		.uleb128 0xd
 510 00a8 21       		.uleb128 0x21
 511 00a9 00       		.byte	0
 512 00aa 49       		.uleb128 0x49
 513 00ab 13       		.uleb128 0x13
ARM GAS  C:\Users\patri\AppData\Local\Temp\ccMW850y.s 			page 10


 514 00ac 2F       		.uleb128 0x2f
 515 00ad 0B       		.uleb128 0xb
 516 00ae 00       		.byte	0
 517 00af 00       		.byte	0
 518 00b0 0E       		.uleb128 0xe
 519 00b1 34       		.uleb128 0x34
 520 00b2 00       		.byte	0
 521 00b3 03       		.uleb128 0x3
 522 00b4 0E       		.uleb128 0xe
 523 00b5 3A       		.uleb128 0x3a
 524 00b6 0B       		.uleb128 0xb
 525 00b7 3B       		.uleb128 0x3b
 526 00b8 0B       		.uleb128 0xb
 527 00b9 39       		.uleb128 0x39
 528 00ba 0B       		.uleb128 0xb
 529 00bb 49       		.uleb128 0x49
 530 00bc 13       		.uleb128 0x13
 531 00bd 00       		.byte	0
 532 00be 00       		.byte	0
 533 00bf 0F       		.uleb128 0xf
 534 00c0 2E       		.uleb128 0x2e
 535 00c1 01       		.byte	0x1
 536 00c2 3F       		.uleb128 0x3f
 537 00c3 19       		.uleb128 0x19
 538 00c4 03       		.uleb128 0x3
 539 00c5 0E       		.uleb128 0xe
 540 00c6 3A       		.uleb128 0x3a
 541 00c7 0B       		.uleb128 0xb
 542 00c8 3B       		.uleb128 0x3b
 543 00c9 0B       		.uleb128 0xb
 544 00ca 39       		.uleb128 0x39
 545 00cb 0B       		.uleb128 0xb
 546 00cc 27       		.uleb128 0x27
 547 00cd 19       		.uleb128 0x19
 548 00ce 01       		.uleb128 0x1
 549 00cf 13       		.uleb128 0x13
 550 00d0 00       		.byte	0
 551 00d1 00       		.byte	0
 552 00d2 10       		.uleb128 0x10
 553 00d3 0B       		.uleb128 0xb
 554 00d4 01       		.byte	0x1
 555 00d5 00       		.byte	0
 556 00d6 00       		.byte	0
 557 00d7 11       		.uleb128 0x11
 558 00d8 2E       		.uleb128 0x2e
 559 00d9 00       		.byte	0
 560 00da 3F       		.uleb128 0x3f
 561 00db 19       		.uleb128 0x19
 562 00dc 03       		.uleb128 0x3
 563 00dd 0E       		.uleb128 0xe
 564 00de 3A       		.uleb128 0x3a
 565 00df 0B       		.uleb128 0xb
 566 00e0 3B       		.uleb128 0x3b
 567 00e1 0B       		.uleb128 0xb
 568 00e2 39       		.uleb128 0x39
 569 00e3 0B       		.uleb128 0xb
 570 00e4 27       		.uleb128 0x27
ARM GAS  C:\Users\patri\AppData\Local\Temp\ccMW850y.s 			page 11


 571 00e5 19       		.uleb128 0x19
 572 00e6 8701     		.uleb128 0x87
 573 00e8 19       		.uleb128 0x19
 574 00e9 00       		.byte	0
 575 00ea 00       		.byte	0
 576 00eb 00       		.byte	0
 577              		.section	.gnu.debuglto_.debug_line,"e",%progbits
 578              	.Ldebug_line0:
 579 0000 48000000 		.4byte	.LELT0-.LSLT0
 580              	.LSLT0:
 581 0004 0500     		.2byte	0x5
 582 0006 04       		.byte	0x4
 583 0007 00       		.byte	0
 584 0008 40000000 		.4byte	.LELTP0-.LASLTP0
 585              	.LASLTP0:
 586 000c 01       		.byte	0x1
 587 000d 01       		.byte	0x1
 588 000e 01       		.byte	0x1
 589 000f F6       		.byte	0xf6
 590 0010 F2       		.byte	0xf2
 591 0011 0D       		.byte	0xd
 592 0012 00       		.byte	0
 593 0013 01       		.byte	0x1
 594 0014 01       		.byte	0x1
 595 0015 01       		.byte	0x1
 596 0016 01       		.byte	0x1
 597 0017 00       		.byte	0
 598 0018 00       		.byte	0
 599 0019 00       		.byte	0
 600 001a 01       		.byte	0x1
 601 001b 00       		.byte	0
 602 001c 00       		.byte	0
 603 001d 01       		.byte	0x1
 604 001e 01       		.byte	0x1
 605 001f 01       		.uleb128 0x1
 606 0020 1F       		.uleb128 0x1f
 607 0021 04       		.uleb128 0x4
 608 0022 E4000000 		.4byte	.LASF57
 609 0026 6B000000 		.4byte	.LASF58
 610 002a 0C010000 		.4byte	.LASF59
 611 002e 07000000 		.4byte	.LASF60
 612 0032 02       		.byte	0x2
 613 0033 01       		.uleb128 0x1
 614 0034 1F       		.uleb128 0x1f
 615 0035 02       		.uleb128 0x2
 616 0036 0B       		.uleb128 0xb
 617 0037 04       		.uleb128 0x4
 618 0038 A4000000 		.4byte	.LASF61
 619 003c 00       		.byte	0
 620 003d 5A000000 		.4byte	.LASF62
 621 0041 02       		.byte	0x2
 622 0042 63010000 		.4byte	.LASF63
 623 0046 03       		.byte	0x3
 624 0047 00000000 		.4byte	.LASF64
 625 004b 01       		.byte	0x1
 626              	.LELTP0:
 627              	.LELT0:
ARM GAS  C:\Users\patri\AppData\Local\Temp\ccMW850y.s 			page 12


 628              		.section	.gnu.debuglto_.debug_str,"eMS",%progbits,1
 629              	.LASF55:
 630 0000 5F5F696E 		.ascii	"__init_ram_areas\000"
 630      69745F72 
 630      616D5F61 
 630      72656173 
 630      00
 631              	.LASF25:
 632 0011 5F5F7261 		.ascii	"__ram2_init__\000"
 632      6D325F69 
 632      6E69745F 
 632      5F00
 633              	.LASF45:
 634 001f 5F5F7261 		.ascii	"__ram7_init__\000"
 634      6D375F69 
 634      6E69745F 
 634      5F00
 635              	.LASF19:
 636 002d 5F5F7261 		.ascii	"__ram0_noinit__\000"
 636      6D305F6E 
 636      6F696E69 
 636      745F5F00 
 637              	.LASF47:
 638 003d 5F5F7261 		.ascii	"__ram7_noinit__\000"
 638      6D375F6E 
 638      6F696E69 
 638      745F5F00 
 639              	.LASF12:
 640 004d 696E6974 		.ascii	"init_area\000"
 640      5F617265 
 640      6100
 641              	.LASF53:
 642 0057 2E2E2F2E 		.ascii	"../../chibios2111/os/common/startup/ARMCMx/compiler"
 642      2E2F6368 
 642      6962696F 
 642      73323131 
 642      312F6F73 
 643 008a 732F4743 		.ascii	"s/GCC/crt1.c\000"
 643      432F6372 
 643      74312E63 
 643      00
 644              	.LASF16:
 645 0097 5F5F7261 		.ascii	"__ram0_init_text__\000"
 645      6D305F69 
 645      6E69745F 
 645      74657874 
 645      5F5F00
 646              	.LASF3:
 647 00aa 73686F72 		.ascii	"short unsigned int\000"
 647      7420756E 
 647      7369676E 
 647      65642069 
 647      6E7400
 648              	.LASF51:
 649 00bd 5F5F6370 		.ascii	"__cpu_init\000"
 649      755F696E 
 649      697400
ARM GAS  C:\Users\patri\AppData\Local\Temp\ccMW850y.s 			page 13


 650              	.LASF21:
 651 00c8 5F5F7261 		.ascii	"__ram1_init__\000"
 651      6D315F69 
 651      6E69745F 
 651      5F00
 652              	.LASF41:
 653 00d6 5F5F7261 		.ascii	"__ram6_init__\000"
 653      6D365F69 
 653      6E69745F 
 653      5F00
 654              	.LASF40:
 655 00e4 5F5F7261 		.ascii	"__ram6_init_text__\000"
 655      6D365F69 
 655      6E69745F 
 655      74657874 
 655      5F5F00
 656              	.LASF30:
 657 00f7 5F5F7261 		.ascii	"__ram3_clear__\000"
 657      6D335F63 
 657      6C656172 
 657      5F5F00
 658              	.LASF43:
 659 0106 5F5F7261 		.ascii	"__ram6_noinit__\000"
 659      6D365F6E 
 659      6F696E69 
 659      745F5F00 
 660              	.LASF28:
 661 0116 5F5F7261 		.ascii	"__ram3_init_text__\000"
 661      6D335F69 
 661      6E69745F 
 661      74657874 
 661      5F5F00
 662              	.LASF13:
 663 0129 636C6561 		.ascii	"clear_area\000"
 663      725F6172 
 663      656100
 664              	.LASF49:
 665 0134 5F5F6C61 		.ascii	"__late_init\000"
 665      74655F69 
 665      6E697400 
 666              	.LASF42:
 667 0140 5F5F7261 		.ascii	"__ram6_clear__\000"
 667      6D365F63 
 667      6C656172 
 667      5F5F00
 668              	.LASF5:
 669 014f 6C6F6E67 		.ascii	"long unsigned int\000"
 669      20756E73 
 669      69676E65 
 669      6420696E 
 669      7400
 670              	.LASF17:
 671 0161 5F5F7261 		.ascii	"__ram0_init__\000"
 671      6D305F69 
 671      6E69745F 
 671      5F00
 672              	.LASF37:
ARM GAS  C:\Users\patri\AppData\Local\Temp\ccMW850y.s 			page 14


 673 016f 5F5F7261 		.ascii	"__ram5_init__\000"
 673      6D355F69 
 673      6E69745F 
 673      5F00
 674              	.LASF22:
 675 017d 5F5F7261 		.ascii	"__ram1_clear__\000"
 675      6D315F63 
 675      6C656172 
 675      5F5F00
 676              	.LASF39:
 677 018c 5F5F7261 		.ascii	"__ram5_noinit__\000"
 677      6D355F6E 
 677      6F696E69 
 677      745F5F00 
 678              	.LASF29:
 679 019c 5F5F7261 		.ascii	"__ram3_init__\000"
 679      6D335F69 
 679      6E69745F 
 679      5F00
 680              	.LASF1:
 681 01aa 756E7369 		.ascii	"unsigned char\000"
 681      676E6564 
 681      20636861 
 681      7200
 682              	.LASF56:
 683 01b8 5F5F6465 		.ascii	"__default_exit\000"
 683      6661756C 
 683      745F6578 
 683      697400
 684              	.LASF24:
 685 01c7 5F5F7261 		.ascii	"__ram2_init_text__\000"
 685      6D325F69 
 685      6E69745F 
 685      74657874 
 685      5F5F00
 686              	.LASF48:
 687 01da 72616D5F 		.ascii	"ram_areas\000"
 687      61726561 
 687      7300
 688              	.LASF9:
 689 01e4 5F5F7569 		.ascii	"__uint32_t\000"
 689      6E743332 
 689      5F7400
 690              	.LASF15:
 691 01ef 72616D5F 		.ascii	"ram_init_area_t\000"
 691      696E6974 
 691      5F617265 
 691      615F7400 
 692              	.LASF36:
 693 01ff 5F5F7261 		.ascii	"__ram5_init_text__\000"
 693      6D355F69 
 693      6E69745F 
 693      74657874 
 693      5F5F00
 694              	.LASF46:
 695 0212 5F5F7261 		.ascii	"__ram7_clear__\000"
 695      6D375F63 
ARM GAS  C:\Users\patri\AppData\Local\Temp\ccMW850y.s 			page 15


 695      6C656172 
 695      5F5F00
 696              	.LASF33:
 697 0221 5F5F7261 		.ascii	"__ram4_init__\000"
 697      6D345F69 
 697      6E69745F 
 697      5F00
 698              	.LASF34:
 699 022f 5F5F7261 		.ascii	"__ram4_clear__\000"
 699      6D345F63 
 699      6C656172 
 699      5F5F00
 700              	.LASF35:
 701 023e 5F5F7261 		.ascii	"__ram4_noinit__\000"
 701      6D345F6E 
 701      6F696E69 
 701      745F5F00 
 702              	.LASF8:
 703 024e 756E7369 		.ascii	"unsigned int\000"
 703      676E6564 
 703      20696E74 
 703      00
 704              	.LASF7:
 705 025b 6C6F6E67 		.ascii	"long long unsigned int\000"
 705      206C6F6E 
 705      6720756E 
 705      7369676E 
 705      65642069 
 706              	.LASF44:
 707 0272 5F5F7261 		.ascii	"__ram7_init_text__\000"
 707      6D375F69 
 707      6E69745F 
 707      74657874 
 707      5F5F00
 708              	.LASF50:
 709 0285 5F5F6561 		.ascii	"__early_init\000"
 709      726C795F 
 709      696E6974 
 709      00
 710              	.LASF52:
 711 0292 474E5520 		.ascii	"GNU C17 11.3.1 20220712 -mcpu=cortex-m4 -mthumb -mf"
 711      43313720 
 711      31312E33 
 711      2E312032 
 711      30323230 
 712 02c5 6C6F6174 		.ascii	"loat-abi=hard -mfpu=fpv4-sp-d16 -march=armv7e-m+fp "
 712      2D616269 
 712      3D686172 
 712      64202D6D 
 712      6670753D 
 713 02f8 2D676764 		.ascii	"-ggdb -O2 -fomit-frame-pointer -falign-functions=16"
 713      62202D4F 
 713      32202D66 
 713      6F6D6974 
 713      2D667261 
 714 032b 202D6666 		.ascii	" -ffunction-sections -fdata-sections -fno-common -f"
 714      756E6374 
ARM GAS  C:\Users\patri\AppData\Local\Temp\ccMW850y.s 			page 16


 714      696F6E2D 
 714      73656374 
 714      696F6E73 
 715 035e 6C746F00 		.ascii	"lto\000"
 716              	.LASF14:
 717 0362 6E6F5F69 		.ascii	"no_init_area\000"
 717      6E69745F 
 717      61726561 
 717      00
 718              	.LASF31:
 719 036f 5F5F7261 		.ascii	"__ram3_noinit__\000"
 719      6D335F6E 
 719      6F696E69 
 719      745F5F00 
 720              	.LASF6:
 721 037f 6C6F6E67 		.ascii	"long long int\000"
 721      206C6F6E 
 721      6720696E 
 721      7400
 722              	.LASF27:
 723 038d 5F5F7261 		.ascii	"__ram2_noinit__\000"
 723      6D325F6E 
 723      6F696E69 
 723      745F5F00 
 724              	.LASF20:
 725 039d 5F5F7261 		.ascii	"__ram1_init_text__\000"
 725      6D315F69 
 725      6E69745F 
 725      74657874 
 725      5F5F00
 726              	.LASF26:
 727 03b0 5F5F7261 		.ascii	"__ram2_clear__\000"
 727      6D325F63 
 727      6C656172 
 727      5F5F00
 728              	.LASF32:
 729 03bf 5F5F7261 		.ascii	"__ram4_init_text__\000"
 729      6D345F69 
 729      6E69745F 
 729      74657874 
 729      5F5F00
 730              	.LASF2:
 731 03d2 73686F72 		.ascii	"short int\000"
 731      7420696E 
 731      7400
 732              	.LASF11:
 733 03dc 696E6974 		.ascii	"init_text_area\000"
 733      5F746578 
 733      745F6172 
 733      656100
 734              	.LASF18:
 735 03eb 5F5F7261 		.ascii	"__ram0_clear__\000"
 735      6D305F63 
 735      6C656172 
 735      5F5F00
 736              	.LASF10:
 737 03fa 75696E74 		.ascii	"uint32_t\000"
ARM GAS  C:\Users\patri\AppData\Local\Temp\ccMW850y.s 			page 17


 737      33325F74 
 737      00
 738              	.LASF4:
 739 0403 6C6F6E67 		.ascii	"long int\000"
 739      20696E74 
 739      00
 740              	.LASF23:
 741 040c 5F5F7261 		.ascii	"__ram1_noinit__\000"
 741      6D315F6E 
 741      6F696E69 
 741      745F5F00 
 742              	.LASF0:
 743 041c 7369676E 		.ascii	"signed char\000"
 743      65642063 
 743      68617200 
 744              	.LASF54:
 745 0428 433A5C43 		.ascii	"C:\\ChibiStudio\\workspace_user\\microcntr\000"
 745      68696269 
 745      53747564 
 745      696F5C77 
 745      6F726B73 
 746              	.LASF38:
 747 0450 5F5F7261 		.ascii	"__ram5_clear__\000"
 747      6D355F63 
 747      6C656172 
 747      5F5F00
 748              		.section	.gnu.debuglto_.debug_line_str,"eMS",%progbits,1
 749              	.LASF64:
 750 0000 63727431 		.ascii	"crt1.c\000"
 750      2E6300
 751              	.LASF60:
 752 0007 633A5C63 		.ascii	"c:\\chibistudio\\tools\\gnu tools arm embedded\\11."
 752      68696269 
 752      73747564 
 752      696F5C74 
 752      6F6F6C73 
 753 0036 33203230 		.ascii	"3 2022.08\\arm-none-eabi\\include\\sys\000"
 753      32322E30 
 753      385C6172 
 753      6D2D6E6F 
 753      6E652D65 
 754              	.LASF62:
 755 005a 5F646566 		.ascii	"_default_types.h\000"
 755      61756C74 
 755      5F747970 
 755      65732E68 
 755      00
 756              	.LASF58:
 757 006b 2E2E2F2E 		.ascii	"../../chibios2111/os/common/startup/ARMCMx/compiler"
 757      2E2F6368 
 757      6962696F 
 757      73323131 
 757      312F6F73 
 758 009e 732F4743 		.ascii	"s/GCC\000"
 758      4300
 759              	.LASF61:
 760 00a4 2E2E2F2E 		.ascii	"../../chibios2111/os/common/startup/ARMCMx/compiler"
ARM GAS  C:\Users\patri\AppData\Local\Temp\ccMW850y.s 			page 18


 760      2E2F6368 
 760      6962696F 
 760      73323131 
 760      312F6F73 
 761 00d7 732F4743 		.ascii	"s/GCC/crt1.c\000"
 761      432F6372 
 761      74312E63 
 761      00
 762              	.LASF57:
 763 00e4 433A5C43 		.ascii	"C:\\ChibiStudio\\workspace_user\\microcntr\000"
 763      68696269 
 763      53747564 
 763      696F5C77 
 763      6F726B73 
 764              	.LASF59:
 765 010c 633A5C63 		.ascii	"c:\\chibistudio\\tools\\gnu tools arm embedded\\11."
 765      68696269 
 765      73747564 
 765      696F5C74 
 765      6F6F6C73 
 766 013b 33203230 		.ascii	"3 2022.08\\arm-none-eabi\\include\\machine\000"
 766      32322E30 
 766      385C6172 
 766      6D2D6E6F 
 766      6E652D65 
 767              	.LASF63:
 768 0163 5F737464 		.ascii	"_stdint.h\000"
 768      696E742E 
 768      6800
 769              		.text
 770              		.section	.gnu.lto_.profile.aae04b6f,"e",%progbits
 771 0000 789C6362 		.ascii	"x\234cb\000\001\000\000\022\000\003"
 771      00010000 
 771      120003
 772              		.text
 773              		.section	.gnu.lto_.icf.aae04b6f,"e",%progbits
 774 0000 789C7367 		.ascii	"x\234sg@\0006\206\007\367v\317bb`\204PL\020\212y\322"
 774      40003686 
 774      07F776CF 
 774      62626084 
 774      504C108A 
 775 0016 82A79FD9 		.ascii	"\202\247\237\331\031Xv4M\373\304\316\007\024f\004c\030"
 775      19587634 
 775      4DFBC4CE 
 775      07146604 
 775      6318
 776 0028 80B18134 		.ascii	"\200\261\2014\353\375;;\177\2631\000\000\\i\023%"
 776      EBFD3B3B 
 776      7FB33100 
 776      005C6913 
 776      25
 777              		.text
 778              		.section	.gnu.lto_.ipa_sra.aae04b6f,"e",%progbits
 779 0000 789C1364 		.ascii	"x\234\023d@\000V\006\006FF\006F&\006Ff\006F\026\006"
 779      40005606 
 779      06464606 
 779      46260646 
ARM GAS  C:\Users\patri\AppData\Local\Temp\ccMW850y.s 			page 19


 779      66064616 
 780 0015 46060002 		.ascii	"F\006\000\002\315\000&"
 780      CD0026
 781              		.text
 782              		.section	.gnu.lto_.inline.aae04b6f,"e",%progbits
 783 0000 789CDBC8 		.ascii	"x\234\333\310\200\000\254\014\014\314\015@\300\224\302"
 783      8000AC0C 
 783      0CCC0D40 
 783      C094C2
 784 000f C8C0C4C0 		.ascii	"\310\300\304\300\320\010d\32610\260A\204\230@B\014\014"
 784      D00864D6 
 784      3130B041 
 784      84984042 
 784      0C0C
 785 0021 8C849530 		.ascii	"\214\204\2250\021V\302\014\244\300\022\310JX \014\250"
 785      1156C20C 
 785      A4C012C8 
 785      4A58200C 
 785      A8
 786 0032 12160691 		.ascii	"\022\026\006\221wG\327md\316\001*Q\002\26260\347\240"
 786      7747D76D 
 786      64CE012A 
 786      5102B236 
 786      30E7A0
 787 0045 9BC20000 		.ascii	"\233\302\000\000\340\263(\006"
 787      E0B32806 
 788              		.text
 789              		.section	.gnu.lto_.jmpfuncs.aae04b6f,"e",%progbits
 790 0000 789C1364 		.ascii	"x\234\023d@\000V fd``b``f``\001r\000\002\245\000!"
 790      40005620 
 790      66646060 
 790      62606066 
 790      60600172 
 791              		.text
 792              		.section	.gnu.lto_.pureconst.aae04b6f,"e",%progbits
 793 0000 789C1360 		.ascii	"x\234\023````e\230\301\3028\203\205i\006\013\363\026"
 793      60606065 
 793      98C1C238 
 793      83856906 
 793      0BF316
 794 0013 1696592C 		.ascii	"\026\226Y,\000\032\274\003J"
 794      001ABC03 
 794      4A
 795              		.text
 796              		.section	.gnu.lto_.ipa_modref.aae04b6f,"e",%progbits
 797 0000 789C8B66 		.ascii	"x\234\213f@\000V\006\006\005\001\001(\301\300\210\314"
 797      40005606 
 797      06050101 
 797      28C1C088 
 797      CC
 798 0011 6142E630 		.ascii	"aB\3460#sX\3004\023\0233\003#\023\013#\003\023+\220"
 798      237358C0 
 798      34131333 
 798      0323130B 
 798      2303132B 
 799 0026 6685E865 		.ascii	"f\205\350e\204q\030\030\000\273\021\003\033"
 799      84711818 
ARM GAS  C:\Users\patri\AppData\Local\Temp\ccMW850y.s 			page 20


 799      00BB1103 
 799      1B
 800              		.text
 801              		.section	.gnu.lto_.lto.aae04b6f,"e",%progbits
 802 0000 0B000300 		.ascii	"\013\000\003\000\001\000\000\000"
 802      01000000 
 803              		.text
 804              		.section	.gnu.lto_ram_areas.130.aae04b6f,"e",%progbits
 805 0000 789C4DCE 		.ascii	"x\234M\316\313K\033Q\024\006\360\371b\243K\273\351\256"
 805      CB4B1B51 
 805      1406F0F9 
 805      62A34BBB 
 805      E9AE
 806 0012 7F800BC9 		.ascii	"\177\200\013\311\020u\345\306\206A\244H(6\210H#6\035"
 806      1075E5C6 
 806      8641A448 
 806      28368848 
 806      23361D
 807 0025 830EF17A 		.ascii	"\203\016\361z3\217`E\344\306\254D\377\012w\256\225\342"
 807      338F6045 
 807      E4C6AC44 
 807      FF0A77AE 
 807      95E2
 808 0037 AB9A3E7C 		.ascii	"\253\232>|\324V\255\357W}\366\351FW\212.\272\350M\307"
 808      D456ADEF 
 808      577DF6E9 
 808      46578A2E 
 808      BAE84DC7 
 809 004b 71CEE52E 		.ascii	"q\316\345.\276s8\374\370\372\003\212\222R\334\027\304"
 809      BE7338FC 
 809      F8FA038A 
 809      9252DC17 
 809      C4
 810 005c 2072D9EC 		.ascii	" r\331\354\337\321\241\233\341R\321\347\315\347\345"
 810      DFD1A19B 
 810      E152D1E7 
 810      CDE7E5
 811 006b A2F73E3F 		.ascii	"\242\367>?\026=^\036\011\210n\231kr\003\331\207\031"
 811      163D5E1E 
 811      09886E99 
 811      6B7203D9 
 811      8719
 812 007d 7B0AE624 		.ascii	"{\012\346$\370\004\3308\202(~\204\222\273\253\333ki"
 812      F804D838 
 812      82287E84 
 812      92BBABDB 
 812      6B69
 813 008f A5886510 		.ascii	"\245\210e\020\253\235XI\337z\0073\017>\0136\343Z\305"
 813      AB9D5849 
 813      DF7A0733 
 813      0F3E0B36 
 813      E35AC5
 814 00a2 77571357 		.ascii	"wW\023W\322\322\211\225 V+\261Z|k\001\346<\370\034\330"
 814      D2D28995 
 814      20562BB1 
 814      5A7C6B01 
 814      E63CF81C 
ARM GAS  C:\Users\patri\AppData\Local\Temp\ccMW850y.s 			page 21


 815 00b7 47D70A7A 		.ascii	"G\327\012z\275.\245\365\202X\315\304j\"V\243o-\303\374"
 815      BD2EA5F5 
 815      8258CDC4 
 815      6A2256A3 
 815      6F2DC3FC 
 816 00cb 02FE196C 		.ascii	"\002\376\031l\311\265\036x\275.\244\025#V\003\261\236"
 816      C9B51E78 
 816      BD2EA415 
 816      235603B1 
 816      9E
 817 00dc 112BEA5B 		.ascii	"\021+\352[\0330\327\301\327\300\276\272V\221\327\353"
 817      1B30D7C1 
 817      D7C0BEBA 
 817      5691D7EB 
 818 00ec 8FB4EA89 		.ascii	"\217\264\352\211\365\224Xu\304\252\365\255=\230\273"
 818      F5945875 
 818      C4AAF5AD 
 818      3D98BB
 819 00fb E03B60DB 		.ascii	"\340;`\333\256\025\360z\375\226\226F\254\010\261\362"
 819      AE15F07A 
 819      FD969646 
 819      AC08B1F2 
 820 010b 826033C2 		.ascii	"\202`3\302\327\216a\036\201\037\202}\203\347\374\222"
 820      D78E611E 
 820      811F827D 
 820      83E7FC92 
 821 011b CEB420D0 		.ascii	"\316\264 \320\244 \3228\225\336\020\351\007\314\357"
 821      A420D238 
 821      95DE10E9 
 821      07CCEF
 822 012a E06760A7 		.ascii	"\340g`\247\3777/\307D\345OT\235\340\000\373\330\302"
 822      FF372FC7 
 822      44E54F54 
 822      9DE000FB 
 822      D8C2
 823 013c 2656B182 		.ascii	"&V\261\202OX\304\007\274\307[LC)\323\252\343Z\207\361"
 823      4F58C407 
 823      BCC75B4C 
 823      4329D3AA 
 823      E35A87F1 
 824 0150 CA883999 		.ascii	"\312\2109\2316\203\307\273\271\225\262\323\011=\331"
 824      3683C7BB 
 824      B995B2D3 
 824      093DD9
 825 015f 9AB19356 		.ascii	"\232\261\223V\234\031\272\305\365.\307R\236\204B\252"
 825      9C19BAC5 
 825      F52EC752 
 825      9E8442AA 
 826 016f FC7AE196 		.ascii	"\374z\341\226\333\025\341pX\345\266\252s\306x\227j;"
 826      DB15E170 
 826      58E5B6AA 
 826      73C67897 
 826      6A3B
 827 0181 09CBC9A4 		.ascii	"\011\313\311\244\325\310\363\250\026}]\330\246\215\316"
 827      D5C8F3A8 
 827      167D5DD8 
 827      A68DCE
ARM GAS  C:\Users\patri\AppData\Local\Temp\ccMW850y.s 			page 22


 828 0190 A465AB75 		.ascii	"\244e\253u\232\246\352\226\023\016\351\312?h\215\376"
 828      9AA6EA96 
 828      130EE9CA 
 828      3F688DFE 
 829 01a0 52       		.ascii	"R"
 830              		.text
 831              		.section	.gnu.lto___cpu_init.131.aae04b6f,"e",%progbits
 832 0000 789CCB67 		.ascii	"x\234\313g``\310\006be fdf`\2344\261\213\211\241\241"
 832      6060C806 
 832      62652066 
 832      6466609C 
 832      34B18B89 
 833 0016 A1C1819D 		.ascii	"\241\301\201\235\211\261qb\027'\343vF0\217\221\241\236"
 833      89B17162 
 833      1727E376 
 833      46308F91 
 833      A19E
 834 0028 89B19E71 		.ascii	"\211\261\236q!\263>\220\373\343\351\264\271G\031\033"
 834      21B33E90 
 834      FBE3E9B4 
 834      B947191B 
 835 0038 561C607C 		.ascii	"V\034`|\305\300P\317\000\005\334\0206#\020\257\277\304"
 835      C5C050CF 
 835      0005DC10 
 835      362310AF 
 835      BFC4
 836 004a 7AA0E1CF 		.ascii	"z\240\341\317\377\376\206\206\277\217\030W\253210\314"
 836      FFFE8686 
 836      BF8F1857 
 836      AB323130 
 836      CC
 837 005b 630699DA 		.ascii	"c\006\231\332\300\302\330p\200\201a>3\023\204\323\010"
 837      C0C2D870 
 837      8081613E 
 837      331384D3 
 837      08
 838 006c E47C676A 		.ascii	"\344|gjPb\370\317\324\244\0006d\0363#B\035\003\203\206"
 838      5062F8CF 
 838      D4A40036 
 838      641E3323 
 838      421D0383 
 839 0081 B3558C73 		.ascii	"\263U\214sFfRfpIiJf~Ly~QvqAbrj|iqjQLnfrQ~r^I\021\203"
 839      46665266 
 839      7049694A 
 839      667E4C79 
 839      7E517671 
 840 00a9 839E9E3E 		.ascii	"\203\236\236>\020%\203\324\346\027\033\031\032\032\352"
 840      102583D4 
 840      E6171B19 
 840      1A1AEA
 841 00b8 E717EB27 		.ascii	"\347\027\353'\347\347\346\346\347\351\027\227$\026\225"
 841      E7E7E6E6 
 841      E7E91797 
 841      241695
 842 00c7 9416E83B 		.ascii	"\224\026\350;\006\371:\373V\200D\0132sR\213\212\365"
 842      06F93AFB 
 842      5680440B 
ARM GAS  C:\Users\patri\AppData\Local\Temp\ccMW850y.s 			page 23


 842      3273528B 
 842      8AF5
 843 00d9 DD9D9DF5 		.ascii	"\335\235\235\365\223\213J\014\365\222\031\000(\257P"
 843      938B4A0C 
 843      F5921900 
 843      28AF50
 844 00e8 C0       		.ascii	"\300"
 845              		.text
 846              		.section	.gnu.lto___early_init.132.aae04b6f,"e",%progbits
 847 0000 789CCB63 		.ascii	"x\234\313c``\310\006be fdf`\2344\261\213\211\241\241"
 847      6060C806 
 847      62652066 
 847      6466609C 
 847      34B18B89 
 848 0016 A1C1819D 		.ascii	"\241\301\201\235\211\261qb\027'\343vF0\217\221\241\236"
 848      89B17162 
 848      1727E376 
 848      46308F91 
 848      A19E
 849 0028 89B19E71 		.ascii	"\211\261\236q!\263>\220\373\343\351\264\023G\031\033"
 849      21B33E90 
 849      FBE3E9B4 
 849      1347191B 
 850 0038 561C607C 		.ascii	"V\034`|\305\300P\317\000\005\334\0206#\020\257\277\304"
 850      C5C050CF 
 850      0005DC10 
 850      362310AF 
 850      BFC4
 851 004a 7AA0E1CF 		.ascii	"z\240\341\317\377\376\206\206\263\213\031\255\230\030"
 851      FFFE8686 
 851      B38B19AD 
 851      9818
 852 0058 18E63183 		.ascii	"\030\3461\203\014m`al8\300\3000\237\231\011\302i\004"
 852      0C6D6061 
 852      6C38C0C0 
 852      309F9909 
 852      C26904
 853 006b 72BE3335 		.ascii	"r\27635(1\374gjR\000\2331\217\231\021\241\216\201A\303"
 853      2831FC67 
 853      6A52009B 
 853      318F9911 
 853      A18E8141 
 854 0080 D92AC639 		.ascii	"\331*\3069#3)3\270\2444%3?\246<\277(\273\270 195\276"
 854      23332933 
 854      B8A43425 
 854      333FA63C 
 854      BF28BBB8 
 855 0099 B438B528 		.ascii	"\2648\265(&73\271(?9\257\244\210\301AOO\037\210\222"
 855      263733B9 
 855      283F39AF 
 855      A488C141 
 855      4F4F1F88 
 856 00ae 416AF38B 		.ascii	"Aj\363\213\215\014\015\015\365\363\213\365\223\363s"
 856      8D0C0D0D 
 856      F5F38BF5 
 856      93F373
 857 00bd 73F3F3F4 		.ascii	"s\363\363\364\213K\022\213JJ\013\364\035\203|\235}+"
ARM GAS  C:\Users\patri\AppData\Local\Temp\ccMW850y.s 			page 24


 857      8B4B128B 
 857      4A4A0BF4 
 857      1D837C9D 
 857      7D2B
 858 00cf 40A20599 		.ascii	"@\242\005\2319\251E\305\372\356\316\316\372\311E%\206"
 858      39A945C5 
 858      FAEECECE 
 858      FAC94525 
 858      86
 859 00e0 7AC90C00 		.ascii	"z\311\014\000\204\274O\345"
 859      84BC4FE5 
 860              		.text
 861              		.section	.gnu.lto___late_init.133.aae04b6f,"e",%progbits
 862 0000 789CCB63 		.ascii	"x\234\313c``\310\006be fdf`\2344\261\213\211\241\241"
 862      6060C806 
 862      62652066 
 862      6466609C 
 862      34B18B89 
 863 0016 A1C1819D 		.ascii	"\241\301\201\235\211\261qb\027'\343vF0\217\221\241\236"
 863      89B17162 
 863      1727E376 
 863      46308F91 
 863      A19E
 864 0028 89B19E71 		.ascii	"\211\261\236q!\263>\220\373\343\351\264{G\031\033V\034"
 864      21B33E90 
 864      FBE3E9B4 
 864      7B47191B 
 864      561C
 865 003a 607CC5C0 		.ascii	"`|\305\300P\317\000\005\334\0206#\020\257\277\304z\240"
 865      50CF0005 
 865      DC103623 
 865      10AFBFC4 
 865      7AA0
 866 004c E1CFFFFE 		.ascii	"\341\317\377\376\206\206\243\213\031-\231\030\030\346"
 866      8686A38B 
 866      192D9918 
 866      18E6
 867 005a 31830C6D 		.ascii	"1\203\014m`al8\300\3000\237\231\011\302i\004r\27635"
 867      60616C38 
 867      C0C0309F 
 867      9909C269 
 867      0472BE33 
 868 006f 2831FC67 		.ascii	"(1\374gjR\000\2331\217\231\021\241\216\201A\303\331"
 868      6A52009B 
 868      318F9911 
 868      A18E8141 
 868      C3D9
 869 0081 2AC63923 		.ascii	"*\3069#3)3\270\2444%3?\246<\277(\273\270 195\276\264"
 869      332933B8 
 869      A4342533 
 869      3FA63CBF 
 869      28BBB820 
 870 009a 38B52826 		.ascii	"8\265(&73\271(?9\257\244\210\301AOO\037\210\222Aj\363"
 870      3733B928 
 870      3F39AFA4 
 870      88C1414F 
 870      4F1F8892 
ARM GAS  C:\Users\patri\AppData\Local\Temp\ccMW850y.s 			page 25


 871 00b1 8B8D0C0D 		.ascii	"\213\215\014\015\015\365\363\213\365\223\363ss\363\363"
 871      0DF5F38B 
 871      F593F373 
 871      73F3F3
 872 00c0 F48B4B12 		.ascii	"\364\213K\022\213JJ\013\364\035\203|\235}+@\242\005"
 872      8B4A4A0B 
 872      F41D837C 
 872      9D7D2B40 
 872      A205
 873 00d2 9939A945 		.ascii	"\2319\251E\305\372\356\316\316\372\311E%\206z\311\014"
 873      C5FAEECE 
 873      CEFAC945 
 873      25867AC9 
 873      0C
 874 00e3 0090B74F 		.ascii	"\000\220\267O\362"
 874      F2
 875              		.text
 876              		.section	.gnu.lto___default_exit.134.aae04b6f,"e",%progbits
 877 0000 789CEB65 		.ascii	"x\234\353e``\310\006b\007 fde`\2344\261\213\211\241"
 877      6060C806 
 877      62072066 
 877      6465609C 
 877      34B18B89 
 878 0015 A1A1C181 		.ascii	"\241\241\301\201\235\211q\362D.0\213\231q\012\224\305"
 878      9D8971F2 
 878      442E308B 
 878      99710A94 
 878      C5
 879 0026 C238D910 		.ascii	"\3028\331\020\314`d\250gbfa\004\022\014\010\260\220"
 879      CC6064A8 
 879      67626661 
 879      04120C08 
 879      B090
 880 0038 591F28F9 		.ascii	"Y\037(\371\343\351\264\337G\031\033V\034`|\305\300P"
 880      E3E9B4DF 
 880      47191B56 
 880      1C607CC5 
 880      C050
 881 004a 0F93E386 		.ascii	"\017\223\343\206\260\031\201x\375%\326\003\015\177\376"
 881      B0198178 
 881      FD25D603 
 881      0D7FFE
 882 0059 F73734DC 		.ascii	"\36774\334}\314\330\241\016\024\232\307\314p\344}\007"
 882      7DCCD8A1 
 882      0E149AC7 
 882      CC70E47D 
 882      07
 883 006a 2B63C301 		.ascii	"+c\303\001\020\233\011\314n\004\262\34733\003\015l`"
 883      109B09CC 
 883      6E04B2E7 
 883      3333030D 
 883      6C60
 884 007c 017118BF 		.ascii	"\001q\030\27735<\372{\232\223q;#\003\210\371\217\233"
 884      33353CFA 
 884      7B9A9371 
 884      3B230388 
 884      F98F9B
ARM GAS  C:\Users\patri\AppData\Local\Temp\ccMW850y.s 			page 26


 885 008f 0122C2C3 		.ascii	"\001\"\302\303\000\322\304\002Q\310\010d22\260\203l"
 885      00D2C402 
 885      51C80864 
 885      3232B083 
 885      6C
 886 00a0 D470B68A 		.ascii	"\324p\266\212q\316\310L\312\014.)M\311\314\217)\317"
 886      71CEC84C 
 886      CA0C2E29 
 886      4DC9CC8F 
 886      29CF
 887 00b2 2FCA2E2E 		.ascii	"/\312..HLN\215/-N-\212\311\315L.\312O\316+)bp\320\323"
 887      484C4E8D 
 887      2F2D4E2D 
 887      8AC9CD4C 
 887      2ECA4FCE 
 888 00cc D307A264 		.ascii	"\323\007\242d\220\332\374b#CCC\375\374b\375\344\374"
 888      90DAFC62 
 888      23434343 
 888      FDFC62FD 
 888      E4FC
 889 00de DCDCFC3C 		.ascii	"\334\334\374<\375\342\222\304\242\222\322\002}\307 "
 889      FDE292C4 
 889      A292D202 
 889      7DC720
 890 00ed 5F67DF0A 		.ascii	"_g\337\012\220hAfNjQ\261\276\273\263\263~rQ\211\241"
 890      90684166 
 890      4E6A51B1 
 890      BEBBB3B3 
 890      7E725189 
 891 0102 5E320300 		.ascii	"^2\003\000\217[b\211"
 891      8F5B6289 
 892              		.text
 893              		.section	.gnu.lto___init_ram_areas.135.aae04b6f,"e",%progbits
 894 0000 789C6D54 		.ascii	"x\234mTmh[e\024>\347=\357\315\275\371\\h6\374%T\021"
 894      6D685B65 
 894      143EE73D 
 894      EFCDBDF9 
 894      5C6836FC 
 895 0017 148486C8 		.ascii	"\024\204\206\310(U\020+\371\341\257\375\231\177\013"
 895      2855102B 
 895      F9E1AFFD 
 895      997F0B
 896 0026 5AD3AA61 		.ascii	"Z\323\252a\353\222\345\303\212]\351m\332.\220A\333t"
 896      EB92E5C3 
 896      8A5DE96D 
 896      DA2E9041 
 896      DB74
 897 0038 54B639DA 		.ascii	"T\2669\332\311@\202\310t\":7\323\205mZ\005%\330Q\247"
 897      C94082C8 
 897      74223A37 
 897      D3856D5A 
 897      0525D851 
 898 004d 584B5718 		.ascii	"XKW\030u+\270*\342\307>\254\347}o\222\246\260K\356{"
 898      752BB82A 
 898      E2C73EAC 
 898      E77D6F92 
 898      A6B04BEE 
ARM GAS  C:\Users\patri\AppData\Local\Temp\ccMW850y.s 			page 27


 899 0062 CF7DCF73 		.ascii	"\317}\317s\236\367<\347\234\233C\022`\014\000\326\371"
 899      9EF73CE7 
 899      9C9B4312 
 899      600C00D6 
 899      F9
 900 0073 463FE054 		.ascii	"F?\340T\261 \300\266\355NS\340\321\242G[\204\323\305"
 900      B120C0B6 
 900      ED4E53E0 
 900      D1A2475B 
 900      84D3C5
 901 0086 C2EDB94F 		.ascii	"\302\355\271O%VPoH\234>[\207\031b\264xD\260ga\343N\207"
 901      2556506F 
 901      489C3E5B 
 901      871962B4 
 901      7844B067 
 902 009e 7C677215 		.ascii	"|gr\025\317L\214\231\322\213\307r\350 L<6\365\236\023"
 902      CF4C8C99 
 902      D28BC772 
 902      E8204C3C 
 902      36F59E13 
 903 00b2 68897C13 		.ascii	"h\211|\023\370x\035\354\026''?~\004/(P\207<\301\333"
 903      F8781DEC 
 903      1627273F 
 903      7E042F28 
 903      50873CC1 
 904 00c7 6C58D287 		.ascii	"lX\322\207G\317\006\035\016\017\016\027\013k_?\352`"
 904      47CF061D 
 904      0E0F0E17 
 904      0B6B5F3F 
 904      EA60
 905 00d9 3A4D8421 		.ascii	":M\204!A\322\360\232\226\333\347\301!I\200\025\211\346"
 905      41D2F09A 
 905      96DBE7C1 
 905      21498015 
 905      89E6
 906 00eb D602CE65 		.ascii	"\326\002\316e\300\326e5\331\357R\230y\376\271\361\366"
 906      C0D66535 
 906      D9EF5298 
 906      79FEB9F1 
 906      F6
 907 00fc D23CDAA5 		.ascii	"\322<\332\245\012\336\002\030\252\373\014t\205P\362"
 907      0ADE0218 
 907      AAFB0C74 
 907      8550F2
 908 010b BA0B5B0D 		.ascii	"\272\013[\015\264\366\363\306\223\025\333\336X\236\037"
 908      B4F6F3C6 
 908      9315DBDE 
 908      589E1F
 909 011a 0F4C0E5B 		.ascii	"\017L\016[\203\347q\350s<\207\012\232\\\224^\270\200"
 909      83E771E8 
 909      733C870A 
 909      9A5C945E 
 909      B880
 910 012c 2A16193A 		.ascii	"*\026\031:\214u\354\255\265\274\302\016\224\233\260"
 910      8C75ECAD 
 910      B5BCC20E 
 910      949BB0
ARM GAS  C:\Users\patri\AppData\Local\Temp\ccMW850y.s 			page 28


 911 013b EBCC698D 		.ascii	"\353\314i\215\324!\037\335\314\347\355\340h\353\300"
 911      D4211FDD 
 911      CCE7EDE0 
 911      68EBC0
 912 014a C526C875 		.ascii	"\305&\310u\246\253\340\034\302\027\010\311\025\311\233"
 912      A6ABE01C 
 912      C21708C9 
 912      15C99B
 913 0159 84E7112F 		.ascii	"\204\347\021/\"\226\361\303\005\243b\337\333\234\260"
 913      2296F1C3 
 913      05A362DF 
 913      DB9CB0
 914 0168 EDB567CB 		.ascii	"\355\265g\313'O{v\"\010\022 \004\361-\201q\0060\322"
 914      274F7B76 
 914      22081220 
 914      04F12D81 
 914      710630D2 
 915 017c 058C35D5 		.ascii	"\005\2145\325\342S\257~e\005\2247\250\254\026\265\204"
 915      E253AF7E 
 915      65059437 
 915      A8AC16B5 
 915      84
 916 018d 94036086 		.ascii	"\224\003`\206@U\037\355\012\300,\011m\017\263\375\267"
 916      40551FED 
 916      0AC02C09 
 916      6D0FB3FD 
 916      B7
 917 019e B057CB55 		.ascii	"\260W\313U\344g\356TV\321\242\253_e]\340g\226\237\037"
 917      E467EE54 
 917      56D1A2AB 
 917      5F655DE0 
 917      67969F1F 
 918 01b2 A04C5FC6 		.ascii	"\240L_\306K\010\005<l\333\245\307\372\257\350\344g\211"
 918      4B08053C 
 918      6CDBA5C7 
 918      FAAFE8E4 
 918      6789
 919 01c4 36EE943A 		.ascii	"6\356\224:j\024\271Nu&I\315\366}\325\315\215\323\346"
 919      6A14B94E 
 919      752649CD 
 919      F67DD5CD 
 919      8DD3E6
 920 01d7 D5AA87DB 		.ascii	"\325\252\207\333\017wEn\356\346\016\3621\367 jNn\307"
 920      0F77456E 
 920      EEE60EF2 
 920      31F7206A 
 920      4E6EC7
 921 01ea AF0F1D7C 		.ascii	"\257\017\035|\343+\204\366Qn~b\036\373@\023\235z\216"
 921      E32B84F6 
 921      516E7E62 
 921      1EFB4013 
 921      9D7A8E
 922 01fd B3259F8E 		.ascii	"\263%\237\216^\254\212z\250\277\026Tj\016\372\006\367"
 922      5EAC8A7A 
 922      A8BF1654 
 922      6A0EFA06 
 922      F7
ARM GAS  C:\Users\patri\AppData\Local\Temp\ccMW850y.s 			page 29


 923 020e 3582CA48 		.ascii	"5\202\312H~\035\3643\007A\236\244N\367\334\355\0217"
 923      7E1DF433 
 923      07419EA4 
 923      4EF7DCED 
 923      1137
 924 0220 AB10EF3F 		.ascii	"\253\020\357?\316\031Q\3007^\274n\251\204fI\026\307"
 924      CE1951C0 
 924      375EBC6E 
 924      A9846649 
 924      16C7
 925 0232 AECD53A3 		.ascii	"\256\315S\243\002\277TI\035u\342\310\015$U\202\001\004"
 925      02BF5449 
 925      1D75E2C8 
 925      0D245582 
 925      0104
 926 0244 7D9E15CF 		.ascii	"}\236\025\317|\313z\331\365Ga\261\2267\305S\274G\216"
 926      7CCB7AD9 
 926      F54761B1 
 926      9637C553 
 926      BC478E
 927 0257 C2E51DEC 		.ascii	"\302\345\035\354\034\371\344\360\227H-\344\302\317t"
 927      1CF9E4F0 
 927      97482DE4 
 927      C2CF74
 928 0266 215B553A 		.ascii	"![U:-\332\377\273&f\300wH!2\032\000\026\031\322e4\230"
 928      2DDAFFBB 
 928      2666C077 
 928      4821321A 
 928      001619D2 
 929 027d D2964D75 		.ascii	"\322\226Mu\344P\027\233BA\014G\322\304\0046\312\270"
 929      E450179B 
 929      42410C47 
 929      D2C40436 
 929      CAB8
 930 028f 8B44AD16 		.ascii	"\213D\255\026VS)\252\370\032\263\375%F\227/\277E\202"
 930      565329AA 
 930      F81AB3FD 
 930      2546972F 
 930      BF4582
 931 02a2 094015C1 		.ascii	"\011@\025\301 \037\315\334?D!9\276\331\223'\027\371"
 931      201FCDDC 
 931      3F442139 
 931      BED99327 
 931      17F9
 932 02b4 E90CBFB6 		.ascii	"\351\014\277\266\310\377\356\277\314\003\341\325\035"
 932      C8FFEEBF 
 932      CC03E1D5 
 932      1D
 933 02c1 54D530B7 		.ascii	"T\3250\267W\343\256S\215?K\376\272\342$+v\305\321q\337"
 933      57E3AE53 
 933      8D3F4BFE 
 933      BAE2242B 
 933      76C5D171 
 934 02d6 DBD21C24 		.ascii	"\333\322\034$\263YsPK\262\036 \311\324\221\377nWB\017"
 934      B3597350 
 934      4BB21E20 
 934      C9D491FF 
ARM GAS  C:\Users\patri\AppData\Local\Temp\ccMW850y.s 			page 30


 934      6E57420F 
 935 02ea 5072157B 		.ascii	"Pr\025{\267\224\020\231\216\022\223\\^\011\0244\177"
 935      B7941099 
 935      8E12935C 
 935      5E091434 
 935      7F
 936 02fb DB5CA975 		.ascii	"\333\\\251u\320\3354\177\366jqA4\222\012\220\344o:\350"
 936      D0DD347F 
 936      F66A7141 
 936      34920A90 
 936      E46F3AE8 
 937 030f 64C56319 		.ascii	"d\305c\031\320\210\351)>\233\347\222\251\227\242\024"
 937      D088E929 
 937      3E9BE792 
 937      A997A214 
 938 031f E0262F01 		.ascii	"\340&/\001Z\333\007\375\232\032t\003;8\223\322\303\007"
 938      5ADB07FD 
 938      9A1A7403 
 938      3B3893D2 
 938      C307
 939 0331 7FC41FD4 		.ascii	"\177\304\037\324\254;\203\277s\360't\3761f\310wi\375"
 939      AC3B83BF 
 939      73F02774 
 939      FE3166C8 
 939      7769FD
 940 0344 744417CE 		.ascii	"tD\027\316\323\370\2166En\345\370\336\032\000\033\237"
 940      D3F88E36 
 940      456EE5F8 
 940      DE1A001B 
 940      9F
 941 0355 1AC013D1 		.ascii	"\032\300\023\321g\272\242\257\307_\211\277\230\311\366"
 941      67BAA2AF 
 941      C75F89BF 
 941      98C9F6
 942 0364 C4135DFD 		.ascii	"\304\023]\375\211\324\276t\262;\326\373R6\335\233\352"
 942      89D4BE74 
 942      B23BD6FB 
 942      5236DD9B 
 942      EA
 943 0375 EA8BC752 		.ascii	"\352\213\307R\211\330\201L\012:\333\332\302\374\213"
 943      89D8814C 
 943      0A3ADBDA 
 943      C2FC8B
 944 0384 296C22FD 		.ascii	")l\"\375T$\022\011'\322\341X\242\257/q \234\316t\247"
 944      54241209 
 944      27D2E158 
 944      A2AF2F71 
 944      209CCE74 
 945 0399 32D964F8 		.ascii	"2\331d\370\371\275{\242{\336T\273\311\370\376\336T:"
 945      F9BD7BA2 
 945      7BDE54BB 
 945      C9F8FEDE 
 945      543A
 946 03ab FC42341A 		.ascii	"\374B4\032\216\2452\221\266\030P\252;\031t\354\266\335"
 946      8EA53291 
 946      B61850AA 
 946      3B1974EC 
ARM GAS  C:\Users\patri\AppData\Local\Temp\ccMW850y.s 			page 31


 946      B6DD
 947 03bd DDEDED4F 		.ascii	"\335\355\355O\357\356y\0250)2\311\377\001\223\245\314"
 947      EFEE7915 
 947      302932C9 
 947      FF0193A5 
 947      CC
 948 03ce 16       		.ascii	"\026"
 949              		.text
 950              		.section	.gnu.lto_.symbol_nodes.aae04b6f,"e",%progbits
 951 0000 789C6DCA 		.ascii	"x\234m\312\3336Ba\024\206\341\371\312R\262K\331G%\224"
 951      DB364261 
 951      1486E1F9 
 951      CA52B24B 
 951      D9472594 
 952 0014 7215DCD8 		.ascii	"r\025\334\330\277\320\"\273Z\221}\366\342\314\0058v"
 952      BFD022BB 
 952      5A917DF6 
 952      E2CC0538 
 952      76
 953 0025 EC56BA05 		.ascii	"\354V\272\005\326wb\014\243y\362\214\361\2753\300\314"
 953      D677620C 
 953      A379F28C 
 953      F1BD33C0 
 953      CC
 954 0036 06767143 		.ascii	"\006vqC\376\357\015\022~\2339\263O\177[\241\206\213"
 954      FEEF0D12 
 954      7E9B39B3 
 954      4F7F5BA1 
 954      868B
 955 0048 F70D012E 		.ascii	"\367\015\001.\3217\354\341\206\277zu\357o\337\214\346"
 955      D137ECE1 
 955      86BF7A75 
 955      EF6FDF8C 
 955      E6
 956 0059 7D5CF2A3 		.ascii	"}\\\362\243\031\304\377\275{;\214\370[f1\257\316h!\032"
 956      19C4FFBD 
 956      7B3B8CF8 
 956      5B6631AF 
 956      CE68211A 
 957 006d 0E189387 		.ascii	"\016\030\223\207\214\313#&\3441)y\302\244l\220\226M"
 957      8CCB2326 
 957      E4312979 
 957      C2A46C90 
 957      964D
 958 007f 3232644A 		.ascii	"22dJ\266\230\226\247\314\3103fe\2339y\316\274\274`A"
 958      B69896A7 
 958      CCC83366 
 958      659B3979 
 958      CEBCBC60 
 959 0094 5E929557 		.ascii	"^\222\225W,\312k\226\344\0159yK^v(\310;\226\345=E\371"
 959      2CCA6B96 
 959      E40D3979 
 959      4B5E7628 
 959      C83B96E5 
 960 00ab C08A7C64 		.ascii	"\300\212|dU>\261&\237)\311\027\312\362\225u\331\245"
 960      553EB126 
 960      9F29C917 
ARM GAS  C:\Users\patri\AppData\Local\Temp\ccMW850y.s 			page 32


 960      CAF29575 
 960      D9A5
 961 00bd 22DFA8CA 		.ascii	"\"\337\250\312w6\"\355\007\361\332> "
 961      773622ED 
 961      07F1DA3E 
 961      20
 962              		.text
 963              		.section	.gnu.lto_.refs.aae04b6f,"e",%progbits
 964 0000 789C05C1 		.ascii	"x\234\005\301i\032B`\030\000\300\367\231|h\221\222h"
 964      691A4260 
 964      1800C0F7 
 964      997C6891 
 964      9268
 965 0012 A7C52F67 		.ascii	"\247\305/gq\377\3534\263D\204LZ\2054\307\230\344\012"
 965      71FFEB34 
 965      B344844C 
 965      5A8534C7 
 965      98E40A
 966 0025 A5B58DAD 		.ascii	"\245\265\215\255\235\312^\355\340\250q\322:\353\364"
 966      9DCA5EED 
 966      E0A871D2 
 966      3AEBF4
 967 0034 2EAE6EEE 		.ascii	".\256n\356\036\236^\006\243\267\217\257\237)\376\200"
 967      1E9E5E06 
 967      A3B78FAF 
 967      9F29FE80 
 968 0044 6803A5   		.ascii	"h\003\245"
 969              		.text
 970              		.section	.gnu.lto_.decls.aae04b6f,"e",%progbits
 971 0000 789CA596 		.ascii	"x\234\245\226\177L\033\347\031\307\337\367|8/\306\005"
 971      7F4C1BE7 
 971      19C7DFF7 
 971      7C382FC6 
 971      05
 972 0011 D3661BAB 		.ascii	"\323f\033\253\262*\252\252\015%-\314\374\324\246I\313"
 972      B22AAAAA 
 972      0D252DCC 
 972      FCD4A649 
 972      CB
 973 0022 C4A44A63 		.ascii	"\304\244Jc\355\264M\373/\222\345:\216\212\002\230\031"
 973      EDB44DFB 
 973      2F92E53A 
 973      8E8A0298 
 973      19
 974 0033 B366FBEB 		.ascii	"\263f\373\353\305&p\020\312l\232E\036\020\3449\031\011"
 974      C5267010 
 974      CA6C9A45 
 974      1E10E439 
 974      1909
 975 0045 2D23A659 		.ascii	"-#\246Y\027\303\0028\301IL\032(\2044\2415\02074+\244"
 975      17C30238 
 975      C1494C1A 
 975      288434A1 
 975      35103734 
 976 005b 21039A10 		.ascii	"!\003\232\020F\010\354y\317\227\267\034\354\277Y|\315"
 976      4608EC79 
 976      CF97B71C 
ARM GAS  C:\Users\patri\AppData\Local\Temp\ccMW850y.s 			page 33


 976      ECBF597C 
 976      CD
 977 006c DD3D9FEF 		.ascii	"\335=\237\357\373~\337\347\275;\320\353\020\252\321"
 977      FB7EDFE7 
 977      BD3BD0EB 
 977      10AAD1
 978 007b 20348211 		.ascii	" 4\202\021Z\207\3176\204\320\030\350eP?h\030\324\007"
 978      5A87CF36 
 978      84D018E8 
 978      65503F68 
 978      18D407
 979 008e 1A027D04 		.ascii	"\032\002}\004\352\005\215\203\242\240)\3204\350\016"
 979      EA058D83 
 979      A2A029D0 
 979      34E80E
 980 009d E83E681E 		.ascii	"\350>h\036\264\010z\000Z\002-\203V@\253\2405\020\202"
 980      B4087A00 
 980      5A022D83 
 980      5640ABA0 
 980      351082
 981 00b0 39049008 		.ascii	"9\004\220\010\322\202\010H\007\322\203\222A\006\320"
 981      D2820848 
 981      07D28392 
 981      4106D0
 982 00bf B3A0EDA0 		.ascii	"\263\240\355\240o\202\322@\317\203v\200^\000\355\004"
 982      6F82D240 
 982      CF837680 
 982      5E00ED04 
 983 00cf BD087A09 		.ascii	"\275\010z\011\364]P:h\027\350eP\006h\022\364=%o\206"
 983      F45D503A 
 983      6817E865 
 983      50066812 
 983      F43D256F 
 984 00e4 727D97C2 		.ascii	"r}\227\302\261\374W@\227A\203\240\010\212\217\361\222"
 984      B1FC5740 
 984      974183A0 
 984      088A8FF1 
 984      92
 985 00f5 32E64E65 		.ascii	"2\346Ne\216\035\312\234iJ\206\355J&\203\222Q\257d&\312"
 985      8E1DCA9C 
 985      694A86ED 
 985      4A268392 
 985      51AF6426 
 986 010a 1A44654D 		.ascii	"\032DeMlmk\312ZW\224\265/)\275XTz3\007\352\3022*\367"
 986      6C6D6BCA 
 986      5A5794B5 
 986      2F29BD58 
 986      547A3307 
 987 0123 F0AC72CC 		.ascii	"\360\254r\314z\331\253\034\263\236^V\216Yo?d\363*=~"
 987      7AD9AB1C 
 987      B39E5E56 
 987      8E596F3F 
 987      64F32A3D 
 988 0138 BA176C8D 		.ascii	"\272\027l\215\2318\336\363\271\015{\363t}\275\033\326"
 988      9938DEF3 
 988      B90D7BF3 
 988      747DBD1B 
ARM GAS  C:\Users\patri\AppData\Local\Temp\ccMW850y.s 			page 34


 988      D6
 989 0149 A87D0E8B 		.ascii	"\250}\016\213\332o\340\235\332t\314\2667\005~#\"\240"
 989      DA6FE09D 
 989      DA74CCB6 
 989      37057E23 
 989      22A0
 990 015b 5C2A7F2E 		.ascii	"\\*\177.\274\201\376\311fB\250PO\366\"Q\350\374\362"
 990      BC81FEC9 
 990      6642A850 
 990      4FF62251 
 990      E8FCF2
 991 016e 764C9712 		.ascii	"vL\227\022\242t\236\206\252\022Q\020C\306^\234~\016"
 991      A2749E86 
 991      AA125110 
 991      43C65E9C 
 991      7E0E
 992 0180 F7E06E2C 		.ascii	"\367\340n,\012m\013\303\355\272T\271\354\273 \366a\271"
 992      0A6D0BC3 
 992      EDBA54B9 
 992      ECBB20F6 
 992      61B9
 993 0192 8EFA591F 		.ascii	"\216\372Y\037\204\271>\347\204\300k\375J-\204\345\014"
 993      84B93EE7 
 993      84C06BFD 
 993      4A2D84E5 
 993      0C
 994 01a3 84581129 		.ascii	"\204X\021)C\344\017\354\304\000\201(&\265\030\211\272"
 994      43E40FEC 
 994      C4008128 
 994      26B51889 
 994      BA
 995 01b4 C767FF32 		.ascii	"\307g\3772\227\262\013>i\340\\\236\274\262~\373\205"
 995      97B20B3E 
 995      69E05C9E 
 995      BCB27EFB 
 995      85
 996 01c5 9E20A5B5 		.ascii	"\236 \245\265i\375x\000_U\0061\"H\202\000\010<\201Z"
 996      69FD7800 
 996      5F550631 
 996      22488200 
 996      083C815A 
 997 01d9 A2BE1F5F 		.ascii	"\242\276\037_\346\265\363\230\027W\225\342\005U1[\256"
 997      E6B5F398 
 997      175795E2 
 997      0555315B 
 997      AE
 998 01ea AD28B5F0 		.ascii	"\255(\265\360\306A\263\021\364\240\212\322\220\210."
 998      C641B311 
 998      F4A08AD2 
 998      90882E
 999 01f9 E18B70ED 		.ascii	"\341\213p\355*>\207?\304\021|\005\017\262\266\020*\300"
 999      2A3E873F 
 999      C4117C05 
 999      0FB2B610 
 999      2AC0
 1000 020b C2662E35 		.ascii	"\302f.5\314k\323\030\031\342\344\020\336\204\212BO\244"
 1000      CC6BD318 
ARM GAS  C:\Users\patri\AppData\Local\Temp\ccMW850y.s 			page 35


 1000      19E2E410 
 1000      DE848A42 
 1000      4FA4
 1001 021d AE0BF3F5 		.ascii	"\256\013\363\365\017+\263|$\367\346b\377\312\255g\344"
 1001      0F2BB37C 
 1001      24F7E662 
 1001      FFCAAD67 
 1001      E4
 1002 022e 5A684BDF 		.ascii	"ZhK\337>\031>\331-,`\030_\242\241\3120q\373gh\200\322"
 1002      3E193ED9 
 1002      2D2C6018 
 1002      5FA2A1CA 
 1002      3071FB67 
 1003 0245 327A69C6 		.ascii	"2zi\306\333T=#\245z\234P\013H\364y/\\nj\212\271\005"
 1003      DB543D23 
 1003      A57A9C50 
 1003      0B48F479 
 1003      2F5C6E6A 
 1004 025c 9F86A5A6 		.ascii	"\237\206\245\246\324\245\247\177\207_\3167\251\253\232"
 1004      D4A5A77F 
 1004      875FCE37 
 1004      A9AB9A
 1005 026b 9DD7A7F9 		.ascii	"\235\327\247\371\\\361\215\035\3014TM\003!\255\177\200"
 1005      5CF18D1D 
 1005      C134544D 
 1005      0321AD7F 
 1005      80
 1006 027c 567BE9CF 		.ascii	"V{\351\317\233\232f\"l\012\332\030k\251I\361\271&$\337"
 1006      9B9A6622 
 1006      6C0ADA18 
 1006      6BA949F1 
 1006      B92624DF 
 1007 0290 00FDB60F 		.ascii	"\000\375\266\017F\361\302\262<\270\022,\225!\352\011"
 1007      46F1C2B2 
 1007      3CB8122C 
 1007      9521EA09 
 1008 02a0 61B7AFE5 		.ascii	"a\267\257\345\355\206\252p\350g\225\316*\211:\303\222"
 1008      ED86AA70 
 1008      E86795CE 
 1008      2A893AC3 
 1008      92
 1009 02b1 C10D5FD4 		.ascii	"\301\015_\324O\203\251\036\340\335'B\324@}a\251\322"
 1009      4F83A91E 
 1009      E0DD2742 
 1009      D4407D61 
 1009      A9D2
 1010 02c3 1F96B0C7 		.ascii	"\037\226\260\307_%y\374a\212\033\201\331\351\201T\225"
 1010      5F2579FC 
 1010      618A1B81 
 1010      D9E98154 
 1010      95
 1011 02d4 FE3D9ED8 		.ascii	"\376=\236\330!\230(LS\231\333\343\377i\245/\314\232"
 1011      2198284C 
 1011      5399DBE3 
 1011      FF69A52F 
 1011      CC9A
 1012 02e6 27E14A1F 		.ascii	"'\341J\037\225\334NZ\233\352\366K\222\033\374\251\340"
ARM GAS  C:\Users\patri\AppData\Local\Temp\ccMW850y.s 			page 36


 1012      95DC4E5A 
 1012      9BEAF64B 
 1012      921BFCA9 
 1012      E0
 1013 02f7 0F7A9C21 		.ascii	"\017z\234!\012\007!\311\363\"\314B\265\362\355\010\006"
 1013      0A0721C9 
 1013      F322CC42 
 1013      B5F2ED08 
 1013      06
 1014 0308 01BEF688 		.ascii	"\001\276\366\210\002\035\274\362\243E\026=\360\327\301"
 1014      021DBCF2 
 1014      A345163D 
 1014      F0D7C1
 1015 0317 449CECDE 		.ascii	"D\234\354\336\203\260\321@:\004D\316\262\315\011\264"
 1015      83B0D140 
 1015      3A0444CE 
 1015      B2CD09B4 
 1016 0327 AC8E9244 		.ascii	"\254\216\222D\204\256\307\3573\001n-\203(\264/O\014"
 1016      84AEC7EF 
 1016      33016E2D 
 1016      8328B42F 
 1016      4F0C
 1017 0339 687680E9 		.ascii	"hv\200\351\036\245\333\357\242\233\370\006\224\3071"
 1017      1EA5DBEF 
 1017      A29BF806 
 1017      94C731
 1018 0348 5A9077CA 		.ascii	"Z\220w\312\027\2747\244M\367\272\351\374\261\213\277"
 1018      17BC37A4 
 1018      4DF7BAE9 
 1018      FCB18BBF 
 1019 0358 3DE58669 		.ascii	"=\345\206i\306\361\030l'B\037c4\206\3215<\212\013\377"
 1019      C6F1186C 
 1019      27421F63 
 1019      3486D135 
 1019      3C8A0BFF 
 1020 036c 9840CE6D 		.ascii	"\230@\316m\236@\024\026\203\221':f\015D\016\325P\203"
 1020      9E401416 
 1020      8391273A 
 1020      660D440E 
 1020      D55083
 1021 037f 13FA268E 		.ascii	"\023\372&\216\343Oes\024\243O\025sm\002\031\334j\036"
 1021      E34F6573 
 1021      14A34F15 
 1021      736D0219 
 1021      DC6A1E
 1022 0392 8B4AFF91 		.ascii	"\213J\377\221\347\015Lm0O\312\346)\314^_\262\331\225"
 1022      E70D4C6D 
 1022      304FCAE6 
 1022      29CC5E5F 
 1022      B2D995
 1023 03a5 403E86E5 		.ascii	"@>\206\345}\316\006\230\235\271\036M\201\001>\223\007"
 1023      7DCE0698 
 1023      9DB91E4D 
 1023      81013E93 
 1023      07
 1024 03b6 98AE1D3D 		.ascii	"\230\256\035=\227\030\037\3566<\215]\003\267\206\022"
 1024      97181FEE 
ARM GAS  C:\Users\patri\AppData\Local\Temp\ccMW850y.s 			page 37


 1024      363C8D5D 
 1024      03B78612 
 1025 03c6 D28330DE 		.ascii	"\322\2030\336\343\015\343\305\344\361\2461\212)\343"
 1025      E30DE3C5 
 1025      E4F1A631 
 1025      8A29E3
 1026 03d5 3D16C91C 		.ascii	"=\026\311\034\033k\362Qu-d\367\322\300D\015\303\251"
 1026      1B6BF251 
 1026      752D64F7 
 1026      D2C0440D 
 1026      C3A9
 1027 03e7 8CDF9171 		.ascii	"\214\337\221qx\301(\364\240H\326\004\326J\212\331cJ"
 1027      78C128F4 
 1027      A048D604 
 1027      D64A8AD9 
 1027      634A
 1028 03f9 E0689B28 		.ascii	"\340h\233(4\335\242\236\244\024\252\274\027\236\213"
 1028      34DDA29E 
 1028      A414AABC 
 1028      179E8B
 1029 0408 DFBF5F62 		.ascii	"\337\277_bd\274\0139\334O\"\263B\232\372Q\372\037\017"
 1029      64BC0B39 
 1029      DC4F22B3 
 1029      429AFA51 
 1029      FA1F0F
 1030 041b C8C0E8C3 		.ascii	"\310\300\350\303\003\337\212S>\341\036\236\3053p}\016"
 1030      03DF8A53 
 1030      3EE11E9E 
 1030      C533707D 
 1030      0E
 1031 042c B3615867 		.ascii	"\263aXg\357V\346\360\352\260\272\272\373\010\354\325"
 1031      EF56E6F0 
 1031      EAB0BABA 
 1031      FB08ECD5 
 1032 043c E0C02FDC 		.ascii	"\340\300/\334\370>\376\002\206\215\027\277\300\370\003"
 1032      F83EFE02 
 1032      868D17BF 
 1032      C0F803
 1033 044b 5CD82B12 		.ascii	"\\\330+\022I\003\376\367\353\007\316hv\217C\302\267"
 1033      4903FEF7 
 1033      EB07CE68 
 1033      768F43C2 
 1033      B7
 1034 045c 8FD73550 		.ascii	"\217\3275P\354\306}x\036\330x\324y\214\012#\23043\362"
 1034      ECC67D78 
 1034      1ED878D4 
 1034      798C0A23 
 1034      983433F2 
 1035 0470 D0E143AB 		.ascii	"\320\341C\253zF\216\014\005)\274\344\372\360\"\347\026"
 1035      7A468E0C 
 1035      0529BCE4 
 1035      FAF022E7 
 1035      16
 1036 0481 811BC3A4 		.ascii	"\201\033\303\244\235q\357}\326qc\233\314\335S\270\007"
 1036      9D71EF7D 
 1036      D671639B 
 1036      CCDD53B8 
ARM GAS  C:\Users\patri\AppData\Local\Temp\ccMW850y.s 			page 38


 1036      07
 1037 0492 9C7B00DC 		.ascii	"\234{\000\334\024&A\306\335m85\035\347\352]5!\003<\336"
 1037      142641C6 
 1037      DD6D3835 
 1037      1DE7EA5D 
 1037      3521033C 
 1038 04a7 4B9C5B02 		.ascii	"K\234[\002n\026\223\010\343\326\227\336\251I\222\023"
 1038      6E169308 
 1038      E3D697DE 
 1038      A9499213 
 1039 04b7 7A79C265 		.ascii	"zy\302eN.\003\371\000\223(#\333\026\273F\264\252\204"
 1039      4E2E03F9 
 1039      00932823 
 1039      DB16BB46 
 1039      B4AA84
 1040 04ca 2B9C5B01 		.ascii	"+\234[\001n\035\223Y\306\235Y\034%\252\200\253\034["
 1040      6E1D9359 
 1040      C69D591C 
 1040      25AA80AB 
 1040      1C5B
 1041 04dc 05AC4E20 		.ascii	"\005\254N \313\014\013w\324_R\007\\\343\334\032p\177"
 1041      CB0C0B77 
 1041      D45F5207 
 1041      5CE3DC1A 
 1041      707F
 1042 04ee 12882402 		.ascii	"\022\210$\002w\347\330\370d\262\034\260\231\007\244"
 1042      77E7D8F8 
 1042      64B21CB0 
 1042      9907A4
 1043 04fd C253121E 		.ascii	"\302S\022\036\310B\237@\232\031y\372ht\204\250\002:"
 1043      C8429F40 
 1043      9A1979FA 
 1043      687484A8 
 1043      023A
 1044 050f 39E704EE 		.ascii	"9\347\004\356=\201\2643.\332\357\212\252\023Vq\256\012"
 1044      3D81B433 
 1044      2EDAEF8A 
 1044      AA135671 
 1044      AE0A
 1045 0521 B87F0824 		.ascii	"\270\177\010$\310\270\356\343'\273\023U\011\2539W\015"
 1045      C8B8EEE3 
 1045      27BB1355 
 1045      09AB3957 
 1045      0D
 1046 0532 DC798144 		.ascii	"\334y\201D\030\327\025{\377\363\0249a+O(qR\002\362\252"
 1046      18D7157B 
 1046      FFF31439 
 1046      612B4F28 
 1046      715202F2 
 1047 0547 40A28C5C 		.ascii	"@\242\214\\\217=\276.\252\022\326q\256\016\270\233\002"
 1047      8F3DBE2E 
 1047      AA12D671 
 1047      AE0EB89B 
 1047      02
 1048 0558 9965DCD1 		.ascii	"\231e\334\321\303K\337Q\005\254\347X=`\267\241\205\014"
 1048      C34BDF51 
 1048      05ACE758 
ARM GAS  C:\Users\patri\AppData\Local\Temp\ccMW850y.s 			page 39


 1048      3D60B7A1 
 1048      850C
 1049 056a 7BA7E683 		.ascii	"{\247\346\203\033\311\252\200\015\234k\000n\016Z\230"
 1049      1BC9AA80 
 1049      0D9C6B00 
 1049      6E0E5A98 
 1050 057a 00DCE827 		.ascii	"\000\334\350'\347\377-O;\337\316\003\2729\351\006r\031"
 1050      E7FF2D4F 
 1050      3BDFCE03 
 1050      BA39E906 
 1050      7219
 1051 058c 5AC84867 		.ascii	"Z\310Hg{\177c\222*`#\347\032\201siH;\343\276\032\355"
 1051      7B7F6392 
 1051      2A6023E7 
 1051      1A817369 
 1051      483BE3BE 
 1052 05a2 5B105409 		.ascii	"[\020T\011\217p\356\010p\015\032\022d\\\253\263\373"
 1052      8F70EE08 
 1052      700D1A12 
 1052      645CABB3 
 1052      FB
 1053 05b3 0851253C 		.ascii	"\010Q%<\312\271\243\300\375YC\"\214;y\354LO\202\234"
 1053      CAB9A3C0 
 1053      FD594322 
 1053      8C3B79EC 
 1053      4C4F829C 
 1054 05c7 B08327F4 		.ascii	"\260\203'\364r\322\013\344\011\015\2112\262{\315uM\243"
 1054      72D20BE4 
 1054      090D8932 
 1054      B27BCD75 
 1054      4DA3
 1055 05d9 4AD8C4B9 		.ascii	"J\330\304\271&\340Nk\310,\343\226\372G\177\251\012\330"
 1055      26E04E6B 
 1055      C82CE396 
 1055      FA477FA9 
 1055      0AD8
 1056 05eb C2B116C0 		.ascii	"\302\261\026\300z4d\231a\261\225\343_\351T\001[9\327"
 1056      7A346499 
 1056      61B195E3 
 1056      5FE95401 
 1056      5B39D7
 1057 05fe 0ADC450D 		.ascii	"\012\334E\015\221\264\254\205\017\333\316\306\357\302"
 1057      91B4AC85 
 1057      0FDBCEC6 
 1057      EFC2
 1058 060c D33CA08F 		.ascii	"\323<\240\217\223> G4\244\231\221\336\326\320#A\025"
 1058      933E2047 
 1058      34A49991 
 1058      DED6D023 
 1058      4115
 1059 061e D0CF393F 		.ascii	"\320\3179?pQh!\343\036\305\216O\253\357\302\023\234"
 1059      70516821 
 1059      E31EC58E 
 1059      4FABEFC2 
 1059      139C
 1060 0630 3B01DCBF 		.ascii	";\001\334\277\240\205\214\233\360\365]\326\252\022\266"
 1060      A0858C9B 
ARM GAS  C:\Users\patri\AppData\Local\Temp\ccMW850y.s 			page 40


 1060      F0F55DD6 
 1060      AA12B6
 1061 063f 71AE0DB8 		.ascii	"q\256\015\270\005h!\343\356K\177;\034\337\344\036\236"
 1061      056821E3 
 1061      EE4B7F3B 
 1061      1CDFE41E 
 1061      9E
 1062 0650 F014274F 		.ascii	"\360\024'O\001\271\012-d\244\353F{\247z\223\337\345"
 1062      01B90A2D 
 1062      64A4EB46 
 1062      7BA77A93 
 1062      DFE5
 1063 0662 DCBBC0D5 		.ascii	"\334\273\300\325\210d\226q\221k\003\261\004U\302\016"
 1063      88649671 
 1063      916B03B1 
 1063      0455C20E 
 1064 0672 CEC19FBA 		.ascii	"\316\301\237\272\302F\221,3n\274\271s=I\225\260\223"
 1064      C246912C 
 1064      336EBCB9 
 1064      733D4995 
 1064      B093
 1065 0684 739DC01D 		.ascii	"s\235\300\035\023E\341\346\303\345)\015\377?\344\276"
 1065      1345E1E6 
 1065      C3E5290D 
 1065      FF3FE4BE 
 1066 0694 520D08F0 		.ascii	"R\015\010\360\016\376qFF&\374X\336,z\243\310V\236e4"
 1066      0EFE7146 
 1066      4626FC58 
 1066      DE2C7AA3 
 1066      C8569E65 
 1067 06a9 1A336DE5 		.ascii	"\0323m\345\231\026[I\211\2554\263\334a\266;*\3122\177"
 1067      99165B49 
 1067      89AD34B3 
 1067      DC61B63B 
 1067      2ACA327F 
 1068 06bd F2ABD70A 		.ascii	"\362\253\327\012^;\310\256\226\025\025[\355\345\231"
 1068      5E3BC8AE 
 1068      9615155B 
 1068      EDE599
 1069 06cc AF161464 		.ascii	"\257\026\024dZ\354\016c\206\205\274\372\372ov\026\030"
 1069      5AEC0E63 
 1069      8685BCFA 
 1069      FA6F7616 
 1069      18
 1070 06dd F391217E 		.ascii	"\363\221!~\236\221c\316\313\373A\316\276\375\210T\024"
 1070      9E9163CE 
 1070      CBFB41CE 
 1070      BEFD8854 
 1070      14
 1071 06ee 953AB2B3 		.ascii	"\225:\262\263L\016\235\245\330j\266\233\314v\2539\261"
 1071      4C0E9DA5 
 1071      D86AB69B 
 1071      CC76AB39 
 1071      B1
 1072 06ff A8B4C821 		.ascii	"\250\264\310!\037%\313G\016\353\301\370\251\276\324"
 1072      1F25CB47 
 1072      0EEBC1F8 
ARM GAS  C:\Users\patri\AppData\Local\Temp\ccMW850y.s 			page 41


 1072      A9BED4
 1073 070e 66E2B5F4 		.ascii	"f\342\265\364\202\037\356-`\201~\355\250\330Wd\333\373"
 1073      821FEE2D 
 1073      60817EED 
 1073      A8D85764 
 1073      DBFB
 1074 0720 96CD7EA0 		.ascii	"\226\315~\240\274\314l\261\232*\312\255\366\275%E\026"
 1074      BCCC6CB1 
 1074      9A2ACAAD 
 1074      F6BD2545 
 1074      16
 1075 0731 BBCD52EA 		.ascii	"\273\315R\352\260\243=\377gx\224b7\227|=\257\311\241"
 1075      B0A33DFF 
 1075      67789462 
 1075      37977C3D 
 1075      AFC9A1
 1076 0744 31E621BD 		.ascii	"1\346!\275\331^\362\273|\353+%\273\367\227!\235\305"
 1076      D95EF2BB 
 1076      7CEB2B25 
 1076      BBF79721 
 1076      9DC5
 1077 0756 668790AF 		.ascii	"f\207\220\257\224\344 \235\311d)\253\220i\361-\253\371"
 1077      94E4209D 
 1077      C96429AB 
 1077      9069F12D 
 1077      ABF9
 1078 0768 80DE6482 		.ascii	"\200\336d\202e\025\377^\276\222d2\025\233\035V\3718"
 1078      6515FF5E 
 1078      BE926432 
 1078      159B1D56 
 1078      F938
 1079 077a D964DA67 		.ascii	"\331d\332g\335o\256(v\230\254\007\213\034\244\324f\267"
 1079      DD6FAE28 
 1079      7698AC07 
 1079      8B1CA4D4 
 1079      66B7
 1080 078c 3A2AECA5 		.ascii	":*\354\245\006S|*6'\233\256<\221\037=kbW\277o\372\272"
 1080      06537C2A 
 1080      36279BAE 
 1080      3C911F3D 
 1080      6B6257BF 
 1081 07a3 29A66736 		.ascii	")\246g6^2%+g\361V\232R\224\323R[\274\034\367\033\267"
 1081      5E32252B 
 1081      67F1569A 
 1081      5294D352 
 1081      5BBC1CF7 
 1082 07b9 FA8D2ABF 		.ascii	"\372\215*\277Q\3557n\362gm\365g\251\374Yj\177\326&\177"
 1082      51ED376E 
 1082      F2676DF5 
 1082      67A9FC59 
 1082      6A7FD626 
 1083 07ce F656     		.ascii	"\366V"
 1084 07d0 7FB6CA9F 		.ascii	"\177\266\312\237\255\366go\362\347l\365\347\250\374"
 1084      ADF6676F 
 1084      F2E76CF5 
 1084      E7A8FC
 1085 07df 396A7FCE 		.ascii	"9j\177\316&\177\356V\177\256\312\237\253\366\347n\362"
ARM GAS  C:\Users\patri\AppData\Local\Temp\ccMW850y.s 			page 42


 1085      267FEE56 
 1085      7FAECA9F 
 1085      ABF6E76E 
 1085      F2
 1086 07f0 E76DF5E7 		.ascii	"\347m\365\347\251\374yj\177\336&\177\376V\177\276\312"
 1086      A9FC796A 
 1086      7FDE267F 
 1086      FE567FBE 
 1086      CA
 1087 0801 9FAFF6E7 		.ascii	"\237\257\366\347s\377\177\001+\221E\003"
 1087      73FF7F01 
 1087      2B914503 
 1088              		.text
 1089              		.section	.gnu.lto_.symtab.aae04b6f,"e",%progbits
 1090 0000 5F5F6370 		.ascii	"__cpu_init\000"
 1090      755F696E 
 1090      697400
 1091 000b 00       		.ascii	"\000"
 1092 000c 01       		.ascii	"\001"
 1093 000d 00       		.ascii	"\000"
 1094 000e 00000000 		.ascii	"\000\000\000\000\000\000\000\000"
 1094      00000000 
 1095 0016 D8000000 		.ascii	"\330\000\000\000"
 1096 001a 5F5F6561 		.ascii	"__early_init\000"
 1096      726C795F 
 1096      696E6974 
 1096      00
 1097 0027 00       		.ascii	"\000"
 1098 0028 01       		.ascii	"\001"
 1099 0029 00       		.ascii	"\000"
 1100 002a 00000000 		.ascii	"\000\000\000\000\000\000\000\000"
 1100      00000000 
 1101 0032 DB000000 		.ascii	"\333\000\000\000"
 1102 0036 5F5F6C61 		.ascii	"__late_init\000"
 1102      74655F69 
 1102      6E697400 
 1103 0042 00       		.ascii	"\000"
 1104 0043 01       		.ascii	"\001"
 1105 0044 00       		.ascii	"\000"
 1106 0045 00000000 		.ascii	"\000\000\000\000\000\000\000\000"
 1106      00000000 
 1107 004d DE000000 		.ascii	"\336\000\000\000"
 1108 0051 5F5F6465 		.ascii	"__default_exit\000"
 1108      6661756C 
 1108      745F6578 
 1108      697400
 1109 0060 00       		.ascii	"\000"
 1110 0061 01       		.ascii	"\001"
 1111 0062 00       		.ascii	"\000"
 1112 0063 00000000 		.ascii	"\000\000\000\000\000\000\000\000"
 1112      00000000 
 1113 006b E3000000 		.ascii	"\343\000\000\000"
 1114 006f 5F5F696E 		.ascii	"__init_ram_areas\000"
 1114      69745F72 
 1114      616D5F61 
 1114      72656173 
 1114      00
ARM GAS  C:\Users\patri\AppData\Local\Temp\ccMW850y.s 			page 43


 1115 0080 00       		.ascii	"\000"
 1116 0081 00       		.ascii	"\000"
 1117 0082 00       		.ascii	"\000"
 1118 0083 00000000 		.ascii	"\000\000\000\000\000\000\000\000"
 1118      00000000 
 1119 008b E5000000 		.ascii	"\345\000\000\000"
 1120 008f 5F5F7261 		.ascii	"__ram0_init_text__\000"
 1120      6D305F69 
 1120      6E69745F 
 1120      74657874 
 1120      5F5F00
 1121 00a2 00       		.ascii	"\000"
 1122 00a3 02       		.ascii	"\002"
 1123 00a4 00       		.ascii	"\000"
 1124 00a5 00000000 		.ascii	"\000\000\000\000\000\000\000\000"
 1124      00000000 
 1125 00ad F0000000 		.ascii	"\360\000\000\000"
 1126 00b1 5F5F7261 		.ascii	"__ram0_init__\000"
 1126      6D305F69 
 1126      6E69745F 
 1126      5F00
 1127 00bf 00       		.ascii	"\000"
 1128 00c0 02       		.ascii	"\002"
 1129 00c1 00       		.ascii	"\000"
 1130 00c2 00000000 		.ascii	"\000\000\000\000\000\000\000\000"
 1130      00000000 
 1131 00ca F2000000 		.ascii	"\362\000\000\000"
 1132 00ce 5F5F7261 		.ascii	"__ram0_clear__\000"
 1132      6D305F63 
 1132      6C656172 
 1132      5F5F00
 1133 00dd 00       		.ascii	"\000"
 1134 00de 02       		.ascii	"\002"
 1135 00df 00       		.ascii	"\000"
 1136 00e0 00000000 		.ascii	"\000\000\000\000\000\000\000\000"
 1136      00000000 
 1137 00e8 F4000000 		.ascii	"\364\000\000\000"
 1138 00ec 5F5F7261 		.ascii	"__ram0_noinit__\000"
 1138      6D305F6E 
 1138      6F696E69 
 1138      745F5F00 
 1139 00fc 00       		.ascii	"\000"
 1140 00fd 02       		.ascii	"\002"
 1141 00fe 00       		.ascii	"\000"
 1142 00ff 00000000 		.ascii	"\000\000\000\000\000\000\000\000"
 1142      00000000 
 1143 0107 F6000000 		.ascii	"\366\000\000\000"
 1144 010b 5F5F7261 		.ascii	"__ram1_init_text__\000"
 1144      6D315F69 
 1144      6E69745F 
 1144      74657874 
 1144      5F5F00
 1145 011e 00       		.ascii	"\000"
 1146 011f 02       		.ascii	"\002"
 1147 0120 00       		.ascii	"\000"
 1148 0121 00000000 		.ascii	"\000\000\000\000\000\000\000\000"
 1148      00000000 
ARM GAS  C:\Users\patri\AppData\Local\Temp\ccMW850y.s 			page 44


 1149 0129 F8000000 		.ascii	"\370\000\000\000"
 1150 012d 5F5F7261 		.ascii	"__ram1_init__\000"
 1150      6D315F69 
 1150      6E69745F 
 1150      5F00
 1151 013b 00       		.ascii	"\000"
 1152 013c 02       		.ascii	"\002"
 1153 013d 00       		.ascii	"\000"
 1154 013e 00000000 		.ascii	"\000\000\000\000\000\000\000\000"
 1154      00000000 
 1155 0146 FA000000 		.ascii	"\372\000\000\000"
 1156 014a 5F5F7261 		.ascii	"__ram1_clear__\000"
 1156      6D315F63 
 1156      6C656172 
 1156      5F5F00
 1157 0159 00       		.ascii	"\000"
 1158 015a 02       		.ascii	"\002"
 1159 015b 00       		.ascii	"\000"
 1160 015c 00000000 		.ascii	"\000\000\000\000\000\000\000\000"
 1160      00000000 
 1161 0164 FC000000 		.ascii	"\374\000\000\000"
 1162 0168 5F5F7261 		.ascii	"__ram1_noinit__\000"
 1162      6D315F6E 
 1162      6F696E69 
 1162      745F5F00 
 1163 0178 00       		.ascii	"\000"
 1164 0179 02       		.ascii	"\002"
 1165 017a 00       		.ascii	"\000"
 1166 017b 00000000 		.ascii	"\000\000\000\000\000\000\000\000"
 1166      00000000 
 1167 0183 FE000000 		.ascii	"\376\000\000\000"
 1168 0187 5F5F7261 		.ascii	"__ram2_init_text__\000"
 1168      6D325F69 
 1168      6E69745F 
 1168      74657874 
 1168      5F5F00
 1169 019a 00       		.ascii	"\000"
 1170 019b 02       		.ascii	"\002"
 1171 019c 00       		.ascii	"\000"
 1172 019d 00000000 		.ascii	"\000\000\000\000\000\000\000\000"
 1172      00000000 
 1173 01a5 00010000 		.ascii	"\000\001\000\000"
 1174 01a9 5F5F7261 		.ascii	"__ram2_init__\000"
 1174      6D325F69 
 1174      6E69745F 
 1174      5F00
 1175 01b7 00       		.ascii	"\000"
 1176 01b8 02       		.ascii	"\002"
 1177 01b9 00       		.ascii	"\000"
 1178 01ba 00000000 		.ascii	"\000\000\000\000\000\000\000\000"
 1178      00000000 
 1179 01c2 02010000 		.ascii	"\002\001\000\000"
 1180 01c6 5F5F7261 		.ascii	"__ram2_clear__\000"
 1180      6D325F63 
 1180      6C656172 
 1180      5F5F00
 1181 01d5 00       		.ascii	"\000"
ARM GAS  C:\Users\patri\AppData\Local\Temp\ccMW850y.s 			page 45


 1182 01d6 02       		.ascii	"\002"
 1183 01d7 00       		.ascii	"\000"
 1184 01d8 00000000 		.ascii	"\000\000\000\000\000\000\000\000"
 1184      00000000 
 1185 01e0 04010000 		.ascii	"\004\001\000\000"
 1186 01e4 5F5F7261 		.ascii	"__ram2_noinit__\000"
 1186      6D325F6E 
 1186      6F696E69 
 1186      745F5F00 
 1187 01f4 00       		.ascii	"\000"
 1188 01f5 02       		.ascii	"\002"
 1189 01f6 00       		.ascii	"\000"
 1190 01f7 00000000 		.ascii	"\000\000\000\000\000\000\000\000"
 1190      00000000 
 1191 01ff 06010000 		.ascii	"\006\001\000\000"
 1192 0203 5F5F7261 		.ascii	"__ram3_init_text__\000"
 1192      6D335F69 
 1192      6E69745F 
 1192      74657874 
 1192      5F5F00
 1193 0216 00       		.ascii	"\000"
 1194 0217 02       		.ascii	"\002"
 1195 0218 00       		.ascii	"\000"
 1196 0219 00000000 		.ascii	"\000\000\000\000\000\000\000\000"
 1196      00000000 
 1197 0221 08010000 		.ascii	"\010\001\000\000"
 1198 0225 5F5F7261 		.ascii	"__ram3_init__\000"
 1198      6D335F69 
 1198      6E69745F 
 1198      5F00
 1199 0233 00       		.ascii	"\000"
 1200 0234 02       		.ascii	"\002"
 1201 0235 00       		.ascii	"\000"
 1202 0236 00000000 		.ascii	"\000\000\000\000\000\000\000\000"
 1202      00000000 
 1203 023e 0A010000 		.ascii	"\012\001\000\000"
 1204 0242 5F5F7261 		.ascii	"__ram3_clear__\000"
 1204      6D335F63 
 1204      6C656172 
 1204      5F5F00
 1205 0251 00       		.ascii	"\000"
 1206 0252 02       		.ascii	"\002"
 1207 0253 00       		.ascii	"\000"
 1208 0254 00000000 		.ascii	"\000\000\000\000\000\000\000\000"
 1208      00000000 
 1209 025c 0C010000 		.ascii	"\014\001\000\000"
 1210 0260 5F5F7261 		.ascii	"__ram3_noinit__\000"
 1210      6D335F6E 
 1210      6F696E69 
 1210      745F5F00 
 1211 0270 00       		.ascii	"\000"
 1212 0271 02       		.ascii	"\002"
 1213 0272 00       		.ascii	"\000"
 1214 0273 00000000 		.ascii	"\000\000\000\000\000\000\000\000"
 1214      00000000 
 1215 027b 0E010000 		.ascii	"\016\001\000\000"
 1216 027f 5F5F7261 		.ascii	"__ram4_init_text__\000"
ARM GAS  C:\Users\patri\AppData\Local\Temp\ccMW850y.s 			page 46


 1216      6D345F69 
 1216      6E69745F 
 1216      74657874 
 1216      5F5F00
 1217 0292 00       		.ascii	"\000"
 1218 0293 02       		.ascii	"\002"
 1219 0294 00       		.ascii	"\000"
 1220 0295 00000000 		.ascii	"\000\000\000\000\000\000\000\000"
 1220      00000000 
 1221 029d 10010000 		.ascii	"\020\001\000\000"
 1222 02a1 5F5F7261 		.ascii	"__ram4_init__\000"
 1222      6D345F69 
 1222      6E69745F 
 1222      5F00
 1223 02af 00       		.ascii	"\000"
 1224 02b0 02       		.ascii	"\002"
 1225 02b1 00       		.ascii	"\000"
 1226 02b2 00000000 		.ascii	"\000\000\000\000\000\000\000\000"
 1226      00000000 
 1227 02ba 12010000 		.ascii	"\022\001\000\000"
 1228 02be 5F5F7261 		.ascii	"__ram4_clear__\000"
 1228      6D345F63 
 1228      6C656172 
 1228      5F5F00
 1229 02cd 00       		.ascii	"\000"
 1230 02ce 02       		.ascii	"\002"
 1231 02cf 00       		.ascii	"\000"
 1232 02d0 00000000 		.ascii	"\000\000\000\000\000\000\000\000"
 1232      00000000 
 1233 02d8 14010000 		.ascii	"\024\001\000\000"
 1234 02dc 5F5F7261 		.ascii	"__ram4_noinit__\000"
 1234      6D345F6E 
 1234      6F696E69 
 1234      745F5F00 
 1235 02ec 00       		.ascii	"\000"
 1236 02ed 02       		.ascii	"\002"
 1237 02ee 00       		.ascii	"\000"
 1238 02ef 00000000 		.ascii	"\000\000\000\000\000\000\000\000"
 1238      00000000 
 1239 02f7 16010000 		.ascii	"\026\001\000\000"
 1240 02fb 5F5F7261 		.ascii	"__ram5_init_text__\000"
 1240      6D355F69 
 1240      6E69745F 
 1240      74657874 
 1240      5F5F00
 1241 030e 00       		.ascii	"\000"
 1242 030f 02       		.ascii	"\002"
 1243 0310 00       		.ascii	"\000"
 1244 0311 00000000 		.ascii	"\000\000\000\000\000\000\000\000"
 1244      00000000 
 1245 0319 18010000 		.ascii	"\030\001\000\000"
 1246 031d 5F5F7261 		.ascii	"__ram5_init__\000"
 1246      6D355F69 
 1246      6E69745F 
 1246      5F00
 1247 032b 00       		.ascii	"\000"
 1248 032c 02       		.ascii	"\002"
ARM GAS  C:\Users\patri\AppData\Local\Temp\ccMW850y.s 			page 47


 1249 032d 00       		.ascii	"\000"
 1250 032e 00000000 		.ascii	"\000\000\000\000\000\000\000\000"
 1250      00000000 
 1251 0336 1A010000 		.ascii	"\032\001\000\000"
 1252 033a 5F5F7261 		.ascii	"__ram5_clear__\000"
 1252      6D355F63 
 1252      6C656172 
 1252      5F5F00
 1253 0349 00       		.ascii	"\000"
 1254 034a 02       		.ascii	"\002"
 1255 034b 00       		.ascii	"\000"
 1256 034c 00000000 		.ascii	"\000\000\000\000\000\000\000\000"
 1256      00000000 
 1257 0354 1C010000 		.ascii	"\034\001\000\000"
 1258 0358 5F5F7261 		.ascii	"__ram5_noinit__\000"
 1258      6D355F6E 
 1258      6F696E69 
 1258      745F5F00 
 1259 0368 00       		.ascii	"\000"
 1260 0369 02       		.ascii	"\002"
 1261 036a 00       		.ascii	"\000"
 1262 036b 00000000 		.ascii	"\000\000\000\000\000\000\000\000"
 1262      00000000 
 1263 0373 1E010000 		.ascii	"\036\001\000\000"
 1264 0377 5F5F7261 		.ascii	"__ram6_init_text__\000"
 1264      6D365F69 
 1264      6E69745F 
 1264      74657874 
 1264      5F5F00
 1265 038a 00       		.ascii	"\000"
 1266 038b 02       		.ascii	"\002"
 1267 038c 00       		.ascii	"\000"
 1268 038d 00000000 		.ascii	"\000\000\000\000\000\000\000\000"
 1268      00000000 
 1269 0395 20010000 		.ascii	" \001\000\000"
 1270 0399 5F5F7261 		.ascii	"__ram6_init__\000"
 1270      6D365F69 
 1270      6E69745F 
 1270      5F00
 1271 03a7 00       		.ascii	"\000"
 1272 03a8 02       		.ascii	"\002"
 1273 03a9 00       		.ascii	"\000"
 1274 03aa 00000000 		.ascii	"\000\000\000\000\000\000\000\000"
 1274      00000000 
 1275 03b2 22010000 		.ascii	"\"\001\000\000"
 1276 03b6 5F5F7261 		.ascii	"__ram6_clear__\000"
 1276      6D365F63 
 1276      6C656172 
 1276      5F5F00
 1277 03c5 00       		.ascii	"\000"
 1278 03c6 02       		.ascii	"\002"
 1279 03c7 00       		.ascii	"\000"
 1280 03c8 00000000 		.ascii	"\000\000\000\000\000\000\000\000"
 1280      00000000 
 1281 03d0 24010000 		.ascii	"$\001\000\000"
 1282 03d4 5F5F7261 		.ascii	"__ram6_noinit__\000"
 1282      6D365F6E 
ARM GAS  C:\Users\patri\AppData\Local\Temp\ccMW850y.s 			page 48


 1282      6F696E69 
 1282      745F5F00 
 1283 03e4 00       		.ascii	"\000"
 1284 03e5 02       		.ascii	"\002"
 1285 03e6 00       		.ascii	"\000"
 1286 03e7 00000000 		.ascii	"\000\000\000\000\000\000\000\000"
 1286      00000000 
 1287 03ef 26010000 		.ascii	"&\001\000\000"
 1288 03f3 5F5F7261 		.ascii	"__ram7_init_text__\000"
 1288      6D375F69 
 1288      6E69745F 
 1288      74657874 
 1288      5F5F00
 1289 0406 00       		.ascii	"\000"
 1290 0407 02       		.ascii	"\002"
 1291 0408 00       		.ascii	"\000"
 1292 0409 00000000 		.ascii	"\000\000\000\000\000\000\000\000"
 1292      00000000 
 1293 0411 28010000 		.ascii	"(\001\000\000"
 1294 0415 5F5F7261 		.ascii	"__ram7_init__\000"
 1294      6D375F69 
 1294      6E69745F 
 1294      5F00
 1295 0423 00       		.ascii	"\000"
 1296 0424 02       		.ascii	"\002"
 1297 0425 00       		.ascii	"\000"
 1298 0426 00000000 		.ascii	"\000\000\000\000\000\000\000\000"
 1298      00000000 
 1299 042e 2A010000 		.ascii	"*\001\000\000"
 1300 0432 5F5F7261 		.ascii	"__ram7_clear__\000"
 1300      6D375F63 
 1300      6C656172 
 1300      5F5F00
 1301 0441 00       		.ascii	"\000"
 1302 0442 02       		.ascii	"\002"
 1303 0443 00       		.ascii	"\000"
 1304 0444 00000000 		.ascii	"\000\000\000\000\000\000\000\000"
 1304      00000000 
 1305 044c 2C010000 		.ascii	",\001\000\000"
 1306 0450 5F5F7261 		.ascii	"__ram7_noinit__\000"
 1306      6D375F6E 
 1306      6F696E69 
 1306      745F5F00 
 1307 0460 00       		.ascii	"\000"
 1308 0461 02       		.ascii	"\002"
 1309 0462 00       		.ascii	"\000"
 1310 0463 00000000 		.ascii	"\000\000\000\000\000\000\000\000"
 1310      00000000 
 1311 046b 2E010000 		.ascii	".\001\000\000"
 1312              		.text
 1313              		.section	.gnu.lto_.ext_symtab.aae04b6f,"e",%progbits
 1314 0000 01       		.ascii	"\001"
 1315 0001 01       		.ascii	"\001"
 1316 0002 00       		.ascii	"\000"
 1317 0003 01       		.ascii	"\001"
 1318 0004 00       		.ascii	"\000"
 1319 0005 01       		.ascii	"\001"
ARM GAS  C:\Users\patri\AppData\Local\Temp\ccMW850y.s 			page 49


 1320 0006 00       		.ascii	"\000"
 1321 0007 01       		.ascii	"\001"
 1322 0008 00       		.ascii	"\000"
 1323 0009 01       		.ascii	"\001"
 1324 000a 00       		.ascii	"\000"
 1325 000b 02       		.ascii	"\002"
 1326 000c 01       		.ascii	"\001"
 1327 000d 02       		.ascii	"\002"
 1328 000e 01       		.ascii	"\001"
 1329 000f 02       		.ascii	"\002"
 1330 0010 01       		.ascii	"\001"
 1331 0011 02       		.ascii	"\002"
 1332 0012 01       		.ascii	"\001"
 1333 0013 02       		.ascii	"\002"
 1334 0014 01       		.ascii	"\001"
 1335 0015 02       		.ascii	"\002"
 1336 0016 01       		.ascii	"\001"
 1337 0017 02       		.ascii	"\002"
 1338 0018 01       		.ascii	"\001"
 1339 0019 02       		.ascii	"\002"
 1340 001a 01       		.ascii	"\001"
 1341 001b 02       		.ascii	"\002"
 1342 001c 01       		.ascii	"\001"
 1343 001d 02       		.ascii	"\002"
 1344 001e 01       		.ascii	"\001"
 1345 001f 02       		.ascii	"\002"
 1346 0020 01       		.ascii	"\001"
 1347 0021 02       		.ascii	"\002"
 1348 0022 01       		.ascii	"\001"
 1349 0023 02       		.ascii	"\002"
 1350 0024 01       		.ascii	"\001"
 1351 0025 02       		.ascii	"\002"
 1352 0026 01       		.ascii	"\001"
 1353 0027 02       		.ascii	"\002"
 1354 0028 01       		.ascii	"\001"
 1355 0029 02       		.ascii	"\002"
 1356 002a 01       		.ascii	"\001"
 1357 002b 02       		.ascii	"\002"
 1358 002c 01       		.ascii	"\001"
 1359 002d 02       		.ascii	"\002"
 1360 002e 01       		.ascii	"\001"
 1361 002f 02       		.ascii	"\002"
 1362 0030 01       		.ascii	"\001"
 1363 0031 02       		.ascii	"\002"
 1364 0032 01       		.ascii	"\001"
 1365 0033 02       		.ascii	"\002"
 1366 0034 01       		.ascii	"\001"
 1367 0035 02       		.ascii	"\002"
 1368 0036 01       		.ascii	"\001"
 1369 0037 02       		.ascii	"\002"
 1370 0038 01       		.ascii	"\001"
 1371 0039 02       		.ascii	"\002"
 1372 003a 01       		.ascii	"\001"
 1373 003b 02       		.ascii	"\002"
 1374 003c 01       		.ascii	"\001"
 1375 003d 02       		.ascii	"\002"
 1376 003e 01       		.ascii	"\001"
ARM GAS  C:\Users\patri\AppData\Local\Temp\ccMW850y.s 			page 50


 1377 003f 02       		.ascii	"\002"
 1378 0040 01       		.ascii	"\001"
 1379 0041 02       		.ascii	"\002"
 1380 0042 01       		.ascii	"\001"
 1381 0043 02       		.ascii	"\002"
 1382 0044 01       		.ascii	"\001"
 1383 0045 02       		.ascii	"\002"
 1384 0046 01       		.ascii	"\001"
 1385 0047 02       		.ascii	"\002"
 1386 0048 01       		.ascii	"\001"
 1387 0049 02       		.ascii	"\002"
 1388 004a 01       		.ascii	"\001"
 1389              		.text
 1390              		.section	.gnu.lto_.opts,"e",%progbits
 1391 0000 272D666E 		.ascii	"'-fno-openmp' '-fno-openacc' '-fno-pie' '-fcf-prote"
 1391      6F2D6F70 
 1391      656E6D70 
 1391      2720272D 
 1391      666E6F2D 
 1392 0033 6374696F 		.ascii	"ction=none' '-g' '-mcpu=cortex-m4' '-mthumb' '-mflo"
 1392      6E3D6E6F 
 1392      6E652720 
 1392      272D6727 
 1392      20272D6D 
 1393 0066 61742D61 		.ascii	"at-abi=hard' '-mfpu=fpv4-sp-d16' '-mlibarch=armv7e-"
 1393      62693D68 
 1393      61726427 
 1393      20272D6D 
 1393      6670753D 
 1394 0099 6D2B6670 		.ascii	"m+fp' '-march=armv7e-m+fp' '-O2' '-fomit-frame-poin"
 1394      2720272D 
 1394      6D617263 
 1394      683D6172 
 1394      6D763765 
 1395 00cc 74657227 		.ascii	"ter' '-falign-functions=16' '-ffunction-sections' '"
 1395      20272D66 
 1395      616C6967 
 1395      6E2D6675 
 1395      6E637469 
 1396 00ff 2D666461 		.ascii	"-fdata-sections' '-fno-common' '-flto' '-Xassembler"
 1396      74612D73 
 1396      65637469 
 1396      6F6E7327 
 1396      20272D66 
 1397 0132 2720272D 		.ascii	"' '-alms=./build/lst/crt1.lst'\000"
 1397      616C6D73 
 1397      3D2E2F62 
 1397      75696C64 
 1397      2F6C7374 
 1398              		.text
 1399              		.comm	__gnu_lto_slim,1,1
 1400              		.ident	"GCC: (Arm GNU Toolchain 11.3.Rel1) 11.3.1 20220712"
ARM GAS  C:\Users\patri\AppData\Local\Temp\ccMW850y.s 			page 51


DEFINED SYMBOLS
                            *ABS*:00000000 crt1.c
C:\Users\patri\AppData\Local\Temp\ccMW850y.s:23     .gnu.debuglto_.debug_info:00000000 crt1.c.4a6694df
                            *COM*:00000001 __gnu_lto_slim

NO UNDEFINED SYMBOLS
