ARM GAS  C:\Users\patri\AppData\Local\Temp\ccnG2Q0j.s 			page 1


   1              		.cpu cortex-m4
   2              		.arch armv7e-m
   3              		.fpu fpv4-sp-d16
   4              		.eabi_attribute 27, 1
   5              		.eabi_attribute 28, 1
   6              		.eabi_attribute 20, 1
   7              		.eabi_attribute 21, 1
   8              		.eabi_attribute 23, 3
   9              		.eabi_attribute 24, 1
  10              		.eabi_attribute 25, 1
  11              		.eabi_attribute 26, 1
  12              		.eabi_attribute 30, 2
  13              		.eabi_attribute 34, 1
  14              		.eabi_attribute 18, 4
  15              		.file	"display_bitmaps.c"
  16              		.file 1 "c:\\chibistudio\\tools\\gnu tools arm embedded\\11.3 2022.08\\arm-none-eabi\\include\\mac
  17              		.file 2 "c:\\chibistudio\\tools\\gnu tools arm embedded\\11.3 2022.08\\arm-none-eabi\\include\\sys
  18              		.file 3 "./source/display_bitmaps.c"
  19              		.section	.gnu.debuglto_.debug_info,"e",%progbits
  20              	.Ldebug_info0:
  21              		.hidden	display_bitmaps.c.a3062ef0
  22              		.weak	display_bitmaps.c.a3062ef0
  23              	display_bitmaps.c.a3062ef0:
  24 0000 A0000000 		.4byte	0xa0
  25 0004 0500     		.2byte	0x5
  26 0006 01       		.byte	0x1
  27 0007 04       		.byte	0x4
  28 0008 00000000 		.4byte	.Ldebug_abbrev0
  29 000c 04       		.uleb128 0x4
  30 000d 65000000 		.4byte	.LASF11
  31 0011 1D       		.byte	0x1d
  32 0012 0A000000 		.4byte	.LASF12
  33 0016 81010000 		.4byte	.LASF13
  34 001a 00000000 		.4byte	.Ldebug_line0
  35 001e 01       		.uleb128 0x1
  36 001f 01       		.byte	0x1
  37 0020 06       		.byte	0x6
  38 0021 75010000 		.4byte	.LASF0
  39 0025 02       		.uleb128 0x2
  40 0026 00000000 		.4byte	.LASF9
  41 002a 01       		.byte	0x1
  42 002b 2B       		.byte	0x2b
  43 002c 18       		.byte	0x18
  44 002d 31000000 		.4byte	0x31
  45 0031 01       		.uleb128 0x1
  46 0032 01       		.byte	0x1
  47 0033 08       		.byte	0x8
  48 0034 32000000 		.4byte	.LASF1
  49 0038 01       		.uleb128 0x1
  50 0039 02       		.byte	0x2
  51 003a 05       		.byte	0x5
  52 003b 62010000 		.4byte	.LASF2
  53 003f 01       		.uleb128 0x1
  54 0040 02       		.byte	0x2
  55 0041 07       		.byte	0x7
  56 0042 52000000 		.4byte	.LASF3
  57 0046 01       		.uleb128 0x1
ARM GAS  C:\Users\patri\AppData\Local\Temp\ccnG2Q0j.s 			page 2


  58 0047 04       		.byte	0x4
  59 0048 05       		.byte	0x5
  60 0049 6C010000 		.4byte	.LASF4
  61 004d 01       		.uleb128 0x1
  62 004e 04       		.byte	0x4
  63 004f 07       		.byte	0x7
  64 0050 40000000 		.4byte	.LASF5
  65 0054 01       		.uleb128 0x1
  66 0055 08       		.byte	0x8
  67 0056 05       		.byte	0x5
  68 0057 54010000 		.4byte	.LASF6
  69 005b 01       		.uleb128 0x1
  70 005c 08       		.byte	0x8
  71 005d 07       		.byte	0x7
  72 005e 35010000 		.4byte	.LASF7
  73 0062 05       		.uleb128 0x5
  74 0063 04       		.byte	0x4
  75 0064 05       		.byte	0x5
  76 0065 696E7400 		.ascii	"int\000"
  77 0069 01       		.uleb128 0x1
  78 006a 04       		.byte	0x4
  79 006b 07       		.byte	0x7
  80 006c 25000000 		.4byte	.LASF8
  81 0070 02       		.uleb128 0x2
  82 0071 4C010000 		.4byte	.LASF10
  83 0075 02       		.byte	0x2
  84 0076 18       		.byte	0x18
  85 0077 13       		.byte	0x13
  86 0078 25000000 		.4byte	0x25
  87 007c 03       		.uleb128 0x3
  88 007d 70000000 		.4byte	0x70
  89 0081 06       		.uleb128 0x6
  90 0082 7C000000 		.4byte	0x7c
  91 0086 92000000 		.4byte	0x92
  92 008a 07       		.uleb128 0x7
  93 008b 69000000 		.4byte	0x69
  94 008f FF03     		.2byte	0x3ff
  95 0091 00       		.byte	0
  96 0092 03       		.uleb128 0x3
  97 0093 81000000 		.4byte	0x81
  98 0097 08       		.uleb128 0x8
  99 0098 A9010000 		.4byte	.LASF14
 100 009c 03       		.byte	0x3
 101 009d 0A       		.byte	0xa
 102 009e 0F       		.byte	0xf
 103 009f 92000000 		.4byte	0x92
 104 00a3 00       		.byte	0
 105              		.section	.gnu.debuglto_.debug_abbrev,"e",%progbits
 106              	.Ldebug_abbrev0:
 107 0000 01       		.uleb128 0x1
 108 0001 24       		.uleb128 0x24
 109 0002 00       		.byte	0
 110 0003 0B       		.uleb128 0xb
 111 0004 0B       		.uleb128 0xb
 112 0005 3E       		.uleb128 0x3e
 113 0006 0B       		.uleb128 0xb
 114 0007 03       		.uleb128 0x3
ARM GAS  C:\Users\patri\AppData\Local\Temp\ccnG2Q0j.s 			page 3


 115 0008 0E       		.uleb128 0xe
 116 0009 00       		.byte	0
 117 000a 00       		.byte	0
 118 000b 02       		.uleb128 0x2
 119 000c 16       		.uleb128 0x16
 120 000d 00       		.byte	0
 121 000e 03       		.uleb128 0x3
 122 000f 0E       		.uleb128 0xe
 123 0010 3A       		.uleb128 0x3a
 124 0011 0B       		.uleb128 0xb
 125 0012 3B       		.uleb128 0x3b
 126 0013 0B       		.uleb128 0xb
 127 0014 39       		.uleb128 0x39
 128 0015 0B       		.uleb128 0xb
 129 0016 49       		.uleb128 0x49
 130 0017 13       		.uleb128 0x13
 131 0018 00       		.byte	0
 132 0019 00       		.byte	0
 133 001a 03       		.uleb128 0x3
 134 001b 26       		.uleb128 0x26
 135 001c 00       		.byte	0
 136 001d 49       		.uleb128 0x49
 137 001e 13       		.uleb128 0x13
 138 001f 00       		.byte	0
 139 0020 00       		.byte	0
 140 0021 04       		.uleb128 0x4
 141 0022 11       		.uleb128 0x11
 142 0023 01       		.byte	0x1
 143 0024 25       		.uleb128 0x25
 144 0025 0E       		.uleb128 0xe
 145 0026 13       		.uleb128 0x13
 146 0027 0B       		.uleb128 0xb
 147 0028 03       		.uleb128 0x3
 148 0029 0E       		.uleb128 0xe
 149 002a 1B       		.uleb128 0x1b
 150 002b 0E       		.uleb128 0xe
 151 002c 10       		.uleb128 0x10
 152 002d 17       		.uleb128 0x17
 153 002e 00       		.byte	0
 154 002f 00       		.byte	0
 155 0030 05       		.uleb128 0x5
 156 0031 24       		.uleb128 0x24
 157 0032 00       		.byte	0
 158 0033 0B       		.uleb128 0xb
 159 0034 0B       		.uleb128 0xb
 160 0035 3E       		.uleb128 0x3e
 161 0036 0B       		.uleb128 0xb
 162 0037 03       		.uleb128 0x3
 163 0038 08       		.uleb128 0x8
 164 0039 00       		.byte	0
 165 003a 00       		.byte	0
 166 003b 06       		.uleb128 0x6
 167 003c 01       		.uleb128 0x1
 168 003d 01       		.byte	0x1
 169 003e 49       		.uleb128 0x49
 170 003f 13       		.uleb128 0x13
 171 0040 01       		.uleb128 0x1
ARM GAS  C:\Users\patri\AppData\Local\Temp\ccnG2Q0j.s 			page 4


 172 0041 13       		.uleb128 0x13
 173 0042 00       		.byte	0
 174 0043 00       		.byte	0
 175 0044 07       		.uleb128 0x7
 176 0045 21       		.uleb128 0x21
 177 0046 00       		.byte	0
 178 0047 49       		.uleb128 0x49
 179 0048 13       		.uleb128 0x13
 180 0049 2F       		.uleb128 0x2f
 181 004a 05       		.uleb128 0x5
 182 004b 00       		.byte	0
 183 004c 00       		.byte	0
 184 004d 08       		.uleb128 0x8
 185 004e 34       		.uleb128 0x34
 186 004f 00       		.byte	0
 187 0050 03       		.uleb128 0x3
 188 0051 0E       		.uleb128 0xe
 189 0052 3A       		.uleb128 0x3a
 190 0053 0B       		.uleb128 0xb
 191 0054 3B       		.uleb128 0x3b
 192 0055 0B       		.uleb128 0xb
 193 0056 39       		.uleb128 0x39
 194 0057 0B       		.uleb128 0xb
 195 0058 49       		.uleb128 0x49
 196 0059 13       		.uleb128 0x13
 197 005a 3F       		.uleb128 0x3f
 198 005b 19       		.uleb128 0x19
 199 005c 00       		.byte	0
 200 005d 00       		.byte	0
 201 005e 00       		.byte	0
 202              		.section	.gnu.debuglto_.debug_line,"e",%progbits
 203              	.Ldebug_line0:
 204 0000 48000000 		.4byte	.LELT0-.LSLT0
 205              	.LSLT0:
 206 0004 0500     		.2byte	0x5
 207 0006 04       		.byte	0x4
 208 0007 00       		.byte	0
 209 0008 40000000 		.4byte	.LELTP0-.LASLTP0
 210              	.LASLTP0:
 211 000c 01       		.byte	0x1
 212 000d 01       		.byte	0x1
 213 000e 01       		.byte	0x1
 214 000f F6       		.byte	0xf6
 215 0010 F2       		.byte	0xf2
 216 0011 0D       		.byte	0xd
 217 0012 00       		.byte	0
 218 0013 01       		.byte	0x1
 219 0014 01       		.byte	0x1
 220 0015 01       		.byte	0x1
 221 0016 01       		.byte	0x1
 222 0017 00       		.byte	0
 223 0018 00       		.byte	0
 224 0019 00       		.byte	0
 225 001a 01       		.byte	0x1
 226 001b 00       		.byte	0
 227 001c 00       		.byte	0
 228 001d 01       		.byte	0x1
ARM GAS  C:\Users\patri\AppData\Local\Temp\ccnG2Q0j.s 			page 5


 229 001e 01       		.byte	0x1
 230 001f 01       		.uleb128 0x1
 231 0020 1F       		.uleb128 0x1f
 232 0021 04       		.uleb128 0x4
 233 0022 6B000000 		.4byte	.LASF15
 234 0026 AE000000 		.4byte	.LASF16
 235 002a 00000000 		.4byte	.LASF17
 236 002e 64000000 		.4byte	.LASF18
 237 0032 02       		.byte	0x2
 238 0033 01       		.uleb128 0x1
 239 0034 1F       		.uleb128 0x1f
 240 0035 02       		.uleb128 0x2
 241 0036 0B       		.uleb128 0xb
 242 0037 04       		.uleb128 0x4
 243 0038 93000000 		.4byte	.LASF19
 244 003c 00       		.byte	0
 245 003d 53000000 		.4byte	.LASF20
 246 0041 01       		.byte	0x1
 247 0042 17010000 		.4byte	.LASF21
 248 0046 02       		.byte	0x2
 249 0047 05010000 		.4byte	.LASF22
 250 004b 03       		.byte	0x3
 251              	.LELTP0:
 252              	.LELT0:
 253              		.section	.gnu.debuglto_.debug_str,"eMS",%progbits,1
 254              	.LASF9:
 255 0000 5F5F7569 		.ascii	"__uint8_t\000"
 255      6E74385F 
 255      7400
 256              	.LASF12:
 257 000a 2E2F736F 		.ascii	"./source/display_bitmaps.c\000"
 257      75726365 
 257      2F646973 
 257      706C6179 
 257      5F626974 
 258              	.LASF8:
 259 0025 756E7369 		.ascii	"unsigned int\000"
 259      676E6564 
 259      20696E74 
 259      00
 260              	.LASF1:
 261 0032 756E7369 		.ascii	"unsigned char\000"
 261      676E6564 
 261      20636861 
 261      7200
 262              	.LASF5:
 263 0040 6C6F6E67 		.ascii	"long unsigned int\000"
 263      20756E73 
 263      69676E65 
 263      6420696E 
 263      7400
 264              	.LASF3:
 265 0052 73686F72 		.ascii	"short unsigned int\000"
 265      7420756E 
 265      7369676E 
 265      65642069 
 265      6E7400
ARM GAS  C:\Users\patri\AppData\Local\Temp\ccnG2Q0j.s 			page 6


 266              	.LASF11:
 267 0065 474E5520 		.ascii	"GNU C17 11.3.1 20220712 -mcpu=cortex-m4 -mthumb -mf"
 267      43313720 
 267      31312E33 
 267      2E312032 
 267      30323230 
 268 0098 6C6F6174 		.ascii	"loat-abi=hard -mfpu=fpv4-sp-d16 -march=armv7e-m+fp "
 268      2D616269 
 268      3D686172 
 268      64202D6D 
 268      6670753D 
 269 00cb 2D676764 		.ascii	"-ggdb -O2 -fomit-frame-pointer -falign-functions=16"
 269      62202D4F 
 269      32202D66 
 269      6F6D6974 
 269      2D667261 
 270 00fe 202D6666 		.ascii	" -ffunction-sections -fdata-sections -fno-common -f"
 270      756E6374 
 270      696F6E2D 
 270      73656374 
 270      696F6E73 
 271 0131 6C746F00 		.ascii	"lto\000"
 272              	.LASF7:
 273 0135 6C6F6E67 		.ascii	"long long unsigned int\000"
 273      206C6F6E 
 273      6720756E 
 273      7369676E 
 273      65642069 
 274              	.LASF10:
 275 014c 75696E74 		.ascii	"uint8_t\000"
 275      385F7400 
 276              	.LASF6:
 277 0154 6C6F6E67 		.ascii	"long long int\000"
 277      206C6F6E 
 277      6720696E 
 277      7400
 278              	.LASF2:
 279 0162 73686F72 		.ascii	"short int\000"
 279      7420696E 
 279      7400
 280              	.LASF4:
 281 016c 6C6F6E67 		.ascii	"long int\000"
 281      20696E74 
 281      00
 282              	.LASF0:
 283 0175 7369676E 		.ascii	"signed char\000"
 283      65642063 
 283      68617200 
 284              	.LASF13:
 285 0181 433A5C43 		.ascii	"C:\\ChibiStudio\\workspace_user\\microcntr\000"
 285      68696269 
 285      53747564 
 285      696F5C77 
 285      6F726B73 
 286              	.LASF14:
 287 01a9 6570645F 		.ascii	"epd_bitmap_windows_xp_logo_128x64\000"
 287      6269746D 
ARM GAS  C:\Users\patri\AppData\Local\Temp\ccnG2Q0j.s 			page 7


 287      61705F77 
 287      696E646F 
 287      77735F78 
 288              		.section	.gnu.debuglto_.debug_line_str,"eMS",%progbits,1
 289              	.LASF17:
 290 0000 633A5C63 		.ascii	"c:\\chibistudio\\tools\\gnu tools arm embedded\\11."
 290      68696269 
 290      73747564 
 290      696F5C74 
 290      6F6F6C73 
 291 002f 33203230 		.ascii	"3 2022.08\\arm-none-eabi\\include\\sys\000"
 291      32322E30 
 291      385C6172 
 291      6D2D6E6F 
 291      6E652D65 
 292              	.LASF20:
 293 0053 5F646566 		.ascii	"_default_types.h\000"
 293      61756C74 
 293      5F747970 
 293      65732E68 
 293      00
 294              	.LASF18:
 295 0064 736F7572 		.ascii	"source\000"
 295      636500
 296              	.LASF15:
 297 006b 433A5C43 		.ascii	"C:\\ChibiStudio\\workspace_user\\microcntr\000"
 297      68696269 
 297      53747564 
 297      696F5C77 
 297      6F726B73 
 298              	.LASF19:
 299 0093 2E2F736F 		.ascii	"./source/display_bitmaps.c\000"
 299      75726365 
 299      2F646973 
 299      706C6179 
 299      5F626974 
 300              	.LASF16:
 301 00ae 633A5C63 		.ascii	"c:\\chibistudio\\tools\\gnu tools arm embedded\\11."
 301      68696269 
 301      73747564 
 301      696F5C74 
 301      6F6F6C73 
 302 00dd 33203230 		.ascii	"3 2022.08\\arm-none-eabi\\include\\machine\000"
 302      32322E30 
 302      385C6172 
 302      6D2D6E6F 
 302      6E652D65 
 303              	.LASF22:
 304 0105 64697370 		.ascii	"display_bitmaps.c\000"
 304      6C61795F 
 304      6269746D 
 304      6170732E 
 304      6300
 305              	.LASF21:
 306 0117 5F737464 		.ascii	"_stdint.h\000"
 306      696E742E 
 306      6800
ARM GAS  C:\Users\patri\AppData\Local\Temp\ccnG2Q0j.s 			page 8


 307              		.text
 308              		.section	.gnu.lto_.profile.aae1cea1,"e",%progbits
 309 0000 789C6362 		.ascii	"x\234cb\000\001\000\000\022\000\003"
 309      00010000 
 309      120003
 310              		.text
 311              		.section	.gnu.lto_.icf.aae1cea1,"e",%progbits
 312 0000 789C6367 		.ascii	"x\234cg@\000F\206\376\353\337e\031\000\011\345\002\203"
 312      40004686 
 312      FEEBDF65 
 312      190009E5 
 312      0283
 313              		.text
 314              		.section	.gnu.lto_.ipa_sra.aae1cea1,"e",%progbits
 315 0000 789C6362 		.ascii	"x\234cb@\006\000\000*\000\003"
 315      40060000 
 315      2A0003
 316              		.text
 317              		.section	.gnu.lto_.inline.aae1cea1,"e",%progbits
 318 0000 789C6362 		.ascii	"x\234cb@\006\000\000*\000\003"
 318      40060000 
 318      2A0003
 319              		.text
 320              		.section	.gnu.lto_.jmpfuncs.aae1cea1,"e",%progbits
 321 0000 789C6362 		.ascii	"x\234cb@\006\000\000*\000\003"
 321      40060000 
 321      2A0003
 322              		.text
 323              		.section	.gnu.lto_.pureconst.aae1cea1,"e",%progbits
 324 0000 789C6364 		.ascii	"x\234cd\000\002\000\000\012\000\002"
 324      00020000 
 324      0A0002
 325              		.text
 326              		.section	.gnu.lto_.ipa_modref.aae1cea1,"e",%progbits
 327 0000 789C6362 		.ascii	"x\234cb@\006\000\000*\000\003"
 327      40060000 
 327      2A0003
 328              		.text
 329              		.section	.gnu.lto_.lto.aae1cea1,"e",%progbits
 330 0000 0B000300 		.ascii	"\013\000\003\000\001\000\000\000"
 330      01000000 
 331              		.text
 332              		.section	.gnu.lto_epd_bitmap_windows_xp_logo_128x64.0.aae1cea1,"e",%progbits
 333 0000 789C6361 		.ascii	"x\234ca```fa\000\003u&\246z\206\006\016\006\334\340"
 333      60606066 
 333      61000375 
 333      26A67A86 
 333      060E06DC 
 334 0015 07232AF7 		.ascii	"\007#*\367?\012\377\301\177\024\376\201\347(\374\003"
 334      3F0AFFC1 
 334      7F14FE81 
 334      E728FC03 
 335 0025 FF51F91F 		.ascii	"\377Q\371\037\2068\037\303\277h\340\303\177v4\376@\271"
 335      86381FC3 
 335      BF68E0C3 
 335      7F7634FE 
 335      40B9
ARM GAS  C:\Users\patri\AppData\Local\Temp\ccnG2Q0j.s 			page 9


 336 0037 37C10348 		.ascii	"7\301\003H0#\361AQ\314\211\340/\360\311;\267W\032\231"
 336      3023F141 
 336      51CC89E0 
 336      2FF0C93B 
 336      B7571A99 
 337 004b AF18A882 		.ascii	"\257\030\250\202,\357\2458Q\205\223\341\037\214\257"
 337      2CEFA538 
 337      518593E1 
 337      1F8CAF
 338 005a E0AD28A8 		.ascii	"\340\255(\250\312\311\300\360\014\306\367\320;g!\011"
 338      CAC9C0F0 
 338      0CC6F7D0 
 338      3B672109 
 339 006a 64A08747 		.ascii	"d\240\207G\003z\370<H\274\301\007\264\377\300\001\036"
 339      037AF83C 
 339      48BCC107 
 339      B4FFC001 
 339      1E
 340 007b 0606703A 		.ascii	"\006\006p:;pF\036\310\177\000\3477\0347``pxp\200\001"
 340      3B70461E 
 340      C87F00E7 
 340      371C3760 
 340      60707870 
 341 0091 997FE041 		.ascii	"\231\177\340A\002\214\317p\030\304_\220\310 \320\300"
 341      028CCF70 
 341      18C45F90 
 341      C820D0C0 
 342 00a1 01643540 		.ascii	"\001d5@\3447$\366\324~\340\376'\301\363\371\360\031"
 342      E43724F6 
 342      D47EE0FE 
 342      27C1F3F9 
 342      F019
 343 00b3 4BA02890 		.ascii	"K\240(\220\177\330\200\247]\220O\362\020\310\374\006"
 343      7FD880A7 
 343      5D904FF2 
 343      10C8FC06 
 344 00c3 41C39E83 		.ascii	"A\303\236\203\022<\314\206]\222\014\007\200i\275A\322"
 344      123CCC86 
 344      5D920C07 
 344      8069BD41 
 344      D2
 345 00d4 B8A751A2 		.ascii	"\270\247Q\242\203\321\030\304\007\031\012\342s\000\371"
 345      83D118C4 
 345      07190AE2 
 345      7300F9
 346 00e3 B33F40F8 		.ascii	"\263?@\370\322B`\276\362\304\003\214`>\267\034X}\362"
 346      D24260BE 
 346      F2C4038C 
 346      603EB71C 
 346      587DF2
 347 00f6 450666B0 		.ascii	"E\006f\260#\370A|\236\346\207\205\014L`>\037\220o\301"
 347      23F8417C 
 347      9EE68785 
 347      0C4C603E 
 347      1F906FC1 
 348 010a D37CB090 		.ascii	"\323|\260\220\003\"\317\306\323\323\010t\317\201\004"
 348      0322CFC6 
ARM GAS  C:\Users\patri\AppData\Local\Temp\ccnG2Q0j.s 			page 10


 348      D3D30874 
 348      CF8104
 349 0119 A4FC7280 		.ascii	"\244\374r\200\301\002\350S\006\254\340\300\1778\000"
 349      C102E853 
 349      06ACE0C0 
 349      7F3800
 350 0128 A7192465 		.ascii	"\247\031$e<\340\000\266\257\373\363\343\343\343\343"
 350      3CE000B6 
 350      AFFBF3E3 
 350      E3E3E3
 351 0137 FDFC9050 		.ascii	"\375\374\220PXP\377\377\337\337\337\337\337\337\307"
 351      5850FFFF 
 351      DFDFDFDF 
 351      DFDFC7
 352 0146 C147578F 		.ascii	"\301GW\217n\036\272}\250\000\000P\011\020w"
 352      6E1EBA7D 
 352      A8000050 
 352      091077
 353              		.text
 354              		.section	.gnu.lto_.symbol_nodes.aae1cea1,"e",%progbits
 355 0000 789CE362 		.ascii	"x\234\343b\000\002V\006\206F'\020\003\000\005\027\000"
 355      00025606 
 355      86462710 
 355      03000517 
 355      00
 356 0011 D3       		.ascii	"\323"
 357              		.text
 358              		.section	.gnu.lto_.refs.aae1cea1,"e",%progbits
 359 0000 789C6364 		.ascii	"x\234cd\000\002\000\000\012\000\002"
 359      00020000 
 359      0A0002
 360              		.text
 361              		.section	.gnu.lto_.decls.aae1cea1,"e",%progbits
 362 0000 789CFBC5 		.ascii	"x\234\373\305\300\300\260\001\210e\200\370?\0200\001"
 362      C0C0B001 
 362      886580F8 
 362      3F103001 
 363 0010 E9CB40CC 		.ascii	"\351\313@\314\010\304\307\200\270\227\021\302>\012\304"
 363      08C4C780 
 363      B89711C2 
 363      3E0AC4
 364 001f 1C4C0C6C 		.ascii	"\034L\014l\302\214\015\034l\242\214\015\007\0308T\030"
 364      C28C0D1C 
 364      6CA28C0D 
 364      07183854 
 364      18
 365 0030 4C1BC0E0 		.ascii	"L\033\300\340\221<\303.\220\032\006\006\017\036\240"
 365      913CC32E 
 365      901A0606 
 365      0F1EA0
 366 003f 82FFEC40 		.ascii	"\202\377\354@\202\005\250H\201\205\251\367\357\337\033"
 366      8205A848 
 366      8185A9F7 
 366      EFDF1B
 367 004e ECFC4035 		.ascii	"\354\374@5\037\032\016\264p\012\357c\334\013T\270\237"
 367      1F1A0EB4 
 367      700AEF63 
ARM GAS  C:\Users\patri\AppData\Local\Temp\ccnG2Q0j.s 			page 11


 367      DC0B54B8 
 367      9F
 368 005f 91C1700F 		.ascii	"\221\301p\017#\233,\343\177\020\301\300\221\302\300"
 368      239B2CE3 
 368      7F10C1C0 
 368      91C2C0
 369 006e C274F4CF 		.ascii	"\302t\364\317\2555<\374\007\032\032^4\034jdf05b8\304"
 369      AD353CFC 
 369      071A1A5E 
 369      341C6A64 
 369      66303562 
 370 0084 28BB9BF1 		.ascii	"(\273\233\361 \343\001F\026\246\325\355\177\017q\211"
 370      20E30146 
 370      16A6D5ED 
 370      7F0F7189 
 371 0094 034D6969 		.ascii	"\003MiihH8\314\270\223q\007\320\224#\214 \203\200Z\373"
 371      684838CC 
 371      B8937107 
 371      D094238C 
 371      2083805A 
 372 00a9 D67CF8C6 		.ascii	"\326|\370\306\007\326z\000S\353\332/\3537\261\300\264"
 372      07D67A00 
 372      53EBDA2F 
 372      EB37B1C0 
 372      B4
 373 00ba 1E45D7FA 		.ascii	"\036E\327\372x\306\251\005\274\332s&4\374\330y\374\332"
 373      78C6A905 
 373      BCDA7326 
 373      34FCD879 
 373      FCDA
 374 00cc 21B6F94D 		.ascii	"!\266\371M\015\015\234\307\030\2673\356\206*\334\316"
 374      0D0D9CC7 
 374      18B733EE 
 374      862ADCCE 
 375 00dc C8B895D1 		.ascii	"\310\270\225\321c:#\203bjAJ|RfInbA|yf^J~yq|EA|N~z~\274"
 375      633A2383 
 375      626A414A 
 375      7C526649 
 375      6E62417C 
 376 0100 A1914585 		.ascii	"\241\221E\205\231\211\224\236~q~iQr\252~JfqANb%Ty\261"
 376      9989949E 
 376      7E717E69 
 376      5172AA7E 
 376      4A667141 
 377 011a 5E3287BB 		.ascii	"^2\207\273_\250\202\263\2419\2034\206\224^\242\261\201"
 377      5FA882B3 
 377      A1398334 
 377      86945EA2 
 377      B181
 378 012c 99516A9A 		.ascii	"\231Qj\232\001\003{if^\211E|\211\206\263U\214sFfRfp"
 378      01037B69 
 378      665E8945 
 378      7C8986B3 
 378      558C7346 
 379 0144 49694A66 		.ascii	"IiJf~Ly~QvqAbrj|iqjQLnfrQ~r^I\021\2034n\013\031\000"
 379      7E4C797E 
 379      51767141 
ARM GAS  C:\Users\patri\AppData\Local\Temp\ccnG2Q0j.s 			page 12


 379      62726A7C 
 379      69716A51 
 380 0168 AFDB993D 		.ascii	"\257\333\231="
 381              		.text
 382              		.section	.gnu.lto_.symtab.aae1cea1,"e",%progbits
 383 0000 6570645F 		.ascii	"epd_bitmap_windows_xp_logo_128x64\000"
 383      6269746D 
 383      61705F77 
 383      696E646F 
 383      77735F78 
 384 0022 00       		.ascii	"\000"
 385 0023 00       		.ascii	"\000"
 386 0024 00       		.ascii	"\000"
 387 0025 00000000 		.ascii	"\000\000\000\000\000\000\000\000"
 387      00000000 
 388 002d C6000000 		.ascii	"\306\000\000\000"
 389              		.text
 390              		.section	.gnu.lto_.ext_symtab.aae1cea1,"e",%progbits
 391 0000 01       		.ascii	"\001"
 392 0001 02       		.ascii	"\002"
 393 0002 00       		.ascii	"\000"
 394              		.text
 395              		.section	.gnu.lto_.opts,"e",%progbits
 396 0000 272D666E 		.ascii	"'-fno-openmp' '-fno-openacc' '-fno-pie' '-fcf-prote"
 396      6F2D6F70 
 396      656E6D70 
 396      2720272D 
 396      666E6F2D 
 397 0033 6374696F 		.ascii	"ction=none' '-g' '-mcpu=cortex-m4' '-mthumb' '-mflo"
 397      6E3D6E6F 
 397      6E652720 
 397      272D6727 
 397      20272D6D 
 398 0066 61742D61 		.ascii	"at-abi=hard' '-mfpu=fpv4-sp-d16' '-mlibarch=armv7e-"
 398      62693D68 
 398      61726427 
 398      20272D6D 
 398      6670753D 
 399 0099 6D2B6670 		.ascii	"m+fp' '-march=armv7e-m+fp' '-O2' '-fomit-frame-poin"
 399      2720272D 
 399      6D617263 
 399      683D6172 
 399      6D763765 
 400 00cc 74657227 		.ascii	"ter' '-falign-functions=16' '-ffunction-sections' '"
 400      20272D66 
 400      616C6967 
 400      6E2D6675 
 400      6E637469 
 401 00ff 2D666461 		.ascii	"-fdata-sections' '-fno-common' '-flto' '-Xassembler"
 401      74612D73 
 401      65637469 
 401      6F6E7327 
 401      20272D66 
 402 0132 2720272D 		.ascii	"' '-alms=./build/lst/display_bitmaps.lst'\000"
 402      616C6D73 
 402      3D2E2F62 
 402      75696C64 
ARM GAS  C:\Users\patri\AppData\Local\Temp\ccnG2Q0j.s 			page 13


 402      2F6C7374 
 403              		.text
 404              		.comm	__gnu_lto_slim,1,1
 405              		.ident	"GCC: (Arm GNU Toolchain 11.3.Rel1) 11.3.1 20220712"
ARM GAS  C:\Users\patri\AppData\Local\Temp\ccnG2Q0j.s 			page 14


DEFINED SYMBOLS
                            *ABS*:00000000 display_bitmaps.c
C:\Users\patri\AppData\Local\Temp\ccnG2Q0j.s:23     .gnu.debuglto_.debug_info:00000000 display_bitmaps.c.a3062ef0
                            *COM*:00000001 __gnu_lto_slim

NO UNDEFINED SYMBOLS
