ARM GAS  C:\Users\patri\AppData\Local\Temp\ccytwplk.s 			page 1


   1              		.cpu cortex-m4
   2              		.arch armv7e-m
   3              		.fpu fpv4-sp-d16
   4              		.eabi_attribute 27, 1
   5              		.eabi_attribute 28, 1
   6              		.eabi_attribute 20, 1
   7              		.eabi_attribute 21, 1
   8              		.eabi_attribute 23, 3
   9              		.eabi_attribute 24, 1
  10              		.eabi_attribute 25, 1
  11              		.eabi_attribute 26, 1
  12              		.eabi_attribute 30, 2
  13              		.eabi_attribute 34, 1
  14              		.eabi_attribute 18, 4
  15              		.file	"hal_pal_lld.c"
  16              		.file 1 "c:\\chibistudio\\tools\\gnu tools arm embedded\\11.3 2022.08\\arm-none-eabi\\include\\mac
  17              		.file 2 "c:\\chibistudio\\tools\\gnu tools arm embedded\\11.3 2022.08\\arm-none-eabi\\include\\sys
  18              		.file 3 "../../chibios2111/os/hal/ports/STM32/LLD/GPIOv2/stm32_gpio.h"
  19              		.file 4 "../../chibios2111/os/hal/ports/STM32/LLD/GPIOv2/hal_pal_lld.h"
  20              		.file 5 "../../chibios2111/os/hal/ports/STM32/LLD/GPIOv2/hal_pal_lld.c"
  21              		.section	.gnu.debuglto_.debug_info,"e",%progbits
  22              	.Ldebug_info0:
  23              		.hidden	hal_pal_lld.c.3cb765bc
  24              		.weak	hal_pal_lld.c.3cb765bc
  25              	hal_pal_lld.c.3cb765bc:
  26 0000 44020000 		.4byte	0x244
  27 0004 0500     		.2byte	0x5
  28 0006 01       		.byte	0x1
  29 0007 04       		.byte	0x4
  30 0008 00000000 		.4byte	.Ldebug_abbrev0
  31 000c 0B       		.uleb128 0xb
  32 000d 30000000 		.4byte	.LASF38
  33 0011 1D       		.byte	0x1d
  34 0012 70010000 		.4byte	.LASF39
  35 0016 74020000 		.4byte	.LASF40
  36 001a 00000000 		.4byte	.Ldebug_line0
  37 001e 0C       		.uleb128 0xc
  38 001f 04       		.byte	0x4
  39 0020 05       		.byte	0x5
  40 0021 696E7400 		.ascii	"int\000"
  41 0025 01       		.uleb128 0x1
  42 0026 04       		.byte	0x4
  43 0027 07       		.byte	0x7
  44 0028 E9010000 		.4byte	.LASF0
  45 002c 01       		.uleb128 0x1
  46 002d 08       		.byte	0x8
  47 002e 05       		.byte	0x5
  48 002f 00000000 		.4byte	.LASF1
  49 0033 01       		.uleb128 0x1
  50 0034 08       		.byte	0x8
  51 0035 04       		.byte	0x4
  52 0036 18020000 		.4byte	.LASF2
  53 003a 01       		.uleb128 0x1
  54 003b 01       		.byte	0x1
  55 003c 06       		.byte	0x6
  56 003d 68020000 		.4byte	.LASF3
  57 0041 01       		.uleb128 0x1
ARM GAS  C:\Users\patri\AppData\Local\Temp\ccytwplk.s 			page 2


  58 0042 01       		.byte	0x1
  59 0043 08       		.byte	0x8
  60 0044 33010000 		.4byte	.LASF4
  61 0048 01       		.uleb128 0x1
  62 0049 02       		.byte	0x2
  63 004a 05       		.byte	0x5
  64 004b 0C010000 		.4byte	.LASF5
  65 004f 03       		.uleb128 0x3
  66 0050 AE010000 		.4byte	.LASF8
  67 0054 01       		.byte	0x1
  68 0055 39       		.byte	0x39
  69 0056 19       		.byte	0x19
  70 0057 5B000000 		.4byte	0x5b
  71 005b 01       		.uleb128 0x1
  72 005c 02       		.byte	0x2
  73 005d 07       		.byte	0x7
  74 005e 58010000 		.4byte	.LASF6
  75 0062 01       		.uleb128 0x1
  76 0063 04       		.byte	0x4
  77 0064 05       		.byte	0x5
  78 0065 59020000 		.4byte	.LASF7
  79 0069 03       		.uleb128 0x3
  80 006a C2010000 		.4byte	.LASF9
  81 006e 01       		.byte	0x1
  82 006f 4F       		.byte	0x4f
  83 0070 19       		.byte	0x19
  84 0071 75000000 		.4byte	0x75
  85 0075 01       		.uleb128 0x1
  86 0076 04       		.byte	0x4
  87 0077 07       		.byte	0x7
  88 0078 46010000 		.4byte	.LASF10
  89 007c 01       		.uleb128 0x1
  90 007d 08       		.byte	0x8
  91 007e 07       		.byte	0x7
  92 007f A2020000 		.4byte	.LASF11
  93 0083 03       		.uleb128 0x3
  94 0084 47020000 		.4byte	.LASF12
  95 0088 02       		.byte	0x2
  96 0089 24       		.byte	0x24
  97 008a 14       		.byte	0x14
  98 008b 4F000000 		.4byte	0x4f
  99 008f 03       		.uleb128 0x3
 100 0090 50020000 		.4byte	.LASF13
 101 0094 02       		.byte	0x2
 102 0095 30       		.byte	0x30
 103 0096 14       		.byte	0x14
 104 0097 69000000 		.4byte	0x69
 105 009b 08       		.uleb128 0x8
 106 009c 8F000000 		.4byte	0x8f
 107 00a0 01       		.uleb128 0x1
 108 00a1 01       		.byte	0x1
 109 00a2 08       		.byte	0x8
 110 00a3 FB010000 		.4byte	.LASF14
 111 00a7 01       		.uleb128 0x1
 112 00a8 01       		.byte	0x1
 113 00a9 02       		.byte	0x2
 114 00aa 9C020000 		.4byte	.LASF15
ARM GAS  C:\Users\patri\AppData\Local\Temp\ccytwplk.s 			page 3


 115 00ae 09       		.uleb128 0x9
 116 00af 04       		.byte	0x4
 117 00b0 5B       		.byte	0x5b
 118 00b1 05       		.byte	0x5
 119 00b2 CE000000 		.4byte	0xce
 120 00b6 06       		.uleb128 0x6
 121 00b7 73657400 		.ascii	"set\000"
 122 00bb 5C       		.byte	0x5c
 123 00bc 83000000 		.4byte	0x83
 124 00c0 00       		.byte	0
 125 00c1 02       		.uleb128 0x2
 126 00c2 16000000 		.4byte	.LASF16
 127 00c6 5D       		.byte	0x5d
 128 00c7 19       		.byte	0x19
 129 00c8 83000000 		.4byte	0x83
 130 00cc 02       		.byte	0x2
 131 00cd 00       		.byte	0
 132 00ce 0D       		.uleb128 0xd
 133 00cf 04       		.byte	0x4
 134 00d0 03       		.byte	0x3
 135 00d1 59       		.byte	0x59
 136 00d2 0C       		.byte	0xc
 137 00d3 EA000000 		.4byte	0xea
 138 00d7 0A       		.uleb128 0xa
 139 00d8 5700     		.ascii	"W\000"
 140 00da 5A       		.byte	0x5a
 141 00db 19       		.byte	0x19
 142 00dc 8F000000 		.4byte	0x8f
 143 00e0 0A       		.uleb128 0xa
 144 00e1 4800     		.ascii	"H\000"
 145 00e3 5E       		.byte	0x5e
 146 00e4 07       		.byte	0x7
 147 00e5 AE000000 		.4byte	0xae
 148 00e9 00       		.byte	0
 149 00ea 08       		.uleb128 0x8
 150 00eb CE000000 		.4byte	0xce
 151 00ef 09       		.uleb128 0x9
 152 00f0 28       		.byte	0x28
 153 00f1 51       		.byte	0x51
 154 00f2 09       		.byte	0x9
 155 00f3 6E010000 		.4byte	0x16e
 156 00f7 02       		.uleb128 0x2
 157 00f8 1C000000 		.4byte	.LASF17
 158 00fc 53       		.byte	0x53
 159 00fd 19       		.byte	0x19
 160 00fe 9B000000 		.4byte	0x9b
 161 0102 00       		.byte	0
 162 0103 02       		.uleb128 0x2
 163 0104 05010000 		.4byte	.LASF18
 164 0108 54       		.byte	0x54
 165 0109 19       		.byte	0x19
 166 010a 9B000000 		.4byte	0x9b
 167 010e 04       		.byte	0x4
 168 010f 02       		.uleb128 0x2
 169 0110 0E000000 		.4byte	.LASF19
 170 0114 55       		.byte	0x55
 171 0115 19       		.byte	0x19
ARM GAS  C:\Users\patri\AppData\Local\Temp\ccytwplk.s 			page 4


 172 0116 9B000000 		.4byte	0x9b
 173 011a 08       		.byte	0x8
 174 011b 02       		.uleb128 0x2
 175 011c 24020000 		.4byte	.LASF20
 176 0120 56       		.byte	0x56
 177 0121 19       		.byte	0x19
 178 0122 9B000000 		.4byte	0x9b
 179 0126 0C       		.byte	0xc
 180 0127 06       		.uleb128 0x6
 181 0128 49445200 		.ascii	"IDR\000"
 182 012c 57       		.byte	0x57
 183 012d 9B000000 		.4byte	0x9b
 184 0131 10       		.byte	0x10
 185 0132 06       		.uleb128 0x6
 186 0133 4F445200 		.ascii	"ODR\000"
 187 0137 58       		.byte	0x58
 188 0138 9B000000 		.4byte	0x9b
 189 013c 14       		.byte	0x14
 190 013d 02       		.uleb128 0x2
 191 013e 00010000 		.4byte	.LASF21
 192 0142 5F       		.byte	0x5f
 193 0143 05       		.byte	0x5
 194 0144 EA000000 		.4byte	0xea
 195 0148 18       		.byte	0x18
 196 0149 02       		.uleb128 0x2
 197 014a 05020000 		.4byte	.LASF22
 198 014e 60       		.byte	0x60
 199 014f 19       		.byte	0x19
 200 0150 9B000000 		.4byte	0x9b
 201 0154 1C       		.byte	0x1c
 202 0155 02       		.uleb128 0x2
 203 0156 6B010000 		.4byte	.LASF23
 204 015a 61       		.byte	0x61
 205 015b 19       		.byte	0x19
 206 015c 9B000000 		.4byte	0x9b
 207 0160 20       		.byte	0x20
 208 0161 02       		.uleb128 0x2
 209 0162 41010000 		.4byte	.LASF24
 210 0166 62       		.byte	0x62
 211 0167 19       		.byte	0x19
 212 0168 9B000000 		.4byte	0x9b
 213 016c 24       		.byte	0x24
 214 016d 00       		.byte	0
 215 016e 03       		.uleb128 0x3
 216 016f 0B020000 		.4byte	.LASF25
 217 0173 03       		.byte	0x3
 218 0174 63       		.byte	0x63
 219 0175 03       		.byte	0x3
 220 0176 EF000000 		.4byte	0xef
 221 017a 03       		.uleb128 0x3
 222 017b 1D010000 		.4byte	.LASF26
 223 017f 04       		.byte	0x4
 224 0180 C2       		.byte	0xc2
 225 0181 12       		.byte	0x12
 226 0182 8F000000 		.4byte	0x8f
 227 0186 03       		.uleb128 0x3
 228 0187 2A010000 		.4byte	.LASF27
ARM GAS  C:\Users\patri\AppData\Local\Temp\ccytwplk.s 			page 5


 229 018b 04       		.byte	0x4
 230 018c C7       		.byte	0xc7
 231 018d 12       		.byte	0x12
 232 018e 8F000000 		.4byte	0x8f
 233 0192 03       		.uleb128 0x3
 234 0193 3C020000 		.4byte	.LASF28
 235 0197 04       		.byte	0x4
 236 0198 D9       		.byte	0xd9
 237 0199 18       		.byte	0x18
 238 019a 9E010000 		.4byte	0x19e
 239 019e 0E       		.uleb128 0xe
 240 019f 04       		.byte	0x4
 241 01a0 6E010000 		.4byte	0x16e
 242 01a4 0F       		.uleb128 0xf
 243 01a5 D3010000 		.4byte	.LASF41
 244 01a9 05       		.byte	0x5
 245 01aa 59       		.byte	0x59
 246 01ab 06       		.byte	0x6
 247 01ac 3F020000 		.4byte	0x23f
 248 01b0 07       		.uleb128 0x7
 249 01b1 37020000 		.4byte	.LASF29
 250 01b5 59       		.byte	0x59
 251 01b6 27       		.byte	0x27
 252 01b7 92010000 		.4byte	0x192
 253 01bb 07       		.uleb128 0x7
 254 01bc 32020000 		.4byte	.LASF30
 255 01c0 5A       		.byte	0x5a
 256 01c1 29       		.byte	0x29
 257 01c2 7A010000 		.4byte	0x17a
 258 01c6 07       		.uleb128 0x7
 259 01c7 00020000 		.4byte	.LASF31
 260 01cb 5B       		.byte	0x5b
 261 01cc 25       		.byte	0x25
 262 01cd 86010000 		.4byte	0x186
 263 01d1 04       		.uleb128 0x4
 264 01d2 62020000 		.4byte	.LASF32
 265 01d6 5D       		.byte	0x5d
 266 01d7 0C       		.byte	0xc
 267 01d8 8F000000 		.4byte	0x8f
 268 01dc 04       		.uleb128 0x4
 269 01dd 16010000 		.4byte	.LASF33
 270 01e1 5E       		.byte	0x5e
 271 01e2 0C       		.byte	0xc
 272 01e3 8F000000 		.4byte	0x8f
 273 01e7 04       		.uleb128 0x4
 274 01e8 2A020000 		.4byte	.LASF34
 275 01ec 5F       		.byte	0x5f
 276 01ed 0C       		.byte	0xc
 277 01ee 8F000000 		.4byte	0x8f
 278 01f2 04       		.uleb128 0x4
 279 01f3 CD010000 		.4byte	.LASF35
 280 01f7 60       		.byte	0x60
 281 01f8 0C       		.byte	0xc
 282 01f9 8F000000 		.4byte	0x8f
 283 01fd 04       		.uleb128 0x4
 284 01fe F6010000 		.4byte	.LASF36
 285 0202 61       		.byte	0x61
ARM GAS  C:\Users\patri\AppData\Local\Temp\ccytwplk.s 			page 6


 286 0203 0C       		.byte	0xc
 287 0204 8F000000 		.4byte	0x8f
 288 0208 05       		.uleb128 0x5
 289 0209 62697400 		.ascii	"bit\000"
 290 020d 62       		.byte	0x62
 291 020e 0C       		.byte	0xc
 292 020f 8F000000 		.4byte	0x8f
 293 0213 10       		.uleb128 0x10
 294 0214 04       		.uleb128 0x4
 295 0215 B9010000 		.4byte	.LASF37
 296 0219 65       		.byte	0x65
 297 021a 10       		.byte	0x10
 298 021b 8F000000 		.4byte	0x8f
 299 021f 05       		.uleb128 0x5
 300 0220 6D3100   		.ascii	"m1\000"
 301 0223 65       		.byte	0x65
 302 0224 1A       		.byte	0x1a
 303 0225 8F000000 		.4byte	0x8f
 304 0229 05       		.uleb128 0x5
 305 022a 6D3200   		.ascii	"m2\000"
 306 022d 65       		.byte	0x65
 307 022e 1E       		.byte	0x1e
 308 022f 8F000000 		.4byte	0x8f
 309 0233 05       		.uleb128 0x5
 310 0234 6D3400   		.ascii	"m4\000"
 311 0237 65       		.byte	0x65
 312 0238 22       		.byte	0x22
 313 0239 8F000000 		.4byte	0x8f
 314 023d 00       		.byte	0
 315 023e 00       		.byte	0
 316 023f 11       		.uleb128 0x11
 317 0240 22000000 		.4byte	.LASF42
 318 0244 05       		.byte	0x5
 319 0245 41       		.byte	0x41
 320 0246 06       		.byte	0x6
 321 0247 00       		.byte	0
 322              		.section	.gnu.debuglto_.debug_abbrev,"e",%progbits
 323              	.Ldebug_abbrev0:
 324 0000 01       		.uleb128 0x1
 325 0001 24       		.uleb128 0x24
 326 0002 00       		.byte	0
 327 0003 0B       		.uleb128 0xb
 328 0004 0B       		.uleb128 0xb
 329 0005 3E       		.uleb128 0x3e
 330 0006 0B       		.uleb128 0xb
 331 0007 03       		.uleb128 0x3
 332 0008 0E       		.uleb128 0xe
 333 0009 00       		.byte	0
 334 000a 00       		.byte	0
 335 000b 02       		.uleb128 0x2
 336 000c 0D       		.uleb128 0xd
 337 000d 00       		.byte	0
 338 000e 03       		.uleb128 0x3
 339 000f 0E       		.uleb128 0xe
 340 0010 3A       		.uleb128 0x3a
 341 0011 21       		.uleb128 0x21
 342 0012 03       		.sleb128 3
ARM GAS  C:\Users\patri\AppData\Local\Temp\ccytwplk.s 			page 7


 343 0013 3B       		.uleb128 0x3b
 344 0014 0B       		.uleb128 0xb
 345 0015 39       		.uleb128 0x39
 346 0016 0B       		.uleb128 0xb
 347 0017 49       		.uleb128 0x49
 348 0018 13       		.uleb128 0x13
 349 0019 38       		.uleb128 0x38
 350 001a 0B       		.uleb128 0xb
 351 001b 00       		.byte	0
 352 001c 00       		.byte	0
 353 001d 03       		.uleb128 0x3
 354 001e 16       		.uleb128 0x16
 355 001f 00       		.byte	0
 356 0020 03       		.uleb128 0x3
 357 0021 0E       		.uleb128 0xe
 358 0022 3A       		.uleb128 0x3a
 359 0023 0B       		.uleb128 0xb
 360 0024 3B       		.uleb128 0x3b
 361 0025 0B       		.uleb128 0xb
 362 0026 39       		.uleb128 0x39
 363 0027 0B       		.uleb128 0xb
 364 0028 49       		.uleb128 0x49
 365 0029 13       		.uleb128 0x13
 366 002a 00       		.byte	0
 367 002b 00       		.byte	0
 368 002c 04       		.uleb128 0x4
 369 002d 34       		.uleb128 0x34
 370 002e 00       		.byte	0
 371 002f 03       		.uleb128 0x3
 372 0030 0E       		.uleb128 0xe
 373 0031 3A       		.uleb128 0x3a
 374 0032 21       		.uleb128 0x21
 375 0033 05       		.sleb128 5
 376 0034 3B       		.uleb128 0x3b
 377 0035 0B       		.uleb128 0xb
 378 0036 39       		.uleb128 0x39
 379 0037 0B       		.uleb128 0xb
 380 0038 49       		.uleb128 0x49
 381 0039 13       		.uleb128 0x13
 382 003a 00       		.byte	0
 383 003b 00       		.byte	0
 384 003c 05       		.uleb128 0x5
 385 003d 34       		.uleb128 0x34
 386 003e 00       		.byte	0
 387 003f 03       		.uleb128 0x3
 388 0040 08       		.uleb128 0x8
 389 0041 3A       		.uleb128 0x3a
 390 0042 21       		.uleb128 0x21
 391 0043 05       		.sleb128 5
 392 0044 3B       		.uleb128 0x3b
 393 0045 0B       		.uleb128 0xb
 394 0046 39       		.uleb128 0x39
 395 0047 0B       		.uleb128 0xb
 396 0048 49       		.uleb128 0x49
 397 0049 13       		.uleb128 0x13
 398 004a 00       		.byte	0
 399 004b 00       		.byte	0
ARM GAS  C:\Users\patri\AppData\Local\Temp\ccytwplk.s 			page 8


 400 004c 06       		.uleb128 0x6
 401 004d 0D       		.uleb128 0xd
 402 004e 00       		.byte	0
 403 004f 03       		.uleb128 0x3
 404 0050 08       		.uleb128 0x8
 405 0051 3A       		.uleb128 0x3a
 406 0052 21       		.uleb128 0x21
 407 0053 03       		.sleb128 3
 408 0054 3B       		.uleb128 0x3b
 409 0055 0B       		.uleb128 0xb
 410 0056 39       		.uleb128 0x39
 411 0057 21       		.uleb128 0x21
 412 0058 19       		.sleb128 25
 413 0059 49       		.uleb128 0x49
 414 005a 13       		.uleb128 0x13
 415 005b 38       		.uleb128 0x38
 416 005c 0B       		.uleb128 0xb
 417 005d 00       		.byte	0
 418 005e 00       		.byte	0
 419 005f 07       		.uleb128 0x7
 420 0060 05       		.uleb128 0x5
 421 0061 00       		.byte	0
 422 0062 03       		.uleb128 0x3
 423 0063 0E       		.uleb128 0xe
 424 0064 3A       		.uleb128 0x3a
 425 0065 21       		.uleb128 0x21
 426 0066 05       		.sleb128 5
 427 0067 3B       		.uleb128 0x3b
 428 0068 0B       		.uleb128 0xb
 429 0069 39       		.uleb128 0x39
 430 006a 0B       		.uleb128 0xb
 431 006b 49       		.uleb128 0x49
 432 006c 13       		.uleb128 0x13
 433 006d 00       		.byte	0
 434 006e 00       		.byte	0
 435 006f 08       		.uleb128 0x8
 436 0070 35       		.uleb128 0x35
 437 0071 00       		.byte	0
 438 0072 49       		.uleb128 0x49
 439 0073 13       		.uleb128 0x13
 440 0074 00       		.byte	0
 441 0075 00       		.byte	0
 442 0076 09       		.uleb128 0x9
 443 0077 13       		.uleb128 0x13
 444 0078 01       		.byte	0x1
 445 0079 0B       		.uleb128 0xb
 446 007a 0B       		.uleb128 0xb
 447 007b 3A       		.uleb128 0x3a
 448 007c 21       		.uleb128 0x21
 449 007d 03       		.sleb128 3
 450 007e 3B       		.uleb128 0x3b
 451 007f 0B       		.uleb128 0xb
 452 0080 39       		.uleb128 0x39
 453 0081 0B       		.uleb128 0xb
 454 0082 01       		.uleb128 0x1
 455 0083 13       		.uleb128 0x13
 456 0084 00       		.byte	0
ARM GAS  C:\Users\patri\AppData\Local\Temp\ccytwplk.s 			page 9


 457 0085 00       		.byte	0
 458 0086 0A       		.uleb128 0xa
 459 0087 0D       		.uleb128 0xd
 460 0088 00       		.byte	0
 461 0089 03       		.uleb128 0x3
 462 008a 08       		.uleb128 0x8
 463 008b 3A       		.uleb128 0x3a
 464 008c 21       		.uleb128 0x21
 465 008d 03       		.sleb128 3
 466 008e 3B       		.uleb128 0x3b
 467 008f 0B       		.uleb128 0xb
 468 0090 39       		.uleb128 0x39
 469 0091 0B       		.uleb128 0xb
 470 0092 49       		.uleb128 0x49
 471 0093 13       		.uleb128 0x13
 472 0094 00       		.byte	0
 473 0095 00       		.byte	0
 474 0096 0B       		.uleb128 0xb
 475 0097 11       		.uleb128 0x11
 476 0098 01       		.byte	0x1
 477 0099 25       		.uleb128 0x25
 478 009a 0E       		.uleb128 0xe
 479 009b 13       		.uleb128 0x13
 480 009c 0B       		.uleb128 0xb
 481 009d 03       		.uleb128 0x3
 482 009e 0E       		.uleb128 0xe
 483 009f 1B       		.uleb128 0x1b
 484 00a0 0E       		.uleb128 0xe
 485 00a1 10       		.uleb128 0x10
 486 00a2 17       		.uleb128 0x17
 487 00a3 00       		.byte	0
 488 00a4 00       		.byte	0
 489 00a5 0C       		.uleb128 0xc
 490 00a6 24       		.uleb128 0x24
 491 00a7 00       		.byte	0
 492 00a8 0B       		.uleb128 0xb
 493 00a9 0B       		.uleb128 0xb
 494 00aa 3E       		.uleb128 0x3e
 495 00ab 0B       		.uleb128 0xb
 496 00ac 03       		.uleb128 0x3
 497 00ad 08       		.uleb128 0x8
 498 00ae 00       		.byte	0
 499 00af 00       		.byte	0
 500 00b0 0D       		.uleb128 0xd
 501 00b1 17       		.uleb128 0x17
 502 00b2 01       		.byte	0x1
 503 00b3 0B       		.uleb128 0xb
 504 00b4 0B       		.uleb128 0xb
 505 00b5 3A       		.uleb128 0x3a
 506 00b6 0B       		.uleb128 0xb
 507 00b7 3B       		.uleb128 0x3b
 508 00b8 0B       		.uleb128 0xb
 509 00b9 39       		.uleb128 0x39
 510 00ba 0B       		.uleb128 0xb
 511 00bb 01       		.uleb128 0x1
 512 00bc 13       		.uleb128 0x13
 513 00bd 00       		.byte	0
ARM GAS  C:\Users\patri\AppData\Local\Temp\ccytwplk.s 			page 10


 514 00be 00       		.byte	0
 515 00bf 0E       		.uleb128 0xe
 516 00c0 0F       		.uleb128 0xf
 517 00c1 00       		.byte	0
 518 00c2 0B       		.uleb128 0xb
 519 00c3 0B       		.uleb128 0xb
 520 00c4 49       		.uleb128 0x49
 521 00c5 13       		.uleb128 0x13
 522 00c6 00       		.byte	0
 523 00c7 00       		.byte	0
 524 00c8 0F       		.uleb128 0xf
 525 00c9 2E       		.uleb128 0x2e
 526 00ca 01       		.byte	0x1
 527 00cb 3F       		.uleb128 0x3f
 528 00cc 19       		.uleb128 0x19
 529 00cd 03       		.uleb128 0x3
 530 00ce 0E       		.uleb128 0xe
 531 00cf 3A       		.uleb128 0x3a
 532 00d0 0B       		.uleb128 0xb
 533 00d1 3B       		.uleb128 0x3b
 534 00d2 0B       		.uleb128 0xb
 535 00d3 39       		.uleb128 0x39
 536 00d4 0B       		.uleb128 0xb
 537 00d5 27       		.uleb128 0x27
 538 00d6 19       		.uleb128 0x19
 539 00d7 01       		.uleb128 0x1
 540 00d8 13       		.uleb128 0x13
 541 00d9 00       		.byte	0
 542 00da 00       		.byte	0
 543 00db 10       		.uleb128 0x10
 544 00dc 0B       		.uleb128 0xb
 545 00dd 01       		.byte	0x1
 546 00de 00       		.byte	0
 547 00df 00       		.byte	0
 548 00e0 11       		.uleb128 0x11
 549 00e1 2E       		.uleb128 0x2e
 550 00e2 00       		.byte	0
 551 00e3 3F       		.uleb128 0x3f
 552 00e4 19       		.uleb128 0x19
 553 00e5 03       		.uleb128 0x3
 554 00e6 0E       		.uleb128 0xe
 555 00e7 3A       		.uleb128 0x3a
 556 00e8 0B       		.uleb128 0xb
 557 00e9 3B       		.uleb128 0x3b
 558 00ea 0B       		.uleb128 0xb
 559 00eb 39       		.uleb128 0x39
 560 00ec 0B       		.uleb128 0xb
 561 00ed 27       		.uleb128 0x27
 562 00ee 19       		.uleb128 0x19
 563 00ef 00       		.byte	0
 564 00f0 00       		.byte	0
 565 00f1 00       		.byte	0
 566              		.section	.gnu.debuglto_.debug_line,"e",%progbits
 567              	.Ldebug_line0:
 568 0000 52000000 		.4byte	.LELT0-.LSLT0
 569              	.LSLT0:
 570 0004 0500     		.2byte	0x5
ARM GAS  C:\Users\patri\AppData\Local\Temp\ccytwplk.s 			page 11


 571 0006 04       		.byte	0x4
 572 0007 00       		.byte	0
 573 0008 4A000000 		.4byte	.LELTP0-.LASLTP0
 574              	.LASLTP0:
 575 000c 01       		.byte	0x1
 576 000d 01       		.byte	0x1
 577 000e 01       		.byte	0x1
 578 000f F6       		.byte	0xf6
 579 0010 F2       		.byte	0xf2
 580 0011 0D       		.byte	0xd
 581 0012 00       		.byte	0
 582 0013 01       		.byte	0x1
 583 0014 01       		.byte	0x1
 584 0015 01       		.byte	0x1
 585 0016 01       		.byte	0x1
 586 0017 00       		.byte	0
 587 0018 00       		.byte	0
 588 0019 00       		.byte	0
 589 001a 01       		.byte	0x1
 590 001b 00       		.byte	0
 591 001c 00       		.byte	0
 592 001d 01       		.byte	0x1
 593 001e 01       		.byte	0x1
 594 001f 01       		.uleb128 0x1
 595 0020 1F       		.uleb128 0x1f
 596 0021 04       		.uleb128 0x4
 597 0022 BD000000 		.4byte	.LASF43
 598 0026 54010000 		.4byte	.LASF44
 599 002a E5000000 		.4byte	.LASF45
 600 002e 0D000000 		.4byte	.LASF46
 601 0032 02       		.byte	0x2
 602 0033 01       		.uleb128 0x1
 603 0034 1F       		.uleb128 0x1f
 604 0035 02       		.uleb128 0x2
 605 0036 0B       		.uleb128 0xb
 606 0037 06       		.uleb128 0x6
 607 0038 71000000 		.4byte	.LASF47
 608 003c 00       		.byte	0
 609 003d 60000000 		.4byte	.LASF48
 610 0041 02       		.byte	0x2
 611 0042 4A010000 		.4byte	.LASF49
 612 0046 03       		.byte	0x3
 613 0047 00000000 		.4byte	.LASF50
 614 004b 01       		.byte	0x1
 615 004c 3C010000 		.4byte	.LASF51
 616 0050 01       		.byte	0x1
 617 0051 AF000000 		.4byte	.LASF52
 618 0055 01       		.byte	0x1
 619              	.LELTP0:
 620              	.LELT0:
 621              		.section	.gnu.debuglto_.debug_str,"eMS",%progbits,1
 622              	.LASF1:
 623 0000 6C6F6E67 		.ascii	"long long int\000"
 623      206C6F6E 
 623      6720696E 
 623      7400
 624              	.LASF19:
ARM GAS  C:\Users\patri\AppData\Local\Temp\ccytwplk.s 			page 12


 625 000e 4F535045 		.ascii	"OSPEEDR\000"
 625      45445200 
 626              	.LASF16:
 627 0016 636C6561 		.ascii	"clear\000"
 627      7200
 628              	.LASF17:
 629 001c 4D4F4445 		.ascii	"MODER\000"
 629      5200
 630              	.LASF42:
 631 0022 5F70616C 		.ascii	"_pal_lld_init\000"
 631      5F6C6C64 
 631      5F696E69 
 631      7400
 632              	.LASF38:
 633 0030 474E5520 		.ascii	"GNU C17 11.3.1 20220712 -mcpu=cortex-m4 -mthumb -mf"
 633      43313720 
 633      31312E33 
 633      2E312032 
 633      30323230 
 634 0063 6C6F6174 		.ascii	"loat-abi=hard -mfpu=fpv4-sp-d16 -march=armv7e-m+fp "
 634      2D616269 
 634      3D686172 
 634      64202D6D 
 634      6670753D 
 635 0096 2D676764 		.ascii	"-ggdb -O2 -fomit-frame-pointer -falign-functions=16"
 635      62202D4F 
 635      32202D66 
 635      6F6D6974 
 635      2D667261 
 636 00c9 202D6666 		.ascii	" -ffunction-sections -fdata-sections -fno-common -f"
 636      756E6374 
 636      696F6E2D 
 636      73656374 
 636      696F6E73 
 637 00fc 6C746F00 		.ascii	"lto\000"
 638              	.LASF21:
 639 0100 42535252 		.ascii	"BSRR\000"
 639      00
 640              	.LASF18:
 641 0105 4F545950 		.ascii	"OTYPER\000"
 641      455200
 642              	.LASF5:
 643 010c 73686F72 		.ascii	"short int\000"
 643      7420696E 
 643      7400
 644              	.LASF33:
 645 0116 6F747970 		.ascii	"otyper\000"
 645      657200
 646              	.LASF26:
 647 011d 696F706F 		.ascii	"ioportmask_t\000"
 647      72746D61 
 647      736B5F74 
 647      00
 648              	.LASF27:
 649 012a 696F6D6F 		.ascii	"iomode_t\000"
 649      64655F74 
 649      00
ARM GAS  C:\Users\patri\AppData\Local\Temp\ccytwplk.s 			page 13


 650              	.LASF4:
 651 0133 756E7369 		.ascii	"unsigned char\000"
 651      676E6564 
 651      20636861 
 651      7200
 652              	.LASF24:
 653 0141 41465248 		.ascii	"AFRH\000"
 653      00
 654              	.LASF10:
 655 0146 6C6F6E67 		.ascii	"long unsigned int\000"
 655      20756E73 
 655      69676E65 
 655      6420696E 
 655      7400
 656              	.LASF6:
 657 0158 73686F72 		.ascii	"short unsigned int\000"
 657      7420756E 
 657      7369676E 
 657      65642069 
 657      6E7400
 658              	.LASF23:
 659 016b 4146524C 		.ascii	"AFRL\000"
 659      00
 660              	.LASF39:
 661 0170 2E2E2F2E 		.ascii	"../../chibios2111/os/hal/ports/STM32/LLD/GPIOv2/hal"
 661      2E2F6368 
 661      6962696F 
 661      73323131 
 661      312F6F73 
 662 01a3 5F70616C 		.ascii	"_pal_lld.c\000"
 662      5F6C6C64 
 662      2E6300
 663              	.LASF8:
 664 01ae 5F5F7569 		.ascii	"__uint16_t\000"
 664      6E743136 
 664      5F7400
 665              	.LASF37:
 666 01b9 616C7472 		.ascii	"altrmask\000"
 666      6D61736B 
 666      00
 667              	.LASF9:
 668 01c2 5F5F7569 		.ascii	"__uint32_t\000"
 668      6E743332 
 668      5F7400
 669              	.LASF35:
 670 01cd 70757064 		.ascii	"pupdr\000"
 670      7200
 671              	.LASF41:
 672 01d3 5F70616C 		.ascii	"_pal_lld_setgroupmode\000"
 672      5F6C6C64 
 672      5F736574 
 672      67726F75 
 672      706D6F64 
 673              	.LASF0:
 674 01e9 756E7369 		.ascii	"unsigned int\000"
 674      676E6564 
 674      20696E74 
ARM GAS  C:\Users\patri\AppData\Local\Temp\ccytwplk.s 			page 14


 674      00
 675              	.LASF36:
 676 01f6 616C7472 		.ascii	"altr\000"
 676      00
 677              	.LASF14:
 678 01fb 63686172 		.ascii	"char\000"
 678      00
 679              	.LASF31:
 680 0200 6D6F6465 		.ascii	"mode\000"
 680      00
 681              	.LASF22:
 682 0205 4C4F434B 		.ascii	"LOCKR\000"
 682      5200
 683              	.LASF25:
 684 020b 73746D33 		.ascii	"stm32_gpio_t\000"
 684      325F6770 
 684      696F5F74 
 684      00
 685              	.LASF2:
 686 0218 6C6F6E67 		.ascii	"long double\000"
 686      20646F75 
 686      626C6500 
 687              	.LASF20:
 688 0224 50555044 		.ascii	"PUPDR\000"
 688      5200
 689              	.LASF34:
 690 022a 6F737065 		.ascii	"ospeedr\000"
 690      65647200 
 691              	.LASF30:
 692 0232 6D61736B 		.ascii	"mask\000"
 692      00
 693              	.LASF29:
 694 0237 706F7274 		.ascii	"port\000"
 694      00
 695              	.LASF28:
 696 023c 696F706F 		.ascii	"ioportid_t\000"
 696      72746964 
 696      5F7400
 697              	.LASF12:
 698 0247 75696E74 		.ascii	"uint16_t\000"
 698      31365F74 
 698      00
 699              	.LASF13:
 700 0250 75696E74 		.ascii	"uint32_t\000"
 700      33325F74 
 700      00
 701              	.LASF7:
 702 0259 6C6F6E67 		.ascii	"long int\000"
 702      20696E74 
 702      00
 703              	.LASF32:
 704 0262 6D6F6465 		.ascii	"moder\000"
 704      7200
 705              	.LASF3:
 706 0268 7369676E 		.ascii	"signed char\000"
 706      65642063 
 706      68617200 
ARM GAS  C:\Users\patri\AppData\Local\Temp\ccytwplk.s 			page 15


 707              	.LASF40:
 708 0274 433A5C43 		.ascii	"C:\\ChibiStudio\\workspace_user\\microcntr\000"
 708      68696269 
 708      53747564 
 708      696F5C77 
 708      6F726B73 
 709              	.LASF15:
 710 029c 5F426F6F 		.ascii	"_Bool\000"
 710      6C00
 711              	.LASF11:
 712 02a2 6C6F6E67 		.ascii	"long long unsigned int\000"
 712      206C6F6E 
 712      6720756E 
 712      7369676E 
 712      65642069 
 713              		.section	.gnu.debuglto_.debug_line_str,"eMS",%progbits,1
 714              	.LASF50:
 715 0000 73746D33 		.ascii	"stm32_gpio.h\000"
 715      325F6770 
 715      696F2E68 
 715      00
 716              	.LASF46:
 717 000d 633A5C63 		.ascii	"c:\\chibistudio\\tools\\gnu tools arm embedded\\11."
 717      68696269 
 717      73747564 
 717      696F5C74 
 717      6F6F6C73 
 718 003c 33203230 		.ascii	"3 2022.08\\arm-none-eabi\\include\\sys\000"
 718      32322E30 
 718      385C6172 
 718      6D2D6E6F 
 718      6E652D65 
 719              	.LASF48:
 720 0060 5F646566 		.ascii	"_default_types.h\000"
 720      61756C74 
 720      5F747970 
 720      65732E68 
 720      00
 721              	.LASF47:
 722 0071 2E2E2F2E 		.ascii	"../../chibios2111/os/hal/ports/STM32/LLD/GPIOv2/hal"
 722      2E2F6368 
 722      6962696F 
 722      73323131 
 722      312F6F73 
 723 00a4 5F70616C 		.ascii	"_pal_lld.c\000"
 723      5F6C6C64 
 723      2E6300
 724              	.LASF52:
 725 00af 68616C5F 		.ascii	"hal_pal_lld.c\000"
 725      70616C5F 
 725      6C6C642E 
 725      6300
 726              	.LASF43:
 727 00bd 433A5C43 		.ascii	"C:\\ChibiStudio\\workspace_user\\microcntr\000"
 727      68696269 
 727      53747564 
 727      696F5C77 
ARM GAS  C:\Users\patri\AppData\Local\Temp\ccytwplk.s 			page 16


 727      6F726B73 
 728              	.LASF45:
 729 00e5 633A5C63 		.ascii	"c:\\chibistudio\\tools\\gnu tools arm embedded\\11."
 729      68696269 
 729      73747564 
 729      696F5C74 
 729      6F6F6C73 
 730 0114 33203230 		.ascii	"3 2022.08\\arm-none-eabi\\include\\machine\000"
 730      32322E30 
 730      385C6172 
 730      6D2D6E6F 
 730      6E652D65 
 731              	.LASF51:
 732 013c 68616C5F 		.ascii	"hal_pal_lld.h\000"
 732      70616C5F 
 732      6C6C642E 
 732      6800
 733              	.LASF49:
 734 014a 5F737464 		.ascii	"_stdint.h\000"
 734      696E742E 
 734      6800
 735              	.LASF44:
 736 0154 2E2E2F2E 		.ascii	"../../chibios2111/os/hal/ports/STM32/LLD/GPIOv2\000"
 736      2E2F6368 
 736      6962696F 
 736      73323131 
 736      312F6F73 
 737              		.text
 738              		.section	.gnu.lto_.profile.e5465f72,"e",%progbits
 739 0000 789C6362 		.ascii	"x\234cb\000\001\000\000\022\000\003"
 739      00010000 
 739      120003
 740              		.text
 741              		.section	.gnu.lto_.icf.e5465f72,"e",%progbits
 742 0000 789C8B60 		.ascii	"x\234\213`@\000&\206\007\367v\317bb`<\266g[\007\237"
 742      40002686 
 742      07F776CF 
 742      6262603C 
 742      B6675B07 
 743 0015 0A130313 		.ascii	"\012\023\003\023#50\003\000\032\000\006\275"
 743      23353003 
 743      001A0006 
 743      BD
 744              		.text
 745              		.section	.gnu.lto_.ipa_sra.e5465f72,"e",%progbits
 746 0000 789C1361 		.ascii	"x\234\023a@\000&\006\006FFf$\001\006F\006\000\003\030"
 746      40002606 
 746      06464666 
 746      24010646 
 746      06000318 
 747 0014 001D     		.ascii	"\000\035"
 748              		.text
 749              		.section	.gnu.lto_.inline.e5465f72,"e",%progbits
 750 0000 789C458E 		.ascii	"x\234E\2161\012\0021\020E\377\374\0111\205\205\225\305"
 750      310A0231 
 750      1045FFFC 
 750      09318585 
ARM GAS  C:\Users\patri\AppData\Local\Temp\ccytwplk.s 			page 17


 750      95C5
 751 0012 9EC03378 		.ascii	"\236\3003x\236u\027\264\322\003\210\202\335\036\300"
 751      9E7517B4 
 751      D2038882 
 751      DD1EC0
 752 0021 5204ED44 		.ascii	"R\004\355D\254\024\002\226\333X\0109\202V\226\026\036"
 752      AC140296 
 752      DB580839 
 752      82569616 
 752      1E
 753 0032 C0C4147E 		.ascii	"\300\304\024~\246x<\230\231\177\300?\004t\021\303R\022"
 753      A6783C98 
 753      997FC03F 
 753      047411C3 
 753      5212
 754 0044 2F23CE01 		.ascii	"/#\316\001\233\025\223\002\004w<_\355\212\023QNI;\020"
 754      9B159302 
 754      04773C5F 
 754      ED8A1351 
 754      4E493B10 
 755 0058 424A2A22 		.ascii	"BJ*\")g\244\234%\013\271\010\205i\2533\334\370\360\340"
 755      2967A49C 
 755      250BB908 
 755      8569AB33 
 755      DCF8F0E0 
 756 006c 18E8BEDB 		.ascii	"\030\350\276\333\343G\253t\254\277_\373-k\364\362\007"
 756      E347AB74 
 756      ACBF5FFB 
 756      2D6BF4F2 
 756      07
 757 007d 1D39224E 		.ascii	"\0359\"N\021\371\244\265\203Cq\013\315U+\003\003\273"
 757      11F9A4B5 
 757      8343710B 
 757      CD552B03 
 757      03BB
 758 008f F3A1D1D2 		.ascii	"\363\241\321\322\020\346W\003_\366\331&\220"
 758      10E65703 
 758      5FF6D926 
 758      90
 759              		.text
 760              		.section	.gnu.lto_.jmpfuncs.e5465f72,"e",%progbits
 761 0000 789C1361 		.ascii	"x\234\023a@\000& fdfddd\257gb\254gb\251gbb\000\000\016"
 761      40002620 
 761      66646664 
 761      6464AF67 
 761      62AC6762 
 762 001b 2801AF   		.ascii	"(\001\257"
 763              		.text
 764              		.section	.gnu.lto_.pureconst.e5465f72,"e",%progbits
 765 0000 789C6367 		.ascii	"x\234cg```bh`a\234\305\002\000\0041\001-"
 765      60606062 
 765      6860619C 
 765      C5020004 
 765      31012D
 766              		.text
 767              		.section	.gnu.lto_.ipa_modref.e5465f72,"e",%progbits
 768 0000 789C2B62 		.ascii	"x\234+b@\000FFf\001\006\006\005\001\001\006F&V fc`c"
ARM GAS  C:\Users\patri\AppData\Local\Temp\ccytwplk.s 			page 18


 768      40004646 
 768      66010606 
 768      05010106 
 768      46265620 
 769 0018 60645050 		.ascii	"`dPPP\000\222\007\030\300\324\003\010\325\300\004\246"
 769      50009207 
 769      18C0D403 
 769      08D5C004 
 769      A6
 770 0029 16402890 		.ascii	"\026@(\220\022r410\000\000*\026\012\012"
 770      12723431 
 770      3000002A 
 770      160A0A
 771              		.text
 772              		.section	.gnu.lto_.lto.e5465f72,"e",%progbits
 773 0000 0B000300 		.ascii	"\013\000\003\000\001\000\000\000"
 773      01000000 
 774              		.text
 775              		.section	.gnu.lto__pal_lld_init.384.e5465f72,"e",%progbits
 776 0000 789CCB67 		.ascii	"x\234\313g``\310\004be fdf`\2344\261\213\211\241\241"
 776      6060C804 
 776      62652066 
 776      6466609C 
 776      34B18B89 
 777 0016 A1C1819D 		.ascii	"\241\301\201\235\211\261qb\027'\343vF0\217\221\241\236"
 777      89B17162 
 777      1727E376 
 777      46308F91 
 777      A19E
 778 0028 89B19E71 		.ascii	"\211\261\236q!\263>\220\373\343\351\264\316\303\214"
 778      21B33E90 
 778      FBE3E9B4 
 778      CEC38C
 779 0037 0D2B0E30 		.ascii	"\015+\0160\276b`\250g\200\002n\010\233\021\210\327_"
 779      BE6260A8 
 779      6780026E 
 779      089B1188 
 779      D75F
 780 0049 623DD0F0 		.ascii	"b=\320\360\347\177\177C\303\325\307\214\263\224\231"
 780      E77F7F43 
 780      C3D5C78C 
 780      B39499
 781 0058 1818E631 		.ascii	"\030\030\3461\203Lm`al8\300\3000\237\231\011\302i\004"
 781      834C6D60 
 781      616C38C0 
 781      C0309F99 
 781      09C26904 
 782 006c 72BE3335 		.ascii	"r\27635(1\374gjR\000\0332\217\231\021\241\216\201A\303"
 782      2831FC67 
 782      6A52001B 
 782      328F9911 
 782      A18E8141 
 783 0081 D92AC639 		.ascii	"\331*\3069#3)3\270\2444%3?\246<\277(\273\270 195\276"
 783      23332933 
 783      B8A43425 
 783      333FA63C 
 783      BF28BBB8 
ARM GAS  C:\Users\patri\AppData\Local\Temp\ccytwplk.s 			page 19


 784 009a B438B528 		.ascii	"\2648\265(&73\271(?9\257\244\210\301NOO\037\210\222"
 784      263733B9 
 784      283F39AF 
 784      A488C14E 
 784      4F4F1F88 
 785 00af 416AF38B 		.ascii	"Aj\363\213\215\014\015\015\365\363\213\3653\022s\364"
 785      8D0C0D0D 
 785      F5F38BF5 
 785      331273F4 
 786 00bf 0BF28B4A 		.ascii	"\013\362\213J\212\365\203C|\215\215\364}|\\\364\335"
 786      8AF58343 
 786      7C8D8DF4 
 786      7D7C5CF4 
 786      DD
 787 00d0 033CFDCB 		.ascii	"\003<\375\313\214@R\361\005@\234\223\223\242\227\314"
 787      8C4052F1 
 787      05409C93 
 787      93A297CC 
 788 00e0 000026B5 		.ascii	"\000\000&\265N\270"
 788      4EB8
 789              		.text
 790              		.section	.gnu.lto__pal_lld_setgroupmode.385.e5465f72,"e",%progbits
 791 0000 789C7D57 		.ascii	"x\234}W{L\224W\026\277\347\236o\03600h}V-\202U\213\012"
 791      7B4C9457 
 791      16BFE79E 
 791      6F1E3030 
 791      687D562D 
 792 0018 0C437701 		.ascii	"\014Cw\001mC\351v\223\246\011\010l\373\247IW\036\331"
 792      6D43E976 
 792      93A60908 
 792      6CFBA749 
 792      571ED9
 793 002b 52616776 		.ascii	"Ragv\300%M\323u|1\033wS\031\261\017\255\205\266&\015"
 793      C0254DD3 
 793      757C311B 
 793      775319B1 
 793      0FAD85B6 
 794 0041 4D36ADB5 		.ascii	"M6\255\265i\352\223\262 \214\245\353*\242\353n\324\232"
 794      69EA93B2 
 794      208CA5EB 
 794      2AA2EB6E 
 794      D49A
 795 0053 7543ACDD 		.ascii	"uC\254\335\305\030\263hWE\367w\3577\363\315GB0\376\230"
 795      C518B368 
 795      5745F777 
 795      EF37F3CD 
 795      474230FE 
 796 0068 7B38BF73 		.ascii	"{8\277s~\347\236{\271\007\262\322\204\030\024B\334\001"
 796      7EE79E7B 
 796      B907B2D2 
 796      84181442 
 796      DC01
 797 007a 2843D0AE 		.ascii	"(C\320\256\350\016)\302\341p\231KRG4U\257Xn\213\376"
 797      E80E29C2 
 797      E170994B 
 797      52473455 
 797      AF586E8B 
ARM GAS  C:\Users\patri\AppData\Local\Temp\ccytwplk.s 			page 20


 798 008f 41D2B704 		.ascii	"A\322\267\004+\313\330\327~5\233\316\231kCn\217z\376"
 798      2BCBD8D7 
 798      7E359BCE 
 798      996B436E 
 798      8F7AFE
 799 00a2 B3FF9F73 		.ascii	"\263\377\237s\214=\355Wi\367\245\316\225\206C\266E="
 799      8C3DED57 
 799      69F7A5CE 
 799      958643B6 
 799      453D
 800 00b4 DA19897A 		.ascii	"\332\031\211z\365\247\223\336\335\365\021\351L.\265"
 800      F5A793DE 
 800      DDF511E9 
 800      4C2EB5
 801 00c3 CC36F3BB 		.ascii	"\3146\363\273i\037\326f\2462W\212\334\333~\320L\372"
 801      691FD666 
 801      A632578A 
 801      DCDB7ED0 
 801      4CFA
 802 00d5 1E52E945 		.ascii	"\036R\351E\252b\230n\217&\233\201i\362\375\366\203\331"
 802      AA62986E 
 802      8F269B81 
 802      69F2FDF6 
 802      83D9
 803 00e7 28E7D39D 		.ascii	"(\347\323\235\333]F'\330go\336-1\322ist\307\225n\257"
 803      DB5D4627 
 803      D8676FDE 
 803      2D31D269 
 803      7374C795 
 804 00fd E678A9E3 		.ascii	"\346x\251\343\363\035\327\366\025h\203\304&\311\206"
 804      F31DD7F6 
 804      156883C4 
 804      26C986
 805 010c C3E972A7 		.ascii	"\303\351r\247\244z\322\322\275\004S$\377}\310>\320~"
 805      A47AD2D2 
 805      BD045324 
 805      FF7DC83E 
 805      D07E
 806 011e 1C7DFB70 		.ascii	"\034}\373p?\205\273{\351\007!6\231\036\0079g\221\201"
 806      3F85BB7B 
 806      E9072136 
 806      991E0739 
 806      679181
 807 0131 AF7328CB 		.ascii	"\257s(\313A\356WE^o8|\346\364\241p8E\274q\2046\035\246"
 807      41EE5745 
 807      5E6F387C 
 807      E6F4A170 
 807      3845BC71 
 808 0149 432484A4 		.ascii	"C$\204\244\300\001\206;B\332\177\363\310\376\267\275"
 808      C001863B 
 808      42DA7FF3 
 808      C8FEB7BD 
 809 0159 EDF4FA31 		.ascii	"\355\364\3721\313/\003G\225\377\217q\377\321\375\035"
 809      CB2F0347 
 809      95FF8F71 
 809      FFD1FD1D 
 810 0169 F0BFD663 		.ascii	"\360\277\326c\37190\310J\314\035%|]\2458C[#\336\366"
ARM GAS  C:\Users\patri\AppData\Local\Temp\ccytwplk.s 			page 21


 810      F93930C8 
 810      4ACC1D25 
 810      7C5DA538 
 810      435B23DE 
 811 017e CDEED6DE 		.ascii	"\315\356\326\336\004I\210\300\357Q\211\373\255\004\345"
 811      044988C0 
 811      EF5189FB 
 811      AD04E5
 812 018d C0375B23 		.ascii	"\3007[#\341\031\333\262Z\373l\224\011\245\263\327\242"
 812      E119DBB2 
 812      5AFB6C94 
 812      09A5B3D7 
 812      A2
 813 019e 9C8C534E 		.ascii	"\234\214SN\330(\267\024\345\003\213\362u\2342h\243\\"
 813      D828B714 
 813      E5038BF2 
 813      759C3268 
 813      A35C
 814 01b0 53946E8B 		.ascii	"S\224n\213\322\023\247\234\264Q.)\312g\026\345x\234"
 814      D213A79C 
 814      B4512E29 
 814      CA6716E5 
 814      789C
 815 01c2 3264A30C 		.ascii	"2d\243\014\263G|K\337P\214\006\250\237\376L\252\251"
 815      B3477C4B 
 815      DF508C06 
 815      A89FFE4C 
 815      AAA9
 816 01d4 84A82FAD 		.ascii	"\204\250/\255M\236\352\337\2457y\312\026\365\205\332"
 816      4D9EEADF 
 816      A53779CA 
 816      16F585DA 
 817 01e4 E4A104E5 		.ascii	"\344\241\004\345L\217\352uV\353i\033\343\023\3058j1"
 817      4C8FEA75 
 817      56EB691B 
 817      E313C538 
 817      6A31
 818 01f6 8E988C61 		.ascii	"\216\230\214a\033\243K1z,F\267\311\030\2611v\033\036"
 818      1BA34B31 
 818      7A2C46B7 
 818      C918B131 
 818      761B1E
 819 0209 718ECED2 		.ascii	"q\216\316\322\031\372+\211\277\220\010t\030p\244\322"
 819      19FA2B89 
 819      BF900874 
 819      1870A4D2 
 820 0219 10D149A2 		.ascii	"\020\321I\242A\242\023D}D\275D#D\303D\247\211N\321g"
 820      41A21344 
 820      7D44BD44 
 820      2344C344 
 820      A7894ED1 
 821 022e 671DBDE1 		.ascii	"g\035\275\341\373\017w\206\303W\026^\274\364q\312/H"
 821      FB0F7786 
 821      C357165E 
 821      BCF471CA 
 821      2F48
 822 0240 48870418 		.ascii	"H\207\004\0300\000\007\340\004\\\200[Hg\012>S\361\351"
ARM GAS  C:\Users\patri\AppData\Local\Temp\ccytwplk.s 			page 22


 822      300007E0 
 822      045C805B 
 822      48670A3E 
 822      53F1E9
 823 0253 01D2B04E 		.ascii	"\001\322\260N\007\274@\0060\003\230\011<\002\314\002"
 823      07BC4006 
 823      30039809 
 823      3C02CC02 
 824 0263 66037380 		.ascii	"f\003s\200\271\300<`>\360(\260\000X\010,\002\036\003"
 824      B9C03C60 
 824      3EF028B0 
 824      0058082C 
 824      021E03
 825 0276 3281C540 		.ascii	"2\201\305@\026\220\015,\001\036\007\226\002\313\200"
 825      16900D2C 
 825      011E0796 
 825      02CB80
 826 0285 E5C01340 		.ascii	"\345\300\023@\016\260\002X\011\254\002r\201<A\307(_"
 826      0EB00258 
 826      09AC0272 
 826      813C41C7 
 826      285F
 827 0297 60973E81 		.ascii	"`\227>\201}\026\010\354\324/\260\327B\201\255\026\021"
 827      7D1608EC 
 827      D42FB0D7 
 827      4281AD16 
 827      11
 828 02a8 F550B1F2 		.ascii	"\365P\261\362\226(\357j\345]\243\274O\011\364\342iB"
 828      9628EF6A 
 828      E55DA3BC 
 828      4F09F4E2 
 828      6942
 829 02ba 6CA9403F 		.ascii	"l\251@?\236\021\350H\231@O\236\025\350\312\317\210\216"
 829      9E11E848 
 829      99404F9E 
 829      15E8CACF 
 829      888E
 830 02cc 50B9CA5C 		.ascii	"P\271\312\\\241\302\326\252\260J\025V\245RU\253\314"
 830      A1C2D6AA 
 830      B04A1556 
 830      A55255AB 
 830      CC
 831 02dd 4274B2B8 		.ascii	"Bt\262\270y\267\273\204\302\275Bt\261\324\353\315X\337"
 831      79B7BB84 
 831      C2BD4274 
 831      B1D4EBCD 
 831      58DF
 832 02ef 91E1ABF7 		.ascii	"\221\341\253\367\006I\334\223[\337\215\214\022\027s"
 832      0649DC93 
 832      5BDF8D8C 
 832      121773
 833 02fe 91338718 		.ascii	"\2213\207\030\337\337\222\205h.\326\214\011\223\361"
 833      DFDF9285 
 833      682ED68C 
 833      0993F1
 834 030d A06DD4C9 		.ascii	"\240m\324\311\004\306%A\322\012)aB\010\231!'a\353\220"
 834      04C62541 
ARM GAS  C:\Users\patri\AppData\Local\Temp\ccytwplk.s 			page 23


 834      D20A2961 
 834      42089921 
 834      2761EB90 
 835 0321 87899031 		.ascii	"\207\211\2201'K.\242<\213\277\232%\235\217\323\007a"
 835      274B2EA2 
 835      3C8BBF9A 
 835      259D8FD3 
 835      0761
 836 0333 6A7A3496 		.ascii	"jz4\226T`S\301aE\254a\266\"N\300\324\021\035\211\210"
 836      546053C1 
 836      6145AC61 
 836      B6224EC0 
 836      D4111D89 
 837 0348 01171B66 		.ascii	"\001\027\033f\204\313\212x\212\015\324\224a\206\364"
 837      84CB8A78 
 837      8A0DD494 
 837      6186F4
 838 0357 C1D6216F 		.ascii	"\301\326!o\305t\222\017V\243%\316V}\021\273\230\361"
 838      C574920F 
 838      56A325CE 
 838      567D11BB 
 838      98F1
 839 0369 F4848D78 		.ascii	"\364\204\215x3\266\224\251vq!\226RI\371\365\002U\026"
 839      33B694A9 
 839      76712196 
 839      5249F9F5 
 839      025516
 840 037c E80576E7 		.ascii	"\350\005v\347\323\013t&_/\216\021\347\351\334\357\304"
 840      D30B7426 
 840      5F2F8E11 
 840      E7E9DCEF 
 840      C4
 841 038d 52F020EA 		.ascii	"R\360 \352\345\236X\2749\023\304\016\316\243\013$n\313"
 841      E59E58BC 
 841      3913C40E 
 841      CEA30B24 
 841      6ECB
 842 039f 6D3FF4D7 		.ascii	"m?\364\327\260\003E\351w-\302y\374\2644\004\227{;\207"
 842      B00345E9 
 842      772DC279 
 842      FCB43404 
 842      977B3B87 
 843 03b3 BF772332 		.ascii	"\277w#2\302\371\\,\277\373*\310U\336\007\303\215\021"
 843      C2F95C2C 
 843      BFFB2AC8 
 843      55DE07C3 
 843      8D11
 844 03c5 F67189BC 		.ascii	"\366q\211\274\001\263\302;X\035\341\002^-o\027\363Z"
 844      01B3C23B 
 844      581DE102 
 844      5E2D6F17 
 844      F35A
 845 03d7 EF77C32D 		.ascii	"\357w\303-\021\366\363\032\371\346\341 Wzo(j!]$\371"
 845      11F6F31A 
 845      F9E6E120 
 845      577A6F28 
 845      6A215D24 
ARM GAS  C:\Users\patri\AppData\Local\Temp\ccytwplk.s 			page 24


 846 03ec 29EC6AEF 		.ascii	")\354j\357\233#\277\304\236\214\315\330\223\264\016"
 846      9B23BFC4 
 846      9E8CCDD8 
 846      93B40E
 847 03fb F8BD9807 		.ascii	"\370\275\230\007\257\274^v\306{4`\260\223\013Q\216\266"
 847      AFBC5E76 
 847      C67B3460 
 847      B0930B51 
 847      8EB6
 848 040d 0FB68D19 		.ascii	"\017\266\215\031\354b'lC\331\367\333\006$\227\242\213"
 848      EC62276C 
 848      43D9F7DB 
 848      062497A2 
 848      8B
 849 041e 2EB38323 		.ascii	".\263\203#\304\245:\374\363\030\233\376qb7\345\242Q"
 849      C4A53AFC 
 849      F3189BFE 
 849      716237E5 
 849      A251
 850 0430 F7E49607 		.ascii	"\367\344\226\007\221\363\304\317\260\333\344\016c\255"
 850      91F3C4CF 
 850      B0DBE40E 
 850      63AD
 851 043e B95F98DC 		.ascii	"\271_\230\334\203m\343\222S\264\226\264bS)\217S\254"
 851      836DE392 
 851      53B496B4 
 851      6253298F 
 851      53AC
 852 0450 D8324E35 		.ascii	"\3302N5cOc\255c\277L\350\240\205\036u\264\031\354\262"
 852      634F63AD 
 852      63BF4CE8 
 852      A0851E75 
 852      B419ECB2 
 853 0464 E8CFE25D 		.ascii	"\350\317\342]\323\364SXk\372W\232\336\327\363I&\247"
 853      D3F45358 
 853      6BFA579A 
 853      DED7F349 
 853      26A7
 854 0476 6158BCA1 		.ascii	"aX\274\241^\236?\251\271\345\376\315\335\337]%Q\364"
 854      5E9E3FA9 
 854      B9E5FECD 
 854      DDDF5D25 
 854      51F4
 855 0488 2196817F 		.ascii	"!\226\201\177Q\023Z\217,{#\023\006\247\243L\335\012"
 855      51135A8F 
 855      2C7B2313 
 855      06A7A34C 
 855      DD0A
 856 049a 6CDDCB69 		.ascii	"l\335\313i\234\256\254\335\221Q\007g\300\366\251|\267"
 856      9CAEACDD 
 856      91510767 
 856      C0F6A97C 
 856      B7
 857 04ab 768CC978 		.ascii	"v\214\311x\242\357\323\355\231FU&\316\320\332\207\223"
 857      A2EFD3ED 
 857      99465526 
 857      CED0DA87 
ARM GAS  C:\Users\patri\AppData\Local\Temp\ccytwplk.s 			page 25


 857      93
 858 04bc DA33A652 		.ascii	"\3323\246R\275F\033\022\252\003\016\236\211\015j\325"
 858      BD461B12 
 858      AA030E9E 
 858      890D6AD5 
 859 04cc 71831FE1 		.ascii	"q\203\037\341\031<\323T\035s\360,\330\005\323\252^W"
 859      193CD354 
 859      1D73F02C 
 859      D805D3AA 
 859      5E57
 860 04de 99789656 		.ascii	"\231x\226V=\232T\235=\225\352\277\251A\253\252\037\007"
 860      3D9A549D 
 860      3D95EABF 
 860      A941ABAA 
 860      1F07
 861 04f0 83E74077 		.ascii	"\203\347@w\266\251t\331\301sa\373\247U\032S\321<W+\035"
 861      B6A974D9 
 861      C17361FB 
 861      A7551A53 
 861      D13C572B 
 862 0505 8712AEEF 		.ascii	"\207\022\256\357\365\376W\271\230\256\230\327\267\213"
 862      F5FE57B9 
 862      98AE98D7 
 862      B78B
 863 0513 1D07766E 		.ascii	"\035\007vn\277 \254\0336\022KS\244\313\375!\034t+.\225"
 863      BF20AC1B 
 863      36124B53 
 863      A4CBFD21 
 863      1C742B2E 
 864 0528 C972FE3D 		.ascii	"\311r\376=\326\267\312\"\235\217\245\353\232\257g\362"
 864      D6B7CA22 
 864      9D8FA5EB 
 864      9AAF67F2 
 865 0538 BCA96ABE 		.ascii	"\274\251j\276I\277Jt\012\335\231\217\263M\324\377(\317"
 865      49BF4A74 
 865      0ADD998F 
 865      B34DD4FF 
 865      28CF
 866 054a E3F956FD 		.ascii	"\343\371V\375\013`\227\232\365\217[\365g\3303\335R\231"
 866      0B60979A 
 866      F58F5BF5 
 866      67D833DD 
 866      5299
 867 055c 7881AEC1 		.ascii	"x\201\256\3015\251\206\177$kX8U\015\377\245z[\015\213"
 867      35A9867F 
 867      246B5838 
 867      550DFFA5 
 867      7A5B0D8B 
 868 0570 6C353CC6 		.ascii	"l5<\306\013y\221UC&\354\351k\270\2552q\246\256\301="
 868      0B799155 
 868      4326ECE9 
 868      6BB8AD32 
 868      71A6AEC1 
 869 0585 B95B17D1 		.ascii	"\271[\027\321-}x\213y\361TE\374H\265\211\303C\021Y8"
 869      2D7D788B 
 869      79F15445 
 869      FC48B589 
ARM GAS  C:\Users\patri\AppData\Local\Temp\ccytwplk.s 			page 26


 869      C3431159 
 870 059a BCC5D635 		.ascii	"\274\305\3265\311\206\235o\012OX\302^{\364]\025\315"
 870      C9869D6F 
 870      0A4F58C2 
 870      5E7BF45D 
 870      15CD
 871 05ac D95A38E5 		.ascii	"\331Z8\345\014^z\262\204\307\223\302K\246\022\276?I"
 871      0C5E7AB2 
 871      84C793C2 
 871      4BA612BE 
 871      3F49
 872 05be F871082F 		.ascii	"\370q\010/\261\204\227\302\236^\370\201\026^\252\225"
 872      B18497C2 
 872      9E5EF881 
 872      165EAA95 
 873 05ce EED82E04 		.ascii	"\356\330.\004\335H\334\232\324\356C\307\317%\373\360"
 873      DD48DC9A 
 873      D4EE43C7 
 873      CF25FBF0 
 874 05de BFE4612C 		.ascii	"\277\344a,\233\252\234\260\264_\210\345\266\303x\202"
 874      9BAA9CB0 
 874      B45F88E5 
 874      B6C37882 
 875 05ee 97F172EB 		.ascii	"\227\361r\3530r`O\177\030[T&\316\321Ex&\0271\221,b\305"
 875      3072604F 
 875      7F185B54 
 875      26CED145 
 875      78261731 
 876 0606 54456C93 		.ascii	"TEl\223\366\033\261\322V\304*^\301+\255\"raO_D\233\312"
 876      F61BB1D2 
 876      56C42A5E 
 876      C12BAD22 
 876      72614F5F 
 877 061d C4B9BA88 		.ascii	"\304\271\272\2104\373\324\3010\033JU\323C\3173\274p"
 877      34FBD4C1 
 877      301B4A55 
 877      D343CF33 
 877      BC70
 878 062f E5981AB9 		.ascii	"\345\230\032\271\346\033\207\001Sn\016\257!i\376\034"
 878      E61B8701 
 878      536E0EAF 
 878      2169FE1C 
 879 063f D670B9F3 		.ascii	"\326p\271\363u\263\243H\224>i\224\2773\304\342!\302"
 879      75B3A348 
 879      943E6994 
 879      BF33C4E2 
 879      21C2
 880 0651 E24E6F74 		.ascii	"\342Not\373\205\030[\336=C\361\027\030\023\262\202}"
 880      FB85185B 
 880      DE3D43F1 
 880      171813B2 
 880      827D
 881 0663 09094CB5 		.ascii	"\011\011L\265\012sN$\374c\304k\271\200\376\226\234\322"
 881      0A734E24 
 881      FC63C46B 
 881      B980FE96 
 881      9CD2
ARM GAS  C:\Users\patri\AppData\Local\Temp\ccytwplk.s 			page 27


 882 0675 6B35E1FD 		.ascii	"k5\341\375\004\3412q%\373-\002&e\245&t\331\010U\234"
 882      04E13271 
 882      25FB2D02 
 882      2665A526 
 882      74D90855 
 883 068a 6F11302F 		.ascii	"o\0210/\253\314\001b\022:\333\006\210\253\365[\021g"
 883      ABCC0162 
 883      123ADB06 
 883      88ABF55B 
 883      1167
 884 069c 60EA56C7 		.ascii	"`\352V\307\007)\376 \302\357+d\375\276\"D\316sk\326"
 884      0729FE20 
 884      C2EF2B64 
 884      FDBE2244 
 884      CE736BD6 
 885 06b0 3DF74A43 		.ascii	"=\367JCM\303\213-\033\353\032\002\353Z\003\241\015\315"
 885      4DC38B2D 
 885      1BEB1A02 
 885      EB5A03A1 
 885      0DCD
 886 06c2 C1F5B5F5 		.ascii	"\301\365\265\365/ol\256\017\255kj\250\015\005j\177\335"
 886      2F6F6CAE 
 886      0FAD6B6A 
 886      A80D056A 
 886      7FDD
 887 06d4 1212A5F9 		.ascii	"\022\022\245\371\371>\374\257U\334@s\241\337\357\367"
 887      F93EFCAF 
 887      55DC4073 
 887      A1DFEFF7 
 888 06e4 059A7DAF 		.ascii	"\005\232}\257\254o\364\005\003\241\226f\337\213/U<Y"
 888      AC6FF405 
 888      03A19666 
 888      DF8B2F55 
 888      3C59
 889 06f6 E82B2FFF 		.ascii	"\350+/\377\271\357\371\252\027*\177[\250\\/\007\201"
 889      B9EFF9AA 
 889      172A7F5B 
 889      A85C2F07 
 889      81
 890 0707 C6C6BAFC 		.ascii	"\306\306\272\374Za(\326\274I\337\313\177\262\266\246"
 890      5A6128D6 
 890      BC49DFCB 
 890      7FB2B6A6 
 891 0717 B8E8A735 		.ascii	"\270\350\2475p6\255o\336`4\005\352\352\271\246\241\305"
 891      7036AD6F 
 891      DE603405 
 891      EAEAB9A6 
 891      A1C5
 892 0729 58DFD812 		.ascii	"X\337\330\022r\0047\006\353B\256@s\260\276\276.\344"
 892      72043706 
 892      EB42AE40 
 892      73B0BEBE 
 892      2EE4
 893 073b 0CB4BC16 		.ascii	"\014\264\274\026\254\0179\024%$\233~\"\233\012e\223"
 893      AC0F3914 
 893      25249B7E 
 893      229B0A65 
ARM GAS  C:\Users\patri\AppData\Local\Temp\ccytwplk.s 			page 28


 893      93
 894 074c DFAD882A 		.ascii	"\337\255\210*\364\377\001\375T\362"
 894      F4FF01FD 
 894      54F2
 895              		.text
 896              		.section	.gnu.lto_.symbol_nodes.e5465f72,"e",%progbits
 897 0000 789C3366 		.ascii	"x\2343f\000\002\246\006\346z\366\006 `a\234p\216\201"
 897      0002A606 
 897      E67AF606 
 897      2060619C 
 897      708E81
 898 0013 A19E8161 		.ascii	"\241\236\201aWC##H\242\221\271\236\343\303\257\025\026"
 898      57432323 
 898      48A291B9 
 898      9EE3C3AF 
 898      1516
 899 0025 68E20C00 		.ascii	"h\342\014\000\203u\016N"
 899      83750E4E 
 900              		.text
 901              		.section	.gnu.lto_.refs.e5465f72,"e",%progbits
 902 0000 789C6364 		.ascii	"x\234cd\000\002\000\000\012\000\002"
 902      00020000 
 902      0A0002
 903              		.text
 904              		.section	.gnu.lto_.decls.e5465f72,"e",%progbits
 905 0000 789CA555 		.ascii	"x\234\245UmlSU\030>\357\355mw7\206\333\242\3500\376"
 905      6D6C5355 
 905      183EEFED 
 905      6D773786 
 905      DBA2E830 
 906 0015 58FC4333 		.ascii	"X\374C3\303\232n\002\211Q\203\256\023\026\207[:\210"
 906      C39A6E02 
 906      895183AE 
 906      1316875B 
 906      3A88
 907 0027 2192345B 		.ascii	"!\2224[WX\303Jk\333\2411\306\234~0.\006fK\202\226n\211"
 907      5758C34A 
 907      6BDBA131 
 907      C69C7E30 
 907      2E06664B 
 908 003f B5104164 		.ascii	"\265\020Ad0\243\011\035\023va\005\272\311\020a\010\023"
 908      30A3091D 
 908      13766105 
 908      BAC91061 
 908      0813
 909 0051 907D808C 		.ascii	"\220}\200\214\261i\371P\266\000\342{\372\005]\324\304"
 909      B169F950 
 909      B600E27B 
 909      FA055DD4 
 909      C4
 910 0062 78D3E77E 		.ascii	"x\323\347~\234\347y\336\363\276\357\275\347\324\242"
 910      9CE779DE 
 910      F3BEEFBD 
 910      E7D4A2
 911 0071 20E43810 		.ascii	" \3448\020B\011!\017\360\220\341\3654\"\023\021BD\021"
 911      4209210F 
 911      F090E1F5 
ARM GAS  C:\Users\patri\AppData\Local\Temp\ccytwplk.s 			page 29


 911      34221311 
 911      424411
 912 0084 37114710 		.ascii	"7\021G\020\267\021\023\010\0111\205\220\241\357\026"
 912      B7111308 
 912      09318590 
 912      A1EF16
 913 0093 0212CF19 		.ascii	"\002\022\317\031\034!9\211\361hB\237\364\316A\274\365"
 913      1C213989 
 913      F168429F 
 913      F4CE41BC 
 913      F5
 914 00a4 887F1431 		.ascii	"\210\177\0241\202\030F\\G\014!\256!\024\217\003\257"
 914      8218465C 
 914      470C21AE 
 914      21148F03 
 914      AF
 915 00b5 9805053C 		.ascii	"\230\005\005<\367\361\035oQ\236Di\224\006\016\363\312"
 915      F7F11D6F 
 915      519E4469 
 915      94060EF3 
 915      CA
 916 00c6 10ECC3A8 		.ascii	"\020\354\303\250\035\010\201#\363h\354p\326\222\375"
 916      1D088123 
 916      F368EC70 
 916      D692FD
 917 00d5 6C6E42CA 		.ascii	"lnB\312\263\321W \324\020\205\022X\0259x%\302J\302s"
 917      B3D15720 
 917      D4108512 
 917      58153978 
 917      25C24AC2 
 918 00ea 1EFFC0D7 		.ascii	"\036\377\300\327\262\234A\026Frg\222X\030\011\224\235"
 918      B29C4116 
 918      46726792 
 918      58180994 
 918      9D
 919 00fb D0050701 		.ascii	"\320\005\007\001M\371\202\231\010\215Dx\017\265{\256"
 919      4DF98299 
 919      088D4478 
 919      0FB57BAE 
 920 010b 0F0F66E5 		.ascii	"\017\017f\345H\177\257\025\336'\230W.Z8\341\003\242"
 920      487FAF15 
 920      DE279857 
 920      2E5A38E1 
 920      03A2
 921 011d 9883F3C8 		.ascii	"\230\203\363\310\360L\0047\240ub\313T\213\214Y\307\251"
 921      F04C0437 
 921      A07562CB 
 921      548B8C59 
 921      C7A9
 922 012f E4949308 		.ascii	"\344\224\223\010\364\000\351\2039\235p\034\276\003a"
 922      F400E983 
 922      399D701C 
 922      BE0361
 923 013e 134A1403 		.ascii	"\023J\024\003\221\361\275Y\205\205\371(\232<\375\341"
 923      91F1BD59 
 923      8585F928 
 923      9A3CFDE1 
ARM GAS  C:\Users\patri\AppData\Local\Temp\ccytwplk.s 			page 30


 924 014e 7DA7CA7B 		.ascii	"}\247\312{\265\211\236\244\262\023\360=\234\202\230"
 924      B5899EA4 
 924      B213F03D 
 924      9C8298
 925 015d 83A80929 		.ascii	"\203\250\011)!(h?0\322Ds\235\331'\240\367Q.\002\004"
 925      2128683F 
 925      30D24473 
 925      9DD927A0 
 925      F7512E02 
 926 0172 CB76532A 		.ascii	"\313vS*q\361\354\310)\350\204\223\360\003\353\002\257"
 926      71F1ECC8 
 926      29E88493 
 926      F003EB02 
 926      AF
 927 0183 F8A87BCF 		.ascii	"\370\250{\317\355\031\205\263\013Q\023=8\"\337)\241"
 927      ED1985B3 
 927      0B51133D 
 927      3822DF29 
 927      A1
 928 0194 F718F443 		.ascii	"\367\030\364C\\\032\213\315(\264\363\011{?\332\317\300"
 928      5C1A8BCD 
 928      28B4F309 
 928      7B3FDACF 
 928      C0
 929 01a5 69666765 		.ascii	"ifge\357\337\326\374\230\307!;\012G\322]<\347\337\337"
 929      EFDFD6FC 
 929      98C7213B 
 929      0A47D25D 
 929      3CE7DFDF 
 930 01b9 B7337376 		.ascii	"\2673sv\340\037\335\330\226\\a\022\273q\017\330\275"
 930      E01FDDD8 
 930      965C6112 
 930      BB710FD8 
 930      BD
 931 01ca 20508E08 		.ascii	" P\216\010M\210f\304\026\216\215)\261}\022'\264p\204"
 931      4D8866C4 
 931      168E8D29 
 931      B17D1227 
 931      B47084
 932 01dd 7F72DCB5 		.ascii	"\177r\334\265\261of!6\2430~\014a\311\275\256\3654\327"
 932      B16F6621 
 932      36A3307E 
 932      0C61C9BD 
 932      AEF534D7 
 933 01f1 9D7D0886 		.ascii	"\235}\010\206\340Jb\362o\021! \214\335\223d\317\247"
 933      E04A62F2 
 933      6F112120 
 933      8CDD9364 
 933      CFA7
 934 0203 D89F1EB2 		.ascii	"\330\237\036\262mI\366B\032[\222l\027O\006\341\022\016"
 934      6D49F642 
 934      1A5B926C 
 934      174F06E1 
 934      120E
 935 0215 5CC18CC7 		.ascii	"\\\301\214\307\340\032\\\206\021\270\012\277\300(\\"
 935      E01A5C86 
 935      11B80ABF 
ARM GAS  C:\Users\patri\AppData\Local\Temp\ccytwplk.s 			page 31


 935      C0285C
 936 0224 87711866 		.ascii	"\207q\030f\025\2600\241d\230s\2510g\037N\2627\311\016"
 936      15B030A1 
 936      649873A9 
 936      30671F4E 
 936      B237C90E 
 937 0238 A4B125E4 		.ascii	"\244\261%\3443lK\327\266\267#\022\374\010\341\024w8"
 937      336C4BD7 
 937      B6B72312 
 937      FC08E114 
 937      7738
 938 024a C6A131BA 		.ascii	"\306\2411\272;\336\326Cp1E\252SQ\277LF\375\371Q2fl\217"
 938      3BDED643 
 938      703145AA 
 938      5351BF4C 
 938      46FDF951 
 939 0262 24B9EEB4 		.ascii	"$\271\356\264\250\011gO\222=\220\326\260\022\"\004\260"
 939      A809674F 
 939      923D90D6 
 939      B0122204 
 939      B0
 940 0273 C7DCE8E5 		.ascii	"\307\334\350\345\243\375\231\371\351\015\230\200\177"
 940      A3FD99F9 
 940      E90D9880 
 940      7F
 941 0280 E900CF8D 		.ascii	"\351\000\317\215\005.^\315J\255\271_\023A\177C\013\021"
 941      052E5ECD 
 941      4AADB95F 
 941      13417F43 
 941      0B11
 942 0292 DA58CCCE 		.ascii	"\332X\314\316\236}\273\344\323\005Q\210+BL\361\351\256"
 942      9E7DBBE4 
 942      D3055188 
 942      2B424CF1 
 942      E9AE
 943 02a4 D08E8C69 		.ascii	"\320\216\214ik\350fj\015\035b\222\220\357\\\204\237"
 943      6BE8666A 
 943      0D1D6292 
 943      90EF5C84 
 943      9F
 944 02b5 26B99D94 		.ascii	"&\271\235\224\360\334\300\211\035\035\334\015\300\304"
 944      F0DCC089 
 944      1D1DDC0D 
 944      C0C4
 945 02c3 452A39C2 		.ascii	"E*9\302\202'8J\333)\265\320\243\243>\177\323\250\230"
 945      8227384A 
 945      DB29B5D0 
 945      A3A33E7F 
 945      D3A898
 946 02d6 E77522D7 		.ascii	"\347u\"\327.\322\247}8\354\367\017z\270\200\214\025"
 946      2ED2A77D 
 946      38ECF70F 
 946      7AB8808C 
 946      15
 947 02e7 49A92B9B 		.ascii	"I\251+\233~\303\366\205z\352jb\317\033\363\003\256\370"
 947      7EC3F685 
 947      7AEA6A62 
ARM GAS  C:\Users\patri\AppData\Local\Temp\ccytwplk.s 			page 32


 947      CF1BF303 
 947      AEF8
 948 02f9 567112A8 		.ascii	"Vq\022\250\324D\333%E\260\2336\371h\205\337?\032aS\320"
 948      D444DB25 
 948      45B09B36 
 948      F96885DF 
 948      3F1A6153 
 949 030e CD83ADEB 		.ascii	"\315\203\255\353s\002\256\013b\240\233\316\016`\024"
 949      7302AE0B 
 949      62A09BCE 
 949      0E6014
 950 031d 1F754B5E 		.ascii	"\037uK^p\240\305!Q\257\004\236@\353\246fw8\272\334\341"
 950      70A0C521 
 950      51AF049E 
 950      40EBA666 
 950      7738BADC 
 951 0332 748BD419 		.ascii	"t\213\324\031\026s=x\242A\032\312\363\242\336\263]\242"
 951      16733D78 
 951      A2411ACA 
 951      F3A2DEB3 
 951      5DA2
 952 0344 B9341016 		.ascii	"\2714\020\026\035\301\260\010\336\240[\364\006\303\024"
 952      1DC1B008 
 952      DEA05BF4 
 952      06C314
 953 0353 36A3A6C0 		.ascii	"6\243\246\300\213Y9\202\013\275\203\353p\2420\315cn"
 953      8B593982 
 953      0BBD83EB 
 953      70A230CD 
 953      636E
 954 0365 6F50E308 		.ascii	"oP\343\010\204\331[\021\301\021\240\242\307I7\344y\202"
 954      84D95B11 
 954      C111A0A2 
 954      C74937E4 
 954      7982
 955 0377 A2E8417F 		.ascii	"\242\350A\177\036\372C^\247D\361F\022\275\317\342,T"
 955      1EFA435E 
 955      A744F146 
 955      12BDCFE2 
 955      2C54
 956 0389 11DBE0D0 		.ascii	"\021\333\340\320\300\341i!\317\321\236\336\027o\262"
 956      C0E16921 
 956      CFD19EDE 
 956      176FB2
 957 0398 D477B675 		.ascii	"\324w\266u\315\200\307<\013\011\250s\2051\326\330/&"
 957      CD80C73C 
 957      0B09A873 
 957      8531D6D8 
 957      2F26
 958 03aa 2F74CB9E 		.ascii	"/t\313\236\241l\023\242O\214\3057!2\005\344F\354\345"
 958      A16C13A2 
 958      4F8CC537 
 958      213205E4 
 958      46ECE5
 959 03bd EEEE10AF 		.ascii	"\356\356\020\257\010\312V\037\235\214~\262\241\033Z"
 959      08CA561F 
 959      9D8C7EB2 
ARM GAS  C:\Users\patri\AppData\Local\Temp\ccytwplk.s 			page 33


 959      A11B5A
 960 03cc 71A34229 		.ascii	"q\243B)?\005\223\354\355\341\201\313\367\016\374\001"
 960      3F0593EC 
 960      EDE181CB 
 960      F70EFC01 
 961 03dc E55DBCB0 		.ascii	"\345]\274\260O\206\2066o\357$\317\376\007n\301\015|"
 961      4F868636 
 961      6FEF24CF 
 961      FE076EC1 
 961      0D7C
 962 03ee 1C3E7BA0 		.ascii	"\034>{\240\177\006{\374\035\356\341k:\277\356\253f\310"
 962      7F067BFC 
 962      1DEEE16B 
 962      3ABFEEAB 
 962      66C8
 963 0400 8F77578A 		.ascii	"\217wW\212\357\302\177\306\003\361\334\231s\221\346"
 963      EFC27FC6 
 963      03F1DC99 
 963      7391E6
 964 040f 9C346E02 		.ascii	"\2344n\002R\344\265K--\031\251o\350A\342#\303\362\220"
 964      52E4B54B 
 964      2D2D19A9 
 964      6FE841E2 
 964      23C3F290 
 965 0423 EB3FB6D5 		.ascii	"\353?\266\325\017\323\271(\304\311\346\363\267>\317"
 965      0FD3B928 
 965      C4C9E6F3 
 965      B73ECF
 966 0432 620938B8 		.ascii	"b\0118\270\373\354;\031\272\334\315O\257\326\305\021"
 966      FBEC3B19 
 966      BADCCD4F 
 966      AFD6C511 
 967 0442 674C3CDC 		.ascii	"gL<\334\327\267u\246\322\347\243\355\035l\231\304Ju"
 967      D7B775A6 
 967      D2E7A3ED 
 967      1D6C99C4 
 967      4A75
 968 0454 717713A5 		.ascii	"qw\023\245\336M\224\272]F^**R\341O_o\2545\232m\305j"
 968      DE4D94BA 
 968      5D465E2A 
 968      2A52E14F 
 968      5F6FAC35 
 969 046c B55A65B6 		.ascii	"\265Ze\266\251\352k\032T\026\263\325nSU/]RR\254\252"
 969      A9EA6B1A 
 969      5416B3D5 
 969      6E53552F 
 969      5D5252AC 
 970 0481 A8D0A816 		.ascii	"\250\320\250\026U\225W\256-f\224\316\202hh\250+\322"
 970      559557AE 
 970      2D6694CE 
 970      826868A8 
 970      2BD2
 971 0493 0B8BDE58 		.ascii	"\013\213\336XVP\252^@\236J\033.*\321\327.\230?\257V"
 971      5650AA5E 
 971      409E4A1B 
 971      2E2AD1D7 
 971      2E983FAF 
ARM GAS  C:\Users\patri\AppData\Local\Temp\ccytwplk.s 			page 34


 972 04a8 4FF8575E 		.ascii	"O\370W^\323V\010\215\3065\366\222b\235]^QY\372\272\226"
 972      D356088D 
 972      C635F692 
 972      629D5D5E 
 972      5159FABA 
 973 04bd 7FB55AAB 		.ascii	"\177\265Z\253\2057a\261\\\337`\250\261\306X\365|\235"
 973      853761B1 
 973      5CDF60A8 
 973      B1C658F5 
 973      7C9D
 974 04cf 5D6633D8 		.ascii	"]f3\330\225\245/\254(e\271T\333\033\353\214\346\025"
 974      95A52FAC 
 974      2865B954 
 974      DB1BEB8C 
 974      E615
 975 04e1 EF98ADAB 		.ascii	"\357\230\255\253m\226\032\275A\327h3XW\230\214z\253"
 975      6D961ABD 
 975      41D76833 
 975      5857988C 
 975      7AAB
 976 04f3 59BFC66E 		.ascii	"Y\277\306n\375\357y\333\354&La\225\305h.\252'\262J\215"
 976      FDEF79DB 
 976      EC264C61 
 976      95C5682E 
 976      AA27B24A 
 977 0508 5656AED1 		.ascii	"VV\256\321\312\253\226Ui\264\031\225\325Uee\032\255"
 977      CAAB9655 
 977      69B41995 
 977      D5556565 
 977      1AAD
 978 051a A272E9F2 		.ascii	"\242r\351\362\2522\255|I\245\246L\3132_\234\375\320"
 978      AA32AD7C 
 978      49A5A64C 
 978      CB325F9C 
 978      FDD0
 979 052c A5B36719 		.ascii	"\245\263g\031\315,\266\261Ng\027\214f\223\271\316\240"
 979      CD2CB6B1 
 979      4E67178C 
 979      6693B9CE 
 979      A0
 980 053d B367C7C7 		.ascii	"\263g\307\307L5\266\325X\200z>\311\256\261\232\326."
 980      4C35B6D5 
 980      58807A3E 
 980      C9AEB19A 
 980      D62E
 981 054f 30CC353D 		.ascii	"0\3145=\267\322B\262\364\310\031\336\235kz\236\314L"
 981      B7D242B2 
 981      F4C819DE 
 981      9D6B7A9E 
 981      CC4C
 982 0561 7647675C 		.ascii	"vGg\\c\264\277\374\277\272Nf\245\202a\313VY\315\215"
 982      63B4BFFC 
 982      BFBA4E66 
 982      A58261CB 
 982      5659CD8D 
 983 0575 1696CD5F 		.ascii	"\026\226\315_\270\247\026\355"
 983      B8A716ED 
ARM GAS  C:\Users\patri\AppData\Local\Temp\ccytwplk.s 			page 35


 984              		.text
 985              		.section	.gnu.lto_.symtab.e5465f72,"e",%progbits
 986 0000 5F70616C 		.ascii	"_pal_lld_init\000"
 986      5F6C6C64 
 986      5F696E69 
 986      7400
 987 000e 00       		.ascii	"\000"
 988 000f 00       		.ascii	"\000"
 989 0010 00       		.ascii	"\000"
 990 0011 00000000 		.ascii	"\000\000\000\000\000\000\000\000"
 990      00000000 
 991 0019 F9000000 		.ascii	"\371\000\000\000"
 992 001d 5F70616C 		.ascii	"_pal_lld_setgroupmode\000"
 992      5F6C6C64 
 992      5F736574 
 992      67726F75 
 992      706D6F64 
 993 0033 00       		.ascii	"\000"
 994 0034 00       		.ascii	"\000"
 995 0035 00       		.ascii	"\000"
 996 0036 00000000 		.ascii	"\000\000\000\000\000\000\000\000"
 996      00000000 
 997 003e 03010000 		.ascii	"\003\001\000\000"
 998              		.text
 999              		.section	.gnu.lto_.ext_symtab.e5465f72,"e",%progbits
 1000 0000 01       		.ascii	"\001"
 1001 0001 01       		.ascii	"\001"
 1002 0002 00       		.ascii	"\000"
 1003 0003 01       		.ascii	"\001"
 1004 0004 00       		.ascii	"\000"
 1005              		.text
 1006              		.section	.gnu.lto_.opts,"e",%progbits
 1007 0000 272D666E 		.ascii	"'-fno-openmp' '-fno-openacc' '-fno-pie' '-fcf-prote"
 1007      6F2D6F70 
 1007      656E6D70 
 1007      2720272D 
 1007      666E6F2D 
 1008 0033 6374696F 		.ascii	"ction=none' '-g' '-mcpu=cortex-m4' '-mthumb' '-mflo"
 1008      6E3D6E6F 
 1008      6E652720 
 1008      272D6727 
 1008      20272D6D 
 1009 0066 61742D61 		.ascii	"at-abi=hard' '-mfpu=fpv4-sp-d16' '-mlibarch=armv7e-"
 1009      62693D68 
 1009      61726427 
 1009      20272D6D 
 1009      6670753D 
 1010 0099 6D2B6670 		.ascii	"m+fp' '-march=armv7e-m+fp' '-O2' '-fomit-frame-poin"
 1010      2720272D 
 1010      6D617263 
 1010      683D6172 
 1010      6D763765 
 1011 00cc 74657227 		.ascii	"ter' '-falign-functions=16' '-ffunction-sections' '"
 1011      20272D66 
 1011      616C6967 
 1011      6E2D6675 
 1011      6E637469 
ARM GAS  C:\Users\patri\AppData\Local\Temp\ccytwplk.s 			page 36


 1012 00ff 2D666461 		.ascii	"-fdata-sections' '-fno-common' '-flto' '-Xassembler"
 1012      74612D73 
 1012      65637469 
 1012      6F6E7327 
 1012      20272D66 
 1013 0132 2720272D 		.ascii	"' '-alms=./build/lst/hal_pal_lld.lst'\000"
 1013      616C6D73 
 1013      3D2E2F62 
 1013      75696C64 
 1013      2F6C7374 
 1014              		.text
 1015              		.comm	__gnu_lto_slim,1,1
 1016              		.ident	"GCC: (Arm GNU Toolchain 11.3.Rel1) 11.3.1 20220712"
ARM GAS  C:\Users\patri\AppData\Local\Temp\ccytwplk.s 			page 37


DEFINED SYMBOLS
                            *ABS*:00000000 hal_pal_lld.c
C:\Users\patri\AppData\Local\Temp\ccytwplk.s:25     .gnu.debuglto_.debug_info:00000000 hal_pal_lld.c.3cb765bc
                            *COM*:00000001 __gnu_lto_slim

NO UNDEFINED SYMBOLS
