ARM GAS  C:\Users\patri\AppData\Local\Temp\ccCS1vCn.s 			page 1


   1              		.cpu cortex-m4
   2              		.arch armv7e-m
   3              		.fpu fpv4-sp-d16
   4              		.eabi_attribute 27, 1
   5              		.eabi_attribute 28, 1
   6              		.eabi_attribute 20, 1
   7              		.eabi_attribute 21, 1
   8              		.eabi_attribute 23, 3
   9              		.eabi_attribute 24, 1
  10              		.eabi_attribute 25, 1
  11              		.eabi_attribute 26, 1
  12              		.eabi_attribute 30, 2
  13              		.eabi_attribute 34, 1
  14              		.eabi_attribute 18, 4
  15              		.file	"hal_efl_lld.c"
  16              		.section	.gnu.debuglto_.debug_info,"e",%progbits
  17              	.Ldebug_info0:
  18              		.hidden	hal_efl_lld.c.c09e3a62
  19              		.weak	hal_efl_lld.c.c09e3a62
  20              	hal_efl_lld.c.c09e3a62:
  21 0000 76000000 		.4byte	0x76
  22 0004 0500     		.2byte	0x5
  23 0006 01       		.byte	0x1
  24 0007 04       		.byte	0x4
  25 0008 00000000 		.4byte	.Ldebug_abbrev0
  26 000c 02       		.uleb128 0x2
  27 000d F1000000 		.4byte	.LASF12
  28 0011 1D       		.byte	0x1d
  29 0012 52000000 		.4byte	.LASF13
  30 0016 8F000000 		.4byte	.LASF14
  31 001a 00000000 		.4byte	.Ldebug_line0
  32 001e 03       		.uleb128 0x3
  33 001f 04       		.byte	0x4
  34 0020 05       		.byte	0x5
  35 0021 696E7400 		.ascii	"int\000"
  36 0025 01       		.uleb128 0x1
  37 0026 04       		.byte	0x4
  38 0027 07       		.byte	0x7
  39 0028 0E000000 		.4byte	.LASF0
  40 002c 01       		.uleb128 0x1
  41 002d 08       		.byte	0x8
  42 002e 05       		.byte	0x5
  43 002f 00000000 		.4byte	.LASF1
  44 0033 01       		.uleb128 0x1
  45 0034 08       		.byte	0x8
  46 0035 04       		.byte	0x4
  47 0036 E5000000 		.4byte	.LASF2
  48 003a 01       		.uleb128 0x1
  49 003b 01       		.byte	0x1
  50 003c 06       		.byte	0x6
  51 003d D9000000 		.4byte	.LASF3
  52 0041 01       		.uleb128 0x1
  53 0042 01       		.byte	0x1
  54 0043 08       		.byte	0x8
  55 0044 1B000000 		.4byte	.LASF4
  56 0048 01       		.uleb128 0x1
  57 0049 02       		.byte	0x2
ARM GAS  C:\Users\patri\AppData\Local\Temp\ccCS1vCn.s 			page 2


  58 004a 05       		.byte	0x5
  59 004b C1010000 		.4byte	.LASF5
  60 004f 01       		.uleb128 0x1
  61 0050 02       		.byte	0x2
  62 0051 07       		.byte	0x7
  63 0052 C6000000 		.4byte	.LASF6
  64 0056 01       		.uleb128 0x1
  65 0057 04       		.byte	0x4
  66 0058 05       		.byte	0x5
  67 0059 B7000000 		.4byte	.LASF7
  68 005d 01       		.uleb128 0x1
  69 005e 04       		.byte	0x4
  70 005f 07       		.byte	0x7
  71 0060 29000000 		.4byte	.LASF8
  72 0064 01       		.uleb128 0x1
  73 0065 08       		.byte	0x8
  74 0066 07       		.byte	0x7
  75 0067 3B000000 		.4byte	.LASF9
  76 006b 01       		.uleb128 0x1
  77 006c 01       		.byte	0x1
  78 006d 08       		.byte	0x8
  79 006e CB010000 		.4byte	.LASF10
  80 0072 01       		.uleb128 0x1
  81 0073 01       		.byte	0x1
  82 0074 02       		.byte	0x2
  83 0075 C0000000 		.4byte	.LASF11
  84 0079 00       		.byte	0
  85              		.section	.gnu.debuglto_.debug_abbrev,"e",%progbits
  86              	.Ldebug_abbrev0:
  87 0000 01       		.uleb128 0x1
  88 0001 24       		.uleb128 0x24
  89 0002 00       		.byte	0
  90 0003 0B       		.uleb128 0xb
  91 0004 0B       		.uleb128 0xb
  92 0005 3E       		.uleb128 0x3e
  93 0006 0B       		.uleb128 0xb
  94 0007 03       		.uleb128 0x3
  95 0008 0E       		.uleb128 0xe
  96 0009 00       		.byte	0
  97 000a 00       		.byte	0
  98 000b 02       		.uleb128 0x2
  99 000c 11       		.uleb128 0x11
 100 000d 01       		.byte	0x1
 101 000e 25       		.uleb128 0x25
 102 000f 0E       		.uleb128 0xe
 103 0010 13       		.uleb128 0x13
 104 0011 0B       		.uleb128 0xb
 105 0012 03       		.uleb128 0x3
 106 0013 0E       		.uleb128 0xe
 107 0014 1B       		.uleb128 0x1b
 108 0015 0E       		.uleb128 0xe
 109 0016 10       		.uleb128 0x10
 110 0017 17       		.uleb128 0x17
 111 0018 00       		.byte	0
 112 0019 00       		.byte	0
 113 001a 03       		.uleb128 0x3
 114 001b 24       		.uleb128 0x24
ARM GAS  C:\Users\patri\AppData\Local\Temp\ccCS1vCn.s 			page 3


 115 001c 00       		.byte	0
 116 001d 0B       		.uleb128 0xb
 117 001e 0B       		.uleb128 0xb
 118 001f 3E       		.uleb128 0x3e
 119 0020 0B       		.uleb128 0xb
 120 0021 03       		.uleb128 0x3
 121 0022 08       		.uleb128 0x8
 122 0023 00       		.byte	0
 123 0024 00       		.byte	0
 124 0025 00       		.byte	0
 125              		.section	.gnu.debuglto_.debug_line,"e",%progbits
 126              	.Ldebug_line0:
 127 0000 2D000000 		.4byte	.LELT0-.LSLT0
 128              	.LSLT0:
 129 0004 0500     		.2byte	0x5
 130 0006 04       		.byte	0x4
 131 0007 00       		.byte	0
 132 0008 25000000 		.4byte	.LELTP0-.LASLTP0
 133              	.LASLTP0:
 134 000c 01       		.byte	0x1
 135 000d 01       		.byte	0x1
 136 000e 01       		.byte	0x1
 137 000f F6       		.byte	0xf6
 138 0010 F2       		.byte	0xf2
 139 0011 0D       		.byte	0xd
 140 0012 00       		.byte	0
 141 0013 01       		.byte	0x1
 142 0014 01       		.byte	0x1
 143 0015 01       		.byte	0x1
 144 0016 01       		.byte	0x1
 145 0017 00       		.byte	0
 146 0018 00       		.byte	0
 147 0019 00       		.byte	0
 148 001a 01       		.byte	0x1
 149 001b 00       		.byte	0
 150 001c 00       		.byte	0
 151 001d 01       		.byte	0x1
 152 001e 01       		.byte	0x1
 153 001f 01       		.uleb128 0x1
 154 0020 1F       		.uleb128 0x1f
 155 0021 01       		.uleb128 0x1
 156 0022 3D000000 		.4byte	.LASF15
 157 0026 02       		.byte	0x2
 158 0027 01       		.uleb128 0x1
 159 0028 1F       		.uleb128 0x1f
 160 0029 02       		.uleb128 0x2
 161 002a 0B       		.uleb128 0xb
 162 002b 01       		.uleb128 0x1
 163 002c 00000000 		.4byte	.LASF16
 164 0030 00       		.byte	0
 165              	.LELTP0:
 166              	.LELT0:
 167              		.section	.gnu.debuglto_.debug_str,"eMS",%progbits,1
 168              	.LASF1:
 169 0000 6C6F6E67 		.ascii	"long long int\000"
 169      206C6F6E 
 169      6720696E 
ARM GAS  C:\Users\patri\AppData\Local\Temp\ccCS1vCn.s 			page 4


 169      7400
 170              	.LASF0:
 171 000e 756E7369 		.ascii	"unsigned int\000"
 171      676E6564 
 171      20696E74 
 171      00
 172              	.LASF4:
 173 001b 756E7369 		.ascii	"unsigned char\000"
 173      676E6564 
 173      20636861 
 173      7200
 174              	.LASF8:
 175 0029 6C6F6E67 		.ascii	"long unsigned int\000"
 175      20756E73 
 175      69676E65 
 175      6420696E 
 175      7400
 176              	.LASF9:
 177 003b 6C6F6E67 		.ascii	"long long unsigned int\000"
 177      206C6F6E 
 177      6720756E 
 177      7369676E 
 177      65642069 
 178              	.LASF13:
 179 0052 2E2E2F2E 		.ascii	"../../chibios2111/os/hal/ports/STM32/STM32F4xx/hal_"
 179      2E2F6368 
 179      6962696F 
 179      73323131 
 179      312F6F73 
 180 0085 65666C5F 		.ascii	"efl_lld.c\000"
 180      6C6C642E 
 180      6300
 181              	.LASF14:
 182 008f 433A5C43 		.ascii	"C:\\ChibiStudio\\workspace_user\\microcntr\000"
 182      68696269 
 182      53747564 
 182      696F5C77 
 182      6F726B73 
 183              	.LASF7:
 184 00b7 6C6F6E67 		.ascii	"long int\000"
 184      20696E74 
 184      00
 185              	.LASF11:
 186 00c0 5F426F6F 		.ascii	"_Bool\000"
 186      6C00
 187              	.LASF6:
 188 00c6 73686F72 		.ascii	"short unsigned int\000"
 188      7420756E 
 188      7369676E 
 188      65642069 
 188      6E7400
 189              	.LASF3:
 190 00d9 7369676E 		.ascii	"signed char\000"
 190      65642063 
 190      68617200 
 191              	.LASF2:
 192 00e5 6C6F6E67 		.ascii	"long double\000"
ARM GAS  C:\Users\patri\AppData\Local\Temp\ccCS1vCn.s 			page 5


 192      20646F75 
 192      626C6500 
 193              	.LASF12:
 194 00f1 474E5520 		.ascii	"GNU C17 11.3.1 20220712 -mcpu=cortex-m4 -mthumb -mf"
 194      43313720 
 194      31312E33 
 194      2E312032 
 194      30323230 
 195 0124 6C6F6174 		.ascii	"loat-abi=hard -mfpu=fpv4-sp-d16 -march=armv7e-m+fp "
 195      2D616269 
 195      3D686172 
 195      64202D6D 
 195      6670753D 
 196 0157 2D676764 		.ascii	"-ggdb -O2 -fomit-frame-pointer -falign-functions=16"
 196      62202D4F 
 196      32202D66 
 196      6F6D6974 
 196      2D667261 
 197 018a 202D6666 		.ascii	" -ffunction-sections -fdata-sections -fno-common -f"
 197      756E6374 
 197      696F6E2D 
 197      73656374 
 197      696F6E73 
 198 01bd 6C746F00 		.ascii	"lto\000"
 199              	.LASF5:
 200 01c1 73686F72 		.ascii	"short int\000"
 200      7420696E 
 200      7400
 201              	.LASF10:
 202 01cb 63686172 		.ascii	"char\000"
 202      00
 203              		.section	.gnu.debuglto_.debug_line_str,"eMS",%progbits,1
 204              	.LASF16:
 205 0000 2E2E2F2E 		.ascii	"../../chibios2111/os/hal/ports/STM32/STM32F4xx/hal_"
 205      2E2F6368 
 205      6962696F 
 205      73323131 
 205      312F6F73 
 206 0033 65666C5F 		.ascii	"efl_lld.c\000"
 206      6C6C642E 
 206      6300
 207              	.LASF15:
 208 003d 433A5C43 		.ascii	"C:\\ChibiStudio\\workspace_user\\microcntr\000"
 208      68696269 
 208      53747564 
 208      696F5C77 
 208      6F726B73 
 209              		.text
 210              		.section	.gnu.lto_.profile.71fd80c7,"e",%progbits
 211 0000 789C6362 		.ascii	"x\234cb\000\001\000\000\022\000\003"
 211      00010000 
 211      120003
 212              		.text
 213              		.section	.gnu.lto_.icf.71fd80c7,"e",%progbits
 214 0000 789C6362 		.ascii	"x\234cb@\006\000\000*\000\003"
 214      40060000 
 214      2A0003
ARM GAS  C:\Users\patri\AppData\Local\Temp\ccCS1vCn.s 			page 6


 215              		.text
 216              		.section	.gnu.lto_.ipa_sra.71fd80c7,"e",%progbits
 217 0000 789C6362 		.ascii	"x\234cb@\006\000\000*\000\003"
 217      40060000 
 217      2A0003
 218              		.text
 219              		.section	.gnu.lto_.inline.71fd80c7,"e",%progbits
 220 0000 789C6362 		.ascii	"x\234cb@\006\000\000*\000\003"
 220      40060000 
 220      2A0003
 221              		.text
 222              		.section	.gnu.lto_.jmpfuncs.71fd80c7,"e",%progbits
 223 0000 789C6362 		.ascii	"x\234cb@\006\000\000*\000\003"
 223      40060000 
 223      2A0003
 224              		.text
 225              		.section	.gnu.lto_.pureconst.71fd80c7,"e",%progbits
 226 0000 789C6364 		.ascii	"x\234cd\000\002\000\000\012\000\002"
 226      00020000 
 226      0A0002
 227              		.text
 228              		.section	.gnu.lto_.ipa_modref.71fd80c7,"e",%progbits
 229 0000 789C6362 		.ascii	"x\234cb@\006\000\000*\000\003"
 229      40060000 
 229      2A0003
 230              		.text
 231              		.section	.gnu.lto_.lto.71fd80c7,"e",%progbits
 232 0000 0B000300 		.ascii	"\013\000\003\000\001\000\000\000"
 232      01000000 
 233              		.text
 234              		.section	.gnu.lto_.symbol_nodes.71fd80c7,"e",%progbits
 235 0000 789C6362 		.ascii	"x\234cb\000\001\000\000\022\000\003"
 235      00010000 
 235      120003
 236              		.text
 237              		.section	.gnu.lto_.refs.71fd80c7,"e",%progbits
 238 0000 789C6364 		.ascii	"x\234cd\000\002\000\000\012\000\002"
 238      00020000 
 238      0A0002
 239              		.text
 240              		.section	.gnu.lto_.decls.71fd80c7,"e",%progbits
 241 0000 789C6360 		.ascii	"x\234c````\004b\036 \376\017\004 \366e\006(\000\000"
 241      60606004 
 241      621E20FE 
 241      0F0420F6 
 241      65062800 
 242 0015 466C04DE 		.ascii	"Fl\004\336"
 243              		.text
 244              		.section	.gnu.lto_.symtab.71fd80c7,"e",%progbits
 245              		.text
 246              		.section	.gnu.lto_.ext_symtab.71fd80c7,"e",%progbits
 247 0000 01       		.ascii	"\001"
 248              		.text
 249              		.section	.gnu.lto_.opts,"e",%progbits
 250 0000 272D666E 		.ascii	"'-fno-openmp' '-fno-openacc' '-fno-pie' '-fcf-prote"
 250      6F2D6F70 
 250      656E6D70 
ARM GAS  C:\Users\patri\AppData\Local\Temp\ccCS1vCn.s 			page 7


 250      2720272D 
 250      666E6F2D 
 251 0033 6374696F 		.ascii	"ction=none' '-g' '-mcpu=cortex-m4' '-mthumb' '-mflo"
 251      6E3D6E6F 
 251      6E652720 
 251      272D6727 
 251      20272D6D 
 252 0066 61742D61 		.ascii	"at-abi=hard' '-mfpu=fpv4-sp-d16' '-mlibarch=armv7e-"
 252      62693D68 
 252      61726427 
 252      20272D6D 
 252      6670753D 
 253 0099 6D2B6670 		.ascii	"m+fp' '-march=armv7e-m+fp' '-O2' '-fomit-frame-poin"
 253      2720272D 
 253      6D617263 
 253      683D6172 
 253      6D763765 
 254 00cc 74657227 		.ascii	"ter' '-falign-functions=16' '-ffunction-sections' '"
 254      20272D66 
 254      616C6967 
 254      6E2D6675 
 254      6E637469 
 255 00ff 2D666461 		.ascii	"-fdata-sections' '-fno-common' '-flto' '-Xassembler"
 255      74612D73 
 255      65637469 
 255      6F6E7327 
 255      20272D66 
 256 0132 2720272D 		.ascii	"' '-alms=./build/lst/hal_efl_lld.lst'\000"
 256      616C6D73 
 256      3D2E2F62 
 256      75696C64 
 256      2F6C7374 
 257              		.text
 258              		.comm	__gnu_lto_slim,1,1
 259              		.ident	"GCC: (Arm GNU Toolchain 11.3.Rel1) 11.3.1 20220712"
ARM GAS  C:\Users\patri\AppData\Local\Temp\ccCS1vCn.s 			page 8


DEFINED SYMBOLS
                            *ABS*:00000000 hal_efl_lld.c
C:\Users\patri\AppData\Local\Temp\ccCS1vCn.s:20     .gnu.debuglto_.debug_info:00000000 hal_efl_lld.c.c09e3a62
                            *COM*:00000001 __gnu_lto_slim

NO UNDEFINED SYMBOLS
