ARM GAS  C:\Users\patri\AppData\Local\Temp\ccMDigMB.s 			page 1


   1              		.cpu cortex-m4
   2              		.arch armv7e-m
   3              		.fpu fpv4-sp-d16
   4              		.eabi_attribute 27, 1
   5              		.eabi_attribute 28, 1
   6              		.eabi_attribute 20, 1
   7              		.eabi_attribute 21, 1
   8              		.eabi_attribute 23, 3
   9              		.eabi_attribute 24, 1
  10              		.eabi_attribute 25, 1
  11              		.eabi_attribute 26, 1
  12              		.eabi_attribute 30, 2
  13              		.eabi_attribute 34, 1
  14              		.eabi_attribute 18, 4
  15              		.file	"hal_st.c"
  16              		.file 1 "c:\\chibistudio\\tools\\gnu tools arm embedded\\11.3 2022.08\\arm-none-eabi\\include\\mac
  17              		.file 2 "c:\\chibistudio\\tools\\gnu tools arm embedded\\11.3 2022.08\\arm-none-eabi\\include\\sys
  18              		.file 3 "../../chibios2111/os/rt/include/chtime.h"
  19              		.file 4 "../../chibios2111/os/hal/ports/STM32/LLD/TIMv1/stm32_tim.h"
  20              		.file 5 "../../chibios2111/os/hal/ports/STM32/LLD/SYSTICKv1/hal_st_lld.h"
  21              		.file 6 "../../chibios2111/os/hal/src/hal_st.c"
  22              		.section	.gnu.debuglto_.debug_info,"e",%progbits
  23              	.Ldebug_info0:
  24              		.hidden	hal_st.c.0f19d45b
  25              		.weak	hal_st.c.0f19d45b
  26              	hal_st.c.0f19d45b:
  27 0000 DE020000 		.4byte	0x2de
  28 0004 0500     		.2byte	0x5
  29 0006 01       		.byte	0x1
  30 0007 04       		.byte	0x4
  31 0008 00000000 		.4byte	.Ldebug_abbrev0
  32 000c 11       		.uleb128 0x11
  33 000d 2C000000 		.4byte	.LASF39
  34 0011 1D       		.byte	0x1d
  35 0012 22020000 		.4byte	.LASF40
  36 0016 9F020000 		.4byte	.LASF41
  37 001a 00000000 		.4byte	.Ldebug_line0
  38 001e 12       		.uleb128 0x12
  39 001f 04       		.byte	0x4
  40 0020 05       		.byte	0x5
  41 0021 696E7400 		.ascii	"int\000"
  42 0025 01       		.uleb128 0x1
  43 0026 04       		.byte	0x4
  44 0027 07       		.byte	0x7
  45 0028 E3010000 		.4byte	.LASF0
  46 002c 01       		.uleb128 0x1
  47 002d 08       		.byte	0x8
  48 002e 05       		.byte	0x5
  49 002f 14020000 		.4byte	.LASF1
  50 0033 01       		.uleb128 0x1
  51 0034 08       		.byte	0x8
  52 0035 04       		.byte	0x4
  53 0036 87020000 		.4byte	.LASF2
  54 003a 01       		.uleb128 0x1
  55 003b 01       		.byte	0x1
  56 003c 06       		.byte	0x6
  57 003d 93020000 		.4byte	.LASF3
ARM GAS  C:\Users\patri\AppData\Local\Temp\ccMDigMB.s 			page 2


  58 0041 01       		.uleb128 0x1
  59 0042 01       		.byte	0x1
  60 0043 08       		.byte	0x8
  61 0044 83010000 		.4byte	.LASF4
  62 0048 01       		.uleb128 0x1
  63 0049 02       		.byte	0x2
  64 004a 05       		.byte	0x5
  65 004b 1B010000 		.4byte	.LASF5
  66 004f 01       		.uleb128 0x1
  67 0050 02       		.byte	0x2
  68 0051 07       		.byte	0x7
  69 0052 FC000000 		.4byte	.LASF6
  70 0056 01       		.uleb128 0x1
  71 0057 04       		.byte	0x4
  72 0058 05       		.byte	0x5
  73 0059 7E020000 		.4byte	.LASF7
  74 005d 06       		.uleb128 0x6
  75 005e B4010000 		.4byte	.LASF10
  76 0062 01       		.byte	0x1
  77 0063 4F       		.byte	0x4f
  78 0064 19       		.byte	0x19
  79 0065 69000000 		.4byte	0x69
  80 0069 01       		.uleb128 0x1
  81 006a 04       		.byte	0x4
  82 006b 07       		.byte	0x7
  83 006c 91010000 		.4byte	.LASF8
  84 0070 01       		.uleb128 0x1
  85 0071 08       		.byte	0x8
  86 0072 07       		.byte	0x7
  87 0073 CD020000 		.4byte	.LASF9
  88 0077 06       		.uleb128 0x6
  89 0078 75020000 		.4byte	.LASF11
  90 007c 02       		.byte	0x2
  91 007d 30       		.byte	0x30
  92 007e 14       		.byte	0x14
  93 007f 5D000000 		.4byte	0x5d
  94 0083 07       		.uleb128 0x7
  95 0084 77000000 		.4byte	0x77
  96 0088 01       		.uleb128 0x1
  97 0089 01       		.byte	0x1
  98 008a 08       		.byte	0x8
  99 008b F0010000 		.4byte	.LASF12
 100 008f 08       		.uleb128 0x8
 101 0090 88000000 		.4byte	0x88
 102 0094 06       		.uleb128 0x6
 103 0095 22000000 		.4byte	.LASF13
 104 0099 03       		.byte	0x3
 105 009a 6D       		.byte	0x6d
 106 009b 12       		.byte	0x12
 107 009c 77000000 		.4byte	0x77
 108 00a0 04       		.uleb128 0x4
 109 00a1 83000000 		.4byte	0x83
 110 00a5 B0000000 		.4byte	0xb0
 111 00a9 05       		.uleb128 0x5
 112 00aa 25000000 		.4byte	0x25
 113 00ae 01       		.byte	0x1
 114 00af 00       		.byte	0
ARM GAS  C:\Users\patri\AppData\Local\Temp\ccMDigMB.s 			page 3


 115 00b0 07       		.uleb128 0x7
 116 00b1 A0000000 		.4byte	0xa0
 117 00b5 04       		.uleb128 0x4
 118 00b6 83000000 		.4byte	0x83
 119 00ba C5000000 		.4byte	0xc5
 120 00be 05       		.uleb128 0x5
 121 00bf 25000000 		.4byte	0x25
 122 00c3 03       		.byte	0x3
 123 00c4 00       		.byte	0
 124 00c5 07       		.uleb128 0x7
 125 00c6 B5000000 		.4byte	0xb5
 126 00ca 01       		.uleb128 0x1
 127 00cb 01       		.byte	0x1
 128 00cc 02       		.byte	0x2
 129 00cd C7020000 		.4byte	.LASF14
 130 00d1 13       		.uleb128 0x13
 131 00d2 60       		.byte	0x60
 132 00d3 04       		.byte	0x4
 133 00d4 F601     		.2byte	0x1f6
 134 00d6 09       		.byte	0x9
 135 00d7 CA010000 		.4byte	0x1ca
 136 00db 02       		.uleb128 0x2
 137 00dc 43523100 		.ascii	"CR1\000"
 138 00e0 F701     		.2byte	0x1f7
 139 00e2 83000000 		.4byte	0x83
 140 00e6 00       		.byte	0
 141 00e7 02       		.uleb128 0x2
 142 00e8 43523200 		.ascii	"CR2\000"
 143 00ec F801     		.2byte	0x1f8
 144 00ee 83000000 		.4byte	0x83
 145 00f2 04       		.byte	0x4
 146 00f3 03       		.uleb128 0x3
 147 00f4 5E020000 		.4byte	.LASF15
 148 00f8 F901     		.2byte	0x1f9
 149 00fa 83000000 		.4byte	0x83
 150 00fe 08       		.byte	0x8
 151 00ff 03       		.uleb128 0x3
 152 0100 5A010000 		.4byte	.LASF16
 153 0104 FA01     		.2byte	0x1fa
 154 0106 83000000 		.4byte	0x83
 155 010a 0C       		.byte	0xc
 156 010b 02       		.uleb128 0x2
 157 010c 535200   		.ascii	"SR\000"
 158 010f FB01     		.2byte	0x1fb
 159 0111 83000000 		.4byte	0x83
 160 0115 10       		.byte	0x10
 161 0116 02       		.uleb128 0x2
 162 0117 45475200 		.ascii	"EGR\000"
 163 011b FC01     		.2byte	0x1fc
 164 011d 83000000 		.4byte	0x83
 165 0121 14       		.byte	0x14
 166 0122 03       		.uleb128 0x3
 167 0123 63020000 		.4byte	.LASF17
 168 0127 FD01     		.2byte	0x1fd
 169 0129 83000000 		.4byte	0x83
 170 012d 18       		.byte	0x18
 171 012e 03       		.uleb128 0x3
ARM GAS  C:\Users\patri\AppData\Local\Temp\ccMDigMB.s 			page 4


 172 012f 69020000 		.4byte	.LASF18
 173 0133 FE01     		.2byte	0x1fe
 174 0135 83000000 		.4byte	0x83
 175 0139 1C       		.byte	0x1c
 176 013a 03       		.uleb128 0x3
 177 013b 59020000 		.4byte	.LASF19
 178 013f FF01     		.2byte	0x1ff
 179 0141 83000000 		.4byte	0x83
 180 0145 20       		.byte	0x20
 181 0146 02       		.uleb128 0x2
 182 0147 434E5400 		.ascii	"CNT\000"
 183 014b 0002     		.2byte	0x200
 184 014d 83000000 		.4byte	0x83
 185 0151 24       		.byte	0x24
 186 0152 02       		.uleb128 0x2
 187 0153 50534300 		.ascii	"PSC\000"
 188 0157 0102     		.2byte	0x201
 189 0159 83000000 		.4byte	0x83
 190 015d 28       		.byte	0x28
 191 015e 02       		.uleb128 0x2
 192 015f 41525200 		.ascii	"ARR\000"
 193 0163 0202     		.2byte	0x202
 194 0165 83000000 		.4byte	0x83
 195 0169 2C       		.byte	0x2c
 196 016a 02       		.uleb128 0x2
 197 016b 52435200 		.ascii	"RCR\000"
 198 016f 0302     		.2byte	0x203
 199 0171 83000000 		.4byte	0x83
 200 0175 30       		.byte	0x30
 201 0176 02       		.uleb128 0x2
 202 0177 43435200 		.ascii	"CCR\000"
 203 017b 0402     		.2byte	0x204
 204 017d C5000000 		.4byte	0xc5
 205 0181 34       		.byte	0x34
 206 0182 03       		.uleb128 0x3
 207 0183 00000000 		.4byte	.LASF20
 208 0187 0502     		.2byte	0x205
 209 0189 83000000 		.4byte	0x83
 210 018d 44       		.byte	0x44
 211 018e 02       		.uleb128 0x2
 212 018f 44435200 		.ascii	"DCR\000"
 213 0193 1302     		.2byte	0x213
 214 0195 83000000 		.4byte	0x83
 215 0199 48       		.byte	0x48
 216 019a 03       		.uleb128 0x3
 217 019b BF010000 		.4byte	.LASF21
 218 019f 1402     		.2byte	0x214
 219 01a1 83000000 		.4byte	0x83
 220 01a5 4C       		.byte	0x4c
 221 01a6 02       		.uleb128 0x2
 222 01a7 4F5200   		.ascii	"OR\000"
 223 01aa 1502     		.2byte	0x215
 224 01ac 83000000 		.4byte	0x83
 225 01b0 50       		.byte	0x50
 226 01b1 03       		.uleb128 0x3
 227 01b2 6F020000 		.4byte	.LASF22
 228 01b6 1602     		.2byte	0x216
ARM GAS  C:\Users\patri\AppData\Local\Temp\ccMDigMB.s 			page 5


 229 01b8 83000000 		.4byte	0x83
 230 01bc 54       		.byte	0x54
 231 01bd 03       		.uleb128 0x3
 232 01be E4020000 		.4byte	.LASF23
 233 01c2 1702     		.2byte	0x217
 234 01c4 B0000000 		.4byte	0xb0
 235 01c8 58       		.byte	0x58
 236 01c9 00       		.byte	0
 237 01ca 14       		.uleb128 0x14
 238 01cb 4E010000 		.4byte	.LASF24
 239 01cf 04       		.byte	0x4
 240 01d0 1902     		.2byte	0x219
 241 01d2 03       		.byte	0x3
 242 01d3 D1000000 		.4byte	0xd1
 243 01d7 15       		.uleb128 0x15
 244 01d8 0F010000 		.4byte	.LASF25
 245 01dc 05       		.byte	0x5
 246 01dd A502     		.2byte	0x2a5
 247 01df 08       		.byte	0x8
 248 01e0 0B       		.uleb128 0xb
 249 01e1 05000000 		.4byte	.LASF26
 250 01e5 B3       		.byte	0xb3
 251 01e6 06       		.byte	0x6
 252 01e7 CA000000 		.4byte	0xca
 253 01eb 16       		.uleb128 0x16
 254 01ec E9020000 		.4byte	.LASF42
 255 01f0 06       		.byte	0x6
 256 01f1 A3       		.byte	0xa3
 257 01f2 0B       		.byte	0xb
 258 01f3 94000000 		.4byte	0x94
 259 01f7 05020000 		.4byte	0x205
 260 01fb 09       		.uleb128 0x9
 261 01fc 5F010000 		.4byte	.LASF27
 262 0200 15020000 		.4byte	0x215
 263 0204 00       		.byte	0
 264 0205 04       		.uleb128 0x4
 265 0206 8F000000 		.4byte	0x8f
 266 020a 15020000 		.4byte	0x215
 267 020e 05       		.uleb128 0x5
 268 020f 25000000 		.4byte	0x25
 269 0213 0A       		.byte	0xa
 270 0214 00       		.byte	0
 271 0215 08       		.uleb128 0x8
 272 0216 05020000 		.4byte	0x205
 273 021a 0C       		.uleb128 0xc
 274 021b 02020000 		.4byte	.LASF28
 275 021f 93       		.byte	0x93
 276 0220 39020000 		.4byte	0x239
 277 0224 0D       		.uleb128 0xd
 278 0225 7B010000 		.4byte	.LASF30
 279 0229 93       		.byte	0x93
 280 022a 1B       		.byte	0x1b
 281 022b 94000000 		.4byte	0x94
 282 022f 09       		.uleb128 0x9
 283 0230 5F010000 		.4byte	.LASF27
 284 0234 15020000 		.4byte	0x215
 285 0238 00       		.byte	0
ARM GAS  C:\Users\patri\AppData\Local\Temp\ccMDigMB.s 			page 6


 286 0239 0E       		.uleb128 0xe
 287 023a C4010000 		.4byte	.LASF32
 288 023e 85       		.byte	0x85
 289 023f 0C       		.uleb128 0xc
 290 0240 F5010000 		.4byte	.LASF29
 291 0244 77       		.byte	0x77
 292 0245 5E020000 		.4byte	0x25e
 293 0249 0D       		.uleb128 0xd
 294 024a 7B010000 		.4byte	.LASF30
 295 024e 77       		.byte	0x77
 296 024f 1D       		.byte	0x1d
 297 0250 94000000 		.4byte	0x94
 298 0254 09       		.uleb128 0x9
 299 0255 5F010000 		.4byte	.LASF27
 300 0259 6E020000 		.4byte	0x26e
 301 025d 00       		.byte	0
 302 025e 04       		.uleb128 0x4
 303 025f 8F000000 		.4byte	0x8f
 304 0263 6E020000 		.4byte	0x26e
 305 0267 05       		.uleb128 0x5
 306 0268 25000000 		.4byte	0x25
 307 026c 0C       		.byte	0xc
 308 026d 00       		.byte	0
 309 026e 08       		.uleb128 0x8
 310 026f 5E020000 		.4byte	0x25e
 311 0273 0B       		.uleb128 0xb
 312 0274 15000000 		.4byte	.LASF31
 313 0278 67       		.byte	0x67
 314 0279 0B       		.byte	0xb
 315 027a 94000000 		.4byte	0x94
 316 027e 0E       		.uleb128 0xe
 317 027f 0D020000 		.4byte	.LASF33
 318 0283 45       		.byte	0x45
 319 0284 0A       		.uleb128 0xa
 320 0285 37010000 		.4byte	.LASF34
 321 0289 0003     		.2byte	0x300
 322 028b 14       		.byte	0x14
 323 028c CA000000 		.4byte	0xca
 324 0290 0A       		.uleb128 0xa
 325 0291 48020000 		.4byte	.LASF35
 326 0295 F202     		.2byte	0x2f2
 327 0297 19       		.byte	0x19
 328 0298 94000000 		.4byte	0x94
 329 029c 0F       		.uleb128 0xf
 330 029d A3010000 		.4byte	.LASF36
 331 02a1 E602     		.2byte	0x2e6
 332 02a3 B4020000 		.4byte	0x2b4
 333 02a7 10       		.uleb128 0x10
 334 02a8 7B010000 		.4byte	.LASF30
 335 02ac E602     		.2byte	0x2e6
 336 02ae 2F       		.byte	0x2f
 337 02af 94000000 		.4byte	0x94
 338 02b3 00       		.byte	0
 339 02b4 17       		.uleb128 0x17
 340 02b5 25010000 		.4byte	.LASF43
 341 02b9 05       		.byte	0x5
 342 02ba D602     		.2byte	0x2d6
ARM GAS  C:\Users\patri\AppData\Local\Temp\ccMDigMB.s 			page 7


 343 02bc 14       		.byte	0x14
 344 02bd 0F       		.uleb128 0xf
 345 02be 68010000 		.4byte	.LASF37
 346 02c2 C602     		.2byte	0x2c6
 347 02c4 D5020000 		.4byte	0x2d5
 348 02c8 10       		.uleb128 0x10
 349 02c9 7B010000 		.4byte	.LASF30
 350 02cd C602     		.2byte	0x2c6
 351 02cf 31       		.byte	0x31
 352 02d0 94000000 		.4byte	0x94
 353 02d4 00       		.byte	0
 354 02d5 0A       		.uleb128 0xa
 355 02d6 D0010000 		.4byte	.LASF38
 356 02da B802     		.2byte	0x2b8
 357 02dc 19       		.byte	0x19
 358 02dd 94000000 		.4byte	0x94
 359 02e1 00       		.byte	0
 360              		.section	.gnu.debuglto_.debug_abbrev,"e",%progbits
 361              	.Ldebug_abbrev0:
 362 0000 01       		.uleb128 0x1
 363 0001 24       		.uleb128 0x24
 364 0002 00       		.byte	0
 365 0003 0B       		.uleb128 0xb
 366 0004 0B       		.uleb128 0xb
 367 0005 3E       		.uleb128 0x3e
 368 0006 0B       		.uleb128 0xb
 369 0007 03       		.uleb128 0x3
 370 0008 0E       		.uleb128 0xe
 371 0009 00       		.byte	0
 372 000a 00       		.byte	0
 373 000b 02       		.uleb128 0x2
 374 000c 0D       		.uleb128 0xd
 375 000d 00       		.byte	0
 376 000e 03       		.uleb128 0x3
 377 000f 08       		.uleb128 0x8
 378 0010 3A       		.uleb128 0x3a
 379 0011 21       		.uleb128 0x21
 380 0012 04       		.sleb128 4
 381 0013 3B       		.uleb128 0x3b
 382 0014 05       		.uleb128 0x5
 383 0015 39       		.uleb128 0x39
 384 0016 21       		.uleb128 0x21
 385 0017 19       		.sleb128 25
 386 0018 49       		.uleb128 0x49
 387 0019 13       		.uleb128 0x13
 388 001a 38       		.uleb128 0x38
 389 001b 0B       		.uleb128 0xb
 390 001c 00       		.byte	0
 391 001d 00       		.byte	0
 392 001e 03       		.uleb128 0x3
 393 001f 0D       		.uleb128 0xd
 394 0020 00       		.byte	0
 395 0021 03       		.uleb128 0x3
 396 0022 0E       		.uleb128 0xe
 397 0023 3A       		.uleb128 0x3a
 398 0024 21       		.uleb128 0x21
 399 0025 04       		.sleb128 4
ARM GAS  C:\Users\patri\AppData\Local\Temp\ccMDigMB.s 			page 8


 400 0026 3B       		.uleb128 0x3b
 401 0027 05       		.uleb128 0x5
 402 0028 39       		.uleb128 0x39
 403 0029 21       		.uleb128 0x21
 404 002a 19       		.sleb128 25
 405 002b 49       		.uleb128 0x49
 406 002c 13       		.uleb128 0x13
 407 002d 38       		.uleb128 0x38
 408 002e 0B       		.uleb128 0xb
 409 002f 00       		.byte	0
 410 0030 00       		.byte	0
 411 0031 04       		.uleb128 0x4
 412 0032 01       		.uleb128 0x1
 413 0033 01       		.byte	0x1
 414 0034 49       		.uleb128 0x49
 415 0035 13       		.uleb128 0x13
 416 0036 01       		.uleb128 0x1
 417 0037 13       		.uleb128 0x13
 418 0038 00       		.byte	0
 419 0039 00       		.byte	0
 420 003a 05       		.uleb128 0x5
 421 003b 21       		.uleb128 0x21
 422 003c 00       		.byte	0
 423 003d 49       		.uleb128 0x49
 424 003e 13       		.uleb128 0x13
 425 003f 2F       		.uleb128 0x2f
 426 0040 0B       		.uleb128 0xb
 427 0041 00       		.byte	0
 428 0042 00       		.byte	0
 429 0043 06       		.uleb128 0x6
 430 0044 16       		.uleb128 0x16
 431 0045 00       		.byte	0
 432 0046 03       		.uleb128 0x3
 433 0047 0E       		.uleb128 0xe
 434 0048 3A       		.uleb128 0x3a
 435 0049 0B       		.uleb128 0xb
 436 004a 3B       		.uleb128 0x3b
 437 004b 0B       		.uleb128 0xb
 438 004c 39       		.uleb128 0x39
 439 004d 0B       		.uleb128 0xb
 440 004e 49       		.uleb128 0x49
 441 004f 13       		.uleb128 0x13
 442 0050 00       		.byte	0
 443 0051 00       		.byte	0
 444 0052 07       		.uleb128 0x7
 445 0053 35       		.uleb128 0x35
 446 0054 00       		.byte	0
 447 0055 49       		.uleb128 0x49
 448 0056 13       		.uleb128 0x13
 449 0057 00       		.byte	0
 450 0058 00       		.byte	0
 451 0059 08       		.uleb128 0x8
 452 005a 26       		.uleb128 0x26
 453 005b 00       		.byte	0
 454 005c 49       		.uleb128 0x49
 455 005d 13       		.uleb128 0x13
 456 005e 00       		.byte	0
ARM GAS  C:\Users\patri\AppData\Local\Temp\ccMDigMB.s 			page 9


 457 005f 00       		.byte	0
 458 0060 09       		.uleb128 0x9
 459 0061 34       		.uleb128 0x34
 460 0062 00       		.byte	0
 461 0063 03       		.uleb128 0x3
 462 0064 0E       		.uleb128 0xe
 463 0065 49       		.uleb128 0x49
 464 0066 13       		.uleb128 0x13
 465 0067 34       		.uleb128 0x34
 466 0068 19       		.uleb128 0x19
 467 0069 00       		.byte	0
 468 006a 00       		.byte	0
 469 006b 0A       		.uleb128 0xa
 470 006c 2E       		.uleb128 0x2e
 471 006d 00       		.byte	0
 472 006e 03       		.uleb128 0x3
 473 006f 0E       		.uleb128 0xe
 474 0070 3A       		.uleb128 0x3a
 475 0071 21       		.uleb128 0x21
 476 0072 05       		.sleb128 5
 477 0073 3B       		.uleb128 0x3b
 478 0074 05       		.uleb128 0x5
 479 0075 39       		.uleb128 0x39
 480 0076 0B       		.uleb128 0xb
 481 0077 27       		.uleb128 0x27
 482 0078 19       		.uleb128 0x19
 483 0079 49       		.uleb128 0x49
 484 007a 13       		.uleb128 0x13
 485 007b 00       		.byte	0
 486 007c 00       		.byte	0
 487 007d 0B       		.uleb128 0xb
 488 007e 2E       		.uleb128 0x2e
 489 007f 00       		.byte	0
 490 0080 3F       		.uleb128 0x3f
 491 0081 19       		.uleb128 0x19
 492 0082 03       		.uleb128 0x3
 493 0083 0E       		.uleb128 0xe
 494 0084 3A       		.uleb128 0x3a
 495 0085 21       		.uleb128 0x21
 496 0086 06       		.sleb128 6
 497 0087 3B       		.uleb128 0x3b
 498 0088 0B       		.uleb128 0xb
 499 0089 39       		.uleb128 0x39
 500 008a 0B       		.uleb128 0xb
 501 008b 27       		.uleb128 0x27
 502 008c 19       		.uleb128 0x19
 503 008d 49       		.uleb128 0x49
 504 008e 13       		.uleb128 0x13
 505 008f 00       		.byte	0
 506 0090 00       		.byte	0
 507 0091 0C       		.uleb128 0xc
 508 0092 2E       		.uleb128 0x2e
 509 0093 01       		.byte	0x1
 510 0094 3F       		.uleb128 0x3f
 511 0095 19       		.uleb128 0x19
 512 0096 03       		.uleb128 0x3
 513 0097 0E       		.uleb128 0xe
ARM GAS  C:\Users\patri\AppData\Local\Temp\ccMDigMB.s 			page 10


 514 0098 3A       		.uleb128 0x3a
 515 0099 21       		.uleb128 0x21
 516 009a 06       		.sleb128 6
 517 009b 3B       		.uleb128 0x3b
 518 009c 0B       		.uleb128 0xb
 519 009d 39       		.uleb128 0x39
 520 009e 21       		.uleb128 0x21
 521 009f 06       		.sleb128 6
 522 00a0 27       		.uleb128 0x27
 523 00a1 19       		.uleb128 0x19
 524 00a2 01       		.uleb128 0x1
 525 00a3 13       		.uleb128 0x13
 526 00a4 00       		.byte	0
 527 00a5 00       		.byte	0
 528 00a6 0D       		.uleb128 0xd
 529 00a7 05       		.uleb128 0x5
 530 00a8 00       		.byte	0
 531 00a9 03       		.uleb128 0x3
 532 00aa 0E       		.uleb128 0xe
 533 00ab 3A       		.uleb128 0x3a
 534 00ac 21       		.uleb128 0x21
 535 00ad 06       		.sleb128 6
 536 00ae 3B       		.uleb128 0x3b
 537 00af 0B       		.uleb128 0xb
 538 00b0 39       		.uleb128 0x39
 539 00b1 0B       		.uleb128 0xb
 540 00b2 49       		.uleb128 0x49
 541 00b3 13       		.uleb128 0x13
 542 00b4 00       		.byte	0
 543 00b5 00       		.byte	0
 544 00b6 0E       		.uleb128 0xe
 545 00b7 2E       		.uleb128 0x2e
 546 00b8 00       		.byte	0
 547 00b9 3F       		.uleb128 0x3f
 548 00ba 19       		.uleb128 0x19
 549 00bb 03       		.uleb128 0x3
 550 00bc 0E       		.uleb128 0xe
 551 00bd 3A       		.uleb128 0x3a
 552 00be 21       		.uleb128 0x21
 553 00bf 06       		.sleb128 6
 554 00c0 3B       		.uleb128 0x3b
 555 00c1 0B       		.uleb128 0xb
 556 00c2 39       		.uleb128 0x39
 557 00c3 21       		.uleb128 0x21
 558 00c4 06       		.sleb128 6
 559 00c5 27       		.uleb128 0x27
 560 00c6 19       		.uleb128 0x19
 561 00c7 00       		.byte	0
 562 00c8 00       		.byte	0
 563 00c9 0F       		.uleb128 0xf
 564 00ca 2E       		.uleb128 0x2e
 565 00cb 01       		.byte	0x1
 566 00cc 03       		.uleb128 0x3
 567 00cd 0E       		.uleb128 0xe
 568 00ce 3A       		.uleb128 0x3a
 569 00cf 21       		.uleb128 0x21
 570 00d0 05       		.sleb128 5
ARM GAS  C:\Users\patri\AppData\Local\Temp\ccMDigMB.s 			page 11


 571 00d1 3B       		.uleb128 0x3b
 572 00d2 05       		.uleb128 0x5
 573 00d3 39       		.uleb128 0x39
 574 00d4 21       		.uleb128 0x21
 575 00d5 14       		.sleb128 20
 576 00d6 27       		.uleb128 0x27
 577 00d7 19       		.uleb128 0x19
 578 00d8 01       		.uleb128 0x1
 579 00d9 13       		.uleb128 0x13
 580 00da 00       		.byte	0
 581 00db 00       		.byte	0
 582 00dc 10       		.uleb128 0x10
 583 00dd 05       		.uleb128 0x5
 584 00de 00       		.byte	0
 585 00df 03       		.uleb128 0x3
 586 00e0 0E       		.uleb128 0xe
 587 00e1 3A       		.uleb128 0x3a
 588 00e2 21       		.uleb128 0x21
 589 00e3 05       		.sleb128 5
 590 00e4 3B       		.uleb128 0x3b
 591 00e5 05       		.uleb128 0x5
 592 00e6 39       		.uleb128 0x39
 593 00e7 0B       		.uleb128 0xb
 594 00e8 49       		.uleb128 0x49
 595 00e9 13       		.uleb128 0x13
 596 00ea 00       		.byte	0
 597 00eb 00       		.byte	0
 598 00ec 11       		.uleb128 0x11
 599 00ed 11       		.uleb128 0x11
 600 00ee 01       		.byte	0x1
 601 00ef 25       		.uleb128 0x25
 602 00f0 0E       		.uleb128 0xe
 603 00f1 13       		.uleb128 0x13
 604 00f2 0B       		.uleb128 0xb
 605 00f3 03       		.uleb128 0x3
 606 00f4 0E       		.uleb128 0xe
 607 00f5 1B       		.uleb128 0x1b
 608 00f6 0E       		.uleb128 0xe
 609 00f7 10       		.uleb128 0x10
 610 00f8 17       		.uleb128 0x17
 611 00f9 00       		.byte	0
 612 00fa 00       		.byte	0
 613 00fb 12       		.uleb128 0x12
 614 00fc 24       		.uleb128 0x24
 615 00fd 00       		.byte	0
 616 00fe 0B       		.uleb128 0xb
 617 00ff 0B       		.uleb128 0xb
 618 0100 3E       		.uleb128 0x3e
 619 0101 0B       		.uleb128 0xb
 620 0102 03       		.uleb128 0x3
 621 0103 08       		.uleb128 0x8
 622 0104 00       		.byte	0
 623 0105 00       		.byte	0
 624 0106 13       		.uleb128 0x13
 625 0107 13       		.uleb128 0x13
 626 0108 01       		.byte	0x1
 627 0109 0B       		.uleb128 0xb
ARM GAS  C:\Users\patri\AppData\Local\Temp\ccMDigMB.s 			page 12


 628 010a 0B       		.uleb128 0xb
 629 010b 3A       		.uleb128 0x3a
 630 010c 0B       		.uleb128 0xb
 631 010d 3B       		.uleb128 0x3b
 632 010e 05       		.uleb128 0x5
 633 010f 39       		.uleb128 0x39
 634 0110 0B       		.uleb128 0xb
 635 0111 01       		.uleb128 0x1
 636 0112 13       		.uleb128 0x13
 637 0113 00       		.byte	0
 638 0114 00       		.byte	0
 639 0115 14       		.uleb128 0x14
 640 0116 16       		.uleb128 0x16
 641 0117 00       		.byte	0
 642 0118 03       		.uleb128 0x3
 643 0119 0E       		.uleb128 0xe
 644 011a 3A       		.uleb128 0x3a
 645 011b 0B       		.uleb128 0xb
 646 011c 3B       		.uleb128 0x3b
 647 011d 05       		.uleb128 0x5
 648 011e 39       		.uleb128 0x39
 649 011f 0B       		.uleb128 0xb
 650 0120 49       		.uleb128 0x49
 651 0121 13       		.uleb128 0x13
 652 0122 00       		.byte	0
 653 0123 00       		.byte	0
 654 0124 15       		.uleb128 0x15
 655 0125 2E       		.uleb128 0x2e
 656 0126 00       		.byte	0
 657 0127 3F       		.uleb128 0x3f
 658 0128 19       		.uleb128 0x19
 659 0129 03       		.uleb128 0x3
 660 012a 0E       		.uleb128 0xe
 661 012b 3A       		.uleb128 0x3a
 662 012c 0B       		.uleb128 0xb
 663 012d 3B       		.uleb128 0x3b
 664 012e 05       		.uleb128 0x5
 665 012f 39       		.uleb128 0x39
 666 0130 0B       		.uleb128 0xb
 667 0131 27       		.uleb128 0x27
 668 0132 19       		.uleb128 0x19
 669 0133 3C       		.uleb128 0x3c
 670 0134 19       		.uleb128 0x19
 671 0135 00       		.byte	0
 672 0136 00       		.byte	0
 673 0137 16       		.uleb128 0x16
 674 0138 2E       		.uleb128 0x2e
 675 0139 01       		.byte	0x1
 676 013a 3F       		.uleb128 0x3f
 677 013b 19       		.uleb128 0x19
 678 013c 03       		.uleb128 0x3
 679 013d 0E       		.uleb128 0xe
 680 013e 3A       		.uleb128 0x3a
 681 013f 0B       		.uleb128 0xb
 682 0140 3B       		.uleb128 0x3b
 683 0141 0B       		.uleb128 0xb
 684 0142 39       		.uleb128 0x39
ARM GAS  C:\Users\patri\AppData\Local\Temp\ccMDigMB.s 			page 13


 685 0143 0B       		.uleb128 0xb
 686 0144 27       		.uleb128 0x27
 687 0145 19       		.uleb128 0x19
 688 0146 49       		.uleb128 0x49
 689 0147 13       		.uleb128 0x13
 690 0148 01       		.uleb128 0x1
 691 0149 13       		.uleb128 0x13
 692 014a 00       		.byte	0
 693 014b 00       		.byte	0
 694 014c 17       		.uleb128 0x17
 695 014d 2E       		.uleb128 0x2e
 696 014e 00       		.byte	0
 697 014f 03       		.uleb128 0x3
 698 0150 0E       		.uleb128 0xe
 699 0151 3A       		.uleb128 0x3a
 700 0152 0B       		.uleb128 0xb
 701 0153 3B       		.uleb128 0x3b
 702 0154 05       		.uleb128 0x5
 703 0155 39       		.uleb128 0x39
 704 0156 0B       		.uleb128 0xb
 705 0157 27       		.uleb128 0x27
 706 0158 19       		.uleb128 0x19
 707 0159 00       		.byte	0
 708 015a 00       		.byte	0
 709 015b 00       		.byte	0
 710              		.section	.gnu.debuglto_.debug_line,"e",%progbits
 711              	.Ldebug_line0:
 712 0000 63000000 		.4byte	.LELT0-.LSLT0
 713              	.LSLT0:
 714 0004 0500     		.2byte	0x5
 715 0006 04       		.byte	0x4
 716 0007 00       		.byte	0
 717 0008 5B000000 		.4byte	.LELTP0-.LASLTP0
 718              	.LASLTP0:
 719 000c 01       		.byte	0x1
 720 000d 01       		.byte	0x1
 721 000e 01       		.byte	0x1
 722 000f F6       		.byte	0xf6
 723 0010 F2       		.byte	0xf2
 724 0011 0D       		.byte	0xd
 725 0012 00       		.byte	0
 726 0013 01       		.byte	0x1
 727 0014 01       		.byte	0x1
 728 0015 01       		.byte	0x1
 729 0016 01       		.byte	0x1
 730 0017 00       		.byte	0
 731 0018 00       		.byte	0
 732 0019 00       		.byte	0
 733 001a 01       		.byte	0x1
 734 001b 00       		.byte	0
 735 001c 00       		.byte	0
 736 001d 01       		.byte	0x1
 737 001e 01       		.byte	0x1
 738 001f 01       		.uleb128 0x1
 739 0020 1F       		.uleb128 0x1f
 740 0021 07       		.uleb128 0x7
 741 0022 38010000 		.4byte	.LASF44
ARM GAS  C:\Users\patri\AppData\Local\Temp\ccMDigMB.s 			page 14


 742 0026 D6000000 		.4byte	.LASF45
 743 002a 09010000 		.4byte	.LASF46
 744 002e C0010000 		.4byte	.LASF47
 745 0032 99000000 		.4byte	.LASF48
 746 0036 69010000 		.4byte	.LASF49
 747 003a 0A000000 		.4byte	.LASF50
 748 003e 02       		.byte	0x2
 749 003f 01       		.uleb128 0x1
 750 0040 1F       		.uleb128 0x1f
 751 0041 02       		.uleb128 0x2
 752 0042 0B       		.uleb128 0xb
 753 0043 07       		.uleb128 0x7
 754 0044 5D000000 		.4byte	.LASF51
 755 0048 00       		.byte	0
 756 0049 C5000000 		.4byte	.LASF52
 757 004d 05       		.byte	0x5
 758 004e 00000000 		.4byte	.LASF53
 759 0052 06       		.byte	0x6
 760 0053 90000000 		.4byte	.LASF54
 761 0057 04       		.byte	0x4
 762 0058 B9000000 		.4byte	.LASF55
 763 005c 02       		.byte	0x2
 764 005d 83000000 		.4byte	.LASF56
 765 0061 01       		.byte	0x1
 766 0062 60010000 		.4byte	.LASF57
 767 0066 03       		.byte	0x3
 768              	.LELTP0:
 769              	.LELT0:
 770              		.section	.gnu.debuglto_.debug_str,"eMS",%progbits,1
 771              	.LASF20:
 772 0000 42445452 		.ascii	"BDTR\000"
 772      00
 773              	.LASF26:
 774 0005 73744973 		.ascii	"stIsAlarmActive\000"
 774      416C6172 
 774      6D416374 
 774      69766500 
 775              	.LASF31:
 776 0015 73744765 		.ascii	"stGetCounter\000"
 776      74436F75 
 776      6E746572 
 776      00
 777              	.LASF13:
 778 0022 73797374 		.ascii	"systime_t\000"
 778      696D655F 
 778      7400
 779              	.LASF39:
 780 002c 474E5520 		.ascii	"GNU C17 11.3.1 20220712 -mcpu=cortex-m4 -mthumb -mf"
 780      43313720 
 780      31312E33 
 780      2E312032 
 780      30323230 
 781 005f 6C6F6174 		.ascii	"loat-abi=hard -mfpu=fpv4-sp-d16 -march=armv7e-m+fp "
 781      2D616269 
 781      3D686172 
 781      64202D6D 
 781      6670753D 
ARM GAS  C:\Users\patri\AppData\Local\Temp\ccMDigMB.s 			page 15


 782 0092 2D676764 		.ascii	"-ggdb -O2 -fomit-frame-pointer -falign-functions=16"
 782      62202D4F 
 782      32202D66 
 782      6F6D6974 
 782      2D667261 
 783 00c5 202D6666 		.ascii	" -ffunction-sections -fdata-sections -fno-common -f"
 783      756E6374 
 783      696F6E2D 
 783      73656374 
 783      696F6E73 
 784 00f8 6C746F00 		.ascii	"lto\000"
 785              	.LASF6:
 786 00fc 73686F72 		.ascii	"short unsigned int\000"
 786      7420756E 
 786      7369676E 
 786      65642069 
 786      6E7400
 787              	.LASF25:
 788 010f 73745F6C 		.ascii	"st_lld_init\000"
 788      6C645F69 
 788      6E697400 
 789              	.LASF5:
 790 011b 73686F72 		.ascii	"short int\000"
 790      7420696E 
 790      7400
 791              	.LASF43:
 792 0125 73745F6C 		.ascii	"st_lld_stop_alarm\000"
 792      6C645F73 
 792      746F705F 
 792      616C6172 
 792      6D00
 793              	.LASF34:
 794 0137 73745F6C 		.ascii	"st_lld_is_alarm_active\000"
 794      6C645F69 
 794      735F616C 
 794      61726D5F 
 794      61637469 
 795              	.LASF24:
 796 014e 73746D33 		.ascii	"stm32_tim_t\000"
 796      325F7469 
 796      6D5F7400 
 797              	.LASF16:
 798 015a 44494552 		.ascii	"DIER\000"
 798      00
 799              	.LASF27:
 800 015f 5F5F6675 		.ascii	"__func__\000"
 800      6E635F5F 
 800      00
 801              	.LASF37:
 802 0168 73745F6C 		.ascii	"st_lld_start_alarm\000"
 802      6C645F73 
 802      74617274 
 802      5F616C61 
 802      726D00
 803              	.LASF30:
 804 017b 61627374 		.ascii	"abstime\000"
 804      696D6500 
ARM GAS  C:\Users\patri\AppData\Local\Temp\ccMDigMB.s 			page 16


 805              	.LASF4:
 806 0183 756E7369 		.ascii	"unsigned char\000"
 806      676E6564 
 806      20636861 
 806      7200
 807              	.LASF8:
 808 0191 6C6F6E67 		.ascii	"long unsigned int\000"
 808      20756E73 
 808      69676E65 
 808      6420696E 
 808      7400
 809              	.LASF36:
 810 01a3 73745F6C 		.ascii	"st_lld_set_alarm\000"
 810      6C645F73 
 810      65745F61 
 810      6C61726D 
 810      00
 811              	.LASF10:
 812 01b4 5F5F7569 		.ascii	"__uint32_t\000"
 812      6E743332 
 812      5F7400
 813              	.LASF21:
 814 01bf 444D4152 		.ascii	"DMAR\000"
 814      00
 815              	.LASF32:
 816 01c4 73745374 		.ascii	"stStopAlarm\000"
 816      6F70416C 
 816      61726D00 
 817              	.LASF38:
 818 01d0 73745F6C 		.ascii	"st_lld_get_counter\000"
 818      6C645F67 
 818      65745F63 
 818      6F756E74 
 818      657200
 819              	.LASF0:
 820 01e3 756E7369 		.ascii	"unsigned int\000"
 820      676E6564 
 820      20696E74 
 820      00
 821              	.LASF12:
 822 01f0 63686172 		.ascii	"char\000"
 822      00
 823              	.LASF29:
 824 01f5 73745374 		.ascii	"stStartAlarm\000"
 824      61727441 
 824      6C61726D 
 824      00
 825              	.LASF28:
 826 0202 73745365 		.ascii	"stSetAlarm\000"
 826      74416C61 
 826      726D00
 827              	.LASF33:
 828 020d 7374496E 		.ascii	"stInit\000"
 828      697400
 829              	.LASF1:
 830 0214 6C6F6E67 		.ascii	"long long int\000"
 830      206C6F6E 
ARM GAS  C:\Users\patri\AppData\Local\Temp\ccMDigMB.s 			page 17


 830      6720696E 
 830      7400
 831              	.LASF40:
 832 0222 2E2E2F2E 		.ascii	"../../chibios2111/os/hal/src/hal_st.c\000"
 832      2E2F6368 
 832      6962696F 
 832      73323131 
 832      312F6F73 
 833              	.LASF35:
 834 0248 73745F6C 		.ascii	"st_lld_get_alarm\000"
 834      6C645F67 
 834      65745F61 
 834      6C61726D 
 834      00
 835              	.LASF19:
 836 0259 43434552 		.ascii	"CCER\000"
 836      00
 837              	.LASF15:
 838 025e 534D4352 		.ascii	"SMCR\000"
 838      00
 839              	.LASF17:
 840 0263 43434D52 		.ascii	"CCMR1\000"
 840      3100
 841              	.LASF18:
 842 0269 43434D52 		.ascii	"CCMR2\000"
 842      3200
 843              	.LASF22:
 844 026f 43434D52 		.ascii	"CCMR3\000"
 844      3300
 845              	.LASF11:
 846 0275 75696E74 		.ascii	"uint32_t\000"
 846      33325F74 
 846      00
 847              	.LASF7:
 848 027e 6C6F6E67 		.ascii	"long int\000"
 848      20696E74 
 848      00
 849              	.LASF2:
 850 0287 6C6F6E67 		.ascii	"long double\000"
 850      20646F75 
 850      626C6500 
 851              	.LASF3:
 852 0293 7369676E 		.ascii	"signed char\000"
 852      65642063 
 852      68617200 
 853              	.LASF41:
 854 029f 433A5C43 		.ascii	"C:\\ChibiStudio\\workspace_user\\microcntr\000"
 854      68696269 
 854      53747564 
 854      696F5C77 
 854      6F726B73 
 855              	.LASF14:
 856 02c7 5F426F6F 		.ascii	"_Bool\000"
 856      6C00
 857              	.LASF9:
 858 02cd 6C6F6E67 		.ascii	"long long unsigned int\000"
 858      206C6F6E 
ARM GAS  C:\Users\patri\AppData\Local\Temp\ccMDigMB.s 			page 18


 858      6720756E 
 858      7369676E 
 858      65642069 
 859              	.LASF23:
 860 02e4 43435852 		.ascii	"CCXR\000"
 860      00
 861              	.LASF42:
 862 02e9 73744765 		.ascii	"stGetAlarm\000"
 862      74416C61 
 862      726D00
 863              		.section	.gnu.debuglto_.debug_line_str,"eMS",%progbits,1
 864              	.LASF53:
 865 0000 5F737464 		.ascii	"_stdint.h\000"
 865      696E742E 
 865      6800
 866              	.LASF50:
 867 000a 633A5C63 		.ascii	"c:\\chibistudio\\tools\\gnu tools arm embedded\\11."
 867      68696269 
 867      73747564 
 867      696F5C74 
 867      6F6F6C73 
 868 0039 33203230 		.ascii	"3 2022.08\\arm-none-eabi\\include\\sys\000"
 868      32322E30 
 868      385C6172 
 868      6D2D6E6F 
 868      6E652D65 
 869              	.LASF51:
 870 005d 2E2E2F2E 		.ascii	"../../chibios2111/os/hal/src/hal_st.c\000"
 870      2E2F6368 
 870      6962696F 
 870      73323131 
 870      312F6F73 
 871              	.LASF56:
 872 0083 68616C5F 		.ascii	"hal_st_lld.h\000"
 872      73745F6C 
 872      6C642E68 
 872      00
 873              	.LASF54:
 874 0090 63687469 		.ascii	"chtime.h\000"
 874      6D652E68 
 874      00
 875              	.LASF48:
 876 0099 2E2E2F2E 		.ascii	"../../chibios2111/os/rt/include\000"
 876      2E2F6368 
 876      6962696F 
 876      73323131 
 876      312F6F73 
 877              	.LASF55:
 878 00b9 73746D33 		.ascii	"stm32_tim.h\000"
 878      325F7469 
 878      6D2E6800 
 879              	.LASF52:
 880 00c5 5F646566 		.ascii	"_default_types.h\000"
 880      61756C74 
 880      5F747970 
 880      65732E68 
 880      00
ARM GAS  C:\Users\patri\AppData\Local\Temp\ccMDigMB.s 			page 19


 881              	.LASF45:
 882 00d6 2E2E2F2E 		.ascii	"../../chibios2111/os/hal/ports/STM32/LLD/SYSTICKv1\000"
 882      2E2F6368 
 882      6962696F 
 882      73323131 
 882      312F6F73 
 883              	.LASF46:
 884 0109 2E2E2F2E 		.ascii	"../../chibios2111/os/hal/ports/STM32/LLD/TIMv1\000"
 884      2E2F6368 
 884      6962696F 
 884      73323131 
 884      312F6F73 
 885              	.LASF44:
 886 0138 433A5C43 		.ascii	"C:\\ChibiStudio\\workspace_user\\microcntr\000"
 886      68696269 
 886      53747564 
 886      696F5C77 
 886      6F726B73 
 887              	.LASF57:
 888 0160 68616C5F 		.ascii	"hal_st.c\000"
 888      73742E63 
 888      00
 889              	.LASF49:
 890 0169 633A5C63 		.ascii	"c:\\chibistudio\\tools\\gnu tools arm embedded\\11."
 890      68696269 
 890      73747564 
 890      696F5C74 
 890      6F6F6C73 
 891 0198 33203230 		.ascii	"3 2022.08\\arm-none-eabi\\include\\machine\000"
 891      32322E30 
 891      385C6172 
 891      6D2D6E6F 
 891      6E652D65 
 892              	.LASF47:
 893 01c0 2E2E2F2E 		.ascii	"../../chibios2111/os/hal/src\000"
 893      2E2F6368 
 893      6962696F 
 893      73323131 
 893      312F6F73 
 894              		.text
 895              		.section	.gnu.lto_.profile.39d43415,"e",%progbits
 896 0000 789C6362 		.ascii	"x\234cb\000\001\000\000\022\000\003"
 896      00010000 
 896      120003
 897              		.text
 898              		.section	.gnu.lto_.icf.39d43415,"e",%progbits
 899 0000 789C0B62 		.ascii	"x\234\013b@\000v\206#\307\246d20\336\274\261\361\004"
 899      40007686 
 899      23C7A664 
 899      3230DEBC 
 899      B1F104
 900 0013 33131303 		.ascii	"3\023\023\003\023#S\327\225\376E\374l`&\0243\257j\177"
 900      132353D7 
 900      95FE45FC 
 900      6C602614 
 900      33AF6A7F 
 901 0027 F99F1D2C 		.ascii	"\371\237\035,\313r\353\351\236\233\234`&k\303\271\025"
ARM GAS  C:\Users\patri\AppData\Local\Temp\ccMDigMB.s 			page 20


 901      CB72EBE9 
 901      9E9B9C60 
 901      266BC3B9 
 901      15
 902 0038 4FF9C14C 		.ascii	"O\371\301L\266\245\357\026~e\0013\031\000\301\024\025"
 902      B6A5EF16 
 902      7E650133 
 902      1900C114 
 902      15
 903 0049 8D       		.ascii	"\215"
 904              		.text
 905              		.section	.gnu.lto_.ipa_sra.39d43415,"e",%progbits
 906 0000 789C5364 		.ascii	"x\234Sd@\000v\006\006F\006FF\006f&F\020\227\221\231"
 906      40007606 
 906      06460646 
 906      46066626 
 906      46109791 
 907 0015 819105C2 		.ascii	"\201\221\005\302be`fc`f\000\000\010\271\000N"
 907      62656066 
 907      63606600 
 907      0008B900 
 907      4E
 908              		.text
 909              		.section	.gnu.lto_.inline.39d43415,"e",%progbits
 910 0000 789CFBCB 		.ascii	"x\234\373\313\200\000\354\014\014,\015@\300\234\306"
 910      8000EC0C 
 910      0C2C0D40 
 910      C09CC6
 911 000f C8C0C4C0 		.ascii	"\310\300\304\300\320\010d\32610\260\201\204\230R\230"
 911      D00864D6 
 911      3130B081 
 911      84985298 
 912 001f 40420C0C 		.ascii	"@B\014\014\214\\`\022\2520\005\250\220\011,\237\214"
 912      8C5C6012 
 912      AA3005A8 
 912      90092C9F 
 912      8C
 913 0030 AE9009CC 		.ascii	"\256\220\011\314?\300\224\012T\302\006Q\214\256\204"
 913      3FC0940A 
 913      54C20651 
 913      8CAE84
 914 003f 99B0292C 		.ascii	"\231\260),\204\225\260\022V\302F\330-\014\000\262\026"
 914      8495B012 
 914      56C246D8 
 914      2D0C00B2 
 914      16
 915 0050 34B2     		.ascii	"4\262"
 916              		.text
 917              		.section	.gnu.lto_.jmpfuncs.39d43415,"e",%progbits
 918 0000 789C5360 		.ascii	"x\234S`@\000v\020\301\310\300\300\304\310\310X\317\304"
 918      40007610 
 918      C1C8C0C0 
 918      C4C8C858 
 918      CFC4
 919 0012 C4CCC0C0 		.ascii	"\304\314\300\300\002a\26120\260\001\245\000\0271\001"
 919      0261B132 
 919      30B001A5 
ARM GAS  C:\Users\patri\AppData\Local\Temp\ccMDigMB.s 			page 21


 919      00173101 
 920 0022 49       		.ascii	"I"
 921              		.text
 922              		.section	.gnu.lto_.pureconst.39d43415,"e",%progbits
 923 0000 789C05C1 		.ascii	"x\234\005\301\001\021\000 \014\304\260\037\024\346\000"
 923      01110020 
 923      0CC4B01F 
 923      14E600
 924 000f EDBBAA25 		.ascii	"\355\273\252%yI:C\311\222-\310\221+\0372\332\004\203"
 924      79493A43 
 924      C9922DC8 
 924      912B1F32 
 924      DA0483
 925              		.text
 926              		.section	.gnu.lto_.ipa_modref.39d43415,"e",%progbits
 927 0000 789CEB65 		.ascii	"x\234\353e@\000v\006\006\005\001\001(\301\300\010\246"
 927      40007606 
 927      06050101 
 927      28C1C008 
 927      A6
 928 0011 19999881 		.ascii	"\031\231\230\201\230\205\021*\310\204P\001\227a`\306"
 928      9885112A 
 928      C8845001 
 928      976160C6 
 929 0021 26C8824D 		.ascii	"&\310\202M\220\025\233\231l\330\004\031\000~\377\004"
 929      90159B99 
 929      6CD80419 
 929      007EFF04 
 930 0031 7E       		.ascii	"~"
 931              		.text
 932              		.section	.gnu.lto_.lto.39d43415,"e",%progbits
 933 0000 0B000300 		.ascii	"\013\000\003\000\001\000\000\000"
 933      01000000 
 934              		.text
 935              		.section	.gnu.lto_stInit.384.39d43415,"e",%progbits
 936 0000 789C6B66 		.ascii	"x\234kf``\010\004be fdf`\2344\261\213\211\241\241\241"
 936      60600804 
 936      62652066 
 936      6466609C 
 936      34B18B89 
 937 0017 C1819D89 		.ascii	"\301\201\235\211\261qb\027'\343vF0\217\221\241\236\211"
 937      B1716217 
 937      27E37646 
 937      308F91A1 
 937      9E89
 938 0029 B19E7121 		.ascii	"\261\236q!\263>\220\373\343\351\264\336\303\214\015"
 938      B33E90FB 
 938      E3E9B4DE 
 938      C38C0D
 939 0038 2B0E30BE 		.ascii	"+\0160\276b`\250g\200\002n\010\233\021\210\327_b=\320"
 939      6260A867 
 939      80026E08 
 939      9B1188D7 
 939      5F623DD0 
 940 004c F0E77F7F 		.ascii	"\360\347\177\177C\303\335G\214\363\224\231\031\030\346"
 940      43C3DD47 
 940      8CF39499 
ARM GAS  C:\Users\patri\AppData\Local\Temp\ccMDigMB.s 			page 22


 940      1918E6
 941 005b 31834C6D 		.ascii	"1\203Lm`al8\300\3000\237\231\011\302i\004r\27635<\332"
 941      60616C38 
 941      C0C0309F 
 941      9909C269 
 941      0472BE33 
 942 0072 7D8C91E1 		.ascii	"}\214\221\341/S\263\002C\027#Sm5\003\003\0233\303\177"
 942      2F53B302 
 942      43172353 
 942      6D350303 
 942      1333C37F 
 943 0086 A6A6077B 		.ascii	"\246\246\007{\335\300\006\317cfD\350e`\320p\266\212"
 943      DDC006CF 
 943      636644E8 
 943      6560D070 
 943      B68A
 944 0098 71CEC84C 		.ascii	"q\316\310L\312\014.)M\311\314\217)\317/\312..HLN\215"
 944      CA0C2E29 
 944      4DC9CC8F 
 944      29CF2FCA 
 944      2E2E484C 
 945 00ae 2F2D4E2D 		.ascii	"/-N-\212\311\315L.\312O\316+)bP\323\323\323\007\242"
 945      8AC9CD4C 
 945      2ECA4FCE 
 945      2B296250 
 945      D3D3D307 
 946 00c3 6490DAFC 		.ascii	"d\220\332\374b#CCC\375\374b\375\214\304\034\375\342"
 946      62234343 
 946      43FDFC62 
 946      FD8CC41C 
 946      FDE2
 947 00d5 A264101D 		.ascii	"\242d\020\035_\\\242\227\314\000\000]\001Nc"
 947      5F5CA297 
 947      CC00005D 
 947      014E63
 948              		.text
 949              		.section	.gnu.lto_stGetCounter.385.39d43415,"e",%progbits
 950 0000 789C754F 		.ascii	"x\234uO=HBQ\024>\347>M!\232\244\255\241!\244\311\207"
 950      3D484251 
 950      143EE73E 
 950      4D219AA4 
 950      ADA121A4 
 951 0016 060D4D82 		.ascii	"\006\015M\202-\221M\317%\020\304\236\202\222\365\354"
 951      2D914DCF 
 951      2510C49E 
 951      8292F5EC 
 952 0026 3DCD41C4 		.ascii	"=\315A\304\233mB\204\016\341\320\0176%\004-A?\212=\232"
 952      9B6D4284 
 952      0EE1D00F 
 952      3625042D 
 952      413F8A3D 
 953 003b DA84E6A6 		.ascii	"\332\204\346\246\"\020,\020\"\023\012\354\\m\355r\317"
 953      22102C10 
 953      22130AEC 
 953      5C6DED72 
 953      CF
 954 004c 77CF77FE 		.ascii	"w\317w\376\276s{\000P&s\222\241\004X.\025\031p\316\275"
ARM GAS  C:\Users\patri\AppData\Local\Temp\ccMDigMB.s 			page 23


 954      BE737B00 
 954      50267392 
 954      A104582E 
 954      151970CE 
 955 0061 36863BA5 		.ascii	"6\206;\245b\353\350\322\20278\014 \344\031\346\261*"
 955      62EBE8D2 
 955      8237380C 
 955      20E419E6 
 955      B12A
 956 0073 5971CC81 		.ascii	"Yq\314\201\026\302I\234\226M\316\373\257\007\255\227"
 956      16C2499C 
 956      964DCEFB 
 956      AF07AD97 
 957 0083 B1C333D3 		.ascii	"\261\3033\323\222\207\3345^!\014\3178@\216\206Z\221"
 957      9287DC35 
 957      5E210CCF 
 957      38408E86 
 957      5A91
 958 0095 9C6C1D81 		.ascii	"\234l\035\201\034\232\323\177\253Jp\213Y\221n \205E"
 958      1C9AD37F 
 958      AB4A708B 
 958      59916E20 
 958      8545
 959 00a7 F5C5A3D5 		.ascii	"\365\305\243\325\344?\203}\316\007S\315\247\236]b\300"
 959      E43F837D 
 959      CE0753CD 
 959      A79E5D62 
 959      C0
 960 00b8 24806349 		.ascii	"$\200cI\254\302-\310M\200\023\211\215\310.\221/\306"
 960      ACC22DC8 
 960      4D801389 
 960      8DC82E91 
 960      2FC6
 961 00ca 4F6D023F 		.ascii	"Om\002?j{\335\316\203C\014\"\366\374\331\251 6\020\276"
 961      6A7BDDCE 
 961      83430C22 
 961      F6FCD9A9 
 961      203610BE 
 962 00de D97DB336 		.ascii	"\331}\2636!1Z2#\224\011y\205\232\255x\216\220\276\303"
 962      21315A32 
 962      23940979 
 962      859AAD78 
 962      8E90BEC3 
 963 00f2 26C27C95 		.ascii	"&\302|\225\363\366\214a\342\026\355\001\003V\350\276"
 963      F3F68C61 
 963      E216ED01 
 963      0356E8BE 
 964 0102 97EB6D3B 		.ascii	"\227\353m;\375\226\324A\210\343H\257`\012:\353[\010"
 964      FD96D441 
 964      88E348AF 
 964      600A3AEB 
 964      5B08
 965 0114 FA62F1B5 		.ascii	"\372b\361\265\270\222JG\342Z0\243\351\353F2\254FCi#"
 965      B8924A47 
 965      E25A30A3 
 965      E9EB4632 
 965      AC464369 
ARM GAS  C:\Users\patri\AppData\Local\Temp\ccMDigMB.s 			page 24


 966 0129 AA0737E2 		.ascii	"\252\0077\342\252\256\251\233)\035\234.\227LW\025\265"
 966      AAAEA99B 
 966      291D9C2E 
 966      974C5715 
 966      B5
 967 013a 9AE171BB 		.ascii	"\232\341q\273\335\262f\310\261pB6tU\274!#\345R\301\373"
 967      DDB266C8 
 967      B1704236 
 967      7455BC21 
 967      23E552C1 
 968 014f 6F5952D3 		.ascii	"oYR\323S\206\254\004V\346<\262\337\277(+\253J`\311\267"
 968      5386AC04 
 968      56E63CB2 
 968      DFBF282B 
 968      AB4A60C9 
 969 0164 BCEDFE6B 		.ascii	"\274\355\376k\016%\022\021W\014~\001\200u\212\003"
 969      0E251211 
 969      570C7E01 
 969      80758A03 
 970              		.text
 971              		.section	.gnu.lto_stStartAlarm.386.39d43415,"e",%progbits
 972 0000 789C7D51 		.ascii	"x\234}QMk\023Q\024\275g&\223\264t!T,.\212\024\025\021"
 972      4D6B1351 
 972      14BD6726 
 972      93B47421 
 972      542C2E8A 
 973 0017 D48C533F 		.ascii	"\324\214S?PW\205\010*\306\215\351F\011\204d\022Ih\322"
 973      50578508 
 973      2AC68DE9 
 973      46098464 
 973      124968D2 
 974 002b 6967128B 		.ascii	"ig\022\213\004\3113]\010E*u!]\204Hw\021\024Q\301\326"
 974      04C9335D 
 974      08452A75 
 974      215D8448 
 974      77111451 
 975 0041 6893A155 		.ascii	"h\223\241U[]H\361\027\204\200 \202Q\250\037-*\361\275"
 975      5B5D48F1 
 975      17848020 
 975      8251A81F 
 975      2D2AF1BD 
 976 0055 192D6E74 		.ascii	"\031-nt\230\271w\316\275\347\234w\337{\015\020\335%"
 976      98B977CE 
 976      BDE79C77 
 976      DF7B0D10 
 976      DD25
 977 0067 A21DFC83 		.ascii	"\242\035\374\203L\27015!\021cl\300'\341\312\324D'\236"
 977      4CB83135 
 977      2111636C 
 977      C027E1CA 
 977      D444279E 
 978 007b C041A082 		.ascii	"\300A\240\202\204\002fd\225\303\265\2677?.\202Ul\274"
 978      84026664 
 978      95C3B5B7 
 978      373F2E82 
 978      556CBC
 979 008e 272A90F3 		.ascii	"'*\220\363(\360n\206\207\307-\350S\320q\226\366\331"
ARM GAS  C:\Users\patri\AppData\Local\Temp\ccMDigMB.s 			page 25


 979      28F06E86 
 979      87C72DE8 
 979      53D07196 
 979      F6D9
 980 00a0 8CADCCCF 		.ascii	"\214\255\314\3171\326I\227\253(<\306\034_J\302\371\227"
 980      31D64997 
 980      AB283CC6 
 980      1C5F4AC2 
 980      F997
 981 00b2 1EA22E47 		.ascii	"\036\242.G\006\005\374'?\017.\026\354\265\352\325\311"
 981      0605FC27 
 981      3F0F2E16 
 981      ECB5EAD5 
 981      C9
 982 00c3 D99D2FC6 		.ascii	"\331\235/\306\331I.\310;\202\032\270bYQ\260G\364\037"
 982      D9492EC8 
 982      3B821AB8 
 982      625951B0 
 982      47F41F
 983 00d6 AD97AFF9 		.ascii	"\255\227\257\371\3302\363l\030\326\340,\335%\206\372"
 983      D832F36C 
 983      18D6E02C 
 983      DD2586FA 
 984 00e6 A9D5414F 		.ascii	"\251\325AO\221\027\3566\270\253\350\335{\243\330\354"
 984      9117EE36 
 984      B8ABE8DD 
 984      7BA3D8EC 
 985 00f6 47FB3A63 		.ascii	"G\373:c\355m\257K\355\016\257\004Ty\243,\213]2\017\230"
 985      ED6DAF4B 
 985      ED0EAF04 
 985      5479A32C 
 985      8B5D320F 
 986 010b 4D744B96 		.ascii	"MtK\226\\0\316\3017\2115W\227 \362\366\215\320\374\352"
 986      5C30CEC1 
 986      37893557 
 986      9720F2F6 
 986      8DD0FCEA 
 987 011f E3A9D887 		.ascii	"\343\251\330\207\032dI\024V\277L\226Z\215n\324\035b"
 987      1A644914 
 987      56BF4C96 
 987      5A8D6ED4 
 987      1D62
 988 0131 F37E6B1A 		.ascii	"\363~k\032\260A\337\245\205\322\355^~\012\227\304\246"
 988      B041DFA5 
 988      85D2ED5E 
 988      7E0A97C4 
 988      A6
 989 0142 7864D3DC 		.ascii	"xd\323\334W\301\035\320\330\"\026D\361\360\014c\357"
 989      57C11DD0 
 989      D8221644 
 989      F1F00C63 
 989      EF
 990 0153 36E59EC1 		.ascii	"6\345\236\301\342S\036\341\240\3223\372\034{\305\314"
 990      E2531EE1 
 990      A0D233FA 
 990      1C7BC5CC 
 991 0163 AE75F361 		.ascii	"\256u\363ak\2530\372\\\351\375K\350\312F\227`p\2427"
ARM GAS  C:\Users\patri\AppData\Local\Temp\ccMDigMB.s 			page 26


 991      6BAB30FA 
 991      5CE9FD4B 
 991      E8CA4697 
 991      6070A237 
 992 0177 0377D0D9 		.ascii	"\003w\320\331\377P_a\310\245\012\327\342\247\017\017"
 992      FF505F61 
 992      C8A50AD7 
 992      E2A70F0F 
 993 0187 EA417E9B 		.ascii	"\352A~\233\020G\326\226\212\215\365\023\316\275\225"
 993      1047D696 
 993      8A8DF513 
 993      CEBD95
 994 0196 65B87B2F 		.ascii	"e\270{/\332\002\356\016\034\013\007\222\251X*\224\315"
 994      DA02EE0E 
 994      1C0B0792 
 994      A9582A94 
 994      CD
 995 01a7 C5534678 		.ascii	"\305SFx\3140\207\254\221\250\236\210\344\254\204\031"
 995      CC3087AC 
 995      91A89E88 
 995      E4AC8419 
 996 01b7 CEA474D3 		.ascii	"\316\244t\323\320\207\263&\355\362\373U\376\352\202"
 996      D087B326 
 996      EDF2FB55 
 996      FEEA82
 997 01c6 6B58FD9A 		.ascii	"kX\375\232\246\251\206\245&\243i\3252u\221#V\326\257"
 997      A6A986A5 
 997      26A369D5 
 997      32759123 
 997      56D6AF
 998 01d9 932F1AB3 		.ascii	"\223/\032\263\262\251L\242\373O\305\277\377\202v4~\360"
 998      B2A94CA2 
 998      FB4FC5BF 
 998      FF827634 
 998      7EF0
 999 01eb 508C06FE 		.ascii	"P\214\006\376\3510b\230YK\015\015\2369\320\257\006\203"
 999      E9306298 
 999      594B0D0D 
 999      9E39D0AF 
 999      0683
 1000 01fd C7D5D0B9 		.ascii	"\307\325\320\271\320\340\251\300\351\213\332o\337H:"
 1000      D0E0A9C0 
 1000      E98BDA6F 
 1000      DF483A
 1001 020c 1DF727E9 		.ascii	"\035\367'\351\027q\205\345("
 1001      177185E5 
 1001      28
 1002              		.text
 1003              		.section	.gnu.lto_stStopAlarm.387.39d43415,"e",%progbits
 1004 0000 789C7BC6 		.ascii	"x\234{\306\300\3000\011\210\225\201\230\221\231\201"
 1004      C0C03009 
 1004      88958198 
 1004      919981
 1005 000f 71D2C42E 		.ascii	"q\322\304.&\206\206\206\006\007v&\306\306\211]\234\214"
 1005      26868686 
 1005      06077626 
 1005      C6C6895D 
ARM GAS  C:\Users\patri\AppData\Local\Temp\ccMDigMB.s 			page 27


 1005      9C8C
 1006 0021 DB19C13C 		.ascii	"\333\031\301<F\206z&\306z\306\205\314\372@\356\217\247"
 1006      46867A26 
 1006      C67AC685 
 1006      CCFA40EE 
 1006      8FA7
 1007 0033 D37A8F32 		.ascii	"\323z\21726\2548\300\370\212\201\241\236\001\012\270"
 1007      36AC38C0 
 1007      F88A81A1 
 1007      9E010AB8 
 1008 0043 C16C4656 		.ascii	"\301lFVF \243v'#\003\220\001R{\334\210a\007c-Hv\027"
 1008      4620A376 
 1008      27230390 
 1008      01527BDC 
 1008      88610763 
 1009 005b 23509411 		.ascii	"#P\224\021\250r\375%\326\003\015\177\376\36774\274\327"
 1009      A872FD25 
 1009      D6030D7F 
 1009      FEF73734 
 1009      BCD7
 1010 006d D8316719 		.ascii	"\3301g\031'3\003\303<f\220\255\015,\214\015\007\030"
 1010      273303C3 
 1010      3C6690AD 
 1010      0D2C8C0D 
 1010      0718
 1011 007f 18E63333 		.ascii	"\030\34633A8\315@\316w\246\206G\363O1\202\350\317+{"
 1011      4138CD40 
 1011      CE77A686 
 1011      47F34F31 
 1011      82E8CF2B 
 1012 0094 EFBC7B20 		.ascii	"\357\274{ \0042\006$\372\371\335\014F\306]\214\014\277"
 1012      04320624 
 1012      FAF9DD0C 
 1012      46C65D8C 
 1012      0CBF
 1013 00a6 990E7D59 		.ascii	"\231\016}Y!\316\312\310V\015\262\024H6\314\000jfe\\"
 1013      21CECAC8 
 1013      560DB214 
 1013      4836CC00 
 1013      6A66655C 
 1014 00ba C3C850B9 		.ascii	"\303\310P\271\227q\017#\203\331\302\206\206\027\374"
 1014      97710F23 
 1014      83D9C286 
 1014      8617FC
 1015 00c9 E5FB184B 		.ascii	"\345\373\030K\201n`+\006:\341?S\323\207\267M\227]\200"
 1015      816E602B 
 1015      063AE13F 
 1015      53D387B7 
 1015      4D975D80 
 1016 00dd DE03BB7D 		.ascii	"\336\003\273}\0363#\304\306\246\003 \256\206\263U\214"
 1016      1E3323C4 
 1016      C6A60320 
 1016      AE86B355 
 1016      8C
 1017 00ee 73466652 		.ascii	"sFfRfpIiJf~Ly~QvqAbrj|iqjQLnfrQ~r^I\021\203\232\236"
 1017      66704969 
 1017      4A667E4C 
ARM GAS  C:\Users\patri\AppData\Local\Temp\ccMDigMB.s 			page 28


 1017      797E5176 
 1017      71416272 
 1018 0115 9E3E1025 		.ascii	"\236>\020%\203\324\346\027\033\031\032\032\352\347\027"
 1018      83D4E617 
 1018      1B191A1A 
 1018      EAE717
 1019 0124 EB6724E6 		.ascii	"\353g$\346\350\027\027%\203\350\370\342\022\275d\006"
 1019      E8171725 
 1019      83E8F8E2 
 1019      12BD6406 
 1020 0134 079CCA0A 		.ascii	"\007\234\312\012\362\213J\212\365\203C|\215\215\364"
 1020      F28B4A8A 
 1020      F583437C 
 1020      8D8DF4
 1021 0143 7D7C5CF4 		.ascii	"}|\\\364\203#\203C<\235\275\313\014\241\232\343srR\364"
 1021      83238343 
 1021      3C9DBDCB 
 1021      0CA19AE3 
 1021      737252F4 
 1022 0157 32180028 		.ascii	"2\030\000(\220\206\022"
 1022      908612
 1023              		.text
 1024              		.section	.gnu.lto_stSetAlarm.388.39d43415,"e",%progbits
 1025 0000 789CEB62 		.ascii	"x\234\353bd`X\313\300\300\240\014\304\214\314\014\214"
 1025      646058CB 
 1025      C0C0A00C 
 1025      C48CCC0C 
 1025      8C
 1026 0011 93267631 		.ascii	"\223&v114448\260316N\354\342d\334\315\010\34612\324"
 1026      31343434 
 1026      38B03331 
 1026      364EECE2 
 1026      64DCCD08 
 1027 0029 3331D633 		.ascii	"31\3263.d\326\007r\177<\235\266\372(c\303\212\003\214"
 1027      2E64D607 
 1027      727F3C9D 
 1027      B6FA2863 
 1027      C38A038C 
 1028 003d AF1818EA 		.ascii	"\257\030\030\352\031\300\200\225\221M\230\221\005H\212"
 1028      19C08095 
 1028      914D9891 
 1028      05488A
 1029 004c 322AB032 		.ascii	"2*\2602r\0041\350\036hh\270\260{GC\003'C\355.\306\372"
 1029      720431E8 
 1029      1E6868B8 
 1029      B07B4743 
 1029      032743ED 
 1030 0063 9D8C3B80 		.ascii	"\235\214;\200V11F-aa`\340\006kcde\0042\252\3672\002"
 1030      56313146 
 1030      2D616160 
 1030      E0066B63 
 1030      64650432 
 1031 007b 358354FF 		.ascii	"5\203T\377\330\325~n\273\315\321\346\006\017\240\206"
 1031      D8D57E6E 
 1031      BBCDD1E6 
 1031      060FA086 
 1032 008b 6AB0867D 		.ascii	"j\260\206}\214@\035\313YY\031\265A\362\333n\256\352"
ARM GAS  C:\Users\patri\AppData\Local\Temp\ccMDigMB.s 			page 29


 1032      8C401DCB 
 1032      595919B5 
 1032      41F2DB6E 
 1032      AEEA
 1033 009d 616F38D1 		.ascii	"ao8\321\300\0027p\037#\330jn\220\243\256\033\355gd\330"
 1033      C0023770 
 1033      1F23D86A 
 1033      6E90A3AE 
 1033      1BED6764 
 1034 00b2 C3580D32 		.ascii	"\303X\0152\375\000#\320T\220\334\372K\254\007\032\376"
 1034      FD0023D0 
 1034      5490DCFA 
 1034      4BAC071A 
 1034      FE
 1035 00c3 FCEF6F68 		.ascii	"\374\357oh\270\257uf\316:N\026&F\306]@\211y\314 _6\260"
 1035      B8AF7566 
 1035      CE3A4E16 
 1035      2646C65D 
 1035      408979CC 
 1036 00db 30361C60 		.ascii	"06\034``\230\317\314\004\3414\0039\337\231\032\036\335"
 1036      6098CFCC 
 1036      04E13403 
 1036      39DF991A 
 1036      1EDD
 1037 00ed 3EC508A2 		.ascii	">\305\010\242\225\340\304\243{\\@\252I\201q\037#3\023"
 1037      95E0C4A3 
 1037      7B5C40AA 
 1037      4981711F 
 1037      233313
 1038 0100 48E0F3D7 		.ascii	"H\340\363\327\2769\357\037\0101\356\007+|\264\361\375"
 1038      BE39EF1F 
 1038      0831EE07 
 1038      2B7CB4F1 
 1038      FD
 1039 0111 0C46C603 		.ascii	"\014F\306\003\214\014\277\231\016\315Y)\003\014\205"
 1039      8C0CBF99 
 1039      0ECD5929 
 1039      030C85
 1040 0120 4A90A780 		.ascii	"J\220\247\200d\303\014\240\271\254\214k\030\031\312"
 1040      64C30CA0 
 1040      B9AC8C6B 
 1040      1819CA
 1041 012f 0F331E02 		.ascii	"\0173\036\002\011\232-lhx\301_z\204\261\030\350J\013"
 1041      099A2D6C 
 1041      6878C15F 
 1041      7A84B118 
 1041      E84A0B
 1042 0142 20678558 		.ascii	" g\205X\341QF\035\220\233\301F7}x\373\351\252\0170\334"
 1042      E151461D 
 1042      909BC146 
 1042      377D78FB 
 1042      E9AA0F30 
 1043 0157 19419EFB 		.ascii	"\031A\236\373\317\324\364\340\243\0278\204\34713B\\"
 1043      CFD4F4E0 
 1043      A3173884 
 1043      E7313342 
 1043      5C
ARM GAS  C:\Users\patri\AppData\Local\Temp\ccMDigMB.s 			page 30


 1044 0168 D97400C4 		.ascii	"\331t\000\304\325p\266\212q\316\310L\312\014.)M\311"
 1044      D570B68A 
 1044      71CEC84C 
 1044      CA0C2E29 
 1044      4DC9
 1045 017a CC8F29CF 		.ascii	"\314\217)\317/\312..HLN\215/-N-\212\311\315L.\312O\316"
 1045      2FCA2E2E 
 1045      484C4E8D 
 1045      2F2D4E2D 
 1045      8AC9CD4C 
 1046 0192 2B296250 		.ascii	"+)bP\323\323\323\007\242d\220\332\374b#CCC\375\374b"
 1046      D3D3D307 
 1046      A26490DA 
 1046      FC622343 
 1046      4343FDFC 
 1047 01a7 FD8CC41C 		.ascii	"\375\214\304\034\375\342\242d\020\035_\\\242\227\314"
 1047      FDE2A264 
 1047      101D5F5C 
 1047      A297CC
 1048 01b6 C09E9854 		.ascii	"\300\236\230T\\\222\231\233*\004\023\3213H3\264L11M"
 1048      5C92999B 
 1048      2A0413D1 
 1048      334833B4 
 1048      4C31314D 
 1049 01ca 6270C069 		.ascii	"bp\300iBA~QI\261~p\210\257\261\221\276\217\217\213~"
 1049      42417E51 
 1049      49B17E70 
 1049      88AFB191 
 1049      BE8F8F8B 
 1050 01df 70647088 		.ascii	"pdp\210\247\263w\231!\324\334\370\234\234\024\275\014"
 1050      A7B37799 
 1050      21D4DCF8 
 1050      9C9C14BD 
 1050      0C
 1051 01f0 060036AC 		.ascii	"\006\0006\254\304T"
 1051      C454
 1052              		.text
 1053              		.section	.gnu.lto_stGetAlarm.389.39d43415,"e",%progbits
 1054 0000 789C7590 		.ascii	"x\234u\220=HBQ\024\307\317\271O\255\220\246hh\213\010"
 1054      3D484251 
 1054      14C7CFB9 
 1054      4FAD90A6 
 1054      68688B08 
 1055 0014 6B101F16 		.ascii	"k\020\037\026D4\011\266D5\275\226@\020{\012J\326\263"
 1055      443409B6 
 1055      4435BD96 
 1055      40107B0A 
 1055      4AD6B3
 1056 0027 F7340709 		.ascii	"\3674\007\011o\265\005\021:\204\220\0305)\010-\321\247"
 1056      6FB50511 
 1056      3A849018 
 1056      3529082D 
 1056      D1A7
 1057 0039 D4AB2970 		.ascii	"\324\253)p\213\226\246@\210\\\242\250!\241\300\316\315"
 1057      8B96A640 
 1057      885CA2A8 
 1057      21A1C0CE 
ARM GAS  C:\Users\patri\AppData\Local\Temp\ccMDigMB.s 			page 31


 1057      CD
 1058 004a 68EB72EF 		.ascii	"h\353r\357\371\370\337s\377\374\270=\010\220\005\000"
 1058      F9F8DF73 
 1058      FFFCB83D 
 1058      08900500 
 1059 005a 071D9400 		.ascii	"\007\035\224\000\263\231\015\006\234sO\033\303\325\314"
 1059      B3990D06 
 1059      9C734F1B 
 1059      C3D5CC
 1060 0069 46B37C68 		.ascii	"F\263|h\301S\374\021\020\322\014\323\270'Y\321\326\205"
 1060      C153FC11 
 1060      10D20CD3 
 1060      B82759D1 
 1060      D685
 1061 007b 168ADDD8 		.ascii	"\026\212\335\330+\233\2347\036\267\253\217\266|\321"
 1061      2B9B9C37 
 1061      1EB7AB8F 
 1061      B67CD1
 1062 008a B4A461E5 		.ascii	"\264\244a\345\004\217\311R,;\300\012\231Z\221\212\324"
 1062      048FC952 
 1062      2C3BC00A 
 1062      995A918A 
 1062      D4
 1063 009b 390215E4 		.ascii	"9\002\025\344\323x\332\227\340\014S\342\272\202$\213"
 1063      D378DA97 
 1063      E00C53E2 
 1063      BA82248B 
 1064 00ab E9835BAB 		.ascii	"\351\203[\253\311\277\232[\234?8+\371\243\016\211\001"
 1064      C9BF9A5B 
 1064      9C3F382B 
 1064      F9A30E89 
 1064      01
 1065 00bc 93000A92 		.ascii	"\223\000\012\222@\341\026\344&\300\256\304Z\315:5\037"
 1065      40E116E4 
 1065      26C0AEC4 
 1065      5ACD3A35 
 1065      1F
 1066 00cd 8CD776AA 		.ascii	"\214\327v\252(r\337_\250\025\354\"\275\2276\357^n\272"
 1066      2872DF5F 
 1066      A815EC22 
 1066      BD9736EF 
 1066      5E6EBA
 1067 00e0 84B710EF 		.ascii	"\204\267\020\357_r\210\025\204Ov}[\352\224\030q'\005"
 1067      5F728815 
 1067      844F767D 
 1067      5BEA9418 
 1067      712705
 1068 00f3 0C459E23 		.ascii	"\014E\236#?+\226\021\022\227x!\304\221=\316\353\375"
 1068      3F2B9611 
 1068      12977821 
 1068      C4913DCE 
 1068      EBFD
 1069 0105 86894B04 		.ascii	"\206\211K\0047JMq@\273B\247@\205&[{}~\273\257\267\323"
 1069      374A4D71 
 1069      40BB42A7 
 1069      4085265B 
 1069      7B7D7EBB 
ARM GAS  C:\Users\patri\AppData\Local\Temp\ccMDigMB.s 			page 32


 1070 011c 87102008 		.ascii	"\207\020 \010>l!\255\231\242\035\364\216\371\274\341"
 1070      3E6C21AD 
 1070      99A21DF4 
 1070      8EF9BCE1 
 1071 012c C85C4489 		.ascii	"\310\\D\211'\202\021\315\227\324\364y#\026PC\376\204"
 1071      278211CD 
 1071      97D4F479 
 1071      23165043 
 1071      FE84
 1072 013e 11D27D0B 		.ascii	"\021\322}\013\021U\327\324\305\270\016\016\227K\246"
 1072      1155D7D4 
 1072      C5B80E0E 
 1072      974BA6
 1073 014d AD8A59CD 		.ascii	"\255\212Y\315\030r\273\335\262f\310\341@T6tUd\277\021"
 1073      1872BBDD 
 1073      B266C8E1 
 1073      40543674 
 1073      5564BF11 
 1074 0161 77A9E0F9 		.ascii	"w\251\340\371w,\246\351qCVf\246\207\207\344\251\251"
 1074      772CA6E9 
 1074      71435666 
 1074      A68787E4 
 1074      A9A9
 1075 0173 71599955 		.ascii	"qY\231Uf&\274\223\313\356\337\307\376h4\350\012\303"
 1075      6626BC93 
 1075      CBEEDFC7 
 1075      FE6834E8 
 1075      0AC3
 1076 0185 37C02C95 		.ascii	"7\300,\225\323"
 1076      D3
 1077              		.text
 1078              		.section	.gnu.lto_stIsAlarmActive.390.39d43415,"e",%progbits
 1079 0000 789C7550 		.ascii	"x\234uP\273J\003A\024\275w&\233(\202\205?`\027R\355"
 1079      BB4A0341 
 1079      14BD7726 
 1079      9B288285 
 1079      3F601752 
 1080 0015 92881656 		.ascii	"\222\210\026VBl\304X%\215\020\010\272\021\262\030]\335"
 1080      426CC458 
 1080      258D1008 
 1080      BA11B218 
 1080      5DDD
 1081 0027 DD681142 		.ascii	"\335h\021BFS\004\002\242\021\224`\241he@\264\021|\305"
 1081      46530402 
 1081      A2119460 
 1081      A1686540 
 1081      B4117CC5 
 1082 003b B008FE80 		.ascii	"\260\010\376\200h\247(\202\225\212\242\240\202\202\336"
 1082      68A72882 
 1082      958AA2A0 
 1082      8282DE
 1083 004a 89B60E73 		.ascii	"\211\266\016s\037\347\334\307\034\246\025\001\026\001"
 1083      1FE7DCC7 
 1083      1CA61501 
 1083      1601
 1084 0058 C04F861C 		.ascii	"\300O\206\034p\261\\b \204\350\3611\234)\227\236\266"
 1084      70B15C62 
ARM GAS  C:\Users\patri\AppData\Local\Temp\ccMDigMB.s 			page 33


 1084      2084E8F1 
 1084      319C2997 
 1084      9EB6
 1085 006a 773DB887 		.ascii	"w=\270\207\015\002!\3170\217\353\\s\205\370\270[\276"
 1085      0D0221CF 
 1085      308FEB5C 
 1085      7385F8B8 
 1085      5BBE
 1086 007c 3FC5954D 		.ascii	"?\305\225M\027\363\220\353\014A\343\264\000\344h\215"
 1086      17F390EB 
 1086      0C41E3B4 
 1086      00E4688D 
 1087 008c 8294640F 		.ascii	"\202\224d\017\020(\241\311\217\267\015\016\373\230\225"
 1087      1028A1C9 
 1087      8FB70D0E 
 1087      FB9895
 1088 009b E543249A 		.ascii	"\345C$\232\236\204\2353\305\025_\337\363B\\\253\265"
 1088      9E849D33 
 1088      C5155FDF 
 1088      F3425CAB 
 1088      B5
 1089 00ac CBA36685 		.ascii	"\313\243f\205\001\343\234\314\003\214\312\253\\\212"
 1089      01E39CCC 
 1089      038CCAAB 
 1089      5C8A
 1090 00ba 101E142E 		.ascii	"\020\036\024.\300\032g\277\240@\340\235\211\015\237"
 1090      C01A67BF 
 1090      A040E09D 
 1090      890D9F
 1091 00c9 F4AFD5B9 		.ascii	"\364\257\325\271\205\227\2336\271\220\320\355\322K\005"
 1091      85979B36 
 1091      B990D0ED 
 1091      D24B05
 1092 00d8 F110E193 		.ascii	"\361\020\341\223\235\324\253\355\234)\350\235\226\012"
 1092      9DD4ABED 
 1092      9C29E89D 
 1092      960A
 1093 00e6 C88B0A0D 		.ascii	"\310\213\012\015+\270\205\2209\306\032B\327\272\020"
 1093      2BB88590 
 1093      39C61A42 
 1093      D7BA10
 1094 00f5 4D761D27 		.ascii	"Mv\035'\241\321_\250\024\037=\234s\346\015 \223\370"
 1094      A1D15FA8 
 1094      141F3D9C 
 1094      73E60D20 
 1094      93F8
 1095 0107 BC78819C 		.ascii	"\274x\201\234\030\302\000\337l\366\371\341\354J\376"
 1095      18C200DF 
 1095      6CF6F9E1 
 1095      EC4AFE
 1096 0116 02696B48 		.ascii	"\002ikH\303_5\263\256\204\201pw<\2342\206\215\250\223"
 1096      C35F35B3 
 1096      AE848170 
 1096      773C9C32 
 1096      868DA893 
 1097 012a 491A667C 		.ascii	"I\032f|\332\264F\355\211!}$\221\261G\254\370\230\241"
 1097      DAB446ED 
ARM GAS  C:\Users\patri\AppData\Local\Temp\ccMDigMB.s 			page 34


 1097      89217D24 
 1097      91B147AC 
 1097      F898A1
 1098 013d 5BA63EEE 		.ascii	"[\246>\356X\340WU\215\256.{M;\024\014\0065\323\326R"
 1098      58E05755 
 1098      8DAE2E7B 
 1098      4D3B140C 
 1098      0635D3D6 
 1099 0152 4369CDB6 		.ascii	"Ci\315\266t\031\023\266\243\352\320\363o\333\204i9\266"
 1099      741913B6 
 1099      A3EAD0F3 
 1099      6FDB8469 
 1099      39B6
 1100 0164 168D0D74 		.ascii	"\026\215\015t\204\264H\244W\213\016Fc}\341\376\251\340"
 1100      84B448A4 
 1100      578B0E46 
 1100      637DE1FE 
 1100      A9E0
 1101 0176 DF70229D 		.ascii	"\337p\"\235N\252)\370\001\212\212\215-"
 1101      4EAA29F8 
 1101      018A8A8D 
 1101      2D
 1102              		.text
 1103              		.section	.gnu.lto_.symbol_nodes.39d43415,"e",%progbits
 1104 0000 789C6DCE 		.ascii	"x\234m\316\271\021\2000\024\003Q\031qC\0174C_\2629S"
 1104      B9118030 
 1104      14035119 
 1104      71430F34 
 1104      435FB239 
 1105 0015 EAA10852 		.ascii	"\352\241\010R\312\001\3038\374\233>\005\272\021\313"
 1105      CA01C338 
 1105      FC9B3E05 
 1105      BA11CB
 1106 0024 3C55F858 		.ascii	"<U\370X\356\216\013\020p\372\340>\010Ti\302DU&\314T"
 1106      EE8E0B10 
 1106      70FAE03E 
 1106      085469C2 
 1106      445526CC 
 1107 0039 6DC24235 		.ascii	"m\302B5&\254Tk\302Fu\026\270\235\352\237\324\360#\020"
 1107      26AC546B 
 1107      C2467516 
 1107      B89DEA9F 
 1107      D4F02310 
 1108 004d 779F11E9 		.ascii	"w\237\021\351\326\210\027\206\321=\363"
 1108      D6881786 
 1108      D13DF3
 1109              		.text
 1110              		.section	.gnu.lto_.refs.39d43415,"e",%progbits
 1111 0000 789C6364 		.ascii	"x\234cd\000\002\000\000\012\000\002"
 1111      00020000 
 1111      0A0002
 1112              		.text
 1113              		.section	.gnu.lto_.decls.39d43415,"e",%progbits
 1114 0000 789C9556 		.ascii	"x\234\225V}PT\327\025\277\347\356\203\334\025\024P\233"
 1114      7D5054D7 
 1114      15BFE7EE 
 1114      83DC1514 
ARM GAS  C:\Users\patri\AppData\Local\Temp\ccMDigMB.s 			page 35


 1114      509B
 1115 0012 984C3B25 		.ascii	"\230L;%\266I\267\266\202\013\261N\233\376\201Y\034k"
 1115      B649B7B6 
 1115      820BB14E 
 1115      9BFE8159 
 1115      1C6B
 1116 0024 2B6967A1 		.ascii	"+ig\241\235t\352\314\016\301M`\012.e\2376\235Ng.\260"
 1116      9D74EACC 
 1116      0EC14D60 
 1116      0A2E659F 
 1116      369D4E67 
 1117 003a E212C0BC 		.ascii	"\342\022\300\274e,\335\254(\233\215\365#F\013\0233B"
 1117      652CDDAC 
 1117      289B8DF5 
 1117      23460B13 
 1117      3342
 1118 004c 34B8C2C6 		.ascii	"4\270\302\306\370\025B\023?b\252\351\"\261\245bT\214"
 1118      F8154213 
 1118      3F62AAE9 
 1118      22B1A562 
 1118      548C
 1119 005e 8DA8517B 		.ascii	"\215\250Q{\356\276\373\036,\223\314\244;\234\367\316"
 1119      EEBEFB1E 
 1119      2C93CCA4 
 1119      3B9CF7CE 
 1120 006e BDE7777E 		.ascii	"\275\347w~\347w\356{\367>\236\262\022\362GJH\011\020"
 1120      E777EE7B 
 1120      F73E9EB2 
 1120      12F2474A 
 1120      480910
 1121 0081 720F7F8C 		.ascii	"r\017\177\214\020\362>\332t\264n4\202\363T\304\320\355"
 1121      10F23EDA 
 1121      74B46E34 
 1121      82F354C4 
 1121      D0ED
 1122 0093 47B3A29F 		.ascii	"G\263\242\237\216\226\2116\023m6\332\375h\337@\373&"
 1122      8E968936 
 1122      136D36DA 
 1122      FD68DF40 
 1122      FB26
 1123 00a5 DA2CE452 		.ascii	"\332,\344R$.[\3161\264\007q^pS\231?\027\355;\222\337"
 1123      242E5BCE 
 1123      31B40771 
 1123      5E705399 
 1123      3F17ED3B 
 1124 00bb E0BE84F6 		.ascii	"\340\276\204\3660\342\322\210\316/\260\337\206\011\314"
 1124      30E2D288 
 1124      CE2FB0DF 
 1124      8609CC
 1125 00ca 7B687724 		.ascii	"{hw$\3663\264A\2641\264G0\347>\242\353y\024\2229\307"
 1125      F633B441 
 1125      B431B447 
 1125      30E73EA2 
 1125      EB791492 
 1126 00e0 24EEBBB2 		.ascii	"$\356\273\262\376l\311k\373\022\336\371\210\263J\235"
 1126      FE6CC96B 
 1126      FB12DEF9 
ARM GAS  C:\Users\patri\AppData\Local\Temp\ccMDigMB.s 			page 36


 1126      88B34A9D 
 1127 00f0 A2AF7953 		.ascii	"\242\257yStN\306>.9\037\222\375\177\377\013z\022\365"
 1127      744EC63E 
 1127      2E391F92 
 1127      FD7FFF0B 
 1127      7A12F5
 1128 0103 53678192 		.ascii	"Sg\201\222\3725\310Vh\333\215@NV\224\363\253<\334\247"
 1128      FA35C856 
 1128      68DB8D40 
 1128      4E5694F3 
 1128      AB3CDCA7 
 1129 0117 D8BA612F 		.ascii	"\330\272a/\"{ \201\370@\\\030\302\242\302\031$\214\222"
 1129      227B2081 
 1129      F8405C18 
 1129      C2A2C219 
 1129      248C92
 1130 012a 541B8847 		.ascii	"T\033\210G\222\201w\302\030Y\310\023\277\276\007\310"
 1130      928177C2 
 1130      1859C813 
 1130      BFBE07C8 
 1131 013a 41219E90 		.ascii	"A!\236\220E\351\354\247D\241Z\350\314k\226\214\270`"
 1131      45E9ECA7 
 1131      44A15AE8 
 1131      CC6B968C 
 1131      B860
 1132 014c 8DFAAC24 		.ascii	"\215\372\254$\301\332\017\266>\210\302\001`\305\202"
 1132      C1DA0FB6 
 1132      3E88C201 
 1132      60C582
 1133 015b EE3061BF 		.ascii	"\3560a\277\"\3547\302\215\022\346\022\367\005h\231X"
 1133      22EC37C2 
 1133      8D12E612 
 1133      F7056899 
 1133      58
 1134 016c 8E035B29 		.ascii	"\216\003[)\306\026\205\366\366^\271\014\031\\\022\315"
 1134      C61685F6 
 1134      F65EB90C 
 1134      195C12CD 
 1135 017c D2E50D02 		.ascii	"\322\345\015\002\261\277\013\012\335=z>>-#\372\305U"
 1135      B1BF0B0A 
 1135      DD3D7A3E 
 1135      3E2D23FA 
 1135      C555
 1136 018e 141AB87E 		.ascii	"\024\032\270~\353/\360\000\346\3728\017\323\277\303"
 1136      EB2FF000 
 1136      E6FA380F 
 1136      D3BFC3
 1137 019d 3B701C93 		.ascii	";p\034\223\337\003\221\217\032\017\366\014w\244\231"
 1137      DF03918F 
 1137      1A0FF60C 
 1137      77A499
 1138 01ac E1587298 		.ascii	"\341Xr\230\225\013\0016VIX\265\360\262\231J\330s\302"
 1138      950B0136 
 1138      564958B5 
 1138      F0B2994A 
 1138      D873C2
 1139 01bf 9BC3FE44 		.ascii	"\233\303\376DX=v\337\210\326\202\246\241\375\031-\204"
ARM GAS  C:\Users\patri\AppData\Local\Temp\ccMDigMB.s 			page 37


 1139      583D76DF 
 1139      88D682A6 
 1139      A1FD192D 
 1139      84
 1140 01d0 B6190424 		.ascii	"\266\031\004$ND\023\251,\002X\346\302\345\241\320\364"
 1140      4E4413A9 
 1140      2C0258E6 
 1140      C2E5A1D0 
 1140      F4
 1141 01e1 A91DFC1B 		.ascii	"\251\035\374\033;\310S\350\201OZ\207'+\334\017\3730"
 1141      3BC853E8 
 1141      814F5A87 
 1141      272BDC0F 
 1141      FB30
 1142 01f3 3802228E 		.ascii	"8\002\"\216\251\341X\317G\351\223\024&\207\347m9\022"
 1142      A9E158CF 
 1142      47E99314 
 1142      2687E76D 
 1142      3912
 1143 0205 DA9E366F 		.ascii	"\332\2366o\352o\016\332\020\347\343\035M'^\236\033\274"
 1143      EA6F0EDA 
 1143      10E7E31D 
 1143      4D275E9E 
 1143      1BBC
 1144 0217 7695F3D6 		.ascii	"v\225\363\326\00518\015\267A/}\022-\237 \242s\374\205"
 1144      0531380D 
 1144      B7412F7D 
 1144      122D9F20 
 1144      A273FC85 
 1145 022b 753CD397 		.ascii	"u<\323\227\036\203\363f\320\216;\014\022\301;F\360\234"
 1145      1E83F366 
 1145      D08E3B0C 
 1145      12C13B46 
 1145      F09C
 1146 023d 19FC8799 		.ascii	"\031\374\207\231\351\357\252>\034\205\030\2341c\037"
 1146      E9EFAA3E 
 1146      1C85189C 
 1146      31631F
 1147 024c 4022F325 		.ascii	"@\"\363%\014\376\255K\301\340\177\340_\030\324\025\277"
 1147      0CFEAD4B 
 1147      C1E07FE0 
 1147      5F18D415 
 1147      BF
 1148 025d 6126DE33 		.ascii	"a&\3363X?L\312\324\203\257J\326\267\315\330!0\365</"
 1148      583F4CCA 
 1148      D483AF4A 
 1148      D6B7CDD8 
 1148      2130F53C 
 1149 0272 83A7921A 		.ascii	"\203\247\222\032\221\301[\006m\334\214\356\233\210\266"
 1149      91C15B06 
 1149      6DDC8CEE 
 1149      9B88B6
 1150 0281 C8D4A366 		.ascii	"\310\324\243f\360\310D\360\246\221:\224\224\252+\372"
 1150      F0C844F0 
 1150      A6913A94 
 1150      94AA2BFA 
 1151 0291 DC087E64 		.ascii	"\334\010~d\006\217O\244\356\226\274\275f\360\315\211"
ARM GAS  C:\Users\patri\AppData\Local\Temp\ccMDigMB.s 			page 38


 1151      068F4FA4 
 1151      EE96BCBD 
 1151      66F0CD89 
 1152 02a1 E06D23F5 		.ascii	"\340m#\365\237I\251:\357\025#8<y\345\365X\223d=a\206"
 1152      9F49A93A 
 1152      EF152338 
 1152      3C79E5F5 
 1152      5893643D 
 1153 02b7 8E99793B 		.ascii	"\216\231y;e\354p\322\012\345\023\375\025\211*\344\002"
 1153      65EC70D2 
 1153      0AE513FD 
 1153      15892AE4 
 1153      02
 1154 02c8 7C8C13B7 		.ascii	"|\214\023\267\241\017\306a\024\256\3035\270\001\377"
 1154      A10FC661 
 1154      14AEC335 
 1154      B801FF
 1155 02d7 854BF039 		.ascii	"\205K\3609\\\201O\340\"\214\301M\270\013\237\302-\270"
 1155      5C814FE0 
 1155      228CC14D 
 1155      B80B9FC2 
 1155      2DB8
 1156 02e9 0A77E033 		.ascii	"\012w\3403\270,v\255`\276k(:\233\364\270e3\273d\335"
 1156      B82C76AD 
 1156      60BE6B28 
 1156      3A9BF4B8 
 1156      6533BB64 
 1157 02fe B7923ACD 		.ascii	"\267\222:\315O<\356\346\304\343~\037\0060\246o\241c"
 1157      4F3CEEE6 
 1157      C4E37E1F 
 1157      0630A66F 
 1157      A163
 1158 0310 7A226BA6 		.ascii	"z\"k\246\370\016w\205[\366[\347$\013\274\007\377\247"
 1158      F80E7785 
 1158      5BF65BE7 
 1158      240BBC07 
 1158      FFA7
 1159 0322 4285BED8 		.ascii	"B\205\276\330vc\253\325<\2468\325U\324\212\323.(\312"
 1159      7663ABD5 
 1159      3CA638D5 
 1159      55D48AD3 
 1159      2E28CA
 1160 0335 6C38787B 		.ascii	"l8x{\330:\345(\250\243\346Qpf`[\017\035\003\224\341"
 1160      D83AE528 
 1160      A8A3E651 
 1160      7066605B 
 1160      0F1D0394 
 1161 034a E7D1DA18 		.ascii	"\347\321\332\030\323\"#\274\223\363j~h$\030j\030\361"
 1161      D32223BC 
 1161      93F36A7E 
 1161      6824186A 
 1161      18F1
 1162 035c 6705EAB8 		.ascii	"g\005\352\270x\257\371CA\234\016\205\342\032\015[\204"
 1162      78AFF943 
 1162      419C0E85 
 1162      E21A0D5B 
 1162      84
ARM GAS  C:\Users\patri\AppData\Local\Temp\ccMDigMB.s 			page 39


 1163 036d 64CEEBD3 		.ascii	"d\316\353\323\371\036\274\325\225\363\372\0061n\236"
 1163      F91EBCD5 
 1163      95F3FA06 
 1163      316E9E
 1164 037c 13AED74F 		.ascii	"\023\256\327O\275A\340\321\006\336\031M\215\364\363"
 1164      BD41E0D1 
 1164      06DE194D 
 1164      8DF4F3
 1165 038b 86205F1E 		.ascii	"\206 _\036\012\215\034\026%xk\274}]F\270\376\254?\334"
 1165      0A8D1C16 
 1165      25786BBC 
 1165      7D5D46B8 
 1165      FEAC3FDC 
 1166 039f CF1F0C23 		.ascii	"\317\037\014#K\220\373\242\001\250\305\224\332(\017"
 1166      4B90FBA2 
 1166      01A8C594 
 1166      DA280F
 1167 03ae 44410BB7 		.ascii	"DA\013\267\267\254\367\305\006\227\327\326\371\374\274"
 1167      B7ACF7C5 
 1167      0697D7D6 
 1167      F9FCBC
 1168 03bd 2EE6CFD4 		.ascii	".\346\317\324\360\302#\274;+\200xmK\224g\362p\314_\033"
 1168      F0C223BC 
 1168      3B2B8078 
 1168      6D4B9467 
 1168      F270CC5F 
 1169 03d2 89F92110 		.ascii	"\211\371!\020\361\371\003\221\030\207V\304d\007PUm\244"
 1169      F1F90391 
 1169      188756C4 
 1169      64075055 
 1169      6DA4
 1170 03e4 20105F8B 		.ascii	" \020_\213\205b<Kd\007\"\205\265\341\230Xc?\324\206"
 1170      85623C4B 
 1170      64072285 
 1170      B5E19858 
 1170      633FD486 
 1171 03f8 B95FABE3 		.ascii	"\271_\253\343\215YZ\304\357\3270?\013\363\273\003uQ"
 1171      8D595AC4 
 1171      EFD7303F 
 1171      0BF3BB03 
 1171      7551
 1172 040a 8E4ED41F 		.ascii	"\216N\324\037\230\213Uxj\342\254\306\004\212\227\002"
 1172      988B5578 
 1172      6AE2ACC6 
 1172      048A9702 
 1173 041a 85F22347 		.ascii	"\205\362#G\177|MH\357\336:j\205\031Z\001\001{&\353\245"
 1173      7F7C4D48 
 1173      EFDE3A6A 
 1173      85195A01 
 1173      017B26EB 
 1174 042f E230A378 		.ascii	"\3420\243x\226e*t\307\370\331~\313\327\021r\211\363"
 1174      96652A74 
 1174      C7F8D97E 
 1174      CBD71172 
 1174      89F3
 1175 0441 D917899F 		.ascii	"\331\027\211\237\256\303\265o\244\211\217\211B\343\327"
 1175      AEC3B56F 
ARM GAS  C:\Users\patri\AppData\Local\Temp\ccMDigMB.s 			page 40


 1175      A4898F89 
 1175      42E3D7
 1176 0450 9BFAACB6 		.ascii	"\233\372\254\266`\220\217\207\332Z\372\241\235G\305"
 1176      60908F87 
 1176      DA5AFAA1 
 1176      9D47C5
 1177 045f 7A2A8DB4 		.ascii	"z*\215\264\201\366%>\014\015\224\254\245>\272\350\256"
 1177      81F6253E 
 1177      0C0D94AC 
 1177      A53EBAE8 
 1177      AE
 1178 0470 C22E89E7 		.ascii	"\302.\211\347u\356\342\376o\031l\365Tgk6\330\306v\034"
 1178      75EEE2FE 
 1178      6F196CF5 
 1178      54676B36 
 1178      D8C6761C 
 1179 0484 EA48176C 		.ascii	"\352H\027lW\337\035n\2301(\226\024\232i\223\244j\222"
 1179      57DF1D6E 
 1179      98312896 
 1179      149A6993 
 1179      A46A92
 1180 0497 549F2AEC 		.ascii	"T\237*\354\246\240\032\3317\324\223!\276\217\365t\014"
 1180      A6A01AD9 
 1180      37D49321 
 1180      BE8FF574 
 1180      0C
 1181 04a8 87A78FDF 		.ascii	"\207\247\217\337k\236>U\250F\311\013\342\277\000:\320"
 1181      6B9E3E55 
 1181      A846C90B 
 1181      E2BF003A 
 1181      D0
 1182 04b9 75F26D9D 		.ascii	"u\362m\235\372J\377\357\266#\252@\243\353%\361zI|@a"
 1182      FA4AFFEF 
 1182      B623AA40 
 1182      A3EB25F1 
 1182      7A497C40 
 1183 04ce 0D16C49E 		.ascii	"\015\026\304\236:\021\277\014\002\333\331\262\026w\207"
 1183      3A11BF0C 
 1183      02DBD9B2 
 1183      167787
 1184 04dd ECA855A2 		.ascii	"\354\250U\242[%\272Ga\255\002\035\037\330umZ\002\275"
 1184      5B25BA47 
 1184      61AD021D 
 1184      1FD8756D 
 1184      5A02BD
 1185 04f0 D3446B74 		.ascii	"\323Dkt\203Do\220\350\220\3026\011\364\350\371\015\347"
 1185      83446F90 
 1185      E890C236 
 1185      09F4E8F9 
 1185      0DE7
 1186 0502 6624741C 		.ascii	"f$t\034\2730\321b\233D\267I\364\250\205m\267\020\326"
 1186      BB30D162 
 1186      9B44B749 
 1186      F4A8856D 
 1186      B710D6
 1187 0515 8D19A947 		.ascii	"\215\031\251G\017\274\262\025\036\006\230\201\206\344"
 1187      0FBCB215 
ARM GAS  C:\Users\patri\AppData\Local\Temp\ccMDigMB.s 			page 41


 1187      1E069881 
 1187      86E4
 1188 0523 CA468A6F 		.ascii	"\312F\212o\373\010\367\245\223\205y\344E\272\221\222"
 1188      FB08F7A5 
 1188      938579E4 
 1188      45BA9192 
 1189 0533 761AA278 		.ascii	"v\032\242xG\341\035\307\007\025c\0116\312\325\335d\254"
 1189      47E11DC7 
 1189      07156309 
 1189      36CAD5DD 
 1189      64AC
 1190 0545 EE87C7EE 		.ascii	"\356\207\307\356\266\247&J\217\276\245/\301&\032\224"
 1190      B6A7264A 
 1190      8FBEA52F 
 1190      C1261A94 
 1191 0555 8583B270 		.ascii	"\205\203\262p\334\302z\205\314\353'\267E-\266 ~N\366"
 1191      DCC27A85 
 1191      CCEB27B7 
 1191      452DB620 
 1191      7E4EF6
 1192 0568 6C7EE7F5 		.ascii	"l~\347\365\354\203\365a[#\355\220\340\016*>\370\247"
 1192      EC83F561 
 1192      5B23ED90 
 1192      E00E2A3E 
 1192      F8A7
 1193 057a F12BFDC6 		.ascii	"\361+\375\306k\247\206\3573wg\243\334\235/\211\335\331"
 1193      6BA786EF 
 1193      337767A3 
 1193      DC9D2F89 
 1193      DDD9
 1194 058c A4109B86 		.ascii	"\244\020\233\206\265\306_\377x\010\370\363\370\216\316"
 1194      B5C65FFF 
 1194      7808F8F3 
 1194      F88ECE
 1195 059b 6CA6119D 		.ascii	"l\246\021\235\341et\364z'S\330f\011\\\277\267\323\000"
 1195      E16574F4 
 1195      7A2753D8 
 1195      66095CBF 
 1195      B7D300
 1196 05ae 6A748B0E 		.ascii	"jt\213\016\374+::\360\315\024\326\245\003;w\357\255"
 1196      FC2B3A3A 
 1196      F0CD14D6 
 1196      A5033B77 
 1196      EFAD
 1197 05c0 46F5DA4F 		.ascii	"F\365\332O\032\351V\035\265\015\035\035\265'\205\365"
 1197      1AE9561D 
 1197      B50D1D1D 
 1197      B52785F5 
 1198 05d0 4BD48044 		.ascii	"K\324\200Dit\273\216\332\201\216\216jOa'd\321\213{'"
 1198      6974BB8E 
 1198      DA818E8E 
 1198      6A4F6127 
 1198      64D18B7B 
 1199 05e5 A97B4507 		.ascii	"\251{E\007\356DG\007j)\354\202\004\372{Lu\233\350\253"
 1199      EE444707 
 1199      6A29EC82 
 1199      04FA7B4C 
ARM GAS  C:\Users\patri\AppData\Local\Temp\ccMDigMB.s 			page 42


 1199      759BE8AB 
 1200 05f9 3A70173A 		.ascii	":p\027::\320\227BR\034\216\"g\376#99\271\370WV^\361"
 1200      3AD09742 
 1200      521C8E22 
 1200      67FE2339 
 1200      39B9F857 
 1201 0610 7485C79B 		.ascii	"t\205\307\233g\267\333s=\336\334\362\322\312\\oM\231"
 1201      67B7DB73 
 1201      3DDEDCF2 
 1201      D2CA5C6F 
 1201      4D99
 1202 0622 B8BBBC6A 		.ascii	"\270\273\274jN\031[\372\344/\263\035\366Ed\2461\223"
 1202      4E195BFA 
 1202      E42FB31D 
 1202      F64564A6 
 1202      3193
 1203 0634 B3E019FB 		.ascii	"\263\340\031\373\017W>\266\360i\302VW\254R\363\363\\"
 1203      0F573EB6 
 1203      F069C256 
 1203      57AC52F3 
 1203      F35C
 1204 0646 2AFDB953 		.ascii	"*\375\271S),Z\354\264\024:\234\312\023\205%N\213\303"
 1204      292C5AEC 
 1204      B4143A9C 
 1204      CA138525 
 1204      4E8BC3
 1205 0659 E1B438D1 		.ascii	"\341\2648\321\026;\235\226_\024;,\216'K\024\207c\211"
 1205      163B9D96 
 1205      5F143B2C 
 1205      8E274B14 
 1205      876389
 1206 066c 33513A2F 		.ascii	"3Q:/q\265[\226,u\322b\314\\\266\304\251\024\027!\332"
 1206      71B55B96 
 1206      2C75D262 
 1206      CC5CB6C4 
 1206      A9141721 
 1207 0681 E1CC43B3 		.ascii	"\341\314C\263#\362)\247\315\361\243\025\016\241\255"
 1207      23F229A7 
 1207      CDF1A315 
 1207      0EA1AD
 1208 0690 585DBDB2 		.ascii	"X]\275\262\302\263\342\367\236\232\337z\253K\313\334"
 1208      C2B3E2F7 
 1208      9E9ADF7A 
 1208      AB4BCBDC 
 1209 06a0 AED55E77 		.ascii	"\256\325^w\315\212\252\212\262\032O\331*\265\206<\376"
 1209      CD8AAA8A 
 1209      B21A4FD9 
 1209      2AB5863C 
 1209      FE
 1210 06b1 A57D547B 		.ascii	"\245}T{jTonqIQ~^\356\362\345\205\271%\313\212\326\330"
 1210      6A546F6E 
 1210      7149517E 
 1210      5EEEF2E5 
 1210      85B925CB 
 1211 06c8 73BD6A95 		.ascii	"s\275j\225\320\\Q\225SN\322\314\201K\265z\377\340E\307"
 1211      D05C5195 
 1211      534ED2CC 
ARM GAS  C:\Users\patri\AppData\Local\Temp\ccMDigMB.s 			page 43


 1211      814BB57A 
 1211      FFE045C7 
 1212 06dc ED522DF6 		.ascii	"\355R-\366\037\220\364\322\232\2525\213\334\363\253"
 1212      1F90F4D2 
 1212      9AAA358B 
 1212      DCF3AB
 1213 06eb BEF74C35 		.ascii	"\276\367L5\231V\206L\356\347\346W=FR\275\352\262U\025"
 1213      9956864C 
 1213      EEE7E657 
 1213      3D4652BD 
 1213      EAB25515 
 1214 06ff EAA35F69 		.ascii	"\352\243_i\361H\272W]\352V\035\236\325\253Tw\015\016"
 1214      F148BA57 
 1214      5DEA561D 
 1214      9ED5AB54 
 1214      770D0E
 1215 0712 8AD5D21A 		.ascii	"\212\325\322\032uq%r\247\211\201\247:\341OC\337\255"
 1215      75712572 
 1215      A78981A7 
 1215      3AE14F43 
 1215      DFAD
 1216 0724 1AEE52E9 		.ascii	"\032\356R\351f`%o\302[\\\246V\254q\247\270\236\360x"
 1216      6660256F 
 1216      C25B5CA6 
 1216      56AC71A7 
 1216      B89EF078 
 1217 0738 2A31CF55 		.ascii	"*1\317UY\271\322U\201\"\012\276r\347\305\277..Y\346"
 1217      59B9D255 
 1217      81220ABE 
 1217      72E7C5BF 
 1217      2E2E59E6 
 1218 074c F81976AF 		.ascii	"\370\031v\257K\023\024\330\376LI\366\254[u\225\351\""
 1218      4B1314D8 
 1218      FE4C49F6 
 1218      AC5B7595 
 1218      E922
 1219 075e 8D29AF50 		.ascii	"\215)\257P\352*\025\345\263\314)O\265>\223i\314\270"
 1219      EA2A15E5 
 1219      B3CC294F 
 1219      B53E9369 
 1219      CCB8
 1220 0770 D5E48967 		.ascii	"\325\344\211g\215\211\373\015\231^}\354*M\364\360?\302"
 1220      8D89FB0D 
 1220      995E7DEC 
 1220      2A4DF4F0 
 1220      3FC2
 1221 0782 5B59CD   		.ascii	"[Y\315"
 1222              		.text
 1223              		.section	.gnu.lto_.symtab.39d43415,"e",%progbits
 1224 0000 7374496E 		.ascii	"stInit\000"
 1224      697400
 1225 0007 00       		.ascii	"\000"
 1226 0008 00       		.ascii	"\000"
 1227 0009 00       		.ascii	"\000"
 1228 000a 00000000 		.ascii	"\000\000\000\000\000\000\000\000"
 1228      00000000 
 1229 0012 09010000 		.ascii	"\011\001\000\000"
ARM GAS  C:\Users\patri\AppData\Local\Temp\ccMDigMB.s 			page 44


 1230 0016 73744765 		.ascii	"stGetCounter\000"
 1230      74436F75 
 1230      6E746572 
 1230      00
 1231 0023 00       		.ascii	"\000"
 1232 0024 00       		.ascii	"\000"
 1233 0025 00       		.ascii	"\000"
 1234 0026 00000000 		.ascii	"\000\000\000\000\000\000\000\000"
 1234      00000000 
 1235 002e 0C010000 		.ascii	"\014\001\000\000"
 1236 0032 73745374 		.ascii	"stStartAlarm\000"
 1236      61727441 
 1236      6C61726D 
 1236      00
 1237 003f 00       		.ascii	"\000"
 1238 0040 00       		.ascii	"\000"
 1239 0041 00       		.ascii	"\000"
 1240 0042 00000000 		.ascii	"\000\000\000\000\000\000\000\000"
 1240      00000000 
 1241 004a 10010000 		.ascii	"\020\001\000\000"
 1242 004e 73745374 		.ascii	"stStopAlarm\000"
 1242      6F70416C 
 1242      61726D00 
 1243 005a 00       		.ascii	"\000"
 1244 005b 00       		.ascii	"\000"
 1245 005c 00       		.ascii	"\000"
 1246 005d 00000000 		.ascii	"\000\000\000\000\000\000\000\000"
 1246      00000000 
 1247 0065 12010000 		.ascii	"\022\001\000\000"
 1248 0069 73745365 		.ascii	"stSetAlarm\000"
 1248      74416C61 
 1248      726D00
 1249 0074 00       		.ascii	"\000"
 1250 0075 00       		.ascii	"\000"
 1251 0076 00       		.ascii	"\000"
 1252 0077 00000000 		.ascii	"\000\000\000\000\000\000\000\000"
 1252      00000000 
 1253 007f 14010000 		.ascii	"\024\001\000\000"
 1254 0083 73744765 		.ascii	"stGetAlarm\000"
 1254      74416C61 
 1254      726D00
 1255 008e 00       		.ascii	"\000"
 1256 008f 00       		.ascii	"\000"
 1257 0090 00       		.ascii	"\000"
 1258 0091 00000000 		.ascii	"\000\000\000\000\000\000\000\000"
 1258      00000000 
 1259 0099 16010000 		.ascii	"\026\001\000\000"
 1260 009d 73744973 		.ascii	"stIsAlarmActive\000"
 1260      416C6172 
 1260      6D416374 
 1260      69766500 
 1261 00ad 00       		.ascii	"\000"
 1262 00ae 00       		.ascii	"\000"
 1263 00af 00       		.ascii	"\000"
 1264 00b0 00000000 		.ascii	"\000\000\000\000\000\000\000\000"
 1264      00000000 
 1265 00b8 1D010000 		.ascii	"\035\001\000\000"
ARM GAS  C:\Users\patri\AppData\Local\Temp\ccMDigMB.s 			page 45


 1266 00bc 73745F6C 		.ascii	"st_lld_init\000"
 1266      6C645F69 
 1266      6E697400 
 1267 00c8 00       		.ascii	"\000"
 1268 00c9 02       		.ascii	"\002"
 1269 00ca 00       		.ascii	"\000"
 1270 00cb 00000000 		.ascii	"\000\000\000\000\000\000\000\000"
 1270      00000000 
 1271 00d3 1F010000 		.ascii	"\037\001\000\000"
 1272              		.text
 1273              		.section	.gnu.lto_.ext_symtab.39d43415,"e",%progbits
 1274 0000 01       		.ascii	"\001"
 1275 0001 01       		.ascii	"\001"
 1276 0002 00       		.ascii	"\000"
 1277 0003 01       		.ascii	"\001"
 1278 0004 00       		.ascii	"\000"
 1279 0005 01       		.ascii	"\001"
 1280 0006 00       		.ascii	"\000"
 1281 0007 01       		.ascii	"\001"
 1282 0008 00       		.ascii	"\000"
 1283 0009 01       		.ascii	"\001"
 1284 000a 00       		.ascii	"\000"
 1285 000b 01       		.ascii	"\001"
 1286 000c 00       		.ascii	"\000"
 1287 000d 01       		.ascii	"\001"
 1288 000e 00       		.ascii	"\000"
 1289 000f 01       		.ascii	"\001"
 1290 0010 00       		.ascii	"\000"
 1291              		.text
 1292              		.section	.gnu.lto_.opts,"e",%progbits
 1293 0000 272D666E 		.ascii	"'-fno-openmp' '-fno-openacc' '-fno-pie' '-fcf-prote"
 1293      6F2D6F70 
 1293      656E6D70 
 1293      2720272D 
 1293      666E6F2D 
 1294 0033 6374696F 		.ascii	"ction=none' '-g' '-mcpu=cortex-m4' '-mthumb' '-mflo"
 1294      6E3D6E6F 
 1294      6E652720 
 1294      272D6727 
 1294      20272D6D 
 1295 0066 61742D61 		.ascii	"at-abi=hard' '-mfpu=fpv4-sp-d16' '-mlibarch=armv7e-"
 1295      62693D68 
 1295      61726427 
 1295      20272D6D 
 1295      6670753D 
 1296 0099 6D2B6670 		.ascii	"m+fp' '-march=armv7e-m+fp' '-O2' '-fomit-frame-poin"
 1296      2720272D 
 1296      6D617263 
 1296      683D6172 
 1296      6D763765 
 1297 00cc 74657227 		.ascii	"ter' '-falign-functions=16' '-ffunction-sections' '"
 1297      20272D66 
 1297      616C6967 
 1297      6E2D6675 
 1297      6E637469 
 1298 00ff 2D666461 		.ascii	"-fdata-sections' '-fno-common' '-flto' '-Xassembler"
 1298      74612D73 
ARM GAS  C:\Users\patri\AppData\Local\Temp\ccMDigMB.s 			page 46


 1298      65637469 
 1298      6F6E7327 
 1298      20272D66 
 1299 0132 2720272D 		.ascii	"' '-alms=./build/lst/hal_st.lst'\000"
 1299      616C6D73 
 1299      3D2E2F62 
 1299      75696C64 
 1299      2F6C7374 
 1300              		.text
 1301              		.comm	__gnu_lto_slim,1,1
 1302              		.ident	"GCC: (Arm GNU Toolchain 11.3.Rel1) 11.3.1 20220712"
ARM GAS  C:\Users\patri\AppData\Local\Temp\ccMDigMB.s 			page 47


DEFINED SYMBOLS
                            *ABS*:00000000 hal_st.c
C:\Users\patri\AppData\Local\Temp\ccMDigMB.s:26     .gnu.debuglto_.debug_info:00000000 hal_st.c.0f19d45b
                            *COM*:00000001 __gnu_lto_slim

NO UNDEFINED SYMBOLS
