ARM GAS  C:\Users\patri\AppData\Local\Temp\ccVXW3nx.s 			page 1


   1              		.cpu cortex-m4
   2              		.arch armv7e-m
   3              		.fpu fpv4-sp-d16
   4              		.eabi_attribute 27, 1
   5              		.eabi_attribute 28, 1
   6              		.eabi_attribute 20, 1
   7              		.eabi_attribute 21, 1
   8              		.eabi_attribute 23, 3
   9              		.eabi_attribute 24, 1
  10              		.eabi_attribute 25, 1
  11              		.eabi_attribute 26, 1
  12              		.eabi_attribute 30, 2
  13              		.eabi_attribute 34, 1
  14              		.eabi_attribute 18, 4
  15              		.file	"nullstreams.c"
  16              		.file 1 "c:\\chibistudio\\tools\\gnu tools arm embedded\\11.3 2022.08\\lib\\gcc\\arm-none-eabi\\11
  17              		.file 2 "c:\\chibistudio\\tools\\gnu tools arm embedded\\11.3 2022.08\\arm-none-eabi\\include\\mac
  18              		.file 3 "c:\\chibistudio\\tools\\gnu tools arm embedded\\11.3 2022.08\\arm-none-eabi\\include\\sys
  19              		.file 4 "../../chibios2111/os/rt/include/chearly.h"
  20              		.file 5 "../../chibios2111/os/hal/lib/streams/nullstreams.h"
  21              		.file 6 "../../chibios2111/os/hal/lib/streams/nullstreams.c"
  22              		.section	.gnu.debuglto_.debug_info,"e",%progbits
  23              	.Ldebug_info0:
  24              		.hidden	nullstreams.c.200d4826
  25              		.weak	nullstreams.c.200d4826
  26              	nullstreams.c.200d4826:
  27 0000 90020000 		.4byte	0x290
  28 0004 0500     		.2byte	0x5
  29 0006 01       		.byte	0x1
  30 0007 04       		.byte	0x4
  31 0008 00000000 		.4byte	.Ldebug_abbrev0
  32 000c 0C       		.uleb128 0xc
  33 000d 29000000 		.4byte	.LASF24
  34 0011 1D       		.byte	0x1d
  35 0012 F9000000 		.4byte	.LASF25
  36 0016 1F020000 		.4byte	.LASF26
  37 001a 00000000 		.4byte	.Ldebug_line0
  38 001e 0D       		.uleb128 0xd
  39 001f 04       		.byte	0x4
  40 0020 05       		.byte	0x5
  41 0021 696E7400 		.ascii	"int\000"
  42 0025 05       		.uleb128 0x5
  43 0026 0A000000 		.4byte	.LASF4
  44 002a 01       		.byte	0x1
  45 002b D1       		.byte	0xd1
  46 002c 17       		.byte	0x17
  47 002d 31000000 		.4byte	0x31
  48 0031 01       		.uleb128 0x1
  49 0032 04       		.byte	0x4
  50 0033 07       		.byte	0x7
  51 0034 E8010000 		.4byte	.LASF0
  52 0038 01       		.uleb128 0x1
  53 0039 08       		.byte	0x8
  54 003a 05       		.byte	0x5
  55 003b CA010000 		.4byte	.LASF1
  56 003f 01       		.uleb128 0x1
  57 0040 08       		.byte	0x8
ARM GAS  C:\Users\patri\AppData\Local\Temp\ccVXW3nx.s 			page 2


  58 0041 04       		.byte	0x4
  59 0042 98010000 		.4byte	.LASF2
  60 0046 01       		.uleb128 0x1
  61 0047 01       		.byte	0x1
  62 0048 06       		.byte	0x6
  63 0049 13020000 		.4byte	.LASF3
  64 004d 05       		.uleb128 0x5
  65 004e 00000000 		.4byte	.LASF5
  66 0052 02       		.byte	0x2
  67 0053 2B       		.byte	0x2b
  68 0054 18       		.byte	0x18
  69 0055 59000000 		.4byte	0x59
  70 0059 01       		.uleb128 0x1
  71 005a 01       		.byte	0x1
  72 005b 08       		.byte	0x8
  73 005c 78010000 		.4byte	.LASF6
  74 0060 01       		.uleb128 0x1
  75 0061 02       		.byte	0x2
  76 0062 05       		.byte	0x5
  77 0063 F5010000 		.4byte	.LASF7
  78 0067 01       		.uleb128 0x1
  79 0068 02       		.byte	0x2
  80 0069 07       		.byte	0x7
  81 006a 5F010000 		.4byte	.LASF8
  82 006e 05       		.uleb128 0x5
  83 006f 1F000000 		.4byte	.LASF9
  84 0073 02       		.byte	0x2
  85 0074 4D       		.byte	0x4d
  86 0075 18       		.byte	0x18
  87 0076 7A000000 		.4byte	0x7a
  88 007a 01       		.uleb128 0x1
  89 007b 04       		.byte	0x4
  90 007c 05       		.byte	0x5
  91 007d 0A020000 		.4byte	.LASF10
  92 0081 01       		.uleb128 0x1
  93 0082 04       		.byte	0x4
  94 0083 07       		.byte	0x7
  95 0084 86010000 		.4byte	.LASF11
  96 0088 01       		.uleb128 0x1
  97 0089 08       		.byte	0x8
  98 008a 07       		.byte	0x7
  99 008b 42010000 		.4byte	.LASF12
 100 008f 05       		.uleb128 0x5
 101 0090 B4010000 		.4byte	.LASF13
 102 0094 03       		.byte	0x3
 103 0095 18       		.byte	0x18
 104 0096 13       		.byte	0x13
 105 0097 4D000000 		.4byte	0x4d
 106 009b 09       		.uleb128 0x9
 107 009c 8F000000 		.4byte	0x8f
 108 00a0 05       		.uleb128 0x5
 109 00a1 C2010000 		.4byte	.LASF14
 110 00a5 03       		.byte	0x3
 111 00a6 2C       		.byte	0x2c
 112 00a7 13       		.byte	0x13
 113 00a8 6E000000 		.4byte	0x6e
 114 00ac 05       		.uleb128 0x5
ARM GAS  C:\Users\patri\AppData\Local\Temp\ccVXW3nx.s 			page 3


 115 00ad BC010000 		.4byte	.LASF15
 116 00b1 04       		.byte	0x4
 117 00b2 58       		.byte	0x58
 118 00b3 19       		.byte	0x19
 119 00b4 A0000000 		.4byte	0xa0
 120 00b8 01       		.uleb128 0x1
 121 00b9 01       		.byte	0x1
 122 00ba 08       		.byte	0x8
 123 00bb AF010000 		.4byte	.LASF16
 124 00bf 0E       		.uleb128 0xe
 125 00c0 04       		.byte	0x4
 126 00c1 01       		.uleb128 0x1
 127 00c2 01       		.byte	0x1
 128 00c3 02       		.byte	0x2
 129 00c4 47020000 		.4byte	.LASF17
 130 00c8 04       		.uleb128 0x4
 131 00c9 8F000000 		.4byte	0x8f
 132 00cd 06       		.uleb128 0x6
 133 00ce 25000000 		.4byte	0x25
 134 00d2 E6000000 		.4byte	0xe6
 135 00d6 03       		.uleb128 0x3
 136 00d7 BF000000 		.4byte	0xbf
 137 00db 03       		.uleb128 0x3
 138 00dc E6000000 		.4byte	0xe6
 139 00e0 03       		.uleb128 0x3
 140 00e1 25000000 		.4byte	0x25
 141 00e5 00       		.byte	0
 142 00e6 04       		.uleb128 0x4
 143 00e7 9B000000 		.4byte	0x9b
 144 00eb 04       		.uleb128 0x4
 145 00ec CD000000 		.4byte	0xcd
 146 00f0 06       		.uleb128 0x6
 147 00f1 25000000 		.4byte	0x25
 148 00f5 09010000 		.4byte	0x109
 149 00f9 03       		.uleb128 0x3
 150 00fa BF000000 		.4byte	0xbf
 151 00fe 03       		.uleb128 0x3
 152 00ff C8000000 		.4byte	0xc8
 153 0103 03       		.uleb128 0x3
 154 0104 25000000 		.4byte	0x25
 155 0108 00       		.byte	0
 156 0109 04       		.uleb128 0x4
 157 010a F0000000 		.4byte	0xf0
 158 010e 06       		.uleb128 0x6
 159 010f AC000000 		.4byte	0xac
 160 0113 22010000 		.4byte	0x122
 161 0117 03       		.uleb128 0x3
 162 0118 BF000000 		.4byte	0xbf
 163 011c 03       		.uleb128 0x3
 164 011d 8F000000 		.4byte	0x8f
 165 0121 00       		.byte	0
 166 0122 04       		.uleb128 0x4
 167 0123 0E010000 		.4byte	0x10e
 168 0127 06       		.uleb128 0x6
 169 0128 AC000000 		.4byte	0xac
 170 012c 36010000 		.4byte	0x136
 171 0130 03       		.uleb128 0x3
ARM GAS  C:\Users\patri\AppData\Local\Temp\ccVXW3nx.s 			page 4


 172 0131 BF000000 		.4byte	0xbf
 173 0135 00       		.byte	0
 174 0136 04       		.uleb128 0x4
 175 0137 27010000 		.4byte	0x127
 176 013b 0F       		.uleb128 0xf
 177 013c 11000000 		.4byte	.LASF27
 178 0140 18       		.byte	0x18
 179 0141 05       		.byte	0x5
 180 0142 35       		.byte	0x35
 181 0143 08       		.byte	0x8
 182 0144 89010000 		.4byte	0x189
 183 0148 07       		.uleb128 0x7
 184 0149 D8010000 		.4byte	.LASF18
 185 014d 25000000 		.4byte	0x25
 186 0151 00       		.byte	0
 187 0152 07       		.uleb128 0x7
 188 0153 72010000 		.4byte	.LASF19
 189 0157 EB000000 		.4byte	0xeb
 190 015b 04       		.byte	0x4
 191 015c 07       		.uleb128 0x7
 192 015d A4010000 		.4byte	.LASF20
 193 0161 09010000 		.4byte	0x109
 194 0165 08       		.byte	0x8
 195 0166 08       		.uleb128 0x8
 196 0167 70757400 		.ascii	"put\000"
 197 016b 36       		.byte	0x36
 198 016c 03       		.byte	0x3
 199 016d 22010000 		.4byte	0x122
 200 0171 0C       		.byte	0xc
 201 0172 08       		.uleb128 0x8
 202 0173 67657400 		.ascii	"get\000"
 203 0177 36       		.byte	0x36
 204 0178 03       		.byte	0x3
 205 0179 36010000 		.4byte	0x136
 206 017d 10       		.byte	0x10
 207 017e 07       		.uleb128 0x7
 208 017f A9010000 		.4byte	.LASF21
 209 0183 22010000 		.4byte	0x122
 210 0187 14       		.byte	0x14
 211 0188 00       		.byte	0
 212 0189 09       		.uleb128 0x9
 213 018a 3B010000 		.4byte	0x13b
 214 018e 10       		.uleb128 0x10
 215 018f 04       		.byte	0x4
 216 0190 05       		.byte	0x5
 217 0191 3E       		.byte	0x3e
 218 0192 09       		.byte	0x9
 219 0193 A4010000 		.4byte	0x1a4
 220 0197 08       		.uleb128 0x8
 221 0198 766D7400 		.ascii	"vmt\000"
 222 019c 40       		.byte	0x40
 223 019d 1F       		.byte	0x1f
 224 019e A4010000 		.4byte	0x1a4
 225 01a2 00       		.byte	0
 226 01a3 00       		.byte	0
 227 01a4 04       		.uleb128 0x4
 228 01a5 89010000 		.4byte	0x189
ARM GAS  C:\Users\patri\AppData\Local\Temp\ccVXW3nx.s 			page 5


 229 01a9 05       		.uleb128 0x5
 230 01aa FF010000 		.4byte	.LASF22
 231 01ae 05       		.byte	0x5
 232 01af 42       		.byte	0x42
 233 01b0 03       		.byte	0x3
 234 01b1 8E010000 		.4byte	0x18e
 235 01b5 11       		.uleb128 0x11
 236 01b6 766D7400 		.ascii	"vmt\000"
 237 01ba 06       		.byte	0x6
 238 01bb 56       		.byte	0x56
 239 01bc 23       		.byte	0x23
 240 01bd 89010000 		.4byte	0x189
 241 01c1 12       		.uleb128 0x12
 242 01c2 33010000 		.4byte	.LASF28
 243 01c6 06       		.byte	0x6
 244 01c7 61       		.byte	0x61
 245 01c8 06       		.byte	0x6
 246 01c9 D9010000 		.4byte	0x1d9
 247 01cd 02       		.uleb128 0x2
 248 01ce 6E737000 		.ascii	"nsp\000"
 249 01d2 61       		.byte	0x61
 250 01d3 21       		.byte	0x21
 251 01d4 D9010000 		.4byte	0x1d9
 252 01d8 00       		.byte	0
 253 01d9 04       		.uleb128 0x4
 254 01da A9010000 		.4byte	0x1a9
 255 01de 0A       		.uleb128 0xa
 256 01df A9010000 		.4byte	.LASF21
 257 01e3 4D       		.byte	0x4d
 258 01e4 0E       		.byte	0xe
 259 01e5 AC000000 		.4byte	0xac
 260 01e9 01020000 		.4byte	0x201
 261 01ed 02       		.uleb128 0x2
 262 01ee 697000   		.ascii	"ip\000"
 263 01f1 4D       		.byte	0x4d
 264 01f2 1A       		.byte	0x1a
 265 01f3 BF000000 		.4byte	0xbf
 266 01f7 02       		.uleb128 0x2
 267 01f8 6200     		.ascii	"b\000"
 268 01fa 4D       		.byte	0x4d
 269 01fb 26       		.byte	0x26
 270 01fc 8F000000 		.4byte	0x8f
 271 0200 00       		.byte	0
 272 0201 0B       		.uleb128 0xb
 273 0202 67657400 		.ascii	"get\000"
 274 0206 46       		.byte	0x46
 275 0207 AC000000 		.4byte	0xac
 276 020b 1A020000 		.4byte	0x21a
 277 020f 02       		.uleb128 0x2
 278 0210 697000   		.ascii	"ip\000"
 279 0213 46       		.byte	0x46
 280 0214 18       		.byte	0x18
 281 0215 BF000000 		.4byte	0xbf
 282 0219 00       		.byte	0
 283 021a 0B       		.uleb128 0xb
 284 021b 70757400 		.ascii	"put\000"
 285 021f 3E       		.byte	0x3e
ARM GAS  C:\Users\patri\AppData\Local\Temp\ccVXW3nx.s 			page 6


 286 0220 AC000000 		.4byte	0xac
 287 0224 3C020000 		.4byte	0x23c
 288 0228 02       		.uleb128 0x2
 289 0229 697000   		.ascii	"ip\000"
 290 022c 3E       		.byte	0x3e
 291 022d 18       		.byte	0x18
 292 022e BF000000 		.4byte	0xbf
 293 0232 02       		.uleb128 0x2
 294 0233 6200     		.ascii	"b\000"
 295 0235 3E       		.byte	0x3e
 296 0236 24       		.byte	0x24
 297 0237 8F000000 		.4byte	0x8f
 298 023b 00       		.byte	0
 299 023c 0A       		.uleb128 0xa
 300 023d 59010000 		.4byte	.LASF23
 301 0241 35       		.byte	0x35
 302 0242 0F       		.byte	0xf
 303 0243 25000000 		.4byte	0x25
 304 0247 69020000 		.4byte	0x269
 305 024b 02       		.uleb128 0x2
 306 024c 697000   		.ascii	"ip\000"
 307 024f 35       		.byte	0x35
 308 0250 1B       		.byte	0x1b
 309 0251 BF000000 		.4byte	0xbf
 310 0255 02       		.uleb128 0x2
 311 0256 627000   		.ascii	"bp\000"
 312 0259 35       		.byte	0x35
 313 025a 28       		.byte	0x28
 314 025b C8000000 		.4byte	0xc8
 315 025f 02       		.uleb128 0x2
 316 0260 6E00     		.ascii	"n\000"
 317 0262 35       		.byte	0x35
 318 0263 33       		.byte	0x33
 319 0264 25000000 		.4byte	0x25
 320 0268 00       		.byte	0
 321 0269 13       		.uleb128 0x13
 322 026a 2C010000 		.4byte	.LASF29
 323 026e 06       		.byte	0x6
 324 026f 2D       		.byte	0x2d
 325 0270 0F       		.byte	0xf
 326 0271 25000000 		.4byte	0x25
 327 0275 02       		.uleb128 0x2
 328 0276 697000   		.ascii	"ip\000"
 329 0279 2D       		.byte	0x2d
 330 027a 1C       		.byte	0x1c
 331 027b BF000000 		.4byte	0xbf
 332 027f 02       		.uleb128 0x2
 333 0280 627000   		.ascii	"bp\000"
 334 0283 2D       		.byte	0x2d
 335 0284 2F       		.byte	0x2f
 336 0285 E6000000 		.4byte	0xe6
 337 0289 02       		.uleb128 0x2
 338 028a 6E00     		.ascii	"n\000"
 339 028c 2D       		.byte	0x2d
 340 028d 3A       		.byte	0x3a
 341 028e 25000000 		.4byte	0x25
 342 0292 00       		.byte	0
ARM GAS  C:\Users\patri\AppData\Local\Temp\ccVXW3nx.s 			page 7


 343 0293 00       		.byte	0
 344              		.section	.gnu.debuglto_.debug_abbrev,"e",%progbits
 345              	.Ldebug_abbrev0:
 346 0000 01       		.uleb128 0x1
 347 0001 24       		.uleb128 0x24
 348 0002 00       		.byte	0
 349 0003 0B       		.uleb128 0xb
 350 0004 0B       		.uleb128 0xb
 351 0005 3E       		.uleb128 0x3e
 352 0006 0B       		.uleb128 0xb
 353 0007 03       		.uleb128 0x3
 354 0008 0E       		.uleb128 0xe
 355 0009 00       		.byte	0
 356 000a 00       		.byte	0
 357 000b 02       		.uleb128 0x2
 358 000c 05       		.uleb128 0x5
 359 000d 00       		.byte	0
 360 000e 03       		.uleb128 0x3
 361 000f 08       		.uleb128 0x8
 362 0010 3A       		.uleb128 0x3a
 363 0011 21       		.uleb128 0x21
 364 0012 06       		.sleb128 6
 365 0013 3B       		.uleb128 0x3b
 366 0014 0B       		.uleb128 0xb
 367 0015 39       		.uleb128 0x39
 368 0016 0B       		.uleb128 0xb
 369 0017 49       		.uleb128 0x49
 370 0018 13       		.uleb128 0x13
 371 0019 00       		.byte	0
 372 001a 00       		.byte	0
 373 001b 03       		.uleb128 0x3
 374 001c 05       		.uleb128 0x5
 375 001d 00       		.byte	0
 376 001e 49       		.uleb128 0x49
 377 001f 13       		.uleb128 0x13
 378 0020 00       		.byte	0
 379 0021 00       		.byte	0
 380 0022 04       		.uleb128 0x4
 381 0023 0F       		.uleb128 0xf
 382 0024 00       		.byte	0
 383 0025 0B       		.uleb128 0xb
 384 0026 21       		.uleb128 0x21
 385 0027 04       		.sleb128 4
 386 0028 49       		.uleb128 0x49
 387 0029 13       		.uleb128 0x13
 388 002a 00       		.byte	0
 389 002b 00       		.byte	0
 390 002c 05       		.uleb128 0x5
 391 002d 16       		.uleb128 0x16
 392 002e 00       		.byte	0
 393 002f 03       		.uleb128 0x3
 394 0030 0E       		.uleb128 0xe
 395 0031 3A       		.uleb128 0x3a
 396 0032 0B       		.uleb128 0xb
 397 0033 3B       		.uleb128 0x3b
 398 0034 0B       		.uleb128 0xb
 399 0035 39       		.uleb128 0x39
ARM GAS  C:\Users\patri\AppData\Local\Temp\ccVXW3nx.s 			page 8


 400 0036 0B       		.uleb128 0xb
 401 0037 49       		.uleb128 0x49
 402 0038 13       		.uleb128 0x13
 403 0039 00       		.byte	0
 404 003a 00       		.byte	0
 405 003b 06       		.uleb128 0x6
 406 003c 15       		.uleb128 0x15
 407 003d 01       		.byte	0x1
 408 003e 27       		.uleb128 0x27
 409 003f 19       		.uleb128 0x19
 410 0040 49       		.uleb128 0x49
 411 0041 13       		.uleb128 0x13
 412 0042 01       		.uleb128 0x1
 413 0043 13       		.uleb128 0x13
 414 0044 00       		.byte	0
 415 0045 00       		.byte	0
 416 0046 07       		.uleb128 0x7
 417 0047 0D       		.uleb128 0xd
 418 0048 00       		.byte	0
 419 0049 03       		.uleb128 0x3
 420 004a 0E       		.uleb128 0xe
 421 004b 3A       		.uleb128 0x3a
 422 004c 21       		.uleb128 0x21
 423 004d 05       		.sleb128 5
 424 004e 3B       		.uleb128 0x3b
 425 004f 21       		.uleb128 0x21
 426 0050 36       		.sleb128 54
 427 0051 39       		.uleb128 0x39
 428 0052 21       		.uleb128 0x21
 429 0053 03       		.sleb128 3
 430 0054 49       		.uleb128 0x49
 431 0055 13       		.uleb128 0x13
 432 0056 38       		.uleb128 0x38
 433 0057 0B       		.uleb128 0xb
 434 0058 00       		.byte	0
 435 0059 00       		.byte	0
 436 005a 08       		.uleb128 0x8
 437 005b 0D       		.uleb128 0xd
 438 005c 00       		.byte	0
 439 005d 03       		.uleb128 0x3
 440 005e 08       		.uleb128 0x8
 441 005f 3A       		.uleb128 0x3a
 442 0060 21       		.uleb128 0x21
 443 0061 05       		.sleb128 5
 444 0062 3B       		.uleb128 0x3b
 445 0063 0B       		.uleb128 0xb
 446 0064 39       		.uleb128 0x39
 447 0065 0B       		.uleb128 0xb
 448 0066 49       		.uleb128 0x49
 449 0067 13       		.uleb128 0x13
 450 0068 38       		.uleb128 0x38
 451 0069 0B       		.uleb128 0xb
 452 006a 00       		.byte	0
 453 006b 00       		.byte	0
 454 006c 09       		.uleb128 0x9
 455 006d 26       		.uleb128 0x26
 456 006e 00       		.byte	0
ARM GAS  C:\Users\patri\AppData\Local\Temp\ccVXW3nx.s 			page 9


 457 006f 49       		.uleb128 0x49
 458 0070 13       		.uleb128 0x13
 459 0071 00       		.byte	0
 460 0072 00       		.byte	0
 461 0073 0A       		.uleb128 0xa
 462 0074 2E       		.uleb128 0x2e
 463 0075 01       		.byte	0x1
 464 0076 03       		.uleb128 0x3
 465 0077 0E       		.uleb128 0xe
 466 0078 3A       		.uleb128 0x3a
 467 0079 21       		.uleb128 0x21
 468 007a 06       		.sleb128 6
 469 007b 3B       		.uleb128 0x3b
 470 007c 0B       		.uleb128 0xb
 471 007d 39       		.uleb128 0x39
 472 007e 0B       		.uleb128 0xb
 473 007f 27       		.uleb128 0x27
 474 0080 19       		.uleb128 0x19
 475 0081 49       		.uleb128 0x49
 476 0082 13       		.uleb128 0x13
 477 0083 01       		.uleb128 0x1
 478 0084 13       		.uleb128 0x13
 479 0085 00       		.byte	0
 480 0086 00       		.byte	0
 481 0087 0B       		.uleb128 0xb
 482 0088 2E       		.uleb128 0x2e
 483 0089 01       		.byte	0x1
 484 008a 03       		.uleb128 0x3
 485 008b 08       		.uleb128 0x8
 486 008c 3A       		.uleb128 0x3a
 487 008d 21       		.uleb128 0x21
 488 008e 06       		.sleb128 6
 489 008f 3B       		.uleb128 0x3b
 490 0090 0B       		.uleb128 0xb
 491 0091 39       		.uleb128 0x39
 492 0092 21       		.uleb128 0x21
 493 0093 0E       		.sleb128 14
 494 0094 27       		.uleb128 0x27
 495 0095 19       		.uleb128 0x19
 496 0096 49       		.uleb128 0x49
 497 0097 13       		.uleb128 0x13
 498 0098 01       		.uleb128 0x1
 499 0099 13       		.uleb128 0x13
 500 009a 00       		.byte	0
 501 009b 00       		.byte	0
 502 009c 0C       		.uleb128 0xc
 503 009d 11       		.uleb128 0x11
 504 009e 01       		.byte	0x1
 505 009f 25       		.uleb128 0x25
 506 00a0 0E       		.uleb128 0xe
 507 00a1 13       		.uleb128 0x13
 508 00a2 0B       		.uleb128 0xb
 509 00a3 03       		.uleb128 0x3
 510 00a4 0E       		.uleb128 0xe
 511 00a5 1B       		.uleb128 0x1b
 512 00a6 0E       		.uleb128 0xe
 513 00a7 10       		.uleb128 0x10
ARM GAS  C:\Users\patri\AppData\Local\Temp\ccVXW3nx.s 			page 10


 514 00a8 17       		.uleb128 0x17
 515 00a9 00       		.byte	0
 516 00aa 00       		.byte	0
 517 00ab 0D       		.uleb128 0xd
 518 00ac 24       		.uleb128 0x24
 519 00ad 00       		.byte	0
 520 00ae 0B       		.uleb128 0xb
 521 00af 0B       		.uleb128 0xb
 522 00b0 3E       		.uleb128 0x3e
 523 00b1 0B       		.uleb128 0xb
 524 00b2 03       		.uleb128 0x3
 525 00b3 08       		.uleb128 0x8
 526 00b4 00       		.byte	0
 527 00b5 00       		.byte	0
 528 00b6 0E       		.uleb128 0xe
 529 00b7 0F       		.uleb128 0xf
 530 00b8 00       		.byte	0
 531 00b9 0B       		.uleb128 0xb
 532 00ba 0B       		.uleb128 0xb
 533 00bb 00       		.byte	0
 534 00bc 00       		.byte	0
 535 00bd 0F       		.uleb128 0xf
 536 00be 13       		.uleb128 0x13
 537 00bf 01       		.byte	0x1
 538 00c0 03       		.uleb128 0x3
 539 00c1 0E       		.uleb128 0xe
 540 00c2 0B       		.uleb128 0xb
 541 00c3 0B       		.uleb128 0xb
 542 00c4 3A       		.uleb128 0x3a
 543 00c5 0B       		.uleb128 0xb
 544 00c6 3B       		.uleb128 0x3b
 545 00c7 0B       		.uleb128 0xb
 546 00c8 39       		.uleb128 0x39
 547 00c9 0B       		.uleb128 0xb
 548 00ca 01       		.uleb128 0x1
 549 00cb 13       		.uleb128 0x13
 550 00cc 00       		.byte	0
 551 00cd 00       		.byte	0
 552 00ce 10       		.uleb128 0x10
 553 00cf 13       		.uleb128 0x13
 554 00d0 01       		.byte	0x1
 555 00d1 0B       		.uleb128 0xb
 556 00d2 0B       		.uleb128 0xb
 557 00d3 3A       		.uleb128 0x3a
 558 00d4 0B       		.uleb128 0xb
 559 00d5 3B       		.uleb128 0x3b
 560 00d6 0B       		.uleb128 0xb
 561 00d7 39       		.uleb128 0x39
 562 00d8 0B       		.uleb128 0xb
 563 00d9 01       		.uleb128 0x1
 564 00da 13       		.uleb128 0x13
 565 00db 00       		.byte	0
 566 00dc 00       		.byte	0
 567 00dd 11       		.uleb128 0x11
 568 00de 34       		.uleb128 0x34
 569 00df 00       		.byte	0
 570 00e0 03       		.uleb128 0x3
ARM GAS  C:\Users\patri\AppData\Local\Temp\ccVXW3nx.s 			page 11


 571 00e1 08       		.uleb128 0x8
 572 00e2 3A       		.uleb128 0x3a
 573 00e3 0B       		.uleb128 0xb
 574 00e4 3B       		.uleb128 0x3b
 575 00e5 0B       		.uleb128 0xb
 576 00e6 39       		.uleb128 0x39
 577 00e7 0B       		.uleb128 0xb
 578 00e8 49       		.uleb128 0x49
 579 00e9 13       		.uleb128 0x13
 580 00ea 00       		.byte	0
 581 00eb 00       		.byte	0
 582 00ec 12       		.uleb128 0x12
 583 00ed 2E       		.uleb128 0x2e
 584 00ee 01       		.byte	0x1
 585 00ef 3F       		.uleb128 0x3f
 586 00f0 19       		.uleb128 0x19
 587 00f1 03       		.uleb128 0x3
 588 00f2 0E       		.uleb128 0xe
 589 00f3 3A       		.uleb128 0x3a
 590 00f4 0B       		.uleb128 0xb
 591 00f5 3B       		.uleb128 0x3b
 592 00f6 0B       		.uleb128 0xb
 593 00f7 39       		.uleb128 0x39
 594 00f8 0B       		.uleb128 0xb
 595 00f9 27       		.uleb128 0x27
 596 00fa 19       		.uleb128 0x19
 597 00fb 01       		.uleb128 0x1
 598 00fc 13       		.uleb128 0x13
 599 00fd 00       		.byte	0
 600 00fe 00       		.byte	0
 601 00ff 13       		.uleb128 0x13
 602 0100 2E       		.uleb128 0x2e
 603 0101 01       		.byte	0x1
 604 0102 03       		.uleb128 0x3
 605 0103 0E       		.uleb128 0xe
 606 0104 3A       		.uleb128 0x3a
 607 0105 0B       		.uleb128 0xb
 608 0106 3B       		.uleb128 0x3b
 609 0107 0B       		.uleb128 0xb
 610 0108 39       		.uleb128 0x39
 611 0109 0B       		.uleb128 0xb
 612 010a 27       		.uleb128 0x27
 613 010b 19       		.uleb128 0x19
 614 010c 49       		.uleb128 0x49
 615 010d 13       		.uleb128 0x13
 616 010e 00       		.byte	0
 617 010f 00       		.byte	0
 618 0110 00       		.byte	0
 619              		.section	.gnu.debuglto_.debug_line,"e",%progbits
 620              	.Ldebug_line0:
 621 0000 5F000000 		.4byte	.LELT0-.LSLT0
 622              	.LSLT0:
 623 0004 0500     		.2byte	0x5
 624 0006 04       		.byte	0x4
 625 0007 00       		.byte	0
 626 0008 57000000 		.4byte	.LELTP0-.LASLTP0
 627              	.LASLTP0:
ARM GAS  C:\Users\patri\AppData\Local\Temp\ccVXW3nx.s 			page 12


 628 000c 01       		.byte	0x1
 629 000d 01       		.byte	0x1
 630 000e 01       		.byte	0x1
 631 000f F6       		.byte	0xf6
 632 0010 F2       		.byte	0xf2
 633 0011 0D       		.byte	0xd
 634 0012 00       		.byte	0
 635 0013 01       		.byte	0x1
 636 0014 01       		.byte	0x1
 637 0015 01       		.byte	0x1
 638 0016 01       		.byte	0x1
 639 0017 00       		.byte	0
 640 0018 00       		.byte	0
 641 0019 00       		.byte	0
 642 001a 01       		.byte	0x1
 643 001b 00       		.byte	0
 644 001c 00       		.byte	0
 645 001d 01       		.byte	0x1
 646 001e 01       		.byte	0x1
 647 001f 01       		.uleb128 0x1
 648 0020 1F       		.uleb128 0x1f
 649 0021 06       		.uleb128 0x6
 650 0022 29010000 		.4byte	.LASF30
 651 0026 E5000000 		.4byte	.LASF31
 652 002a C5000000 		.4byte	.LASF32
 653 002e 5F010000 		.4byte	.LASF33
 654 0032 0A000000 		.4byte	.LASF34
 655 0036 5D000000 		.4byte	.LASF35
 656 003a 02       		.byte	0x2
 657 003b 01       		.uleb128 0x1
 658 003c 1F       		.uleb128 0x1f
 659 003d 02       		.uleb128 0x2
 660 003e 0B       		.uleb128 0xb
 661 003f 07       		.uleb128 0x7
 662 0040 B6010000 		.4byte	.LASF36
 663 0044 00       		.byte	0
 664 0045 E9010000 		.4byte	.LASF37
 665 0049 05       		.byte	0x5
 666 004a 0A010000 		.4byte	.LASF38
 667 004e 03       		.byte	0x3
 668 004f 00000000 		.4byte	.LASF39
 669 0053 04       		.byte	0x4
 670 0054 BB000000 		.4byte	.LASF40
 671 0058 02       		.byte	0x2
 672 0059 51010000 		.4byte	.LASF41
 673 005d 01       		.byte	0x1
 674 005e 1B010000 		.4byte	.LASF42
 675 0062 01       		.byte	0x1
 676              	.LELTP0:
 677              	.LELT0:
 678              		.section	.gnu.debuglto_.debug_str,"eMS",%progbits,1
 679              	.LASF5:
 680 0000 5F5F7569 		.ascii	"__uint8_t\000"
 680      6E74385F 
 680      7400
 681              	.LASF4:
 682 000a 73697A65 		.ascii	"size_t\000"
ARM GAS  C:\Users\patri\AppData\Local\Temp\ccVXW3nx.s 			page 13


 682      5F7400
 683              	.LASF27:
 684 0011 4E756C6C 		.ascii	"NullStreamVMT\000"
 684      53747265 
 684      616D564D 
 684      5400
 685              	.LASF9:
 686 001f 5F5F696E 		.ascii	"__int32_t\000"
 686      7433325F 
 686      7400
 687              	.LASF24:
 688 0029 474E5520 		.ascii	"GNU C17 11.3.1 20220712 -mcpu=cortex-m4 -mthumb -mf"
 688      43313720 
 688      31312E33 
 688      2E312032 
 688      30323230 
 689 005c 6C6F6174 		.ascii	"loat-abi=hard -mfpu=fpv4-sp-d16 -march=armv7e-m+fp "
 689      2D616269 
 689      3D686172 
 689      64202D6D 
 689      6670753D 
 690 008f 2D676764 		.ascii	"-ggdb -O2 -fomit-frame-pointer -falign-functions=16"
 690      62202D4F 
 690      32202D66 
 690      6F6D6974 
 690      2D667261 
 691 00c2 202D6666 		.ascii	" -ffunction-sections -fdata-sections -fno-common -f"
 691      756E6374 
 691      696F6E2D 
 691      73656374 
 691      696F6E73 
 692 00f5 6C746F00 		.ascii	"lto\000"
 693              	.LASF25:
 694 00f9 2E2E2F2E 		.ascii	"../../chibios2111/os/hal/lib/streams/nullstreams.c\000"
 694      2E2F6368 
 694      6962696F 
 694      73323131 
 694      312F6F73 
 695              	.LASF29:
 696 012c 77726974 		.ascii	"writes\000"
 696      657300
 697              	.LASF28:
 698 0133 6E756C6C 		.ascii	"nullObjectInit\000"
 698      4F626A65 
 698      6374496E 
 698      697400
 699              	.LASF12:
 700 0142 6C6F6E67 		.ascii	"long long unsigned int\000"
 700      206C6F6E 
 700      6720756E 
 700      7369676E 
 700      65642069 
 701              	.LASF23:
 702 0159 72656164 		.ascii	"reads\000"
 702      7300
 703              	.LASF8:
 704 015f 73686F72 		.ascii	"short unsigned int\000"
ARM GAS  C:\Users\patri\AppData\Local\Temp\ccVXW3nx.s 			page 14


 704      7420756E 
 704      7369676E 
 704      65642069 
 704      6E7400
 705              	.LASF19:
 706 0172 77726974 		.ascii	"write\000"
 706      6500
 707              	.LASF6:
 708 0178 756E7369 		.ascii	"unsigned char\000"
 708      676E6564 
 708      20636861 
 708      7200
 709              	.LASF11:
 710 0186 6C6F6E67 		.ascii	"long unsigned int\000"
 710      20756E73 
 710      69676E65 
 710      6420696E 
 710      7400
 711              	.LASF2:
 712 0198 6C6F6E67 		.ascii	"long double\000"
 712      20646F75 
 712      626C6500 
 713              	.LASF20:
 714 01a4 72656164 		.ascii	"read\000"
 714      00
 715              	.LASF21:
 716 01a9 756E6765 		.ascii	"unget\000"
 716      7400
 717              	.LASF16:
 718 01af 63686172 		.ascii	"char\000"
 718      00
 719              	.LASF13:
 720 01b4 75696E74 		.ascii	"uint8_t\000"
 720      385F7400 
 721              	.LASF15:
 722 01bc 6D73675F 		.ascii	"msg_t\000"
 722      7400
 723              	.LASF14:
 724 01c2 696E7433 		.ascii	"int32_t\000"
 724      325F7400 
 725              	.LASF1:
 726 01ca 6C6F6E67 		.ascii	"long long int\000"
 726      206C6F6E 
 726      6720696E 
 726      7400
 727              	.LASF18:
 728 01d8 696E7374 		.ascii	"instance_offset\000"
 728      616E6365 
 728      5F6F6666 
 728      73657400 
 729              	.LASF0:
 730 01e8 756E7369 		.ascii	"unsigned int\000"
 730      676E6564 
 730      20696E74 
 730      00
 731              	.LASF7:
 732 01f5 73686F72 		.ascii	"short int\000"
ARM GAS  C:\Users\patri\AppData\Local\Temp\ccVXW3nx.s 			page 15


 732      7420696E 
 732      7400
 733              	.LASF22:
 734 01ff 4E756C6C 		.ascii	"NullStream\000"
 734      53747265 
 734      616D00
 735              	.LASF10:
 736 020a 6C6F6E67 		.ascii	"long int\000"
 736      20696E74 
 736      00
 737              	.LASF3:
 738 0213 7369676E 		.ascii	"signed char\000"
 738      65642063 
 738      68617200 
 739              	.LASF26:
 740 021f 433A5C43 		.ascii	"C:\\ChibiStudio\\workspace_user\\microcntr\000"
 740      68696269 
 740      53747564 
 740      696F5C77 
 740      6F726B73 
 741              	.LASF17:
 742 0247 5F426F6F 		.ascii	"_Bool\000"
 742      6C00
 743              		.section	.gnu.debuglto_.debug_line_str,"eMS",%progbits,1
 744              	.LASF39:
 745 0000 5F737464 		.ascii	"_stdint.h\000"
 745      696E742E 
 745      6800
 746              	.LASF34:
 747 000a 633A5C63 		.ascii	"c:\\chibistudio\\tools\\gnu tools arm embedded\\11."
 747      68696269 
 747      73747564 
 747      696F5C74 
 747      6F6F6C73 
 748 0039 33203230 		.ascii	"3 2022.08\\arm-none-eabi\\include\\sys\000"
 748      32322E30 
 748      385C6172 
 748      6D2D6E6F 
 748      6E652D65 
 749              	.LASF35:
 750 005d 633A5C63 		.ascii	"c:\\chibistudio\\tools\\gnu tools arm embedded\\11."
 750      68696269 
 750      73747564 
 750      696F5C74 
 750      6F6F6C73 
 751 008c 33203230 		.ascii	"3 2022.08\\lib\\gcc\\arm-none-eabi\\11.3.1\\include"
 751      32322E30 
 751      385C6C69 
 751      625C6763 
 751      635C6172 
 752 00ba 00       		.ascii	"\000"
 753              	.LASF40:
 754 00bb 63686561 		.ascii	"chearly.h\000"
 754      726C792E 
 754      6800
 755              	.LASF32:
 756 00c5 2E2E2F2E 		.ascii	"../../chibios2111/os/rt/include\000"
ARM GAS  C:\Users\patri\AppData\Local\Temp\ccVXW3nx.s 			page 16


 756      2E2F6368 
 756      6962696F 
 756      73323131 
 756      312F6F73 
 757              	.LASF31:
 758 00e5 2E2E2F2E 		.ascii	"../../chibios2111/os/hal/lib/streams\000"
 758      2E2F6368 
 758      6962696F 
 758      73323131 
 758      312F6F73 
 759              	.LASF38:
 760 010a 5F646566 		.ascii	"_default_types.h\000"
 760      61756C74 
 760      5F747970 
 760      65732E68 
 760      00
 761              	.LASF42:
 762 011b 6E756C6C 		.ascii	"nullstreams.c\000"
 762      73747265 
 762      616D732E 
 762      6300
 763              	.LASF30:
 764 0129 433A5C43 		.ascii	"C:\\ChibiStudio\\workspace_user\\microcntr\000"
 764      68696269 
 764      53747564 
 764      696F5C77 
 764      6F726B73 
 765              	.LASF41:
 766 0151 6E756C6C 		.ascii	"nullstreams.h\000"
 766      73747265 
 766      616D732E 
 766      6800
 767              	.LASF33:
 768 015f 633A5C63 		.ascii	"c:\\chibistudio\\tools\\gnu tools arm embedded\\11."
 768      68696269 
 768      73747564 
 768      696F5C74 
 768      6F6F6C73 
 769 018e 33203230 		.ascii	"3 2022.08\\arm-none-eabi\\include\\machine\000"
 769      32322E30 
 769      385C6172 
 769      6D2D6E6F 
 769      6E652D65 
 770              	.LASF36:
 771 01b6 2E2E2F2E 		.ascii	"../../chibios2111/os/hal/lib/streams/nullstreams.c\000"
 771      2E2F6368 
 771      6962696F 
 771      73323131 
 771      312F6F73 
 772              	.LASF37:
 773 01e9 73746464 		.ascii	"stddef.h\000"
 773      65662E68 
 773      00
 774              		.text
 775              		.section	.gnu.lto_.profile.6b9c4ca0,"e",%progbits
 776 0000 789C6362 		.ascii	"x\234cb\000\001\000\000\022\000\003"
 776      00010000 
ARM GAS  C:\Users\patri\AppData\Local\Temp\ccVXW3nx.s 			page 17


 776      120003
 777              		.text
 778              		.section	.gnu.lto_.icf.6b9c4ca0,"e",%progbits
 779 0000 789C3363 		.ascii	"x\2343c@\000v\206\331K7\364130~m<7\235\231\201\351\376"
 779      40007686 
 779      D94B37F4 
 779      3133307E 
 779      6D3C379D 
 780 0018 A74B1F79 		.ascii	"\247K\037y\031\230\347\235^\374\220\221\201\005\302"
 780      1998E79D 
 780      5EFC9091 
 780      8105C2
 781 0027 63ED7BDD 		.ascii	"c\355{\335\364\216\221\211\211\201\211\221mK\353\223"
 781      F48E9189 
 781      89818991 
 781      6D4BEB93 
 782 0037 26460600 		.ascii	"&F\006\000q\367\025s"
 782      71F71573 
 783              		.text
 784              		.section	.gnu.lto_.ipa_sra.6b9c4ca0,"e",%progbits
 785 0000 789C7361 		.ascii	"x\234sa@\0006\006f \311\312\300\301\300\016\34223\""
 785      40003606 
 785      6620C9CA 
 785      C0C1C00E 
 785      E2323322 
 786 0014 73199999 		.ascii	"s\031\231\231\230\300\\\020\223\231\021\304dfA\210\260"
 786      98C05C10 
 786      939911C4 
 786      64664188 
 786      B0
 787 0025 82441818 		.ascii	"\202D\030\030\031\000%\326\000\260"
 787      190025D6 
 787      00B0
 788              		.text
 789              		.section	.gnu.lto_.inline.6b9c4ca0,"e",%progbits
 790 0000 789CBBC2 		.ascii	"x\234\273\302\200\000l\014\014\314\015@\300\224\302"
 790      80006C0C 
 790      0CCC0D40 
 790      C094C2
 791 000f C8C0C4C0 		.ascii	"\310\300\304\300\320\010d\326\001E!BL !\006\006F\302"
 791      D00864D6 
 791      01452142 
 791      4C202106 
 791      0646C2
 792 0022 4A98082B 		.ascii	"J\230\010+a&\254\204\205\260\022V\006\026\020\237\031"
 792      6126AC84 
 792      85B01256 
 792      0616109F 
 792      19
 793 0033 A484112C 		.ascii	"\244\204\021,\223\304\300\300\016\244\017\300\2250\000"
 793      93C4C0C0 
 793      0EA40FC0 
 793      953000
 794 0042 0079582D 		.ascii	"\000yX-5"
 794      35
 795              		.text
 796              		.section	.gnu.lto_.jmpfuncs.6b9c4ca0,"e",%progbits
ARM GAS  C:\Users\patri\AppData\Local\Temp\ccVXW3nx.s 			page 18


 797 0000 789C45CA 		.ascii	"x\234E\312\333\015\0000\010\002@@\354d\335\313\325\373"
 797      DB0D0030 
 797      08024040 
 797      EC64DDCB 
 797      D5FB
 798 0012 4A235F1C 		.ascii	"J#_\034a\2423\020$\015\011\212\222y\210\313\204,}\215"
 798      61A23310 
 798      240D098A 
 798      927988CB 
 798      842C7D8D 
 799 0026 78CDBDE4 		.ascii	"x\315\275\344\276\226\210\005B\227\001\264"
 799      BE968805 
 799      429701B4 
 800              		.text
 801              		.section	.gnu.lto_.pureconst.6b9c4ca0,"e",%progbits
 802 0000 789C1366 		.ascii	"x\234\023f```ch`al`aj`an`ai`a\235\305\002\000 '\003"
 802      60606063 
 802      6860616C 
 802      60616A60 
 802      616E6061 
 803 001e 5B       		.ascii	"["
 804              		.text
 805              		.section	.gnu.lto_.ipa_modref.6b9c4ca0,"e",%progbits
 806 0000 789C9363 		.ascii	"x\234\223c@\000FVFQ\005\001\001\006\006\020\301\310"
 806      40004656 
 806      46510501 
 806      01060610 
 806      C1C8
 807 0012 C40EC41C 		.ascii	"\304\016\304\034\014\214@\310\240\240\300\300\000\000"
 807      0C8C40C8 
 807      A0A0C0C0 
 807      0000
 808 0020 157F0112 		.ascii	"\025\177\001\022"
 809              		.text
 810              		.section	.gnu.lto_.lto.6b9c4ca0,"e",%progbits
 811 0000 0B000300 		.ascii	"\013\000\003\000\001\000\000\000"
 811      01000000 
 812              		.text
 813              		.section	.gnu.lto_writes.384.6b9c4ca0,"e",%progbits
 814 0000 789CFBC0 		.ascii	"x\234\373\300\300\300P\007\304\252@\314\310\314\300"
 814      C0C05007 
 814      C4AA40CC 
 814      C8CCC0
 815 000f 38696217 		.ascii	"8ib\027\023CCC\203\003;\023c\343\304\256\353\313\224"
 815      13434343 
 815      83033B13 
 815      63E3C4AE 
 815      EBCB94
 816 0022 19F73382 		.ascii	"\031\3673\202\371\214\014\365L\214\365\214\013\231Y"
 816      F98C0CF5 
 816      4C8CF58C 
 816      0B9959
 817 0031 19D98419 		.ascii	"\031\331\204\031Y\200\244(\243\202\376\201\206\206\037"
 817      5980A428 
 817      A382FE81 
 817      86861F
 818 0040 4FA7DDB5 		.ascii	"O\247\335\265\233\263\342\000K=C\355\016\306\355\214"
ARM GAS  C:\Users\patri\AppData\Local\Temp\ccVXW3nx.s 			page 19


 818      9BB3E200 
 818      4B3D43ED 
 818      0EC6ED8C 
 819 0050 40931858 		.ascii	"@\223\030X\0319\342\031t\201\222\027\366\354hh\340d"
 819      1939E219 
 819      74819217 
 819      F6EC6868 
 819      E064
 820 0062 78C9B08B 		.ascii	"x\311\260\213\021*\311\304\224\364\025\250\233\243\012"
 820      112AC9C4 
 820      94F415A8 
 820      9BA30A
 821 0071 227F1F2C 		.ascii	"\"\177\037,_\271\007.\315\234\364\037$]\013\221\376"
 821      5FB9072E 
 821      CD9CF41F 
 821      245D0B91 
 821      FE
 822 0082 0596AEDF 		.ascii	"\005\226\256\337\007\227fH\352de`\340f`\250\005\271"
 822      07976648 
 822      EA646560 
 822      E06660A8 
 822      05B9
 823 0094 1888D75F 		.ascii	"\030\210\327_b=\320\360\347\177\177C\303\333\347\214"
 823      623DD0F0 
 823      E77F7F43 
 823      C3DBE78C 
 824 00a4 AF999819 		.ascii	"\257\231\230\031\031\031\367\001\305\3471\203\274\321"
 824      1919F701 
 824      C5E73183 
 824      BCD1
 825 00b2 C0C2D870 		.ascii	"\300\302\330p\200\201a>3\023\204\323\010\344|gjx\264"
 825      8081613E 
 825      331384D3 
 825      08E47C67 
 825      6A78B4
 826 00c5 9F174C5D 		.ascii	"\237\027L]`\004SW\030\031\37635-0e\006\273}\0363#B'"
 826      60045357 
 826      1819FE33 
 826      352D3065 
 826      06BB7D1E 
 827 00dd 038386B3 		.ascii	"\003\203\206\263U\214sFfRfpIiJf~Ly~QvqAbrj|iqjQLnfr"
 827      558C7346 
 827      66526670 
 827      49694A66 
 827      7E4C797E 
 828 0101 517E725E 		.ascii	"Q~r^I\021\203\261\236\236>\020%\203\324\346\027\033"
 828      491183B1 
 828      9E9E3E10 
 828      2583D4E6 
 828      171B
 829 0113 191A1AEA 		.ascii	"\031\032\032\352\347\027\353g$\346\350\347d&\351\027"
 829      E717EB67 
 829      24E6E8E7 
 829      6426E917 
 830 0123 9714A526 		.ascii	"\227\024\245&\346\026\353\347\225\346\344@\331z\311"
 830      E616EBE7 
 830      95E6E440 
ARM GAS  C:\Users\patri\AppData\Local\Temp\ccVXW3nx.s 			page 20


 830      D97AC9
 831 0132 0C4C9905 		.ascii	"\014L\231\005\342(\"zF\006\006)&\026Ff\014LI\005\214"
 831      E228227A 
 831      46060629 
 831      26164666 
 831      0C4C4905 
 832 0147 79000B37 		.ascii	"y\000\0137\202\257"
 832      82AF
 833              		.text
 834              		.section	.gnu.lto_reads.385.6b9c4ca0,"e",%progbits
 835 0000 789CFBC2 		.ascii	"x\234\373\302\300\300P\007\304\252@\314\310\314\300"
 835      C0C05007 
 835      C4AA40CC 
 835      C8CCC0
 836 000f 38696217 		.ascii	"8ib\027\023CCC\203\003;\023c\343\304\256\373\313\225"
 836      13434343 
 836      83033B13 
 836      63E3C4AE 
 836      FBCB95
 837 0022 19F73382 		.ascii	"\031\3673\202\371\214\014\365L\214\365\214\013\231Y"
 837      F98C0CF5 
 837      4C8CF58C 
 837      0B9959
 838 0031 19D98419 		.ascii	"\031\331\204\031Y\200\244(\243\202\376\201\206\206\037"
 838      5980A428 
 838      A382FE81 
 838      86861F
 839 0040 4FA7BDB5 		.ascii	"O\247\275\265\233\263\342\000K=C\355\016\306\355\214"
 839      9BB3E200 
 839      4B3D43ED 
 839      0EC6ED8C 
 840 0050 40931858 		.ascii	"@\223\030X\0319\342\031t\201\222\027v\357hh\340dx\311"
 840      1939E219 
 840      74819217 
 840      76EF6868 
 840      E06478C9 
 841 0064 B08B112A 		.ascii	"\260\213\021*\311\304\224t\032\250\233\243\012\"\177"
 841      C9C49474 
 841      1AA89BA3 
 841      0A227F
 842 0073 032C5FB9 		.ascii	"\003,_\271\007.\315\234t\025$]\013\221~\015\226\256"
 842      072ECD9C 
 842      7415245D 
 842      0B917E0D 
 842      96AE
 843 0085 DF079766 		.ascii	"\337\007\227fH\272\317\302\300\300\315\300P\013r1\020"
 843      48BACFC2 
 843      C0C0CDC0 
 843      500B7231 
 843      10
 844 0096 AFBFC47A 		.ascii	"\257\277\304z\240\341\317\377\376\206\206\257\317\030"
 844      A0E1CFFF 
 844      FE8686AF 
 844      CF18
 845 00a4 FF303131 		.ascii	"\3770110\314c\006\371\240\201\205\261\341\000\003\303"
 845      30CC6306 
 845      F9A08185 
ARM GAS  C:\Users\patri\AppData\Local\Temp\ccVXW3nx.s 			page 21


 845      B1E10003 
 845      C3
 846 00b5 7C662608 		.ascii	"|f&\010\247\021\310\371\316\324\360\350>/\230\372\300"
 846      A711C8F9 
 846      CED4F0E8 
 846      3E2F98FA 
 846      C0
 847 00c6 08A63E41 		.ascii	"\010\246>A\250o\214\014\377\231\232\026\230\262\325"
 847      A86F8C0C 
 847      FF999A16 
 847      98B2D5
 848 00d5 839D0F34 		.ascii	"\203\235\0174\202\021a\004\003\203\206\263U\214sFfR"
 848      82116104 
 848      038386B3 
 848      558C7346 
 848      6652
 849 00e7 66704969 		.ascii	"fpIiJf~Ly~QvqAbrj|iqjQLnfrQ~r^I\021\203\261\236\236"
 849      4A667E4C 
 849      797E5176 
 849      71416272 
 849      6A7C6971 
 850 010b 3E102583 		.ascii	">\020%\203\324\346\027\033\031\032\032\352\347\027\353"
 850      D4E6171B 
 850      191A1AEA 
 850      E717EB
 851 011a 6724E6E8 		.ascii	"g$\346\350\347d&\351\027\227\024\245&\346\026\353\347"
 851      E76426E9 
 851      179714A5 
 851      26E616EB 
 851      E7
 852 012b 95E6E440 		.ascii	"\225\346\344@\331z\311\014L\231\005\342(\"zF\006\006"
 852      D97AC90C 
 852      4C9905E2 
 852      28227A46 
 852      0606
 853 013d 29261646 		.ascii	")&\026Ff\014LI\005\214y\000\274\274\206="
 853      660C4C49 
 853      058C7900 
 853      BCBC863D 
 854              		.text
 855              		.section	.gnu.lto_put.386.6b9c4ca0,"e",%progbits
 856 0000 789C3BCB 		.ascii	"x\234;\313\300\300P\015\304j@\314\310\314\3008ib\027"
 856      C0C0500D 
 856      C46A40CC 
 856      C8CCC038 
 856      696217
 857 0013 13434343 		.ascii	"\023CCC\203\003;\023c\343\304\256\3733\266\2600\356"
 857      83033B13 
 857      63E3C4AE 
 857      FB33B6B0 
 857      30EE
 858 0025 65040B30 		.ascii	"e\004\01302\32431\3263.dfed\023fd\001\222\242\214\012"
 858      32D43331 
 858      D6332E64 
 858      66656413 
 858      66640192 
 859 003c FA40A91F 		.ascii	"\372@\251\037O\247\375\263\231\263\342\000K=C\355\016"
ARM GAS  C:\Users\patri\AppData\Local\Temp\ccVXW3nx.s 			page 22


 859      4FA7FDB3 
 859      99B3E200 
 859      4B3D43ED 
 859      0E
 860 004d C6ED8C40 		.ascii	"\306\355\214@\243\030X\0319\342\031t\01744\\\330\261"
 860      A3185819 
 860      39E21974 
 860      0F34345C 
 860      D8B1
 861 005f A3A18193 		.ascii	"\243\241\201\223\341%\303.F\250$\023S\322\012\240n\216"
 861      E125C32E 
 861      46A82413 
 861      53D20AA0 
 861      6E8E
 862 0071 2A88FC99 		.ascii	"*\210\374\231-\015\015\314\014\225{\030kM\215\200\222"
 862      2D0D0DCC 
 862      0C957B18 
 862      6B4D8D80 
 862      92
 863 0082 CC499B58 		.ascii	"\314I\233X\030\030\270\031\030jA.\002\342\365\227X\017"
 863      1818B819 
 863      186A412E 
 863      02E2F597 
 863      580F
 864 0094 34FCF9DF 		.ascii	"4\374\371\337\337\320\360\367\011c\2172\023\003\303"
 864      DFD0F0F7 
 864      09638F32 
 864      1303C3
 865 00a3 3C66900B 		.ascii	"<f\220\013\033X\030\033\01600\314gf\202p\032\201\234"
 865      1B58181B 
 865      0E3030CC 
 865      67668270 
 865      1A819C
 866 00b6 EF4C0D8F 		.ascii	"\357L\015\217&\036c\004\323\223\330\300\32446\206\377"
 866      261E6304 
 866      D393D8C0 
 866      D4343686 
 866      FF
 867 00c7 4C4D0B4C 		.ascii	"LM\013L\331\352\301\356\002jfDhf`\320p\266\212q\316"
 867      D9EAC1EE 
 867      026A6644 
 867      686660D0 
 867      70B68A71 
 868 00dc C84CCA0C 		.ascii	"\310L\312\014.)M\311\314\217)\317/\312..HLN\215/-N-"
 868      2E294DC9 
 868      CC8F29CF 
 868      2FCA2E2E 
 868      484C4E8D 
 869 00f4 8AC9CD4C 		.ascii	"\212\311\315L.\312O\316+)b0\326\323\323\007\242d\220"
 869      2ECA4FCE 
 869      2B296230 
 869      D6D3D307 
 869      A26490
 870 0107 DAFC6223 		.ascii	"\332\374b#CCC\375\374b\375\214\304\034\375\234\314$"
 870      434343FD 
 870      FC62FD8C 
 870      C41CFD9C 
ARM GAS  C:\Users\patri\AppData\Local\Temp\ccVXW3nx.s 			page 23


 870      CC24
 871 0119 FDE292A2 		.ascii	"\375\342\222\242\324\304\334b\375\274\322\234\034(["
 871      D4C4DC62 
 871      FDBCD29C 
 871      1C285B
 872 0128 2F998129 		.ascii	"/\231\201)\263@\034ED\317\310\300 \305\304\302\310\214"
 872      B3401C45 
 872      44CFC8C0 
 872      20C5C4C2 
 872      C88C
 873 013a 81310900 		.ascii	"\2011\011\000/\265u\330"
 873      2FB575D8 
 874              		.text
 875              		.section	.gnu.lto_get.387.6b9c4ca0,"e",%progbits
 876 0000 789C5BC5 		.ascii	"x\234[\305\300\300P\011\304j@\314\310\314\3008ib\027"
 876      C0C05009 
 876      C46A40CC 
 876      C8CCC038 
 876      696217
 877 0013 13434343 		.ascii	"\023CCC\203\003;\023c\343\304\256\3533\267\2600\356"
 877      83033B13 
 877      63E3C4AE 
 877      EB33B7B0 
 877      30EE
 878 0025 66040B30 		.ascii	"f\004\01302\32431\3263.dfed\023fd\001\222\242\214\012"
 878      32D43331 
 878      D6332E64 
 878      66656413 
 878      66640192 
 879 003c FA40A91F 		.ascii	"\372@\251\037O\247\365\035f\237\263\342\000K=C\355\016"
 879      4FA7F51D 
 879      669FB3E2 
 879      004B3D43 
 879      ED0E
 880 004e C6ED8C40 		.ascii	"\306\355\214@\263\030X\0319\342\031t\01744\\\330\261"
 880      B3185819 
 880      39E21974 
 880      0F34345C 
 880      D8B1
 881 0060 A3A18193 		.ascii	"\243\241\201\223\341%\303.F\250$\023SR?\013\003\003"
 881      E125C32E 
 881      46A82413 
 881      53523F0B 
 881      0303
 882 0072 3703432D 		.ascii	"7\003C-\310V ^\177\211\365@\303\237\377\375\015\015"
 882      C856205E 
 882      7F89F540 
 882      C39FFFFD 
 882      0D0D
 883 0084 4F1F33CE 		.ascii	"O\0373\316Vfb`\230\307\014rE\003\013c\303\001\006\206"
 883      56666260 
 883      98C70C72 
 883      45030B63 
 883      C3010686 
 884 0098 F9CC4C10 		.ascii	"\371\314L\020N#\220\363\235\251\341\321\306c\214`z\013"
 884      4E2390F3 
 884      9DA9E1D1 
ARM GAS  C:\Users\patri\AppData\Local\Temp\ccVXW3nx.s 			page 24


 884      C6638C60 
 884      7A0B
 885 00aa 1BC37FA6 		.ascii	"\033\303\177\246\246\005\246l\365\214, K\34713\"t10"
 885      A605A66C 
 885      F58C2C20 
 885      4BE73133 
 885      22743130 
 886 00be 68385BC5 		.ascii	"h8[\3058gd&e\006\227\224\246d\346\307\224\347\027e\027"
 886      38676426 
 886      65069794 
 886      A664E6C7 
 886      94E71765 
 887 00d3 172426A7 		.ascii	"\027$&\247\306\227\026\247\026\305\344f&\027\345'\347"
 887      C69716A7 
 887      16C5E466 
 887      2617E527 
 887      E7
 888 00e4 95143118 		.ascii	"\225\0241\030\353\351\351\003Q2Hm~\261\221\241\241\241"
 888      EBE9E903 
 888      5132486D 
 888      7EB191A1 
 888      A1A1
 889 00f6 7E7EB17E 		.ascii	"~~\261~Fb\216~Nf\222~qIQjbn\261~^iN\016\224\255\227"
 889      46628E7E 
 889      4E66927E 
 889      7149516A 
 889      626EB17E 
 890 0111 CCC09459 		.ascii	"\314\300\224Y \216\"\242gd`\220bbad\306\000\000\235"
 890      208E22A2 
 890      67646090 
 890      62626164 
 890      C600009D 
 891 0125 5F6992   		.ascii	"_i\222"
 892              		.text
 893              		.section	.gnu.lto_unget.388.6b9c4ca0,"e",%progbits
 894 0000 789C3BC7 		.ascii	"x\234;\307\300\300P\015\304j@\314\310\314\3008ib\027"
 894      C0C0500D 
 894      C46A40CC 
 894      C8CCC038 
 894      696217
 895 0013 13434343 		.ascii	"\023CCC\203\003;\023c\343\304\256\373\263\266\2600\356"
 895      83033B13 
 895      63E3C4AE 
 895      FBB3B6B0 
 895      30EE
 896 0025 65040B30 		.ascii	"e\004\01302\32431\3263.dfed\023fd\001\222\242\214\012"
 896      32D43331 
 896      D6332E64 
 896      66656413 
 896      66640192 
 897 003c FA40A91F 		.ascii	"\372@\251\037O\247\315=\314>g\305\001\226z\206\332\035"
 897      4FA7CD3D 
 897      CC3E67C5 
 897      01967A86 
 897      DA1D
 898 004e 8CDB1981 		.ascii	"\214\333\031\201f1\2602r\3043\350\036hh\270\260kGC\003"
 898      6631B032 
ARM GAS  C:\Users\patri\AppData\Local\Temp\ccVXW3nx.s 			page 25


 898      72C433E8 
 898      1E6868B8 
 898      B06B4743 
 899 0063 27C34B86 		.ascii	"'\303K\206]\214PI&\246\244\267@C8\252 \362\347\2664"
 899      5D8C5049 
 899      26A6A4B7 
 899      404338AA 
 899      20F2E7B6 
 900 0078 34303354 		.ascii	"403T\356a\25455\002J2'}gf`\340f`\250\0059\011\210\327"
 900      EE61AC35 
 900      35024A32 
 900      277D6766 
 900      60E06660 
 901 0092 5F623DD0 		.ascii	"_b=\320\360\347\177\177C\303w\311\2077\330\230\030\030"
 901      F0E77F7F 
 901      43C377C9 
 901      8737D898 
 901      1818
 902 00a4 E631839C 		.ascii	"\3461\203\234\330\300\302\330p\200\201a>3\023\204\323"
 902      D8C0C2D8 
 902      70808161 
 902      3E331384 
 902      D3
 903 00b5 08E47C67 		.ascii	"\010\344|gjxt\361\030#\230\276\304\006\246\256\2611"
 903      6A7874F1 
 903      182398BE 
 903      C406A6AE 
 903      B131
 904 00c7 FC676A5A 		.ascii	"\374gjZ`\312V\017v\027P3#B3\003\203\206\263U\214sFf"
 904      60CA560F 
 904      76175033 
 904      23423303 
 904      8386B355 
 905 00df 52667049 		.ascii	"RfpIiJf~Ly~QvqAbrj|iqjQLnfrQ~r^I\021\203\261\236\236"
 905      694A667E 
 905      4C797E51 
 905      76714162 
 905      726A7C69 
 906 0104 3E102583 		.ascii	">\020%\203\324\346\027\033\031\032\032\352\347\027\353"
 906      D4E6171B 
 906      191A1AEA 
 906      E717EB
 907 0113 6724E6E8 		.ascii	"g$\346\350\347d&\351\027\227\024\245&\346\026\353\347"
 907      E76426E9 
 907      179714A5 
 907      26E616EB 
 907      E7
 908 0124 95E6E440 		.ascii	"\225\346\344@\331z\311\014L\231\005\342(\"zF\006\006"
 908      D97AC90C 
 908      4C9905E2 
 908      28227A46 
 908      0606
 909 0136 29261646 		.ascii	")&\026Ff\014\214I\000\253xw\222"
 909      660C8C49 
 909      00AB7877 
 909      92
 910              		.text
ARM GAS  C:\Users\patri\AppData\Local\Temp\ccVXW3nx.s 			page 26


 911              		.section	.gnu.lto_vmt.389.6b9c4ca0,"e",%progbits
 912 0000 789C4B62 		.ascii	"x\234Kb``\210c\200\000V\306.\306\246\206\206?\233\272"
 912      60608863 
 912      800056C6 
 912      2EC6A686 
 912      863F9BBA 
 913 0014 AF3F1466 		.ascii	"\257?\024f\254\257\205\011\2748\303X]\011\343\2548\306"
 913      ACAF8509 
 913      BC38C358 
 913      5D09E3AC 
 913      38C6
 914 0026 585F0E97 		.ascii	"X_\016\227\261+-\206\263\315\012\363\201l\266\333\014"
 914      B12B2D86 
 914      B3CD0AF3 
 914      816CB6DB 
 914      0C
 915 0037 8C0CF64D 		.ascii	"\214\014\366M\035\015\022\271\331{\0303w3\246\357bL"
 915      1D0D12B9 
 915      D97B1833 
 915      7733A6EF 
 915      624C
 916 0049 DDC998BC 		.ascii	"\335\311\230\274\2031q;#\203\206\263U\214sFfRfpIiJf"
 916      8331713B 
 916      238386B3 
 916      558C7346 
 916      66526670 
 917 0061 7E4C797E 		.ascii	"~Ly~QvqAbrj|iqjQLnfrQ~r^I\021\203\261\236\236>\020%"
 917      51767141 
 917      62726A7C 
 917      69716A51 
 917      4C6E6672 
 918 0082 83D4E617 		.ascii	"\203\324\346\027\033\031\032\032\352\347\027\353g$\346"
 918      1B191A1A 
 918      EAE717EB 
 918      6724E6
 919 0091 E8E76426 		.ascii	"\350\347d&\351\027\227\024\245&\346\026\353\347\225"
 919      E9179714 
 919      A526E616 
 919      EBE795
 920 00a0 E6E440D9 		.ascii	"\346\344@\331z\311\014\000B\313Dt"
 920      7AC90C00 
 920      42CB4474 
 921              		.text
 922              		.section	.gnu.lto_nullObjectInit.390.6b9c4ca0,"e",%progbits
 923 0000 789C554F 		.ascii	"x\234UO1K\303@\030\375\276\273T[\034\034D\\\205..&m"
 923      314BC340 
 923      18FDBEBB 
 923      545B1C1C 
 923      445C852E 
 924 0017 94224E42 		.ascii	"\224\"NB\007\177\200k\241\264i\241\301\264)\271\206"
 924      077F806B 
 924      A1B469A1 
 924      C1B429B9 
 924      86
 925 0028 D24AC9B5 		.ascii	"\322J\311\265\203C\026\251C\305\245\342\326Ap\255\025"
 925      834316A9 
 925      43C5A5E2 
ARM GAS  C:\Users\patri\AppData\Local\Temp\ccVXW3nx.s 			page 27


 925      D64170AD 
 925      15
 926 0039 25EA2005 		.ascii	"%\352 \005\005\361\027\210\330\305\305I\024\024\352"
 926      05F11788 
 926      D8C5C549 
 926      1414EA
 927 0048 2515C4E3 		.ascii	"%\025\304\343\276\273\357\275\357\035\357\335\033\000"
 927      BEBBEFBD 
 927      EF1DEFDD 
 927      1B00
 928 0056 D4454545 		.ascii	"\324EEE!\005\334o\273\0048\347\033\323\004\233m7\202"
 928      2105DC6F 
 928      BB0438E7 
 928      1BD3049B 
 928      6D3782
 929 0069 E7182004 		.ascii	"\347\030 \004\207\240\203\307T\021\360s\324\031\336"
 929      87A083C7 
 929      5411F073 
 929      D419DE
 930 0078 20EF79F8 		.ascii	" \357y\370\012\340@\260B85\207\2228\347q1\204\3414,"
 930      0AE040B0 
 930      42383587 
 930      9238E771 
 930      3184E134 
 931 008d 7B9C3F0C 		.ascii	"{\234?\014\373\234G\2401@\347\014\373\010@P\273\247"
 931      FB9C47A0 
 931      3140E70C 
 931      FB084050 
 931      BBA7
 932 009f 00339367 		.ascii	"\0003\223g\202\200\323\307\220\307\277\307{\234\277"
 932      8280D3C7 
 932      90C7BFC7 
 932      7B9CBF
 933 00ae BFE05D54 		.ascii	"\277\340]T\"\210\003\301w\251\237\202K\310=\200#J&\240"
 933      228803C1 
 933      77A99F82 
 933      4BC83D80 
 933      234A26A0 
 934 00c2 29C007E1 		.ascii	")\300\007\341\317\007\267\010_\244\325qG(\034\033(\334"
 934      CF07B708 
 934      5FA4D571 
 934      47281C1B 
 934      28DC
 935 00d4 4FFC9C3D 		.ascii	"O\374\234=\272S\277@H\2106\\\273\304j\020\253\346\217"
 935      BA53BF40 
 935      4888365C 
 935      BBC46A10 
 935      ABE68F
 936 00e7 5D71DB81 		.ascii	"]q\333\201LbW\350!\270\270+\364\263\265ka6&\255\247"
 936      4C6257E8 
 936      21B8B82B 
 936      F4B3B56B 
 936      613626AD 
 937 00fc C3CDE01B 		.ascii	"\303\315\340\033]\212\177\276\000K\311\365T\262\240"
 937      5D8A7FBE 
 937      004BC9F5 
 937      54B2A0
ARM GAS  C:\Users\patri\AppData\Local\Temp\ccVXW3nx.s 			page 28


 938 010b 67F5AD8A 		.ascii	"g\365\255\212\235\323\315T\325\264\266Y9\243\345\323"
 938      9DD3CD54 
 938      D5B4B659 
 938      39A3E5D3 
 939 011b 36CB5BA9 		.ascii	"6\313[\251\242\256Y\246V\252X\260\"\313\212\330\232"
 939      A2AE59A6 
 939      56AA58B0 
 939      22CB8AD8 
 939      9A
 940 012c AF35991A 		.ascii	"\2575\231\032\217\307\025\223)\205\214\241\030zVa\025"
 940      8FC71593 
 940      29858CA1 
 940      187A5661 
 940      15
 941 013d 2B9F2932 		.ascii	"+\237)2\245d\033\306o/k@K\254\274\360\217\222\325X,"
 941      A5641BC6 
 941      6F2F6B40 
 941      4BACBCF0 
 941      8F92D558 
 942 0152 B7BAA626 		.ascii	"\267\272\246&\340\007g\207z("
 942      E0076787 
 942      7A28
 943              		.text
 944              		.section	.gnu.lto_.symbol_nodes.6b9c4ca0,"e",%progbits
 945 0000 789C75C9 		.ascii	"x\234u\311\273\025@P\020\004\320a\010\374{\322\330\354"
 945      BB154050 
 945      1004D061 
 945      08FC7BD2 
 945      D8EC
 946 0012 FAC54A90 		.ascii	"\372\305J\220k\300Q\204\232<\241`ozO$\271Q\225%E\266"
 946      6BC05184 
 946      9A3CA160 
 946      6F7A4F24 
 946      B9519525 
 947 0028 3F8080EB 		.ascii	"?\200\200\353p7~\345T\035\324D5A\315T\033\324BuAmT\377"
 947      70377EE5 
 947      541DD444 
 947      3541CD54 
 947      1BD44275 
 948 0040 ABDB3C4B 		.ascii	"\253\333<KQ\256\034l\004\210\027\367\307/\323"
 948      51AE1C6C 
 948      048817F7 
 948      C72FD3
 949              		.text
 950              		.section	.gnu.lto_.refs.6b9c4ca0,"e",%progbits
 951 0000 789C1366 		.ascii	"x\234\023f```debcb`\005b&F&&&f&\026\006\000\003\320"
 951      60606064 
 951      65626362 
 951      60056226 
 951      46262626 
 952 001b 0043     		.ascii	"\000C"
 953              		.text
 954              		.section	.gnu.lto_.decls.6b9c4ca0,"e",%progbits
 955 0000 789C9555 		.ascii	"x\234\225UkL\024W\024\276g\366\301@\221G\254)}\330\230"
 955      6B4C1457 
 955      14BE67F6 
 955      C1409147 
ARM GAS  C:\Users\patri\AppData\Local\Temp\ccVXW3nx.s 			page 29


 955      AC297DD8 
 956 0015 FE325A41 		.ascii	"\3762ZA\360\231\246i\2106iLZ\233\324\266?\032\023\212"
 956      F099A669 
 956      8836694C 
 956      5A9BD4B6 
 956      3F1A138A 
 957 0029 CB2A5B79 		.ascii	"\313*[y\271;\250\355\217\346.\317A+\356VMpK\223u\253"
 957      B93BA8ED 
 957      8FE62ECF 
 957      412BEE56 
 957      4D704B93 
 958 003f 91365A20 		.ascii	"\2216Z Q\004E\035`\221\227.\250\370@\300\342\203\272"
 958      5104451D 
 958      6091972E 
 958      A8F840C0 
 958      E283BA
 959 0052 80C8A2A2 		.ascii	"\200\310\242\242\240\"=wf\\v5i\342\204of\366\236\357"
 959      A0223D77 
 959      665C7635 
 959      69E2846F 
 959      66F69EEF 
 960 0066 7CE7BB67 		.ascii	"|\347\273g\356\275l\014!\344G \344C\304\024^<!\344\""
 960      EEBD6C0C 
 960      21E44720 
 960      E443C414 
 960      5E3C21E4 
 961 007b 220AE143 		.ascii	"\"\012\341CL R\021\275\352\370%D+b\0341\202\230DL!\010"
 961      4C205211 
 961      BDEAF825 
 961      442B621C 
 961      31829844 
 962 0092 E6038243 		.ascii	"\346\003\202C\204\"\302\020O\021Z5o2@g*`|J\035g\272"
 962      8422C210 
 962      4F115A35 
 962      6F324067 
 962      2A607C4A 
 963 00a9 C029E3F5 		.ascii	"\300)\343\365\252^\252ZK\203\343\032u\034\324q]\000"
 963      AA5EAA5A 
 963      4B83E31A 
 963      751CD471 
 963      5D00
 964 00bb 970BE0CE 		.ascii	"\227\013\340\316\342\024\357\036u\334\255\3460\275."
 964      E214EF1E 
 964      75DCADE6 
 964      30BD2E
 965 00ca B5DE0DD5 		.ascii	"\265\336\015\325\317=\304\000\342.b\0201\204\030F\334"
 965      CF3DC400 
 965      E22E6210 
 965      31841846 
 965      DC
 966 00db 41CC441D 		.ascii	"A\314D\035l\215<\227\211\200\371\216\021en,W?\023\264"
 966      6C8D3C97 
 966      8980F98E 
 966      11656E2C 
 966      573F13B4 
 967 00ef FA593007 		.ascii	"\372Y0\007\237Q<G\264\\\017}\330\245\017\225UGY\224"
 967      9F513C47 
ARM GAS  C:\Users\patri\AppData\Local\Temp\ccVXW3nx.s 			page 30


 967      B45C0F7D 
 967      D8A50F95 
 967      55475994 
 968 0103 C368943E 		.ascii	"\303h\224>\004XcC\360I\361\332\312\353\311\022*_\256"
 968      04586343 
 968      F049F1DA 
 968      CAEBC912 
 968      2A5FAE
 969 0116 F789C4AC 		.ascii	"\367\211\304\254\021\262\"\234\377\016\363\207\007\237"
 969      11B2229C 
 969      FF0EF387 
 969      079F
 970 0124 74E82331 		.ascii	"t\350#1\342\243R^(\251\206c@\352!\244\016N\303)\320"
 970      E2A3525E 
 970      28A98663 
 970      40EA21A4 
 970      0E4EC329 
 971 0139 72FB5BB6 		.ascii	"r\373[\266\265\361\357a\370.\245o6\300I\250e\023\004"
 971      B5F1EF61 
 971      F82EA56F 
 971      36C049A8 
 971      651304
 972 014c 7282F593 		.ascii	"r\202\365\223;U^Y\022\036-\261dg\275\326\015r6i\004"
 972      3B555E59 
 972      121E2DB1 
 972      6467BDD6 
 972      0D723669 
 973 0161 D927CF7F 		.ascii	"\331'\317\177O\364\263a\012\360F\370\024\2447>\273v"
 973      4FF4B361 
 973      0AF046F8 
 973      14A4373E 
 973      BB76
 974 0173 283C12E9 		.ascii	"(<\022\351^Zo\325\220%\011\244\025f\327A\0134c\245\223"
 974      5E5A6FD5 
 974      902509A4 
 974      1566D741 
 974      0B3463A5 
 975 0188 7D65633C 		.ascii	"}ec<\233H\033\214\"\267\363@SY\2302\257\263\030=\377"
 975      9B481B8C 
 975      22B7F340 
 975      53599832 
 975      AFB3183D 
 976 019d ACFC5EF8 		.ascii	"\254\374^\370\313><@\316\311>*\252NXg\370}xT\037\355"
 976      CB3E3C40 
 976      CEC93E2A 
 976      AA4E5867 
 976      F87D7854 
 977 01b3 083E8DE8 		.ascii	"\010>\215\350\273\211\334\215H\366B\370M\310\257\025"
 977      BB89DC8D 
 977      48F642F8 
 977      4DC8AF15 
 978 01c3 07DB2322 		.ascii	"\007\333#\"\245\240I_\204nR\007\027\340<V{\272\367\330"
 978      A5A0495F 
 978      846E5207 
 978      17E03C56 
 978      7BBAF7D8 
 979 01d7 76B9A99D 		.ascii	"v\271\251\235\262\227\246\252\303.\336/\337\246\312"
ARM GAS  C:\Users\patri\AppData\Local\Temp\ccVXW3nx.s 			page 31


 979      B297A6AA 
 979      C32EDE2F 
 979      DFA6CA
 980 01e6 5F964B5F 		.ascii	"_\226K_,\252i\3261\352e\270\204\231'\212\317\026\200"
 980      2CAA69D6 
 980      31EA65B8 
 980      8499278A 
 980      CF1680
 981 01f9 62FB0AFE 		.ascii	"b\373\012\376\354\030\334wE\373\302v\247j\273\013\310"
 981      EC18DC77 
 981      45FBC276 
 981      A76ABB0B 
 981      C8
 982 020a 5539B770 		.ascii	"U9\267p\177g\315\264n\227\252{\215\331\336J^qQ|\310"
 982      7F67CDB4 
 982      6E97AA7B 
 982      8DD9DE4A 
 982      5E71517C 
 983 021f F74836ED 		.ascii	"\367H6\355\225^\355\336\223\337NVr~\251^U\352\272\\"
 983      955EEDDE 
 983      93DF4E56 
 983      727EA95E 
 983      55EABA5C 
 984 0233 A6A8B730 		.ascii	"\246\250\2670_\303t\256C\017R\253<\326FN\261\370\017"
 984      5FC374AE 
 984      430F52AB 
 984      3CD6464E 
 984      B1F80F
 985 0246 FEFCB368 		.ascii	"\376\374\263h\252?\342e\2137\200\364\311\271\345\003"
 985      AA3FE265 
 985      8B3780F4 
 985      C9B9E503 
 986 0256 3B3A22FC 		.ascii	";:\"\374\2727T\335\233\314\342\317\204/\006\366\241"
 986      BA3754DD 
 986      9BCCE2CF 
 986      842F06F6 
 986      A1
 987 0267 6370C949 		.ascii	"cp\311I\300\227\002\321FT\364\214o\323\317\213\231\307"
 987      C09702D1 
 987      4654F48C 
 987      6FD3CF8B 
 987      99C7
 988 0279 2ECC1ADF 		.ascii	".\314\032\337\323v\256\341\335\206\\\332,A;\334\201"
 988      D376AEE1 
 988      DD865CDA 
 988      2C413BDC 
 988      81
 989 028a 0155A006 		.ascii	"\001U\240\006Q\015\004\253\346Q*i\311\277\320\017\344"
 989      510D04AB 
 989      E6512A69 
 989      C9BFD00F 
 989      E4
 990 029b 3686EB60 		.ascii	"6\206\353`\020\206a\010\356\302=\360\262\205\212\"\266"
 990      10866108 
 990      EEC23DF0 
 990      B2858A22 
 990      B6
ARM GAS  C:\Users\patri\AppData\Local\Temp\ccVXW3nx.s 			page 32


 991 02ac 52A4E83B 		.ascii	"R\244\350;\341\226?=\236\220E\323\221k\320\341\217\234"
 991      E1963F3D 
 991      9E9045D3 
 991      916BD0E1 
 991      8F9C
 992 02be 81A0503B 		.ascii	"\201\240P;4\005\205\260\246?v\023\272\003\005\003C\215"
 992      340585B0 
 992      A63F7613 
 992      BA030503 
 992      438D
 993 02d0 703CC8EA 		.ascii	"p<\310\352\"\354\304\236\275\373\256\276\021\303\034"
 993      22ECC49E 
 993      BDFBAEBE 
 993      11C31C
 994 02df 4BFFEF58 		.ascii	"K\377\357X\313U\336\276:\022\346o\332\210*\344\223\033"
 994      CB55DEBE 
 994      3A12E66F 
 994      DA882AE4 
 994      931B
 995 02f1 FAC8DB3A 		.ascii	"\372\310\333:\251\361\307|jl\2245\024\317(-\327\274"
 995      A9F1C77C 
 995      6A6C9435 
 995      14CF282D 
 995      D7BC
 996 0303 33670862 		.ascii	"3g\010b\224\315\252\354\324\333\360\000\213\310\302"
 996      94CDAAEC 
 996      D4DBF000 
 996      8BC8C2
 997 0312 07FBDBAA 		.ascii	"\007\373\333\252\302\345\240\364j\360\310\363\211\253"
 997      C2E5A0F4 
 997      6AF0C8F3 
 997      89AB
 998 0320 D39FEAA1 		.ascii	"\323\237\352\241\252<\306\252j\335\307\306\017\353\346"
 998      AA3CC6AA 
 998      6ADDC7C6 
 998      0FEBE6
 999 032f C5B0A078 		.ascii	"\305\260\240xkg\204\315\252\031\203\373\3608\260\235"
 999      6B6784CD 
 999      AA1983FB 
 999      F038B09D 
 1000 033f F211C066 		.ascii	"\362\021\300f\246\214=F\331GL\230\317e\307\314\371\376"
 1000      A68C3D46 
 1000      D9474C98 
 1000      CF65C7CC 
 1000      F9FE
 1001 0351 0762584C 		.ascii	"\007bXL0g\034\374$-\267\253\306\336\240\363W\237P\225"
 1001      30671CFC 
 1001      242DB7AB 
 1001      C6DEA0F3 
 1001      579F5095 
 1002 0365 9FC873EE 		.ascii	"\237\310s\356\362\034\254\341F\331Q$R\311\352\346m."
 1002      F21CACE1 
 1002      46D95124 
 1002      52C9EAE6 
 1002      6D2E
 1003 0377 2FADA034 		.ascii	"/\255\2404\213\236\361\2268\012\274b\264=\007c\025\""
 1003      8B9EF196 
ARM GAS  C:\Users\patri\AppData\Local\Temp\ccVXW3nx.s 			page 33


 1003      380ABC62 
 1003      B43D0763 
 1003      1522
 1004 0389 7DA70487 		.ascii	"}\247\004\207\035\216>\033\347\324\260\225Ain8=\202"
 1004      1D8E3E1B 
 1004      E7D4B095 
 1004      41696E38 
 1004      3D82
 1005 039b 8F9C549A 		.ascii	"\217\234T\232[\300~\377\022\343\314U\232\323\001T*\240"
 1005      5BC07EFF 
 1005      12E3CC55 
 1005      9AD30154 
 1005      2AA0
 1006 03ad 1592DED5 		.ascii	"\025\222\336\325@\013J\350\347\016\207\267Y>\355~\355"
 1006      400B4AE8 
 1006      E70E87B7 
 1006      593EED7E 
 1006      ED
 1007 03be 2B2D8C74 		.ascii	"+-\214t\346\366\210\316\006\372\266\023UJ\360\223\331"
 1007      E6F688CE 
 1007      06FAB613 
 1007      554AF093 
 1007      D9
 1008 03cf C18A2956 		.ascii	"\301\212)V\211\332%\2609Kw\024\347\271}\253\2549y\""
 1008      89DA25B0 
 1008      394B7714 
 1008      E7B97DAB 
 1008      AC397922 
 1009 03e3 CD718B51 		.ascii	"\315q\213Q6\274Q\027\255\216\266#\337\266_\242Q\324"
 1009      36BC5117 
 1009      AD8EB623 
 1009      DFB65FA2 
 1009      51D4
 1010 03f5 E916AD2E 		.ascii	"\351\026\255.\267\010vW\236hw\271)\374\212\2349vteu"
 1010      B7087657 
 1010      9E6877B9 
 1010      29FC8A9C 
 1010      39767465 
 1011 040a 25DAFBF2 		.ascii	"%\332\373\362\261\220\233F\263l\273\353S\253\323\315"
 1011      B1909B46 
 1011      B36CBBEB 
 1011      53ABD3CD 
 1012 041a 16860856 		.ascii	"\026\206\010V'\025m9\264(\332\346\022E\033\346Gc~\265"
 1012      27156D39 
 1012      B428DAE6 
 1012      12451BE6 
 1012      47637EB5 
 1013 042e 3D47A2F8 		.ascii	"=G\242\370\"\211\366\017\260\012\325\313\347/&pxK\324"
 1013      2289F60F 
 1013      B00AD5CB 
 1013      E72F2670 
 1013      784BD4
 1014 0441 72B4A5F5 		.ascii	"r\264\245\365\343\373\314z\331\201\323\241\020aK$\020"
 1014      E3FBCC7A 
 1014      D981D3A1 
 1014      10614B24 
 1014      10
ARM GAS  C:\Users\patri\AppData\Local\Temp\ccVXW3nx.s 			page 34


 1015 0452 1FC5FFC5 		.ascii	"\037\305\377\305\221\271\273K\350\370\205]\275\237\340"
 1015      91B9BB4B 
 1015      E8F8855D 
 1015      BD9FE0
 1016 0461 A2641DC2 		.ascii	"\242d\035\302\3757\251|m2\011\344\031<\205\025\003Z"
 1016      FD37A97C 
 1016      6D3209E4 
 1016      193C8515 
 1016      035A
 1017 0473 BE5F2156 		.ascii	"\276_!V\014WS\252c\254.<s\025\326\224\312\252\3252\206"
 1017      0C5753AA 
 1017      63AC2E3C 
 1017      7315D694 
 1017      CAAAD532 
 1018 0488 EF796D56 		.ascii	"\357ymV\031\022\022=\270+\024B\223Jp\310\204\212\342"
 1018      1912123D 
 1018      B82B1442 
 1018      934A70C8 
 1018      848AE2
 1019 049b DC421A25 		.ascii	"\334B\032%Wr\343\016P(\307U\212U\241\374\356\247xp?"
 1019      5772E30E 
 1019      5028C755 
 1019      8A55A1FC 
 1019      EEA77870 
 1020 04b0 2B943B2A 		.ascii	"+\224;*\345\272\206\037b\213\245;\277\2628x\015\223"
 1020      E5BA861F 
 1020      628BA53B 
 1020      BFB23878 
 1020      0D93
 1021 04c2 7C4E5DA5 		.ascii	"|N]\245\216+M\177\350\203b\343\340\017\226\2178\367"
 1021      8E2B4D7F 
 1021      E88362E3 
 1021      E00F968F 
 1021      38F7
 1022 04d4 4D6F9C02 		.ascii	"Mo\234\002NYD\205\354\377.\267\335\351\250\014e\307"
 1022      4E594485 
 1022      ECFF2EB7 
 1022      DDE9A80C 
 1022      65C7
 1023 04e6 5621C74E 		.ascii	"V!\307N\303\211\"OO\350\213ck\220(\307V\021GD\231\\"
 1023      C389224F 
 1023      4FE88B63 
 1023      6B9028C7 
 1023      56114744 
 1024 04fc BAABC0A3 		.ascii	"\272\253\300\243\231[\202sni\330$\317\271\210\313S\252"
 1024      995B8273 
 1024      6E69D824 
 1024      CFB988CB 
 1024      53AA
 1025 050e 903C4E71 		.ascii	"\220<Nq[\247\231\277\333F}\177\337\372\312\006#\270"
 1025      5BA799BF 
 1025      DB467D7F 
 1025      DFFACA06 
 1025      23B8
 1026 0520 1BEA40DE 		.ascii	"\033\352@\336\323\344>\300QXqTC4\033\214BBll\034\376"
 1026      D3E43EC0 
 1026      51587154 
ARM GAS  C:\Users\patri\AppData\Local\Temp\ccVXW3nx.s 			page 35


 1026      43341B8C 
 1026      42426C6C 
 1027 0536 19524DEB 		.ascii	"\031RM\353L\231\226\204\370\370\370\270LK\\jrZ\\\232"
 1027      4C999684 
 1027      F8F8F8B8 
 1027      4C4B5C6A 
 1027      725A5C9A 
 1028 054a 695D9C45 		.ascii	"i]\234E0\033\223\323-q\031\331ii\352{\254\201\377l\365"
 1028      301B93D3 
 1028      2D7119D9 
 1028      6969EA7B 
 1028      AC81FF6C 
 1029 055f 377356C6 		.ascii	"7sV\306/#o\005\015\307&,\\\230\262xy\302R\242K\267l"
 1029      2F236F05 
 1029      0DC7262C 
 1029      5C98B278 
 1029      79C252A2 
 1030 0576 48123459 		.ascii	"H\0224Y\331BH\266)CX\236$h\221\223\242\267\230~2&\011"
 1030      D94248B6 
 1030      2943589E 
 1030      24689193 
 1030      A2B7987E 
 1031 058d BA2D6693 		.ascii	"\272-f\223`\2144eX\204\344\014\2031)s\375z\213Q\230"
 1031      608C3465 
 1031      5884E40C 
 1031      83312973 
 1031      FD7A8B51 
 1032 05a2 B11AB5D6 		.ascii	"\261\032\265\326\310Z\337~\361\265.;\003\275\315]\371"
 1032      C85ADF7E 
 1032      F1B52E3B 
 1032      03BDCD5D 
 1032      F9
 1033 05b3 D1DA95CC 		.ascii	"\321\332\225\314\330\032!;\305\224\271vK\246y\243%+"
 1033      D81A213B 
 1033      C594B976 
 1033      4BA679A3 
 1033      252B
 1034 05c5 1973B22D 		.ascii	"\031s\262-F\363\332t\223\301\234i\310\020\314d\321k"
 1034      46F3DA74 
 1034      93C19C69 
 1034      C810CC64 
 1034      D16B
 1035 05d7 4F229568 		.ascii	"O\"\225h6\247\013a\323E5\361KIx\2629}\3632\343\202\364"
 1035      36A70B61 
 1035      D34535F1 
 1035      4B4978B2 
 1035      397DF332 
 1036 05ee F9EBB348 		.ascii	"\371\353\263H\230!\323,\030\267.H_L\364\262c\313\353"
 1036      9821D32C 
 1036      18B72E48 
 1036      5F4CF4B2 
 1036      63CBEB
 1037 0601 5731101D 		.ascii	"W1\020\035\233\270%\202\015~\271\356\007\243AX\225a"
 1037      9BB82582 
 1037      0D7EB9EE 
 1037      07A34158 
 1037      9561
ARM GAS  C:\Users\patri\AppData\Local\Temp\ccVXW3nx.s 			page 36


 1038 0613 12FE0356 		.ascii	"\022\376\003V\326uS"
 1038      D67553
 1039              		.text
 1040              		.section	.gnu.lto_.symtab.6b9c4ca0,"e",%progbits
 1041 0000 6E756C6C 		.ascii	"nullObjectInit\000"
 1041      4F626A65 
 1041      6374496E 
 1041      697400
 1042 000f 00       		.ascii	"\000"
 1043 0010 00       		.ascii	"\000"
 1044 0011 00       		.ascii	"\000"
 1045 0012 00000000 		.ascii	"\000\000\000\000\000\000\000\000"
 1045      00000000 
 1046 001a 09010000 		.ascii	"\011\001\000\000"
 1047              		.text
 1048              		.section	.gnu.lto_.ext_symtab.6b9c4ca0,"e",%progbits
 1049 0000 01       		.ascii	"\001"
 1050 0001 01       		.ascii	"\001"
 1051 0002 00       		.ascii	"\000"
 1052              		.text
 1053              		.section	.gnu.lto_.opts,"e",%progbits
 1054 0000 272D666E 		.ascii	"'-fno-openmp' '-fno-openacc' '-fno-pie' '-fcf-prote"
 1054      6F2D6F70 
 1054      656E6D70 
 1054      2720272D 
 1054      666E6F2D 
 1055 0033 6374696F 		.ascii	"ction=none' '-g' '-mcpu=cortex-m4' '-mthumb' '-mflo"
 1055      6E3D6E6F 
 1055      6E652720 
 1055      272D6727 
 1055      20272D6D 
 1056 0066 61742D61 		.ascii	"at-abi=hard' '-mfpu=fpv4-sp-d16' '-mlibarch=armv7e-"
 1056      62693D68 
 1056      61726427 
 1056      20272D6D 
 1056      6670753D 
 1057 0099 6D2B6670 		.ascii	"m+fp' '-march=armv7e-m+fp' '-O2' '-fomit-frame-poin"
 1057      2720272D 
 1057      6D617263 
 1057      683D6172 
 1057      6D763765 
 1058 00cc 74657227 		.ascii	"ter' '-falign-functions=16' '-ffunction-sections' '"
 1058      20272D66 
 1058      616C6967 
 1058      6E2D6675 
 1058      6E637469 
 1059 00ff 2D666461 		.ascii	"-fdata-sections' '-fno-common' '-flto' '-Xassembler"
 1059      74612D73 
 1059      65637469 
 1059      6F6E7327 
 1059      20272D66 
 1060 0132 2720272D 		.ascii	"' '-alms=./build/lst/nullstreams.lst'\000"
 1060      616C6D73 
 1060      3D2E2F62 
 1060      75696C64 
 1060      2F6C7374 
 1061              		.text
ARM GAS  C:\Users\patri\AppData\Local\Temp\ccVXW3nx.s 			page 37


 1062              		.comm	__gnu_lto_slim,1,1
 1063              		.ident	"GCC: (Arm GNU Toolchain 11.3.Rel1) 11.3.1 20220712"
ARM GAS  C:\Users\patri\AppData\Local\Temp\ccVXW3nx.s 			page 38


DEFINED SYMBOLS
                            *ABS*:00000000 nullstreams.c
C:\Users\patri\AppData\Local\Temp\ccVXW3nx.s:26     .gnu.debuglto_.debug_info:00000000 nullstreams.c.200d4826
                            *COM*:00000001 __gnu_lto_slim

NO UNDEFINED SYMBOLS
