ARM GAS  C:\Users\patri\AppData\Local\Temp\ccM5zHth.s 			page 1


   1              		.cpu cortex-m4
   2              		.arch armv7e-m
   3              		.fpu fpv4-sp-d16
   4              		.eabi_attribute 27, 1
   5              		.eabi_attribute 28, 1
   6              		.eabi_attribute 20, 1
   7              		.eabi_attribute 21, 1
   8              		.eabi_attribute 23, 3
   9              		.eabi_attribute 24, 1
  10              		.eabi_attribute 25, 1
  11              		.eabi_attribute 26, 1
  12              		.eabi_attribute 30, 2
  13              		.eabi_attribute 34, 1
  14              		.eabi_attribute 18, 4
  15              		.file	"osal.c"
  16              		.section	.gnu.debuglto_.debug_info,"e",%progbits
  17              	.Ldebug_info0:
  18              		.hidden	osal.c.88f93e9b
  19              		.weak	osal.c.88f93e9b
  20              	osal.c.88f93e9b:
  21 0000 76000000 		.4byte	0x76
  22 0004 0500     		.2byte	0x5
  23 0006 01       		.byte	0x1
  24 0007 04       		.byte	0x4
  25 0008 00000000 		.4byte	.Ldebug_abbrev0
  26 000c 02       		.uleb128 0x2
  27 000d E0000000 		.4byte	.LASF12
  28 0011 1D       		.byte	0x1d
  29 0012 A8000000 		.4byte	.LASF13
  30 0016 52000000 		.4byte	.LASF14
  31 001a 00000000 		.4byte	.Ldebug_line0
  32 001e 03       		.uleb128 0x3
  33 001f 04       		.byte	0x4
  34 0020 05       		.byte	0x5
  35 0021 696E7400 		.ascii	"int\000"
  36 0025 01       		.uleb128 0x1
  37 0026 04       		.byte	0x4
  38 0027 07       		.byte	0x7
  39 0028 0E000000 		.4byte	.LASF0
  40 002c 01       		.uleb128 0x1
  41 002d 08       		.byte	0x8
  42 002e 05       		.byte	0x5
  43 002f 00000000 		.4byte	.LASF1
  44 0033 01       		.uleb128 0x1
  45 0034 08       		.byte	0x8
  46 0035 04       		.byte	0x4
  47 0036 D4000000 		.4byte	.LASF2
  48 003a 01       		.uleb128 0x1
  49 003b 01       		.byte	0x1
  50 003c 06       		.byte	0x6
  51 003d 9C000000 		.4byte	.LASF3
  52 0041 01       		.uleb128 0x1
  53 0042 01       		.byte	0x1
  54 0043 08       		.byte	0x8
  55 0044 44000000 		.4byte	.LASF4
  56 0048 01       		.uleb128 0x1
  57 0049 02       		.byte	0x2
ARM GAS  C:\Users\patri\AppData\Local\Temp\ccM5zHth.s 			page 2


  58 004a 05       		.byte	0x5
  59 004b B0010000 		.4byte	.LASF5
  60 004f 01       		.uleb128 0x1
  61 0050 02       		.byte	0x2
  62 0051 07       		.byte	0x7
  63 0052 89000000 		.4byte	.LASF6
  64 0056 01       		.uleb128 0x1
  65 0057 04       		.byte	0x4
  66 0058 05       		.byte	0x5
  67 0059 7A000000 		.4byte	.LASF7
  68 005d 01       		.uleb128 0x1
  69 005e 04       		.byte	0x4
  70 005f 07       		.byte	0x7
  71 0060 1B000000 		.4byte	.LASF8
  72 0064 01       		.uleb128 0x1
  73 0065 08       		.byte	0x8
  74 0066 07       		.byte	0x7
  75 0067 2D000000 		.4byte	.LASF9
  76 006b 01       		.uleb128 0x1
  77 006c 01       		.byte	0x1
  78 006d 08       		.byte	0x8
  79 006e BA010000 		.4byte	.LASF10
  80 0072 01       		.uleb128 0x1
  81 0073 01       		.byte	0x1
  82 0074 02       		.byte	0x2
  83 0075 83000000 		.4byte	.LASF11
  84 0079 00       		.byte	0
  85              		.section	.gnu.debuglto_.debug_abbrev,"e",%progbits
  86              	.Ldebug_abbrev0:
  87 0000 01       		.uleb128 0x1
  88 0001 24       		.uleb128 0x24
  89 0002 00       		.byte	0
  90 0003 0B       		.uleb128 0xb
  91 0004 0B       		.uleb128 0xb
  92 0005 3E       		.uleb128 0x3e
  93 0006 0B       		.uleb128 0xb
  94 0007 03       		.uleb128 0x3
  95 0008 0E       		.uleb128 0xe
  96 0009 00       		.byte	0
  97 000a 00       		.byte	0
  98 000b 02       		.uleb128 0x2
  99 000c 11       		.uleb128 0x11
 100 000d 01       		.byte	0x1
 101 000e 25       		.uleb128 0x25
 102 000f 0E       		.uleb128 0xe
 103 0010 13       		.uleb128 0x13
 104 0011 0B       		.uleb128 0xb
 105 0012 03       		.uleb128 0x3
 106 0013 0E       		.uleb128 0xe
 107 0014 1B       		.uleb128 0x1b
 108 0015 0E       		.uleb128 0xe
 109 0016 10       		.uleb128 0x10
 110 0017 17       		.uleb128 0x17
 111 0018 00       		.byte	0
 112 0019 00       		.byte	0
 113 001a 03       		.uleb128 0x3
 114 001b 24       		.uleb128 0x24
ARM GAS  C:\Users\patri\AppData\Local\Temp\ccM5zHth.s 			page 3


 115 001c 00       		.byte	0
 116 001d 0B       		.uleb128 0xb
 117 001e 0B       		.uleb128 0xb
 118 001f 3E       		.uleb128 0x3e
 119 0020 0B       		.uleb128 0xb
 120 0021 03       		.uleb128 0x3
 121 0022 08       		.uleb128 0x8
 122 0023 00       		.byte	0
 123 0024 00       		.byte	0
 124 0025 00       		.byte	0
 125              		.section	.gnu.debuglto_.debug_line,"e",%progbits
 126              	.Ldebug_line0:
 127 0000 2D000000 		.4byte	.LELT0-.LSLT0
 128              	.LSLT0:
 129 0004 0500     		.2byte	0x5
 130 0006 04       		.byte	0x4
 131 0007 00       		.byte	0
 132 0008 25000000 		.4byte	.LELTP0-.LASLTP0
 133              	.LASLTP0:
 134 000c 01       		.byte	0x1
 135 000d 01       		.byte	0x1
 136 000e 01       		.byte	0x1
 137 000f F6       		.byte	0xf6
 138 0010 F2       		.byte	0xf2
 139 0011 0D       		.byte	0xd
 140 0012 00       		.byte	0
 141 0013 01       		.byte	0x1
 142 0014 01       		.byte	0x1
 143 0015 01       		.byte	0x1
 144 0016 01       		.byte	0x1
 145 0017 00       		.byte	0
 146 0018 00       		.byte	0
 147 0019 00       		.byte	0
 148 001a 01       		.byte	0x1
 149 001b 00       		.byte	0
 150 001c 00       		.byte	0
 151 001d 01       		.byte	0x1
 152 001e 01       		.byte	0x1
 153 001f 01       		.uleb128 0x1
 154 0020 1F       		.uleb128 0x1f
 155 0021 01       		.uleb128 0x1
 156 0022 2C000000 		.4byte	.LASF15
 157 0026 02       		.byte	0x2
 158 0027 01       		.uleb128 0x1
 159 0028 1F       		.uleb128 0x1f
 160 0029 02       		.uleb128 0x2
 161 002a 0B       		.uleb128 0xb
 162 002b 01       		.uleb128 0x1
 163 002c 00000000 		.4byte	.LASF16
 164 0030 00       		.byte	0
 165              	.LELTP0:
 166              	.LELT0:
 167              		.section	.gnu.debuglto_.debug_str,"eMS",%progbits,1
 168              	.LASF1:
 169 0000 6C6F6E67 		.ascii	"long long int\000"
 169      206C6F6E 
 169      6720696E 
ARM GAS  C:\Users\patri\AppData\Local\Temp\ccM5zHth.s 			page 4


 169      7400
 170              	.LASF0:
 171 000e 756E7369 		.ascii	"unsigned int\000"
 171      676E6564 
 171      20696E74 
 171      00
 172              	.LASF8:
 173 001b 6C6F6E67 		.ascii	"long unsigned int\000"
 173      20756E73 
 173      69676E65 
 173      6420696E 
 173      7400
 174              	.LASF9:
 175 002d 6C6F6E67 		.ascii	"long long unsigned int\000"
 175      206C6F6E 
 175      6720756E 
 175      7369676E 
 175      65642069 
 176              	.LASF4:
 177 0044 756E7369 		.ascii	"unsigned char\000"
 177      676E6564 
 177      20636861 
 177      7200
 178              	.LASF14:
 179 0052 433A5C43 		.ascii	"C:\\ChibiStudio\\workspace_user\\microcntr\000"
 179      68696269 
 179      53747564 
 179      696F5C77 
 179      6F726B73 
 180              	.LASF7:
 181 007a 6C6F6E67 		.ascii	"long int\000"
 181      20696E74 
 181      00
 182              	.LASF11:
 183 0083 5F426F6F 		.ascii	"_Bool\000"
 183      6C00
 184              	.LASF6:
 185 0089 73686F72 		.ascii	"short unsigned int\000"
 185      7420756E 
 185      7369676E 
 185      65642069 
 185      6E7400
 186              	.LASF3:
 187 009c 7369676E 		.ascii	"signed char\000"
 187      65642063 
 187      68617200 
 188              	.LASF13:
 189 00a8 2E2E2F2E 		.ascii	"../../chibios2111/os/hal/osal/rt-nil/osal.c\000"
 189      2E2F6368 
 189      6962696F 
 189      73323131 
 189      312F6F73 
 190              	.LASF2:
 191 00d4 6C6F6E67 		.ascii	"long double\000"
 191      20646F75 
 191      626C6500 
 192              	.LASF12:
ARM GAS  C:\Users\patri\AppData\Local\Temp\ccM5zHth.s 			page 5


 193 00e0 474E5520 		.ascii	"GNU C17 11.3.1 20220712 -mcpu=cortex-m4 -mthumb -mf"
 193      43313720 
 193      31312E33 
 193      2E312032 
 193      30323230 
 194 0113 6C6F6174 		.ascii	"loat-abi=hard -mfpu=fpv4-sp-d16 -march=armv7e-m+fp "
 194      2D616269 
 194      3D686172 
 194      64202D6D 
 194      6670753D 
 195 0146 2D676764 		.ascii	"-ggdb -O2 -fomit-frame-pointer -falign-functions=16"
 195      62202D4F 
 195      32202D66 
 195      6F6D6974 
 195      2D667261 
 196 0179 202D6666 		.ascii	" -ffunction-sections -fdata-sections -fno-common -f"
 196      756E6374 
 196      696F6E2D 
 196      73656374 
 196      696F6E73 
 197 01ac 6C746F00 		.ascii	"lto\000"
 198              	.LASF5:
 199 01b0 73686F72 		.ascii	"short int\000"
 199      7420696E 
 199      7400
 200              	.LASF10:
 201 01ba 63686172 		.ascii	"char\000"
 201      00
 202              		.section	.gnu.debuglto_.debug_line_str,"eMS",%progbits,1
 203              	.LASF16:
 204 0000 2E2E2F2E 		.ascii	"../../chibios2111/os/hal/osal/rt-nil/osal.c\000"
 204      2E2F6368 
 204      6962696F 
 204      73323131 
 204      312F6F73 
 205              	.LASF15:
 206 002c 433A5C43 		.ascii	"C:\\ChibiStudio\\workspace_user\\microcntr\000"
 206      68696269 
 206      53747564 
 206      696F5C77 
 206      6F726B73 
 207              		.text
 208              		.section	.gnu.lto_.profile.53c622f7,"e",%progbits
 209 0000 789C6362 		.ascii	"x\234cb\000\001\000\000\022\000\003"
 209      00010000 
 209      120003
 210              		.text
 211              		.section	.gnu.lto_.icf.53c622f7,"e",%progbits
 212 0000 789C6362 		.ascii	"x\234cb@\006\000\000*\000\003"
 212      40060000 
 212      2A0003
 213              		.text
 214              		.section	.gnu.lto_.ipa_sra.53c622f7,"e",%progbits
 215 0000 789C6362 		.ascii	"x\234cb@\006\000\000*\000\003"
 215      40060000 
 215      2A0003
 216              		.text
ARM GAS  C:\Users\patri\AppData\Local\Temp\ccM5zHth.s 			page 6


 217              		.section	.gnu.lto_.inline.53c622f7,"e",%progbits
 218 0000 789C6362 		.ascii	"x\234cb@\006\000\000*\000\003"
 218      40060000 
 218      2A0003
 219              		.text
 220              		.section	.gnu.lto_.jmpfuncs.53c622f7,"e",%progbits
 221 0000 789C6362 		.ascii	"x\234cb@\006\000\000*\000\003"
 221      40060000 
 221      2A0003
 222              		.text
 223              		.section	.gnu.lto_.pureconst.53c622f7,"e",%progbits
 224 0000 789C6364 		.ascii	"x\234cd\000\002\000\000\012\000\002"
 224      00020000 
 224      0A0002
 225              		.text
 226              		.section	.gnu.lto_.ipa_modref.53c622f7,"e",%progbits
 227 0000 789C6362 		.ascii	"x\234cb@\006\000\000*\000\003"
 227      40060000 
 227      2A0003
 228              		.text
 229              		.section	.gnu.lto_.lto.53c622f7,"e",%progbits
 230 0000 0B000300 		.ascii	"\013\000\003\000\001\000\000\000"
 230      01000000 
 231              		.text
 232              		.section	.gnu.lto_.symbol_nodes.53c622f7,"e",%progbits
 233 0000 789C6362 		.ascii	"x\234cb\000\001\000\000\022\000\003"
 233      00010000 
 233      120003
 234              		.text
 235              		.section	.gnu.lto_.refs.53c622f7,"e",%progbits
 236 0000 789C6364 		.ascii	"x\234cd\000\002\000\000\012\000\002"
 236      00020000 
 236      0A0002
 237              		.text
 238              		.section	.gnu.lto_.decls.53c622f7,"e",%progbits
 239 0000 789C6360 		.ascii	"x\234c````\004b\036 \376\017\004 \366e\006(\000\000"
 239      60606004 
 239      621E20FE 
 239      0F0420F6 
 239      65062800 
 240 0015 466C04DE 		.ascii	"Fl\004\336"
 241              		.text
 242              		.section	.gnu.lto_.symtab.53c622f7,"e",%progbits
 243              		.text
 244              		.section	.gnu.lto_.ext_symtab.53c622f7,"e",%progbits
 245 0000 01       		.ascii	"\001"
 246              		.text
 247              		.section	.gnu.lto_.opts,"e",%progbits
 248 0000 272D666E 		.ascii	"'-fno-openmp' '-fno-openacc' '-fno-pie' '-fcf-prote"
 248      6F2D6F70 
 248      656E6D70 
 248      2720272D 
 248      666E6F2D 
 249 0033 6374696F 		.ascii	"ction=none' '-g' '-mcpu=cortex-m4' '-mthumb' '-mflo"
 249      6E3D6E6F 
 249      6E652720 
 249      272D6727 
ARM GAS  C:\Users\patri\AppData\Local\Temp\ccM5zHth.s 			page 7


 249      20272D6D 
 250 0066 61742D61 		.ascii	"at-abi=hard' '-mfpu=fpv4-sp-d16' '-mlibarch=armv7e-"
 250      62693D68 
 250      61726427 
 250      20272D6D 
 250      6670753D 
 251 0099 6D2B6670 		.ascii	"m+fp' '-march=armv7e-m+fp' '-O2' '-fomit-frame-poin"
 251      2720272D 
 251      6D617263 
 251      683D6172 
 251      6D763765 
 252 00cc 74657227 		.ascii	"ter' '-falign-functions=16' '-ffunction-sections' '"
 252      20272D66 
 252      616C6967 
 252      6E2D6675 
 252      6E637469 
 253 00ff 2D666461 		.ascii	"-fdata-sections' '-fno-common' '-flto' '-Xassembler"
 253      74612D73 
 253      65637469 
 253      6F6E7327 
 253      20272D66 
 254 0132 2720272D 		.ascii	"' '-alms=./build/lst/osal.lst'\000"
 254      616C6D73 
 254      3D2E2F62 
 254      75696C64 
 254      2F6C7374 
 255              		.text
 256              		.comm	__gnu_lto_slim,1,1
 257              		.ident	"GCC: (Arm GNU Toolchain 11.3.Rel1) 11.3.1 20220712"
ARM GAS  C:\Users\patri\AppData\Local\Temp\ccM5zHth.s 			page 8


DEFINED SYMBOLS
                            *ABS*:00000000 osal.c
C:\Users\patri\AppData\Local\Temp\ccM5zHth.s:20     .gnu.debuglto_.debug_info:00000000 osal.c.88f93e9b
                            *COM*:00000001 __gnu_lto_slim

NO UNDEFINED SYMBOLS
