ARM GAS  C:\Users\patri\AppData\Local\Temp\ccGjuCmZ.s 			page 1


   1              		.cpu cortex-m4
   2              		.arch armv7e-m
   3              		.fpu fpv4-sp-d16
   4              		.eabi_attribute 27, 1
   5              		.eabi_attribute 28, 1
   6              		.eabi_attribute 20, 1
   7              		.eabi_attribute 21, 1
   8              		.eabi_attribute 23, 3
   9              		.eabi_attribute 24, 1
  10              		.eabi_attribute 25, 1
  11              		.eabi_attribute 26, 1
  12              		.eabi_attribute 30, 2
  13              		.eabi_attribute 34, 1
  14              		.eabi_attribute 18, 4
  15              		.file	"timers.c"
  16              		.file 1 "c:\\chibistudio\\tools\\gnu tools arm embedded\\11.3 2022.08\\arm-none-eabi\\include\\mac
  17              		.file 2 "c:\\chibistudio\\tools\\gnu tools arm embedded\\11.3 2022.08\\arm-none-eabi\\include\\sys
  18              		.file 3 "../../chibios2111/os/common/ext/ST/STM32F4xx/stm32f410rx.h"
  19              		.file 4 "../../chibios2111/os/hal/ports/STM32/LLD/GPIOv2/stm32_gpio.h"
  20              		.file 5 "../../chibios2111/os/hal/ports/STM32/LLD/GPIOv2/hal_pal_lld.h"
  21              		.file 6 "./source/timers.c"
  22              		.section	.gnu.debuglto_.debug_info,"e",%progbits
  23              	.Ldebug_info0:
  24              		.hidden	timers.c.c8898365
  25              		.weak	timers.c.c8898365
  26              	timers.c.c8898365:
  27 0000 7C040000 		.4byte	0x47c
  28 0004 0500     		.2byte	0x5
  29 0006 01       		.byte	0x1
  30 0007 04       		.byte	0x4
  31 0008 00000000 		.4byte	.Ldebug_abbrev0
  32 000c 11       		.uleb128 0x11
  33 000d DD020000 		.4byte	.LASF68
  34 0011 1D       		.byte	0x1d
  35 0012 B4000000 		.4byte	.LASF69
  36 0016 D6010000 		.4byte	.LASF70
  37 001a 00000000 		.4byte	.Ldebug_line0
  38 001e 03       		.uleb128 0x3
  39 001f 01       		.byte	0x1
  40 0020 06       		.byte	0x6
  41 0021 86010000 		.4byte	.LASF0
  42 0025 03       		.uleb128 0x3
  43 0026 01       		.byte	0x1
  44 0027 08       		.byte	0x8
  45 0028 70010000 		.4byte	.LASF1
  46 002c 03       		.uleb128 0x3
  47 002d 02       		.byte	0x2
  48 002e 05       		.byte	0x5
  49 002f 56000000 		.4byte	.LASF2
  50 0033 05       		.uleb128 0x5
  51 0034 74000000 		.4byte	.LASF5
  52 0038 01       		.byte	0x1
  53 0039 39       		.byte	0x39
  54 003a 19       		.byte	0x19
  55 003b 3F000000 		.4byte	0x3f
  56 003f 03       		.uleb128 0x3
  57 0040 02       		.byte	0x2
ARM GAS  C:\Users\patri\AppData\Local\Temp\ccGjuCmZ.s 			page 2


  58 0041 07       		.byte	0x7
  59 0042 0B020000 		.4byte	.LASF3
  60 0046 03       		.uleb128 0x3
  61 0047 04       		.byte	0x4
  62 0048 05       		.byte	0x5
  63 0049 2B020000 		.4byte	.LASF4
  64 004d 05       		.uleb128 0x5
  65 004e A5020000 		.4byte	.LASF6
  66 0052 01       		.byte	0x1
  67 0053 4F       		.byte	0x4f
  68 0054 19       		.byte	0x19
  69 0055 59000000 		.4byte	0x59
  70 0059 03       		.uleb128 0x3
  71 005a 04       		.byte	0x4
  72 005b 07       		.byte	0x7
  73 005c 83020000 		.4byte	.LASF7
  74 0060 03       		.uleb128 0x3
  75 0061 08       		.byte	0x8
  76 0062 05       		.byte	0x5
  77 0063 DE000000 		.4byte	.LASF8
  78 0067 03       		.uleb128 0x3
  79 0068 08       		.byte	0x8
  80 0069 07       		.byte	0x7
  81 006a 92010000 		.4byte	.LASF9
  82 006e 12       		.uleb128 0x12
  83 006f 04       		.byte	0x4
  84 0070 05       		.byte	0x5
  85 0071 696E7400 		.ascii	"int\000"
  86 0075 03       		.uleb128 0x3
  87 0076 04       		.byte	0x4
  88 0077 07       		.byte	0x7
  89 0078 B2010000 		.4byte	.LASF10
  90 007c 05       		.uleb128 0x5
  91 007d BF010000 		.4byte	.LASF11
  92 0081 02       		.byte	0x2
  93 0082 24       		.byte	0x24
  94 0083 14       		.byte	0x14
  95 0084 33000000 		.4byte	0x33
  96 0088 05       		.uleb128 0x5
  97 0089 A9010000 		.4byte	.LASF12
  98 008d 02       		.byte	0x2
  99 008e 30       		.byte	0x30
 100 008f 14       		.byte	0x14
 101 0090 4D000000 		.4byte	0x4d
 102 0094 08       		.uleb128 0x8
 103 0095 88000000 		.4byte	0x88
 104 0099 03       		.uleb128 0x3
 105 009a 08       		.byte	0x8
 106 009b 04       		.byte	0x4
 107 009c 5F010000 		.4byte	.LASF13
 108 00a0 03       		.uleb128 0x3
 109 00a1 01       		.byte	0x1
 110 00a2 08       		.byte	0x8
 111 00a3 F2000000 		.4byte	.LASF14
 112 00a7 09       		.uleb128 0x9
 113 00a8 88000000 		.4byte	0x88
 114 00ac B7000000 		.4byte	0xb7
ARM GAS  C:\Users\patri\AppData\Local\Temp\ccGjuCmZ.s 			page 3


 115 00b0 0A       		.uleb128 0xa
 116 00b1 75000000 		.4byte	0x75
 117 00b5 01       		.byte	0x1
 118 00b6 00       		.byte	0
 119 00b7 0B       		.uleb128 0xb
 120 00b8 98       		.byte	0x98
 121 00b9 8901     		.2byte	0x189
 122 00bb 03020000 		.4byte	0x203
 123 00bf 02       		.uleb128 0x2
 124 00c0 435200   		.ascii	"CR\000"
 125 00c3 8B01     		.2byte	0x18b
 126 00c5 94000000 		.4byte	0x94
 127 00c9 00       		.byte	0
 128 00ca 01       		.uleb128 0x1
 129 00cb FE010000 		.4byte	.LASF15
 130 00cf 8C01     		.2byte	0x18c
 131 00d1 94000000 		.4byte	0x94
 132 00d5 04       		.byte	0x4
 133 00d6 01       		.uleb128 0x1
 134 00d7 93000000 		.4byte	.LASF16
 135 00db 8D01     		.2byte	0x18d
 136 00dd 94000000 		.4byte	0x94
 137 00e1 08       		.byte	0x8
 138 00e2 02       		.uleb128 0x2
 139 00e3 43495200 		.ascii	"CIR\000"
 140 00e7 8E01     		.2byte	0x18e
 141 00e9 94000000 		.4byte	0x94
 142 00ed 0C       		.byte	0xc
 143 00ee 01       		.uleb128 0x1
 144 00ef 8A000000 		.4byte	.LASF17
 145 00f3 8F01     		.2byte	0x18f
 146 00f5 94000000 		.4byte	0x94
 147 00f9 10       		.byte	0x10
 148 00fa 01       		.uleb128 0x1
 149 00fb 49020000 		.4byte	.LASF18
 150 00ff 9001     		.2byte	0x190
 151 0101 03020000 		.4byte	0x203
 152 0105 14       		.byte	0x14
 153 0106 01       		.uleb128 0x1
 154 0107 3C000000 		.4byte	.LASF19
 155 010b 9101     		.2byte	0x191
 156 010d 94000000 		.4byte	0x94
 157 0111 20       		.byte	0x20
 158 0112 01       		.uleb128 0x1
 159 0113 26010000 		.4byte	.LASF20
 160 0117 9201     		.2byte	0x192
 161 0119 94000000 		.4byte	0x94
 162 011d 24       		.byte	0x24
 163 011e 01       		.uleb128 0x1
 164 011f 53020000 		.4byte	.LASF21
 165 0123 9301     		.2byte	0x193
 166 0125 A7000000 		.4byte	0xa7
 167 0129 28       		.byte	0x28
 168 012a 01       		.uleb128 0x1
 169 012b B0020000 		.4byte	.LASF22
 170 012f 9401     		.2byte	0x194
 171 0131 94000000 		.4byte	0x94
ARM GAS  C:\Users\patri\AppData\Local\Temp\ccGjuCmZ.s 			page 4


 172 0135 30       		.byte	0x30
 173 0136 01       		.uleb128 0x1
 174 0137 5D020000 		.4byte	.LASF23
 175 013b 9501     		.2byte	0x195
 176 013d 03020000 		.4byte	0x203
 177 0141 34       		.byte	0x34
 178 0142 01       		.uleb128 0x1
 179 0143 A2000000 		.4byte	.LASF24
 180 0147 9601     		.2byte	0x196
 181 0149 94000000 		.4byte	0x94
 182 014d 40       		.byte	0x40
 183 014e 01       		.uleb128 0x1
 184 014f 7E010000 		.4byte	.LASF25
 185 0153 9701     		.2byte	0x197
 186 0155 94000000 		.4byte	0x94
 187 0159 44       		.byte	0x44
 188 015a 01       		.uleb128 0x1
 189 015b 98000000 		.4byte	.LASF26
 190 015f 9801     		.2byte	0x198
 191 0161 A7000000 		.4byte	0xa7
 192 0165 48       		.byte	0x48
 193 0166 01       		.uleb128 0x1
 194 0167 3F020000 		.4byte	.LASF27
 195 016b 9901     		.2byte	0x199
 196 016d 94000000 		.4byte	0x94
 197 0171 50       		.byte	0x50
 198 0172 01       		.uleb128 0x1
 199 0173 6F020000 		.4byte	.LASF28
 200 0177 9A01     		.2byte	0x19a
 201 0179 03020000 		.4byte	0x203
 202 017d 54       		.byte	0x54
 203 017e 01       		.uleb128 0x1
 204 017f D3020000 		.4byte	.LASF29
 205 0183 9B01     		.2byte	0x19b
 206 0185 94000000 		.4byte	0x94
 207 0189 60       		.byte	0x60
 208 018a 01       		.uleb128 0x1
 209 018b 6A000000 		.4byte	.LASF30
 210 018f 9C01     		.2byte	0x19c
 211 0191 94000000 		.4byte	0x94
 212 0195 64       		.byte	0x64
 213 0196 01       		.uleb128 0x1
 214 0197 79020000 		.4byte	.LASF31
 215 019b 9D01     		.2byte	0x19d
 216 019d A7000000 		.4byte	0xa7
 217 01a1 68       		.byte	0x68
 218 01a2 01       		.uleb128 0x1
 219 01a3 65000000 		.4byte	.LASF32
 220 01a7 9E01     		.2byte	0x19e
 221 01a9 94000000 		.4byte	0x94
 222 01ad 70       		.byte	0x70
 223 01ae 02       		.uleb128 0x2
 224 01af 43535200 		.ascii	"CSR\000"
 225 01b3 9F01     		.2byte	0x19f
 226 01b5 94000000 		.4byte	0x94
 227 01b9 74       		.byte	0x74
 228 01ba 01       		.uleb128 0x1
ARM GAS  C:\Users\patri\AppData\Local\Temp\ccGjuCmZ.s 			page 5


 229 01bb AA000000 		.4byte	.LASF33
 230 01bf A001     		.2byte	0x1a0
 231 01c1 A7000000 		.4byte	0xa7
 232 01c5 78       		.byte	0x78
 233 01c6 01       		.uleb128 0x1
 234 01c7 7F000000 		.4byte	.LASF34
 235 01cb A101     		.2byte	0x1a1
 236 01cd 94000000 		.4byte	0x94
 237 01d1 80       		.byte	0x80
 238 01d2 01       		.uleb128 0x1
 239 01d3 95020000 		.4byte	.LASF35
 240 01d7 A201     		.2byte	0x1a2
 241 01d9 A7000000 		.4byte	0xa7
 242 01dd 84       		.byte	0x84
 243 01de 01       		.uleb128 0x1
 244 01df D6000000 		.4byte	.LASF36
 245 01e3 A301     		.2byte	0x1a3
 246 01e5 94000000 		.4byte	0x94
 247 01e9 8C       		.byte	0x8c
 248 01ea 01       		.uleb128 0x1
 249 01eb C6000000 		.4byte	.LASF37
 250 01ef A401     		.2byte	0x1a4
 251 01f1 94000000 		.4byte	0x94
 252 01f5 90       		.byte	0x90
 253 01f6 01       		.uleb128 0x1
 254 01f7 17010000 		.4byte	.LASF38
 255 01fb A501     		.2byte	0x1a5
 256 01fd 94000000 		.4byte	0x94
 257 0201 94       		.byte	0x94
 258 0202 00       		.byte	0
 259 0203 09       		.uleb128 0x9
 260 0204 88000000 		.4byte	0x88
 261 0208 13020000 		.4byte	0x213
 262 020c 0A       		.uleb128 0xa
 263 020d 75000000 		.4byte	0x75
 264 0211 02       		.byte	0x2
 265 0212 00       		.byte	0
 266 0213 0C       		.uleb128 0xc
 267 0214 0B010000 		.4byte	.LASF39
 268 0218 A601     		.2byte	0x1a6
 269 021a B7000000 		.4byte	0xb7
 270 021e 0B       		.uleb128 0xb
 271 021f 54       		.byte	0x54
 272 0220 EE01     		.2byte	0x1ee
 273 0222 21030000 		.4byte	0x321
 274 0226 02       		.uleb128 0x2
 275 0227 43523100 		.ascii	"CR1\000"
 276 022b F001     		.2byte	0x1f0
 277 022d 94000000 		.4byte	0x94
 278 0231 00       		.byte	0
 279 0232 02       		.uleb128 0x2
 280 0233 43523200 		.ascii	"CR2\000"
 281 0237 F101     		.2byte	0x1f1
 282 0239 94000000 		.4byte	0x94
 283 023d 04       		.byte	0x4
 284 023e 01       		.uleb128 0x1
 285 023f 6B010000 		.4byte	.LASF40
ARM GAS  C:\Users\patri\AppData\Local\Temp\ccGjuCmZ.s 			page 6


 286 0243 F201     		.2byte	0x1f2
 287 0245 94000000 		.4byte	0x94
 288 0249 08       		.byte	0x8
 289 024a 01       		.uleb128 0x1
 290 024b D1010000 		.4byte	.LASF41
 291 024f F301     		.2byte	0x1f3
 292 0251 94000000 		.4byte	0x94
 293 0255 0C       		.byte	0xc
 294 0256 02       		.uleb128 0x2
 295 0257 535200   		.ascii	"SR\000"
 296 025a F401     		.2byte	0x1f4
 297 025c 94000000 		.4byte	0x94
 298 0260 10       		.byte	0x10
 299 0261 02       		.uleb128 0x2
 300 0262 45475200 		.ascii	"EGR\000"
 301 0266 F501     		.2byte	0x1f5
 302 0268 94000000 		.4byte	0x94
 303 026c 14       		.byte	0x14
 304 026d 01       		.uleb128 0x1
 305 026e 4A000000 		.4byte	.LASF42
 306 0272 F601     		.2byte	0x1f6
 307 0274 94000000 		.4byte	0x94
 308 0278 18       		.byte	0x18
 309 0279 01       		.uleb128 0x1
 310 027a 50000000 		.4byte	.LASF43
 311 027e F701     		.2byte	0x1f7
 312 0280 94000000 		.4byte	0x94
 313 0284 1C       		.byte	0x1c
 314 0285 01       		.uleb128 0x1
 315 0286 00000000 		.4byte	.LASF44
 316 028a F801     		.2byte	0x1f8
 317 028c 94000000 		.4byte	0x94
 318 0290 20       		.byte	0x20
 319 0291 02       		.uleb128 0x2
 320 0292 434E5400 		.ascii	"CNT\000"
 321 0296 F901     		.2byte	0x1f9
 322 0298 94000000 		.4byte	0x94
 323 029c 24       		.byte	0x24
 324 029d 02       		.uleb128 0x2
 325 029e 50534300 		.ascii	"PSC\000"
 326 02a2 FA01     		.2byte	0x1fa
 327 02a4 94000000 		.4byte	0x94
 328 02a8 28       		.byte	0x28
 329 02a9 02       		.uleb128 0x2
 330 02aa 41525200 		.ascii	"ARR\000"
 331 02ae FB01     		.2byte	0x1fb
 332 02b0 94000000 		.4byte	0x94
 333 02b4 2C       		.byte	0x2c
 334 02b5 02       		.uleb128 0x2
 335 02b6 52435200 		.ascii	"RCR\000"
 336 02ba FC01     		.2byte	0x1fc
 337 02bc 94000000 		.4byte	0x94
 338 02c0 30       		.byte	0x30
 339 02c1 01       		.uleb128 0x1
 340 02c2 F7000000 		.4byte	.LASF45
 341 02c6 FD01     		.2byte	0x1fd
 342 02c8 94000000 		.4byte	0x94
ARM GAS  C:\Users\patri\AppData\Local\Temp\ccGjuCmZ.s 			page 7


 343 02cc 34       		.byte	0x34
 344 02cd 01       		.uleb128 0x1
 345 02ce FC000000 		.4byte	.LASF46
 346 02d2 FE01     		.2byte	0x1fe
 347 02d4 94000000 		.4byte	0x94
 348 02d8 38       		.byte	0x38
 349 02d9 01       		.uleb128 0x1
 350 02da 01010000 		.4byte	.LASF47
 351 02de FF01     		.2byte	0x1ff
 352 02e0 94000000 		.4byte	0x94
 353 02e4 3C       		.byte	0x3c
 354 02e5 01       		.uleb128 0x1
 355 02e6 06010000 		.4byte	.LASF48
 356 02ea 0002     		.2byte	0x200
 357 02ec 94000000 		.4byte	0x94
 358 02f0 40       		.byte	0x40
 359 02f1 01       		.uleb128 0x1
 360 02f2 34020000 		.4byte	.LASF49
 361 02f6 0102     		.2byte	0x201
 362 02f8 94000000 		.4byte	0x94
 363 02fc 44       		.byte	0x44
 364 02fd 02       		.uleb128 0x2
 365 02fe 44435200 		.ascii	"DCR\000"
 366 0302 0202     		.2byte	0x202
 367 0304 94000000 		.4byte	0x94
 368 0308 48       		.byte	0x48
 369 0309 01       		.uleb128 0x1
 370 030a 45000000 		.4byte	.LASF50
 371 030e 0302     		.2byte	0x203
 372 0310 94000000 		.4byte	0x94
 373 0314 4C       		.byte	0x4c
 374 0315 02       		.uleb128 0x2
 375 0316 4F5200   		.ascii	"OR\000"
 376 0319 0402     		.2byte	0x204
 377 031b 94000000 		.4byte	0x94
 378 031f 50       		.byte	0x50
 379 0320 00       		.byte	0
 380 0321 0C       		.uleb128 0xc
 381 0322 1B000000 		.4byte	.LASF51
 382 0326 0502     		.2byte	0x205
 383 0328 1E020000 		.4byte	0x21e
 384 032c 03       		.uleb128 0x3
 385 032d 01       		.byte	0x1
 386 032e 02       		.byte	0x2
 387 032f 39020000 		.4byte	.LASF52
 388 0333 0D       		.uleb128 0xd
 389 0334 04       		.byte	0x4
 390 0335 5B       		.byte	0x5b
 391 0336 05       		.byte	0x5
 392 0337 53030000 		.4byte	0x353
 393 033b 06       		.uleb128 0x6
 394 033c 73657400 		.ascii	"set\000"
 395 0340 5C       		.byte	0x5c
 396 0341 7C000000 		.4byte	0x7c
 397 0345 00       		.byte	0
 398 0346 04       		.uleb128 0x4
 399 0347 2F010000 		.4byte	.LASF53
ARM GAS  C:\Users\patri\AppData\Local\Temp\ccGjuCmZ.s 			page 8


 400 034b 5D       		.byte	0x5d
 401 034c 19       		.byte	0x19
 402 034d 7C000000 		.4byte	0x7c
 403 0351 02       		.byte	0x2
 404 0352 00       		.byte	0
 405 0353 13       		.uleb128 0x13
 406 0354 04       		.byte	0x4
 407 0355 04       		.byte	0x4
 408 0356 59       		.byte	0x59
 409 0357 0C       		.byte	0xc
 410 0358 6F030000 		.4byte	0x36f
 411 035c 0E       		.uleb128 0xe
 412 035d 5700     		.ascii	"W\000"
 413 035f 5A       		.byte	0x5a
 414 0360 19       		.byte	0x19
 415 0361 88000000 		.4byte	0x88
 416 0365 0E       		.uleb128 0xe
 417 0366 4800     		.ascii	"H\000"
 418 0368 5E       		.byte	0x5e
 419 0369 07       		.byte	0x7
 420 036a 33030000 		.4byte	0x333
 421 036e 00       		.byte	0
 422 036f 08       		.uleb128 0x8
 423 0370 53030000 		.4byte	0x353
 424 0374 0D       		.uleb128 0xd
 425 0375 28       		.byte	0x28
 426 0376 51       		.byte	0x51
 427 0377 09       		.byte	0x9
 428 0378 F3030000 		.4byte	0x3f3
 429 037c 04       		.uleb128 0x4
 430 037d 20010000 		.4byte	.LASF54
 431 0381 53       		.byte	0x53
 432 0382 19       		.byte	0x19
 433 0383 94000000 		.4byte	0x94
 434 0387 00       		.byte	0
 435 0388 04       		.uleb128 0x4
 436 0389 CF000000 		.4byte	.LASF55
 437 038d 54       		.byte	0x54
 438 038e 19       		.byte	0x19
 439 038f 94000000 		.4byte	0x94
 440 0393 04       		.byte	0x4
 441 0394 04       		.uleb128 0x4
 442 0395 67020000 		.4byte	.LASF56
 443 0399 55       		.byte	0x55
 444 039a 19       		.byte	0x19
 445 039b 94000000 		.4byte	0x94
 446 039f 08       		.byte	0x8
 447 03a0 04       		.uleb128 0x4
 448 03a1 EC000000 		.4byte	.LASF57
 449 03a5 56       		.byte	0x56
 450 03a6 19       		.byte	0x19
 451 03a7 94000000 		.4byte	0x94
 452 03ab 0C       		.byte	0xc
 453 03ac 06       		.uleb128 0x6
 454 03ad 49445200 		.ascii	"IDR\000"
 455 03b1 57       		.byte	0x57
 456 03b2 94000000 		.4byte	0x94
ARM GAS  C:\Users\patri\AppData\Local\Temp\ccGjuCmZ.s 			page 9


 457 03b6 10       		.byte	0x10
 458 03b7 06       		.uleb128 0x6
 459 03b8 4F445200 		.ascii	"ODR\000"
 460 03bc 58       		.byte	0x58
 461 03bd 94000000 		.4byte	0x94
 462 03c1 14       		.byte	0x14
 463 03c2 04       		.uleb128 0x4
 464 03c3 85000000 		.4byte	.LASF58
 465 03c7 5F       		.byte	0x5f
 466 03c8 05       		.byte	0x5
 467 03c9 6F030000 		.4byte	0x36f
 468 03cd 18       		.byte	0x18
 469 03ce 04       		.uleb128 0x4
 470 03cf 9F020000 		.4byte	.LASF59
 471 03d3 60       		.byte	0x60
 472 03d4 19       		.byte	0x19
 473 03d5 94000000 		.4byte	0x94
 474 03d9 1C       		.byte	0x1c
 475 03da 04       		.uleb128 0x4
 476 03db 06020000 		.4byte	.LASF60
 477 03df 61       		.byte	0x61
 478 03e0 19       		.byte	0x19
 479 03e1 94000000 		.4byte	0x94
 480 03e5 20       		.byte	0x20
 481 03e6 04       		.uleb128 0x4
 482 03e7 60000000 		.4byte	.LASF61
 483 03eb 62       		.byte	0x62
 484 03ec 19       		.byte	0x19
 485 03ed 94000000 		.4byte	0x94
 486 03f1 24       		.byte	0x24
 487 03f2 00       		.byte	0
 488 03f3 05       		.uleb128 0x5
 489 03f4 47010000 		.4byte	.LASF62
 490 03f8 04       		.byte	0x4
 491 03f9 63       		.byte	0x63
 492 03fa 03       		.byte	0x3
 493 03fb 74030000 		.4byte	0x374
 494 03ff 05       		.uleb128 0x5
 495 0400 1E020000 		.4byte	.LASF63
 496 0404 05       		.byte	0x5
 497 0405 C2       		.byte	0xc2
 498 0406 12       		.byte	0x12
 499 0407 88000000 		.4byte	0x88
 500 040b 05       		.uleb128 0x5
 501 040c C8010000 		.4byte	.LASF64
 502 0410 05       		.byte	0x5
 503 0411 C7       		.byte	0xc7
 504 0412 12       		.byte	0x12
 505 0413 88000000 		.4byte	0x88
 506 0417 05       		.uleb128 0x5
 507 0418 54010000 		.4byte	.LASF65
 508 041c 05       		.byte	0x5
 509 041d D9       		.byte	0xd9
 510 041e 18       		.byte	0x18
 511 041f 23040000 		.4byte	0x423
 512 0423 0F       		.uleb128 0xf
 513 0424 F3030000 		.4byte	0x3f3
ARM GAS  C:\Users\patri\AppData\Local\Temp\ccGjuCmZ.s 			page 10


 514 0428 14       		.uleb128 0x14
 515 0429 05000000 		.4byte	.LASF71
 516 042d 05       		.byte	0x5
 517 042e F301     		.2byte	0x1f3
 518 0430 08       		.byte	0x8
 519 0431 45040000 		.4byte	0x445
 520 0435 07       		.uleb128 0x7
 521 0436 17040000 		.4byte	0x417
 522 043a 07       		.uleb128 0x7
 523 043b FF030000 		.4byte	0x3ff
 524 043f 07       		.uleb128 0x7
 525 0440 0B040000 		.4byte	0x40b
 526 0444 00       		.byte	0
 527 0445 15       		.uleb128 0x15
 528 0446 35010000 		.4byte	.LASF72
 529 044a 06       		.byte	0x6
 530 044b 3B       		.byte	0x3b
 531 044c 06       		.byte	0x6
 532 044d 5E040000 		.4byte	0x45e
 533 0451 16       		.uleb128 0x16
 534 0452 544D5200 		.ascii	"TMR\000"
 535 0456 06       		.byte	0x6
 536 0457 3B       		.byte	0x3b
 537 0458 25       		.byte	0x25
 538 0459 5E040000 		.4byte	0x45e
 539 045d 00       		.byte	0
 540 045e 0F       		.uleb128 0xf
 541 045f 21030000 		.4byte	0x321
 542 0463 10       		.uleb128 0x10
 543 0464 B8020000 		.4byte	.LASF66
 544 0468 34       		.byte	0x34
 545 0469 88000000 		.4byte	0x88
 546 046d 10       		.uleb128 0x10
 547 046e 27000000 		.4byte	.LASF67
 548 0472 30       		.byte	0x30
 549 0473 88000000 		.4byte	0x88
 550 0477 17       		.uleb128 0x17
 551 0478 C9020000 		.4byte	.LASF73
 552 047c 06       		.byte	0x6
 553 047d 0E       		.byte	0xe
 554 047e 06       		.byte	0x6
 555 047f 00       		.byte	0
 556              		.section	.gnu.debuglto_.debug_abbrev,"e",%progbits
 557              	.Ldebug_abbrev0:
 558 0000 01       		.uleb128 0x1
 559 0001 0D       		.uleb128 0xd
 560 0002 00       		.byte	0
 561 0003 03       		.uleb128 0x3
 562 0004 0E       		.uleb128 0xe
 563 0005 3A       		.uleb128 0x3a
 564 0006 21       		.uleb128 0x21
 565 0007 03       		.sleb128 3
 566 0008 3B       		.uleb128 0x3b
 567 0009 05       		.uleb128 0x5
 568 000a 39       		.uleb128 0x39
 569 000b 21       		.uleb128 0x21
 570 000c 11       		.sleb128 17
ARM GAS  C:\Users\patri\AppData\Local\Temp\ccGjuCmZ.s 			page 11


 571 000d 49       		.uleb128 0x49
 572 000e 13       		.uleb128 0x13
 573 000f 38       		.uleb128 0x38
 574 0010 0B       		.uleb128 0xb
 575 0011 00       		.byte	0
 576 0012 00       		.byte	0
 577 0013 02       		.uleb128 0x2
 578 0014 0D       		.uleb128 0xd
 579 0015 00       		.byte	0
 580 0016 03       		.uleb128 0x3
 581 0017 08       		.uleb128 0x8
 582 0018 3A       		.uleb128 0x3a
 583 0019 21       		.uleb128 0x21
 584 001a 03       		.sleb128 3
 585 001b 3B       		.uleb128 0x3b
 586 001c 05       		.uleb128 0x5
 587 001d 39       		.uleb128 0x39
 588 001e 21       		.uleb128 0x21
 589 001f 11       		.sleb128 17
 590 0020 49       		.uleb128 0x49
 591 0021 13       		.uleb128 0x13
 592 0022 38       		.uleb128 0x38
 593 0023 0B       		.uleb128 0xb
 594 0024 00       		.byte	0
 595 0025 00       		.byte	0
 596 0026 03       		.uleb128 0x3
 597 0027 24       		.uleb128 0x24
 598 0028 00       		.byte	0
 599 0029 0B       		.uleb128 0xb
 600 002a 0B       		.uleb128 0xb
 601 002b 3E       		.uleb128 0x3e
 602 002c 0B       		.uleb128 0xb
 603 002d 03       		.uleb128 0x3
 604 002e 0E       		.uleb128 0xe
 605 002f 00       		.byte	0
 606 0030 00       		.byte	0
 607 0031 04       		.uleb128 0x4
 608 0032 0D       		.uleb128 0xd
 609 0033 00       		.byte	0
 610 0034 03       		.uleb128 0x3
 611 0035 0E       		.uleb128 0xe
 612 0036 3A       		.uleb128 0x3a
 613 0037 21       		.uleb128 0x21
 614 0038 04       		.sleb128 4
 615 0039 3B       		.uleb128 0x3b
 616 003a 0B       		.uleb128 0xb
 617 003b 39       		.uleb128 0x39
 618 003c 0B       		.uleb128 0xb
 619 003d 49       		.uleb128 0x49
 620 003e 13       		.uleb128 0x13
 621 003f 38       		.uleb128 0x38
 622 0040 0B       		.uleb128 0xb
 623 0041 00       		.byte	0
 624 0042 00       		.byte	0
 625 0043 05       		.uleb128 0x5
 626 0044 16       		.uleb128 0x16
 627 0045 00       		.byte	0
ARM GAS  C:\Users\patri\AppData\Local\Temp\ccGjuCmZ.s 			page 12


 628 0046 03       		.uleb128 0x3
 629 0047 0E       		.uleb128 0xe
 630 0048 3A       		.uleb128 0x3a
 631 0049 0B       		.uleb128 0xb
 632 004a 3B       		.uleb128 0x3b
 633 004b 0B       		.uleb128 0xb
 634 004c 39       		.uleb128 0x39
 635 004d 0B       		.uleb128 0xb
 636 004e 49       		.uleb128 0x49
 637 004f 13       		.uleb128 0x13
 638 0050 00       		.byte	0
 639 0051 00       		.byte	0
 640 0052 06       		.uleb128 0x6
 641 0053 0D       		.uleb128 0xd
 642 0054 00       		.byte	0
 643 0055 03       		.uleb128 0x3
 644 0056 08       		.uleb128 0x8
 645 0057 3A       		.uleb128 0x3a
 646 0058 21       		.uleb128 0x21
 647 0059 04       		.sleb128 4
 648 005a 3B       		.uleb128 0x3b
 649 005b 0B       		.uleb128 0xb
 650 005c 39       		.uleb128 0x39
 651 005d 21       		.uleb128 0x21
 652 005e 19       		.sleb128 25
 653 005f 49       		.uleb128 0x49
 654 0060 13       		.uleb128 0x13
 655 0061 38       		.uleb128 0x38
 656 0062 0B       		.uleb128 0xb
 657 0063 00       		.byte	0
 658 0064 00       		.byte	0
 659 0065 07       		.uleb128 0x7
 660 0066 05       		.uleb128 0x5
 661 0067 00       		.byte	0
 662 0068 49       		.uleb128 0x49
 663 0069 13       		.uleb128 0x13
 664 006a 00       		.byte	0
 665 006b 00       		.byte	0
 666 006c 08       		.uleb128 0x8
 667 006d 35       		.uleb128 0x35
 668 006e 00       		.byte	0
 669 006f 49       		.uleb128 0x49
 670 0070 13       		.uleb128 0x13
 671 0071 00       		.byte	0
 672 0072 00       		.byte	0
 673 0073 09       		.uleb128 0x9
 674 0074 01       		.uleb128 0x1
 675 0075 01       		.byte	0x1
 676 0076 49       		.uleb128 0x49
 677 0077 13       		.uleb128 0x13
 678 0078 01       		.uleb128 0x1
 679 0079 13       		.uleb128 0x13
 680 007a 00       		.byte	0
 681 007b 00       		.byte	0
 682 007c 0A       		.uleb128 0xa
 683 007d 21       		.uleb128 0x21
 684 007e 00       		.byte	0
ARM GAS  C:\Users\patri\AppData\Local\Temp\ccGjuCmZ.s 			page 13


 685 007f 49       		.uleb128 0x49
 686 0080 13       		.uleb128 0x13
 687 0081 2F       		.uleb128 0x2f
 688 0082 0B       		.uleb128 0xb
 689 0083 00       		.byte	0
 690 0084 00       		.byte	0
 691 0085 0B       		.uleb128 0xb
 692 0086 13       		.uleb128 0x13
 693 0087 01       		.byte	0x1
 694 0088 0B       		.uleb128 0xb
 695 0089 0B       		.uleb128 0xb
 696 008a 3A       		.uleb128 0x3a
 697 008b 21       		.uleb128 0x21
 698 008c 03       		.sleb128 3
 699 008d 3B       		.uleb128 0x3b
 700 008e 05       		.uleb128 0x5
 701 008f 39       		.uleb128 0x39
 702 0090 21       		.uleb128 0x21
 703 0091 09       		.sleb128 9
 704 0092 01       		.uleb128 0x1
 705 0093 13       		.uleb128 0x13
 706 0094 00       		.byte	0
 707 0095 00       		.byte	0
 708 0096 0C       		.uleb128 0xc
 709 0097 16       		.uleb128 0x16
 710 0098 00       		.byte	0
 711 0099 03       		.uleb128 0x3
 712 009a 0E       		.uleb128 0xe
 713 009b 3A       		.uleb128 0x3a
 714 009c 21       		.uleb128 0x21
 715 009d 03       		.sleb128 3
 716 009e 3B       		.uleb128 0x3b
 717 009f 05       		.uleb128 0x5
 718 00a0 39       		.uleb128 0x39
 719 00a1 21       		.uleb128 0x21
 720 00a2 03       		.sleb128 3
 721 00a3 49       		.uleb128 0x49
 722 00a4 13       		.uleb128 0x13
 723 00a5 00       		.byte	0
 724 00a6 00       		.byte	0
 725 00a7 0D       		.uleb128 0xd
 726 00a8 13       		.uleb128 0x13
 727 00a9 01       		.byte	0x1
 728 00aa 0B       		.uleb128 0xb
 729 00ab 0B       		.uleb128 0xb
 730 00ac 3A       		.uleb128 0x3a
 731 00ad 21       		.uleb128 0x21
 732 00ae 04       		.sleb128 4
 733 00af 3B       		.uleb128 0x3b
 734 00b0 0B       		.uleb128 0xb
 735 00b1 39       		.uleb128 0x39
 736 00b2 0B       		.uleb128 0xb
 737 00b3 01       		.uleb128 0x1
 738 00b4 13       		.uleb128 0x13
 739 00b5 00       		.byte	0
 740 00b6 00       		.byte	0
 741 00b7 0E       		.uleb128 0xe
ARM GAS  C:\Users\patri\AppData\Local\Temp\ccGjuCmZ.s 			page 14


 742 00b8 0D       		.uleb128 0xd
 743 00b9 00       		.byte	0
 744 00ba 03       		.uleb128 0x3
 745 00bb 08       		.uleb128 0x8
 746 00bc 3A       		.uleb128 0x3a
 747 00bd 21       		.uleb128 0x21
 748 00be 04       		.sleb128 4
 749 00bf 3B       		.uleb128 0x3b
 750 00c0 0B       		.uleb128 0xb
 751 00c1 39       		.uleb128 0x39
 752 00c2 0B       		.uleb128 0xb
 753 00c3 49       		.uleb128 0x49
 754 00c4 13       		.uleb128 0x13
 755 00c5 00       		.byte	0
 756 00c6 00       		.byte	0
 757 00c7 0F       		.uleb128 0xf
 758 00c8 0F       		.uleb128 0xf
 759 00c9 00       		.byte	0
 760 00ca 0B       		.uleb128 0xb
 761 00cb 21       		.uleb128 0x21
 762 00cc 04       		.sleb128 4
 763 00cd 49       		.uleb128 0x49
 764 00ce 13       		.uleb128 0x13
 765 00cf 00       		.byte	0
 766 00d0 00       		.byte	0
 767 00d1 10       		.uleb128 0x10
 768 00d2 2E       		.uleb128 0x2e
 769 00d3 00       		.byte	0
 770 00d4 3F       		.uleb128 0x3f
 771 00d5 19       		.uleb128 0x19
 772 00d6 03       		.uleb128 0x3
 773 00d7 0E       		.uleb128 0xe
 774 00d8 3A       		.uleb128 0x3a
 775 00d9 21       		.uleb128 0x21
 776 00da 06       		.sleb128 6
 777 00db 3B       		.uleb128 0x3b
 778 00dc 0B       		.uleb128 0xb
 779 00dd 39       		.uleb128 0x39
 780 00de 21       		.uleb128 0x21
 781 00df 0A       		.sleb128 10
 782 00e0 27       		.uleb128 0x27
 783 00e1 19       		.uleb128 0x19
 784 00e2 49       		.uleb128 0x49
 785 00e3 13       		.uleb128 0x13
 786 00e4 00       		.byte	0
 787 00e5 00       		.byte	0
 788 00e6 11       		.uleb128 0x11
 789 00e7 11       		.uleb128 0x11
 790 00e8 01       		.byte	0x1
 791 00e9 25       		.uleb128 0x25
 792 00ea 0E       		.uleb128 0xe
 793 00eb 13       		.uleb128 0x13
 794 00ec 0B       		.uleb128 0xb
 795 00ed 03       		.uleb128 0x3
 796 00ee 0E       		.uleb128 0xe
 797 00ef 1B       		.uleb128 0x1b
 798 00f0 0E       		.uleb128 0xe
ARM GAS  C:\Users\patri\AppData\Local\Temp\ccGjuCmZ.s 			page 15


 799 00f1 10       		.uleb128 0x10
 800 00f2 17       		.uleb128 0x17
 801 00f3 00       		.byte	0
 802 00f4 00       		.byte	0
 803 00f5 12       		.uleb128 0x12
 804 00f6 24       		.uleb128 0x24
 805 00f7 00       		.byte	0
 806 00f8 0B       		.uleb128 0xb
 807 00f9 0B       		.uleb128 0xb
 808 00fa 3E       		.uleb128 0x3e
 809 00fb 0B       		.uleb128 0xb
 810 00fc 03       		.uleb128 0x3
 811 00fd 08       		.uleb128 0x8
 812 00fe 00       		.byte	0
 813 00ff 00       		.byte	0
 814 0100 13       		.uleb128 0x13
 815 0101 17       		.uleb128 0x17
 816 0102 01       		.byte	0x1
 817 0103 0B       		.uleb128 0xb
 818 0104 0B       		.uleb128 0xb
 819 0105 3A       		.uleb128 0x3a
 820 0106 0B       		.uleb128 0xb
 821 0107 3B       		.uleb128 0x3b
 822 0108 0B       		.uleb128 0xb
 823 0109 39       		.uleb128 0x39
 824 010a 0B       		.uleb128 0xb
 825 010b 01       		.uleb128 0x1
 826 010c 13       		.uleb128 0x13
 827 010d 00       		.byte	0
 828 010e 00       		.byte	0
 829 010f 14       		.uleb128 0x14
 830 0110 2E       		.uleb128 0x2e
 831 0111 01       		.byte	0x1
 832 0112 3F       		.uleb128 0x3f
 833 0113 19       		.uleb128 0x19
 834 0114 03       		.uleb128 0x3
 835 0115 0E       		.uleb128 0xe
 836 0116 3A       		.uleb128 0x3a
 837 0117 0B       		.uleb128 0xb
 838 0118 3B       		.uleb128 0x3b
 839 0119 05       		.uleb128 0x5
 840 011a 39       		.uleb128 0x39
 841 011b 0B       		.uleb128 0xb
 842 011c 27       		.uleb128 0x27
 843 011d 19       		.uleb128 0x19
 844 011e 3C       		.uleb128 0x3c
 845 011f 19       		.uleb128 0x19
 846 0120 01       		.uleb128 0x1
 847 0121 13       		.uleb128 0x13
 848 0122 00       		.byte	0
 849 0123 00       		.byte	0
 850 0124 15       		.uleb128 0x15
 851 0125 2E       		.uleb128 0x2e
 852 0126 01       		.byte	0x1
 853 0127 3F       		.uleb128 0x3f
 854 0128 19       		.uleb128 0x19
 855 0129 03       		.uleb128 0x3
ARM GAS  C:\Users\patri\AppData\Local\Temp\ccGjuCmZ.s 			page 16


 856 012a 0E       		.uleb128 0xe
 857 012b 3A       		.uleb128 0x3a
 858 012c 0B       		.uleb128 0xb
 859 012d 3B       		.uleb128 0x3b
 860 012e 0B       		.uleb128 0xb
 861 012f 39       		.uleb128 0x39
 862 0130 0B       		.uleb128 0xb
 863 0131 27       		.uleb128 0x27
 864 0132 19       		.uleb128 0x19
 865 0133 01       		.uleb128 0x1
 866 0134 13       		.uleb128 0x13
 867 0135 00       		.byte	0
 868 0136 00       		.byte	0
 869 0137 16       		.uleb128 0x16
 870 0138 05       		.uleb128 0x5
 871 0139 00       		.byte	0
 872 013a 03       		.uleb128 0x3
 873 013b 08       		.uleb128 0x8
 874 013c 3A       		.uleb128 0x3a
 875 013d 0B       		.uleb128 0xb
 876 013e 3B       		.uleb128 0x3b
 877 013f 0B       		.uleb128 0xb
 878 0140 39       		.uleb128 0x39
 879 0141 0B       		.uleb128 0xb
 880 0142 49       		.uleb128 0x49
 881 0143 13       		.uleb128 0x13
 882 0144 00       		.byte	0
 883 0145 00       		.byte	0
 884 0146 17       		.uleb128 0x17
 885 0147 2E       		.uleb128 0x2e
 886 0148 00       		.byte	0
 887 0149 3F       		.uleb128 0x3f
 888 014a 19       		.uleb128 0x19
 889 014b 03       		.uleb128 0x3
 890 014c 0E       		.uleb128 0xe
 891 014d 3A       		.uleb128 0x3a
 892 014e 0B       		.uleb128 0xb
 893 014f 3B       		.uleb128 0x3b
 894 0150 0B       		.uleb128 0xb
 895 0151 39       		.uleb128 0x39
 896 0152 0B       		.uleb128 0xb
 897 0153 27       		.uleb128 0x27
 898 0154 19       		.uleb128 0x19
 899 0155 00       		.byte	0
 900 0156 00       		.byte	0
 901 0157 00       		.byte	0
 902              		.section	.gnu.debuglto_.debug_line,"e",%progbits
 903              	.Ldebug_line0:
 904 0000 5F000000 		.4byte	.LELT0-.LSLT0
 905              	.LSLT0:
 906 0004 0500     		.2byte	0x5
 907 0006 04       		.byte	0x4
 908 0007 00       		.byte	0
 909 0008 57000000 		.4byte	.LELTP0-.LASLTP0
 910              	.LASLTP0:
 911 000c 01       		.byte	0x1
 912 000d 01       		.byte	0x1
ARM GAS  C:\Users\patri\AppData\Local\Temp\ccGjuCmZ.s 			page 17


 913 000e 01       		.byte	0x1
 914 000f F6       		.byte	0xf6
 915 0010 F2       		.byte	0xf2
 916 0011 0D       		.byte	0xd
 917 0012 00       		.byte	0
 918 0013 01       		.byte	0x1
 919 0014 01       		.byte	0x1
 920 0015 01       		.byte	0x1
 921 0016 01       		.byte	0x1
 922 0017 00       		.byte	0
 923 0018 00       		.byte	0
 924 0019 00       		.byte	0
 925 001a 01       		.byte	0x1
 926 001b 00       		.byte	0
 927 001c 00       		.byte	0
 928 001d 01       		.byte	0x1
 929 001e 01       		.byte	0x1
 930 001f 01       		.uleb128 0x1
 931 0020 1F       		.uleb128 0x1f
 932 0021 06       		.uleb128 0x6
 933 0022 2E010000 		.4byte	.LASF74
 934 0026 68010000 		.4byte	.LASF75
 935 002a 66000000 		.4byte	.LASF76
 936 002e A4000000 		.4byte	.LASF77
 937 0032 0A000000 		.4byte	.LASF78
 938 0036 1A010000 		.4byte	.LASF79
 939 003a 02       		.byte	0x2
 940 003b 01       		.uleb128 0x1
 941 003c 1F       		.uleb128 0x1f
 942 003d 02       		.uleb128 0x2
 943 003e 0B       		.uleb128 0xb
 944 003f 07       		.uleb128 0x7
 945 0040 56010000 		.4byte	.LASF80
 946 0044 00       		.byte	0
 947 0045 09010000 		.4byte	.LASF81
 948 0049 03       		.byte	0x3
 949 004a 00000000 		.4byte	.LASF82
 950 004e 04       		.byte	0x4
 951 004f FB000000 		.4byte	.LASF83
 952 0053 01       		.byte	0x1
 953 0054 21010000 		.4byte	.LASF84
 954 0058 02       		.byte	0x2
 955 0059 96000000 		.4byte	.LASF85
 956 005d 02       		.byte	0x2
 957 005e 5D000000 		.4byte	.LASF86
 958 0062 05       		.byte	0x5
 959              	.LELTP0:
 960              	.LELT0:
 961              		.section	.gnu.debuglto_.debug_str,"eMS",%progbits,1
 962              	.LASF44:
 963 0000 43434552 		.ascii	"CCER\000"
 963      00
 964              	.LASF71:
 965 0005 5F70616C 		.ascii	"_pal_lld_setgroupmode\000"
 965      5F6C6C64 
 965      5F736574 
 965      67726F75 
ARM GAS  C:\Users\patri\AppData\Local\Temp\ccGjuCmZ.s 			page 18


 965      706D6F64 
 966              	.LASF51:
 967 001b 54494D5F 		.ascii	"TIM_TypeDef\000"
 967      54797065 
 967      44656600 
 968              	.LASF67:
 969 0027 54494D35 		.ascii	"TIM5_get_capture_reg\000"
 969      5F676574 
 969      5F636170 
 969      74757265 
 969      5F726567 
 970              	.LASF19:
 971 003c 41504231 		.ascii	"APB1RSTR\000"
 971      52535452 
 971      00
 972              	.LASF50:
 973 0045 444D4152 		.ascii	"DMAR\000"
 973      00
 974              	.LASF42:
 975 004a 43434D52 		.ascii	"CCMR1\000"
 975      3100
 976              	.LASF43:
 977 0050 43434D52 		.ascii	"CCMR2\000"
 977      3200
 978              	.LASF2:
 979 0056 73686F72 		.ascii	"short int\000"
 979      7420696E 
 979      7400
 980              	.LASF61:
 981 0060 41465248 		.ascii	"AFRH\000"
 981      00
 982              	.LASF32:
 983 0065 42444352 		.ascii	"BDCR\000"
 983      00
 984              	.LASF30:
 985 006a 41504232 		.ascii	"APB2LPENR\000"
 985      4C50454E 
 985      5200
 986              	.LASF5:
 987 0074 5F5F7569 		.ascii	"__uint16_t\000"
 987      6E743136 
 987      5F7400
 988              	.LASF34:
 989 007f 53534347 		.ascii	"SSCGR\000"
 989      5200
 990              	.LASF58:
 991 0085 42535252 		.ascii	"BSRR\000"
 991      00
 992              	.LASF17:
 993 008a 41484231 		.ascii	"AHB1RSTR\000"
 993      52535452 
 993      00
 994              	.LASF16:
 995 0093 43464752 		.ascii	"CFGR\000"
 995      00
 996              	.LASF26:
 997 0098 52455345 		.ascii	"RESERVED3\000"
ARM GAS  C:\Users\patri\AppData\Local\Temp\ccGjuCmZ.s 			page 19


 997      52564544 
 997      3300
 998              	.LASF24:
 999 00a2 41504231 		.ascii	"APB1ENR\000"
 999      454E5200 
 1000              	.LASF33:
 1001 00aa 52455345 		.ascii	"RESERVED6\000"
 1001      52564544 
 1001      3600
 1002              	.LASF69:
 1003 00b4 2E2F736F 		.ascii	"./source/timers.c\000"
 1003      75726365 
 1003      2F74696D 
 1003      6572732E 
 1003      6300
 1004              	.LASF37:
 1005 00c6 434B4741 		.ascii	"CKGATENR\000"
 1005      54454E52 
 1005      00
 1006              	.LASF55:
 1007 00cf 4F545950 		.ascii	"OTYPER\000"
 1007      455200
 1008              	.LASF36:
 1009 00d6 44434B43 		.ascii	"DCKCFGR\000"
 1009      46475200 
 1010              	.LASF8:
 1011 00de 6C6F6E67 		.ascii	"long long int\000"
 1011      206C6F6E 
 1011      6720696E 
 1011      7400
 1012              	.LASF57:
 1013 00ec 50555044 		.ascii	"PUPDR\000"
 1013      5200
 1014              	.LASF14:
 1015 00f2 63686172 		.ascii	"char\000"
 1015      00
 1016              	.LASF45:
 1017 00f7 43435231 		.ascii	"CCR1\000"
 1017      00
 1018              	.LASF46:
 1019 00fc 43435232 		.ascii	"CCR2\000"
 1019      00
 1020              	.LASF47:
 1021 0101 43435233 		.ascii	"CCR3\000"
 1021      00
 1022              	.LASF48:
 1023 0106 43435234 		.ascii	"CCR4\000"
 1023      00
 1024              	.LASF39:
 1025 010b 5243435F 		.ascii	"RCC_TypeDef\000"
 1025      54797065 
 1025      44656600 
 1026              	.LASF38:
 1027 0117 44434B43 		.ascii	"DCKCFGR2\000"
 1027      46475232 
 1027      00
 1028              	.LASF54:
ARM GAS  C:\Users\patri\AppData\Local\Temp\ccGjuCmZ.s 			page 20


 1029 0120 4D4F4445 		.ascii	"MODER\000"
 1029      5200
 1030              	.LASF20:
 1031 0126 41504232 		.ascii	"APB2RSTR\000"
 1031      52535452 
 1031      00
 1032              	.LASF53:
 1033 012f 636C6561 		.ascii	"clear\000"
 1033      7200
 1034              	.LASF72:
 1035 0135 62617369 		.ascii	"basic_timer_setup\000"
 1035      635F7469 
 1035      6D65725F 
 1035      73657475 
 1035      7000
 1036              	.LASF62:
 1037 0147 73746D33 		.ascii	"stm32_gpio_t\000"
 1037      325F6770 
 1037      696F5F74 
 1037      00
 1038              	.LASF65:
 1039 0154 696F706F 		.ascii	"ioportid_t\000"
 1039      72746964 
 1039      5F7400
 1040              	.LASF13:
 1041 015f 6C6F6E67 		.ascii	"long double\000"
 1041      20646F75 
 1041      626C6500 
 1042              	.LASF40:
 1043 016b 534D4352 		.ascii	"SMCR\000"
 1043      00
 1044              	.LASF1:
 1045 0170 756E7369 		.ascii	"unsigned char\000"
 1045      676E6564 
 1045      20636861 
 1045      7200
 1046              	.LASF25:
 1047 017e 41504232 		.ascii	"APB2ENR\000"
 1047      454E5200 
 1048              	.LASF0:
 1049 0186 7369676E 		.ascii	"signed char\000"
 1049      65642063 
 1049      68617200 
 1050              	.LASF9:
 1051 0192 6C6F6E67 		.ascii	"long long unsigned int\000"
 1051      206C6F6E 
 1051      6720756E 
 1051      7369676E 
 1051      65642069 
 1052              	.LASF12:
 1053 01a9 75696E74 		.ascii	"uint32_t\000"
 1053      33325F74 
 1053      00
 1054              	.LASF10:
 1055 01b2 756E7369 		.ascii	"unsigned int\000"
 1055      676E6564 
 1055      20696E74 
ARM GAS  C:\Users\patri\AppData\Local\Temp\ccGjuCmZ.s 			page 21


 1055      00
 1056              	.LASF11:
 1057 01bf 75696E74 		.ascii	"uint16_t\000"
 1057      31365F74 
 1057      00
 1058              	.LASF64:
 1059 01c8 696F6D6F 		.ascii	"iomode_t\000"
 1059      64655F74 
 1059      00
 1060              	.LASF41:
 1061 01d1 44494552 		.ascii	"DIER\000"
 1061      00
 1062              	.LASF70:
 1063 01d6 433A5C43 		.ascii	"C:\\ChibiStudio\\workspace_user\\microcntr\000"
 1063      68696269 
 1063      53747564 
 1063      696F5C77 
 1063      6F726B73 
 1064              	.LASF15:
 1065 01fe 504C4C43 		.ascii	"PLLCFGR\000"
 1065      46475200 
 1066              	.LASF60:
 1067 0206 4146524C 		.ascii	"AFRL\000"
 1067      00
 1068              	.LASF3:
 1069 020b 73686F72 		.ascii	"short unsigned int\000"
 1069      7420756E 
 1069      7369676E 
 1069      65642069 
 1069      6E7400
 1070              	.LASF63:
 1071 021e 696F706F 		.ascii	"ioportmask_t\000"
 1071      72746D61 
 1071      736B5F74 
 1071      00
 1072              	.LASF4:
 1073 022b 6C6F6E67 		.ascii	"long int\000"
 1073      20696E74 
 1073      00
 1074              	.LASF49:
 1075 0234 42445452 		.ascii	"BDTR\000"
 1075      00
 1076              	.LASF52:
 1077 0239 5F426F6F 		.ascii	"_Bool\000"
 1077      6C00
 1078              	.LASF27:
 1079 023f 41484231 		.ascii	"AHB1LPENR\000"
 1079      4C50454E 
 1079      5200
 1080              	.LASF18:
 1081 0249 52455345 		.ascii	"RESERVED0\000"
 1081      52564544 
 1081      3000
 1082              	.LASF21:
 1083 0253 52455345 		.ascii	"RESERVED1\000"
 1083      52564544 
 1083      3100
ARM GAS  C:\Users\patri\AppData\Local\Temp\ccGjuCmZ.s 			page 22


 1084              	.LASF23:
 1085 025d 52455345 		.ascii	"RESERVED2\000"
 1085      52564544 
 1085      3200
 1086              	.LASF56:
 1087 0267 4F535045 		.ascii	"OSPEEDR\000"
 1087      45445200 
 1088              	.LASF28:
 1089 026f 52455345 		.ascii	"RESERVED4\000"
 1089      52564544 
 1089      3400
 1090              	.LASF31:
 1091 0279 52455345 		.ascii	"RESERVED5\000"
 1091      52564544 
 1091      3500
 1092              	.LASF7:
 1093 0283 6C6F6E67 		.ascii	"long unsigned int\000"
 1093      20756E73 
 1093      69676E65 
 1093      6420696E 
 1093      7400
 1094              	.LASF35:
 1095 0295 52455345 		.ascii	"RESERVED7\000"
 1095      52564544 
 1095      3700
 1096              	.LASF59:
 1097 029f 4C4F434B 		.ascii	"LOCKR\000"
 1097      5200
 1098              	.LASF6:
 1099 02a5 5F5F7569 		.ascii	"__uint32_t\000"
 1099      6E743332 
 1099      5F7400
 1100              	.LASF22:
 1101 02b0 41484231 		.ascii	"AHB1ENR\000"
 1101      454E5200 
 1102              	.LASF66:
 1103 02b8 54494D35 		.ascii	"TIM5_get_cnt_reg\000"
 1103      5F676574 
 1103      5F636E74 
 1103      5F726567 
 1103      00
 1104              	.LASF73:
 1105 02c9 54494D35 		.ascii	"TIM5_init\000"
 1105      5F696E69 
 1105      7400
 1106              	.LASF29:
 1107 02d3 41504231 		.ascii	"APB1LPENR\000"
 1107      4C50454E 
 1107      5200
 1108              	.LASF68:
 1109 02dd 474E5520 		.ascii	"GNU C17 11.3.1 20220712 -mcpu=cortex-m4 -mthumb -mf"
 1109      43313720 
 1109      31312E33 
 1109      2E312032 
 1109      30323230 
 1110 0310 6C6F6174 		.ascii	"loat-abi=hard -mfpu=fpv4-sp-d16 -march=armv7e-m+fp "
 1110      2D616269 
ARM GAS  C:\Users\patri\AppData\Local\Temp\ccGjuCmZ.s 			page 23


 1110      3D686172 
 1110      64202D6D 
 1110      6670753D 
 1111 0343 2D676764 		.ascii	"-ggdb -O2 -fomit-frame-pointer -falign-functions=16"
 1111      62202D4F 
 1111      32202D66 
 1111      6F6D6974 
 1111      2D667261 
 1112 0376 202D6666 		.ascii	" -ffunction-sections -fdata-sections -fno-common -f"
 1112      756E6374 
 1112      696F6E2D 
 1112      73656374 
 1112      696F6E73 
 1113 03a9 6C746F00 		.ascii	"lto\000"
 1114              		.section	.gnu.debuglto_.debug_line_str,"eMS",%progbits,1
 1115              	.LASF82:
 1116 0000 5F737464 		.ascii	"_stdint.h\000"
 1116      696E742E 
 1116      6800
 1117              	.LASF78:
 1118 000a 633A5C63 		.ascii	"c:\\chibistudio\\tools\\gnu tools arm embedded\\11."
 1118      68696269 
 1118      73747564 
 1118      696F5C74 
 1118      6F6F6C73 
 1119 0039 33203230 		.ascii	"3 2022.08\\arm-none-eabi\\include\\sys\000"
 1119      32322E30 
 1119      385C6172 
 1119      6D2D6E6F 
 1119      6E652D65 
 1120              	.LASF86:
 1121 005d 74696D65 		.ascii	"timers.c\000"
 1121      72732E63 
 1121      00
 1122              	.LASF76:
 1123 0066 2E2E2F2E 		.ascii	"../../chibios2111/os/hal/ports/STM32/LLD/GPIOv2\000"
 1123      2E2F6368 
 1123      6962696F 
 1123      73323131 
 1123      312F6F73 
 1124              	.LASF85:
 1125 0096 68616C5F 		.ascii	"hal_pal_lld.h\000"
 1125      70616C5F 
 1125      6C6C642E 
 1125      6800
 1126              	.LASF77:
 1127 00a4 633A5C63 		.ascii	"c:\\chibistudio\\tools\\gnu tools arm embedded\\11."
 1127      68696269 
 1127      73747564 
 1127      696F5C74 
 1127      6F6F6C73 
 1128 00d3 33203230 		.ascii	"3 2022.08\\arm-none-eabi\\include\\machine\000"
 1128      32322E30 
 1128      385C6172 
 1128      6D2D6E6F 
 1128      6E652D65 
 1129              	.LASF83:
ARM GAS  C:\Users\patri\AppData\Local\Temp\ccGjuCmZ.s 			page 24


 1130 00fb 73746D33 		.ascii	"stm32f410rx.h\000"
 1130      32663431 
 1130      3072782E 
 1130      6800
 1131              	.LASF81:
 1132 0109 5F646566 		.ascii	"_default_types.h\000"
 1132      61756C74 
 1132      5F747970 
 1132      65732E68 
 1132      00
 1133              	.LASF79:
 1134 011a 736F7572 		.ascii	"source\000"
 1134      636500
 1135              	.LASF84:
 1136 0121 73746D33 		.ascii	"stm32_gpio.h\000"
 1136      325F6770 
 1136      696F2E68 
 1136      00
 1137              	.LASF74:
 1138 012e 433A5C43 		.ascii	"C:\\ChibiStudio\\workspace_user\\microcntr\000"
 1138      68696269 
 1138      53747564 
 1138      696F5C77 
 1138      6F726B73 
 1139              	.LASF80:
 1140 0156 2E2F736F 		.ascii	"./source/timers.c\000"
 1140      75726365 
 1140      2F74696D 
 1140      6572732E 
 1140      6300
 1141              	.LASF75:
 1142 0168 2E2E2F2E 		.ascii	"../../chibios2111/os/common/ext/ST/STM32F4xx\000"
 1142      2E2F6368 
 1142      6962696F 
 1142      73323131 
 1142      312F6F73 
 1143              		.text
 1144              		.section	.gnu.lto_.profile.7229d93e,"e",%progbits
 1145 0000 789C6362 		.ascii	"x\234cb\000\001\000\000\022\000\003"
 1145      00010000 
 1145      120003
 1146              		.text
 1147              		.section	.gnu.lto_.icf.7229d93e,"e",%progbits
 1148 0000 789CEB65 		.ascii	"x\234\353e@\000\026\206=K/,cRbb`b\204b&r1\343\322\326"
 1148      40001686 
 1148      3D4B2F2C 
 1148      63526262 
 1148      60628462 
 1149 001a F9A77921 		.ascii	"\371\247y!\334\23376\236`\0063\231\217\234\356\340\027"
 1149      DC9B3736 
 1149      9E600633 
 1149      998F9CEE 
 1149      E017
 1150 002c 22463F03 		.ascii	"\"F?\003\000\302(\014C"
 1150      00C2280C 
 1150      43
 1151              		.text
ARM GAS  C:\Users\patri\AppData\Local\Temp\ccGjuCmZ.s 			page 25


 1152              		.section	.gnu.lto_.ipa_sra.7229d93e,"e",%progbits
 1153 0000 789C1361 		.ascii	"x\234\023a@\000\026\006\006F\006FF\006f&\006ffF\220"
 1153      40001606 
 1153      06460646 
 1153      46066626 
 1153      06666646 
 1154 0015 08230300 		.ascii	"\010#\003\000\003\224\000)"
 1154      03940029 
 1155              		.text
 1156              		.section	.gnu.lto_.inline.7229d93e,"e",%progbits
 1157 0000 789C9BC5 		.ascii	"x\234\233\305\200\000,\014\0142\015\015\015\013\230"
 1157      80002C0C 
 1157      0C320D0D 
 1157      0D0B98
 1158 000f 32181998 		.ascii	"2\030\031\230\264\200\254\013L\351\014\014l@F\003S\012"
 1158      B480AC0B 
 1158      4CE90C0C 
 1158      6C404603 
 1158      530A
 1159 0021 13031358 		.ascii	"\023\003\023X\015/\220`\206\250gd`\001\3111\247\000"
 1159      0D2F9060 
 1159      86A86764 
 1159      6001C931 
 1159      A700
 1160 0033 95338155 		.ascii	"\2253\201U%\243+g\"\254\204\231\201\037\310=\300\234"
 1160      25A32B67 
 1160      22AC8499 
 1160      811FC83D 
 1160      C09C
 1161 0045 06540262 		.ascii	"\006T\002b=`Ne\000\013-`N\205*a\000\000\242\344\037"
 1161      3D604E65 
 1161      000B2D60 
 1161      4E852A61 
 1161      0000A2E4 
 1162 005a 6C       		.ascii	"l"
 1163              		.text
 1164              		.section	.gnu.lto_.jmpfuncs.7229d93e,"e",%progbits
 1165 0000 789C458A 		.ascii	"x\234E\212\261\015\200@\014\003m\023\245e\015fb\021"
 1165      B10D8040 
 1165      0C036D13 
 1165      A5650D66 
 1165      6211
 1166 0012 4445F415 		.ascii	"DE\364\025c1\026]\370\244\301\322\025>\335\216\1776"
 1166      6331165D 
 1166      F8A4C1D2 
 1166      153EDD8E 
 1166      7F36
 1167 0024 71F9C988 		.ascii	"q\371\311\210;\014|\214\230\274\231\271\262<'YO\276"
 1167      3B0C7C8C 
 1167      98BC99B9 
 1167      B23C2759 
 1167      4FBE
 1168 0036 911D7404 		.ascii	"\221\035t\004\371\301\241\026CmJ\002\013\311K\302\007"
 1168      F9C1A116 
 1168      436D4A02 
 1168      0BC94BC2 
 1168      07
ARM GAS  C:\Users\patri\AppData\Local\Temp\ccGjuCmZ.s 			page 26


 1169 0047 05C412EE 		.ascii	"\005\304\022\356"
 1170              		.text
 1171              		.section	.gnu.lto_.pureconst.7229d93e,"e",%progbits
 1172 0000 789CE365 		.ascii	"x\234\343e```a\230\305\3028\213\205i\026\013\363,\026"
 1172      60606061 
 1172      98C5C238 
 1172      8B856916 
 1172      0BF32C16 
 1173 0014 00113C02 		.ascii	"\000\021<\002\220"
 1173      90
 1174              		.text
 1175              		.section	.gnu.lto_.ipa_modref.7229d93e,"e",%progbits
 1176 0000 789C6D8B 		.ascii	"x\234m\213\261\015\200@\014\003/\206\2076#dt*\346`\024"
 1176      B10D8040 
 1176      0C032F86 
 1176      87362364 
 1176      742AE660 
 1177 0015 462152A4 		.ascii	"F!R\244'\305\247\260\245\363\345\346\277\035\302\035"
 1177      27C5A7B0 
 1177      A5F3E5E6 
 1177      BF1DC21D 
 1178 0025 69603A0C 		.ascii	"i`:\014\235\325KHq\353\022h\0057\363F\323\311\357\210"
 1178      9DD54B48 
 1178      71EB1268 
 1178      0537F346 
 1178      D3C9EF88 
 1179 0039 CC37AB2F 		.ascii	"\3147\253/c.\217J\250\2724u\370\000#/\0110"
 1179      632E8F4A 
 1179      A8BA3475 
 1179      F800232F 
 1179      0930
 1180              		.text
 1181              		.section	.gnu.lto_.lto.7229d93e,"e",%progbits
 1182 0000 0B000300 		.ascii	"\013\000\003\000\001\000\000\000"
 1182      01000000 
 1183              		.text
 1184              		.section	.gnu.lto_TIM5_init.384.7229d93e,"e",%progbits
 1185 0000 789C7D93 		.ascii	"x\234}\223\313k\023Q\024\306\317wOf\222b\332\200\253"
 1185      CB6B1351 
 1185      14C6CF77 
 1185      4F669262 
 1185      DA80AB
 1186 0013 2E2D6EBA 		.ascii	".-n\272jv.\004A\350? T\0211R\352\030t(1:I(\342\"\267"
 1186      6A762E04 
 1186      41E83F20 
 1186      54113152 
 1186      EA187428 
 1187 002e 151F6423 		.ascii	"\025\037d#\025\021AH\351\256\005A\\\210\240\230\226"
 1187      15114148 
 1187      E9AE0541 
 1187      5C88A098 
 1187      96
 1188 003f E2031144 		.ascii	"\342\003\021D\024\221\"A\255\024ZAPQTj\210\347\336\311"
 1188      14912241 
 1188      AD145A41 
 1188      5051546A 
 1188      88E7DEC9 
ARM GAS  C:\Users\patri\AppData\Local\Temp\ccGjuCmZ.s 			page 27


 1189 0053 034CCC85 		.ascii	"\003L\314\205o\230\003\277\373}\347\276\026\231h\017"
 1189      6F9803BF 
 1189      FB7DE7BE 
 1189      1699680F 
 1190 0063 11ED1481 		.ascii	"\021\355\024\201\011WfK\212\264\326{\243\012\323\263"
 1190      0957664B 
 1190      8AB4D67B 
 1190      A30AD3B3 
 1191 0073 A53EDC85 		.ascii	"\245>\334\205\255@E\205\"\3469)\345\257\365k\345\370"
 1191      AD404585 
 1191      22E63929 
 1191      E5AFF56B 
 1191      E5F8
 1192 0085 F9C14F44 		.ascii	"\371\301ODEj\214m\341?D\267^:\313\372O\375\262\326\237"
 1192      456A8C6D 
 1192      E13F44B7 
 1192      5E3ACBFA 
 1192      4FFDB2D6 
 1193 009a D7505583 		.ascii	"\327PU\203 \005%bQD\344\210\\QT\024\023\021\225\331"
 1193      20052562 
 1193      5144E488 
 1193      5C515414 
 1193      131195D9 
 1194 00ae 44EA08F4 		.ascii	"D\352\010\3642\321\034\253\260\230\226\342\247\322k"
 1194      32D11CAB 
 1194      B09896E2 
 1194      A7D26B
 1195 00bd 4B71AAA9 		.ascii	"Kq\252\251\013;\250\004u\366\014\221;%\035]\322\021"
 1195      0B3BA804 
 1195      75F60C91 
 1195      3B251D5D 
 1195      D211
 1196 00cf 7718700B 		.ascii	"w\030p\013\230Q\312\265\330>\332R+\225>\206\003\367"
 1196      9851CAB5 
 1196      D83EDA52 
 1196      2B953E86 
 1196      03F7
 1197 00e1 34C87EF5 		.ascii	"4\310~\365\027\001\035\3344k\210e+x\000\3325\224Y\302"
 1197      17011DDC 
 1197      346B8865 
 1197      2B7800DA 
 1197      359459C2 
 1198 00f5 A4B4B9A5 		.ascii	"\244\264\271\245\316]\275\010V\014q\212\231\311\337"
 1198      CE5DBD08 
 1198      560C718A 
 1198      99C9DF
 1199 0104 4AE86057 		.ascii	"J\350`W\014\313\312&\3547\320\367\215\001\261\366m\200"
 1199      0CCBCA26 
 1199      EC37D0F7 
 1199      8D01B1F6 
 1199      6D80
 1200 0116 0F7D5DB7 		.ascii	"\017}]\267\0026\370\370#<\224Y\363b\220y\214\264\364"
 1200      0236F8F8 
 1200      233C9459 
 1200      F3629079 
 1200      8CB4F4
 1201 0129 EA215CC3 		.ascii	"\352!\\\303j\334\316]Hte\237bB\266\356\011,Z\215\267"
ARM GAS  C:\Users\patri\AppData\Local\Temp\ccGjuCmZ.s 			page 28


 1201      6ADCCE5D 
 1201      4874659F 
 1201      6242B6EE 
 1201      092C5A8D 
 1202 013e 62BAA0CF 		.ascii	"b\272\240\3170nm\3532\022\226\377\332\223\177\216#m"
 1202      306E6DEB 
 1202      321296FF 
 1202      DA937F8E 
 1202      236D
 1203 0150 EB1F3DD1 		.ascii	"\353\037=\321\0278l\255C\366w\317\216_\341P\333\266"
 1203      17386CAD 
 1203      43F677CF 
 1203      8E5FE150 
 1203      DBB6
 1204 0162 D6B0ED8E 		.ascii	"\326\260\355\216\276\306\3016Z\267he3\301\334\334\352"
 1204      BEC6C136 
 1204      5AB76865 
 1204      33C1DCDC 
 1204      EA
 1205 0173 063B9479 		.ascii	"\006;\224yc\300\346\261D\230q\017\377\234J\013]5(G\254"
 1205      63C0E6B1 
 1205      4498710F 
 1205      FF9C4A0B 
 1205      5D352847 
 1206 0188 E58D7E6B 		.ascii	"\345\215~k\271\230`\247\203{k\332lZ\272\022\371\177"
 1206      B99860A7 
 1206      837B6BDA 
 1206      6C5ABA12 
 1206      F97F
 1207 019a CBAA4139 		.ascii	"\313\252A9\274Js\375\275\366\351\035\016\264\027t;L"
 1207      BC4A73FD 
 1207      BDF6E91D 
 1207      0EB41774 
 1207      3B4C
 1208 01ac DF1CE068 		.ascii	"\337\034\340h\207\345\007\0036\323c\034\355\221\376"
 1208      87E50703 
 1208      36D3631C 
 1208      ED91FE
 1209 01bb D1A01CB3 		.ascii	"\321\240\034\263\226w\302\364\205\356\351\353\030\263"
 1209      9677C2F4 
 1209      85EEE9EB 
 1209      18B3
 1210 01c9 A754B317 		.ascii	"\247T\263\027\240\256f\336\337w\354\013,3\332\217\210"
 1210      A0AE66DE 
 1210      DF77EC0B 
 1210      2C33DA8F 
 1210      88
 1211 01da 68787477 		.ascii	"hxtwj\364\204\177\324\037\313\027\216\371\331\324T6"
 1211      6AF4847F 
 1211      D41FCB17 
 1211      8EF9D9D4 
 1211      5436
 1212 01ec 98CC9D9A 		.ascii	"\230\314\235\232\360\322\343\205\\:He|/\310z'\363\001"
 1212      F0D2E385 
 1212      5C3A4865 
 1212      7C2FC87A 
 1212      27F301
ARM GAS  C:\Users\patri\AppData\Local\Temp\ccGjuCmZ.s 			page 29


 1213 01ff 6D1F49E6 		.ascii	"m\037I\346\262\205\300K'\363~&\035\344F<\372\013\245"
 1213      B285C04B 
 1213      27F37E26 
 1213      1DE4463C 
 1213      FA0BA5
 1214 0212 A94C50   		.ascii	"\251LP"
 1215              		.text
 1216              		.section	.gnu.lto_TIM5_get_capture_reg.385.7229d93e,"e",%progbits
 1217 0000 789CDBCC 		.ascii	"x\234\333\314\300\300`\013\304\252@\314\310\314\300"
 1217      C0C0600B 
 1217      C4AA40CC 
 1217      C8CCC0
 1218 000f 38696217 		.ascii	"8ib\027\023CCC\203\003;\023c\343\304\256\363\317\224"
 1218      13434343 
 1218      83033B13 
 1218      63E3C4AE 
 1218      F3CF94
 1219 0022 19773282 		.ascii	"\031w2\202\371\214\014\365L\214\365\214\013\231Y\031"
 1219      F98C0CF5 
 1219      4C8CF58C 
 1219      0B995919 
 1220 0032 D9841959 		.ascii	"\331\204\031Y\200\244(\243\202\376\201\206\206\037O"
 1220      80A428A3 
 1220      82FE8186 
 1220      861F4F
 1221 0041 A7BD3099 		.ascii	"\247\2750\231\263\342\000K=C\355\016\306\355\214\014"
 1221      B3E2004B 
 1221      3D43ED0E 
 1221      C6ED8C0C 
 1222 0051 60C0CDC0 		.ascii	"`\300\315\300P\0132\023\210\327_b=\320\360\347\177\177"
 1222      500B3213 
 1222      88D75F62 
 1222      3DD0F0E7 
 1222      7F7F
 1223 0063 43C3D327 		.ascii	"C\303\323'\214\257\230\230\231\030\230\200\242\363\230"
 1223      8CAF9898 
 1223      99189880 
 1223      A2F398
 1224 0072 41F634B0 		.ascii	"A\3664\26006\034``\230\317\314\004\3414\0029\337\231"
 1224      30361C60 
 1224      6098CFCC 
 1224      04E13402 
 1224      39DF99
 1225 0085 1A16B133 		.ascii	"\032\026\2613\374f:\264o%?3\023\320\242jF\0060\3310"
 1225      FC663AB4 
 1225      6F253F33 
 1225      13D0A26A 
 1225      460630D9 
 1226 009a 03A88495 		.ascii	"\003\250\204\225q\015\310A\034\225{\030w32\230-\004"
 1226      710DC841 
 1226      1C957B18 
 1226      77333298 
 1226      2D04
 1227 00ac 32CBF732 		.ascii	"2\313\3672\226\002M\374\317\324\244\300\0142\032h6#"
 1227      96024DFC 
 1227      CFD4A4C0 
 1227      0C321A68 
ARM GAS  C:\Users\patri\AppData\Local\Temp\ccGjuCmZ.s 			page 30


 1227      3623
 1228 00be C26C0606 		.ascii	"\302l\006\006\015g\253\030\347\214\314\244\314\340\222"
 1228      0D67AB18 
 1228      E78CCCA4 
 1228      CCE092
 1229 00cd D294CCFC 		.ascii	"\322\224\314\374\230\362\374\242\354\342\202\304\344"
 1229      98F2FCA2 
 1229      ECE282C4 
 1229      E4
 1230 00da D4F8D2E2 		.ascii	"\324\370\322\342\324\242\230\334\314\344\242\374\344"
 1230      D4A298DC 
 1230      CCE4A2FC 
 1230      E4
 1231 00e7 BC922206 		.ascii	"\274\222\"\006!=\375\342\374\322\242\344T\375\222\314"
 1231      213DFDE2 
 1231      FCD2A2E4 
 1231      54FD92CC 
 1232 00f7 DCD4A262 		.ascii	"\334\324\242b\275d\006\000d\021S\337"
 1232      BD640600 
 1232      641153DF 
 1233              		.text
 1234              		.section	.gnu.lto_TIM5_get_cnt_reg.386.7229d93e,"e",%progbits
 1235 0000 789CDBCC 		.ascii	"x\234\333\314\300\300`\013\304\252@\314\310\314\300"
 1235      C0C0600B 
 1235      C4AA40CC 
 1235      C8CCC0
 1236 000f 38696217 		.ascii	"8ib\027\023CCC\203\003;\023c\343\304\256\367\317\224"
 1236      13434343 
 1236      83033B13 
 1236      63E3C4AE 
 1236      F7CF94
 1237 0022 19773282 		.ascii	"\031w2\202\371\214\014\365L\214\365\214\013\231Y\031"
 1237      F98C0CF5 
 1237      4C8CF58C 
 1237      0B995919 
 1238 0032 D9841959 		.ascii	"\331\204\031Y\200\244(\243\202\376\201\206\206\037O"
 1238      80A428A3 
 1238      82FE8186 
 1238      861F4F
 1239 0041 A7BD3199 		.ascii	"\247\2751\231\263\342\000K=C\355\016\306\355\214\014"
 1239      B3E2004B 
 1239      3D43ED0E 
 1239      C6ED8C0C 
 1240 0051 60C0CDC0 		.ascii	"`\300\315\300P\0132\023\210\327_b=\320\360\347\177\177"
 1240      500B3213 
 1240      88D75F62 
 1240      3DD0F0E7 
 1240      7F7F
 1241 0063 43C3D127 		.ascii	"C\303\321'\214\357\230\230\231\030\230\200\242\363\230"
 1241      8CEF9898 
 1241      99189880 
 1241      A2F398
 1242 0072 41F634B0 		.ascii	"A\3664\26006\034``\230\317\314\004\3414\0029\337\231"
 1242      30361C60 
 1242      6098CFCC 
 1242      04E13402 
 1242      39DF99
ARM GAS  C:\Users\patri\AppData\Local\Temp\ccGjuCmZ.s 			page 31


 1243 0085 1A16B133 		.ascii	"\032\026\2613\374f:\264o%?3\023\320\242jF\0060\3310"
 1243      FC663AB4 
 1243      6F253F33 
 1243      13D0A26A 
 1243      460630D9 
 1244 009a 03A88495 		.ascii	"\003\250\204\225q\015\310A\034\225{\030w32\230-\004"
 1244      710DC841 
 1244      1C957B18 
 1244      77333298 
 1244      2D04
 1245 00ac 32CBF732 		.ascii	"2\313\3672\226\002M\374\317\324\244\300\0142\032h6#"
 1245      96024DFC 
 1245      CFD4A4C0 
 1245      0C321A68 
 1245      3623
 1246 00be C26C0606 		.ascii	"\302l\006\006\015g\253\030\347\214\314\244\314\340\222"
 1246      0D67AB18 
 1246      E78CCCA4 
 1246      CCE092
 1247 00cd D294CCFC 		.ascii	"\322\224\314\374\230\362\374\242\354\342\202\304\344"
 1247      98F2FCA2 
 1247      ECE282C4 
 1247      E4
 1248 00da D4F8D2E2 		.ascii	"\324\370\322\342\324\242\230\334\314\344\242\374\344"
 1248      D4A298DC 
 1248      CCE4A2FC 
 1248      E4
 1249 00e7 BC922206 		.ascii	"\274\222\"\006!=\375\342\374\322\242\344T\375\222\314"
 1249      213DFDE2 
 1249      FCD2A2E4 
 1249      54FD92CC 
 1250 00f7 DCD4A262 		.ascii	"\334\324\242b\275d\006\000t\035S\347"
 1250      BD640600 
 1250      741D53E7 
 1251              		.text
 1252              		.section	.gnu.lto_basic_timer_setup.387.7229d93e,"e",%progbits
 1253 0000 789C7D92 		.ascii	"x\234}\222OH\024q\024\307\337\367\367f\246\221\204\005"
 1253      4F481471 
 1253      14C7DFF7 
 1253      F766A691 
 1253      8405
 1254 0012 43E85878 		.ascii	"C\350Xx\361\322\356A\262\255\203\204B\267.\345q!jZp"
 1254      F1D2EE41 
 1254      B2AD8384 
 1254      42B72EE5 
 1254      71216A5A 
 1255 0027 90756A66 		.ascii	"\220ujf\227\305\203\354OS\204=\024\333_:dx\010\014\202"
 1255      97C583EC 
 1255      4F53843D 
 1255      14DB5F3A 
 1255      6478080C 
 1256 003c AE66B4AC 		.ascii	"\256f\264\254\005\202\240\250Q\367\010<\324\245\010"
 1256      0582A0A8 
 1256      51F7083C 
 1256      D4A508
 1257 004b C16085ED 		.ascii	"\301`\205\355\315o\024cA\007\276\003\337\341\363\276"
 1257      CD6F1463 
ARM GAS  C:\Users\patri\AppData\Local\Temp\ccGjuCmZ.s 			page 32


 1257      4107BE03 
 1257      DFE1F3BE 
 1258 005b F3DEFBFD 		.ascii	"\363\336\373\375.(\242a\"\352\021\201\011\017kUEZ\353"
 1258      2E28A261 
 1258      22EA1181 
 1258      090F6B55 
 1258      455AEB
 1259 006e CB271426 		.ascii	"\313'\024&k\325\016\274\207q\240\212B\005\363\234\021"
 1259      6BD50EBC 
 1259      8771A08A 
 1259      4205F39C 
 1259      11
 1260 007f FB77FB69 		.ascii	"\373w\373i\263s\346\364O\242\012\231\307\206s\012\226"
 1260      B373E6F4 
 1260      4FA20A99 
 1260      C786730A 
 1260      96
 1261 0090 BCBB71C6 		.ascii	"\274\273q\306\206;@\347\032Zo\256/j\335A\023K\250\274"
 1261      863B40E7 
 1261      1A5A6FAE 
 1261      2F6ADD41 
 1261      134BA8BC 
 1262 00a4 C3228814 		.ascii	"\303\"\210\024\006\267\\\242\223I\231|\240\267\237\355"
 1262      06B75CA2 
 1262      9349997C 
 1262      A0B79FED 
 1263 00b4 86DE6B3D 		.ascii	"\206\336k=\320\372\3536\356\367\244@J)\021\213,\221"
 1263      D0FAEB36 
 1263      EEF7A440 
 1263      4A29118B 
 1263      2C91
 1264 00c6 2D72442E 		.ascii	"-rD.\260$\374\034\307\255i\013\272A\364\222Ub&\305\354"
 1264      B024FC1C 
 1264      C7AD690B 
 1264      BA41F492 
 1264      556226C5 
 1265 00db 2AFDBDD5 		.ascii	"*\375\275\325MM\365\261\376:\305\220N& ]\275\211\233"
 1265      4D4DF5B1 
 1265      FE3AC590 
 1265      4E26205D 
 1265      BD899B
 1266 00ee 77C7C73E 		.ascii	"w\307\307>\200\372\317\226\353(\311?\233\352\336\343"
 1266      80FACF96 
 1266      EB28C93F 
 1266      9BEADEE3 
 1267 00fe 59B06238 		.ascii	"Y\260b8\275\230F\\\363\247\212vv9fY\231\340\332\212"
 1267      BD98465C 
 1267      F3A78A76 
 1267      76396659 
 1267      99E0DA8A 
 1268 0112 8AA99D85 		.ascii	"\212\251\235\205\324>\265\320\231`\363RP\376\204\210"
 1268      D43EB5D0 
 1268      9960F352 
 1268      50FE8488 
 1269 0122 C8B98B5F 		.ascii	"\310\271\213_\257\330\320\217\216\245W\020\030\372w"
 1269      AFD8D08F 
 1269      8EA55710 
ARM GAS  C:\Users\patri\AppData\Local\Temp\ccGjuCmZ.s 			page 33


 1269      18FA77
 1270 0131 DAC04F8E 		.ascii	"\332\300O\216\205WQ0p2\337\263\204\255\377H1\267\267"
 1270      85575130 
 1270      7032DFB3 
 1270      84ADFF48 
 1270      31B7B7
 1271 0144 BB86D1C3 		.ascii	"\273\206\321\303\321,f\031\355\250\3116b\224-\023\371"
 1271      D12C6619 
 1271      EDA8C936 
 1271      62942D13 
 1271      F9
 1272 0155 7C3F5276 		.ascii	"|?Rvf\267s[\377o\313a[\"\335#\"\277\230e9\324RS\337"
 1272      66B7735B 
 1272      FF6FCB61 
 1272      5B22DD23 
 1272      22BF9865 
 1273 016e 5E5C3137 		.ascii	"^\\17b\216qxTD\275C\227rC#\376-\377z\261t\333\017r\345"
 1273      628E7178 
 1273      5444BD43 
 1273      97724323 
 1273      FE2DFF7A 
 1274 0188 201C8DEE 		.ascii	" \034\215\356\334\364\3627JQ>\314\025|/\014\274\261"
 1274      DCF4F237 
 1274      4A513ECC 
 1274      157C2F0C 
 1274      BCB1
 1275 019a 62485DE9 		.ascii	"bH]\351L\024\224B/\237)\372\205|\030\245=\342\341\253"
 1275      4C149442 
 1275      2F9F29FA 
 1275      857C18A5 
 1275      3DE2E1AB 
 1276 01ae D7BA0E5C 		.ascii	"\327\272\016\\\332\313f/f\373\372\317\323?\220s\316"
 1276      DACB662F 
 1276      66FBFACF 
 1276      D33F9073 
 1276      CE
 1277 01bf A0       		.ascii	"\240"
 1278              		.text
 1279              		.section	.gnu.lto_.symbol_nodes.7229d93e,"e",%progbits
 1280 0000 789CEB61 		.ascii	"x\234\353a\000\002\246\006\346z\216\006 `a\234p\216"
 1280      0002A606 
 1280      E67A8E06 
 1280      2060619C 
 1280      708E
 1281 0012 81A19E81 		.ascii	"\201\241\236\201aWC##H\242\221\271\236\023\253D\023"
 1281      61574323 
 1281      2348A291 
 1281      B99E13AB 
 1281      4413
 1282 0024 733D1756 		.ascii	"s=\027V\211f\346znl\022\214-\314\365<\377\241@\036,"
 1282      8966E67A 
 1282      6E6C128C 
 1282      2DCCF53C 
 1282      FFA1401E 
 1283 0039 C9C00054 		.ascii	"\311\300\000T\007\222cf`\201hqa\000\000-I)\233"
 1283      07926366 
 1283      60816871 
ARM GAS  C:\Users\patri\AppData\Local\Temp\ccGjuCmZ.s 			page 34


 1283      6100002D 
 1283      49299B
 1284              		.text
 1285              		.section	.gnu.lto_.refs.7229d93e,"e",%progbits
 1286 0000 789C6364 		.ascii	"x\234cd\000\002\000\000\012\000\002"
 1286      00020000 
 1286      0A0002
 1287              		.text
 1288              		.section	.gnu.lto_.decls.7229d93e,"e",%progbits
 1289 0000 789CA557 		.ascii	"x\234\245W{P\024G\032\357\356\031\240\021\024\310\343"
 1289      7B501447 
 1289      1AEFEE19 
 1289      A01114C8 
 1289      E3
 1290 0011 24575757 		.ascii	"$WWW\271\252\253\2042\011\270\3403\311]\305\354\022"
 1290      B9AAAB84 
 1290      3209B8E0 
 1290      33C95DC5 
 1290      EC12
 1291 0023 E3050335 		.ascii	"\343\005\0035\220\273\272\253T\355\021\334(\025q9X\242"
 1291      90BBBAAB 
 1291      54ED11DC 
 1291      28157139 
 1291      58A2
 1292 0035 F9AF1710 		.ascii	"\371\257\027\020V\005\\\314\305\020\320\270\301K|E\304"
 1292      56055CCC 
 1292      C510D0B8 
 1292      C14B7C45 
 1292      C4
 1293 0046 C72568A2 		.ascii	"\307%h\242\214\202\312C\243Q\214\242DQHDA\205\250\001"
 1293      8C82CA43 
 1293      A3518CA2 
 1293      44514844 
 1293      4185A801 
 1294 005a E3EBBE9E 		.ascii	"\343\353\276\236\231\236\335%\336U\245nk\277\351\236"
 1294      999EDD25 
 1294      DE55A56E 
 1294      6BBFE99E 
 1295 006a FE7DBFEF 		.ascii	"\376}\277\357\325\217\231I\213F(_B(\026#t\037~!\010"
 1295      D58F9949 
 1295      8B46285F 
 1295      42281623 
 1295      741F7E21 
 1296 007f A1E32063 		.ascii	"\241\343 cA\032@\036\202q\033H\016\210\023$\006D\205"
 1296      411A401E 
 1296      82711B48 
 1296      0E881324 
 1296      064485
 1297 0092 712BB42E 		.ascii	"q+\264.\220\205 \357\2000\220r\220K\004\241\361H\307"
 1297      908520EF 
 1297      80309072 
 1297      904B04A1 
 1297      F148C7
 1298 00a5 9E84B6C2 		.ascii	"\236\204\266\302\030\027\3742\254\333\024vF\220n\237"
 1298      1817FC32 
 1298      ACDB1476 
 1298      46906E9F 
ARM GAS  C:\Users\patri\AppData\Local\Temp\ccGjuCmZ.s 			page 35


 1299 00b5 DB7B06A4 		.ascii	"\333{\006\244\005\356\247C\233\004\3624\310\263 \026"
 1299      05EEA743 
 1299      9B04F234 
 1299      C8B32016 
 1300 00c5 900490E7 		.ascii	"\220\004\220\347A\236\003\271\006>B\221\256\273\020"
 1300      419E03B9 
 1300      063E4291 
 1300      AEBB10
 1301 00d4 FBF9DCDE 		.ascii	"\373\371\334\336Th\257\007\340\357\214\302'B\213!\337"
 1301      5468AF07 
 1301      E0EF8CC2 
 1301      27428B21 
 1301      DF
 1302 00e5 08A4C76C 		.ascii	"\010\244\307l3\342\024\370\363\206_\316\3451p\375I "
 1302      33E214F8 
 1302      F3865FCE 
 1302      E53170FD 
 1302      4920
 1303 00f7 A10F6339 		.ascii	"\241\017c9\364Q\374\270LV\016W\306\307\250\214\0152"
 1303      F451FCB8 
 1303      4C560E57 
 1303      C6C7A88C 
 1303      0D32
 1304 0109 DF3E39AE 		.ascii	"\337>9\256\001\177\016\350N]\303\213)A\241q\230\027"
 1304      017F0EE8 
 1304      4E5DC38B 
 1304      2941A171 
 1304      9817
 1305 011b 320A5A44 		.ascii	"2\012ZD#\320d\246\375j\243\320\036P\202\337\023\221"
 1305      23D064A6 
 1305      FD6AA3D0 
 1305      1E5082DF 
 1305      1391
 1306 012d 743A9289 		.ascii	"t:\222\211\267\272s\273\024\325\315\355\250\305\341"
 1306      B7BA73BB 
 1306      14D5CDED 
 1306      A8C5E1
 1307 013c 48B3A3E2 		.ascii	"H\263\243\342\270F\274\033\177\211\301\226\007\323\027"
 1307      B846BC1B 
 1307      7F89C196 
 1307      07D317
 1308 014b B94DC66F 		.ascii	"\271M\306o(\270V\021\375\023\360\276\273z\276zl\024"
 1308      28B85611 
 1308      FD13F0BE 
 1308      BB7ABE7A 
 1308      6C14
 1309 015d 33780FEB 		.ascii	"3x\017\353\376[0\262$\312\244\256\377B\367\230(\365"
 1309      FE5B30B2 
 1309      24CAA4AE 
 1309      FF42F798 
 1309      28F5
 1310 016f C13665D2 		.ascii	"\3016e\322xeE\017\036\017\324b\306|\244\025\037\300"
 1310      7865450F 
 1310      1E0FD462 
 1310      C67CA415 
 1310      1FC0
 1311 0181 FB81DB86 		.ascii	"\373\201\333\2069\035\321\014\356m\004\321\277\361v"
ARM GAS  C:\Users\patri\AppData\Local\Temp\ccGjuCmZ.s 			page 36


 1311      391DD10C 
 1311      EE6D04D1 
 1311      BFF176
 1312 0190 10D13988 		.ascii	"\020\3219\210\316\343\335>Dsx\333\215\350BD\335\230"
 1312      CEE3DD3E 
 1312      447378DB 
 1312      8DE84244 
 1312      DD98
 1313 01a2 F78FF24B 		.ascii	"\367\217\362K$\004\005\203\313\264\021\"\223#\365\237"
 1313      24040583 
 1313      CBB41122 
 1313      9323F59F 
 1314 01b2 AC26A323 		.ascii	"\254&\243#;\003\221\235\006\337\333\207\352\356\207"
 1314      3B03919D 
 1314      06DFDB87 
 1314      EAEE87
 1315 01c1 07F83E85 		.ascii	"\007\370>\205O\002\332\205\271\002\242\357i6Z\020]\243"
 1315      4F02DA85 
 1315      B902A2EF 
 1315      69365A10 
 1315      5DA3
 1316 01d3 7520D50D 		.ascii	"u \325\015P\274\255\332\315D\012\325\245MZ?\216\266"
 1316      50BCADDA 
 1316      CD440AD5 
 1316      A54D5A3F 
 1316      8EB6
 1317 01e5 6BEDE3F4 		.ascii	"k\355\343\364\004\214\235\325\372\321\364\"\364\207"
 1317      048C9DD5 
 1317      FAD1F422 
 1317      F487
 1318 01f3 407E02B9 		.ascii	"@~\002\271\007RD *\302\261*\314\013\027N+\010\222\247"
 1318      07524420 
 1318      2AC2B12A 
 1318      CC0B174E 
 1318      2B0892A7 
 1319 0207 35B496AE 		.ascii	"5\264\226\256\213\230\020\370\213\015\272\233p\236\261"
 1319      8B9810F8 
 1319      8B0DBA9B 
 1319      709EB1
 1320 0216 91732B9A 		.ascii	"\221s+\232\027?\265rq)\363\272\245\275\370;\\H\364<"
 1320      173FB572 
 1320      7129F3BA 
 1320      A5BDF83B 
 1320      5C48F43C 
 1321 022a 7AF89A44 		.ascii	"z\370\232D\240Q\337Z^\312\242\213#\367\342v\023l6\301"
 1321      A051DF5A 
 1321      5ECAA28B 
 1321      23F7E276 
 1321      136C36C1 
 1322 023e 8D02BC64 		.ascii	"\215\002\274d\202} \015XC7\010\364r\020\252S\353\004"
 1322      827D200D 
 1322      58433708 
 1322      F47210AA 
 1322      53EB04
 1323 0251 78C104BB 		.ascii	"x\301\004\2735\020\212V\277i3\343`\033\276\010\240>"
 1323      35108A56 
 1323      BF6933E3 
ARM GAS  C:\Users\patri\AppData\Local\Temp\ccGjuCmZ.s 			page 37


 1323      601BBE08 
 1323      A03E
 1324 0263 6FDF9BCC 		.ascii	"o\337\233\314v\301l2\231\373\374N\267\010\364|\220]"
 1324      76C16C32 
 1324      99FBFC4E 
 1324      B708F47C 
 1324      905D
 1325 0275 40B9E1CD 		.ascii	"@\271\341\315\272\341.\334\013\250>)=~t\267p{\314t\373"
 1325      BAE12EDC 
 1325      0BA83E29 
 1325      3D7E74B7 
 1325      707BCC74 
 1326 028a B519D37A 		.ascii	"\265\031\323zA\0350\251\375~j\233\240\0364\251\315\376"
 1326      411D30A9 
 1326      FD7E6A9B 
 1326      A01E34A9 
 1326      CDFE
 1327 029c A0D688A0 		.ascii	"\240\326\210\240\256\230A\365\013\303\260BT\031]\307"
 1327      AE9841F5 
 1327      0BC3B042 
 1327      54195DC7 
 1328 02ac 3FC04021 		.ascii	"?\300@!i\304\313\310rRN\226\0207\271\217G\3600\376\011"
 1328      69C4CBC8 
 1328      72524E96 
 1328      1037B98F 
 1328      47F030FE 
 1329 02c1 DFC477F1 		.ascii	"\337\304w\361-|\007\027\221\022\262\230\224\022/\271"
 1329      2D7C0717 
 1329      9112B298 
 1329      94122FB9 
 1330 02d1 878B4919 		.ascii	"\207\213I\031\251 ?bFnc\017YJ\370\376\006G\015\"\214"
 1330      A9203F62 
 1330      466E630F 
 1330      594AF8FE 
 1330      06470D22 
 1331 02e6 73661867 		.ascii	"sf\030g\315\302\355\021Q\0345\243\370\312Lo\227H\257"
 1331      CDC2ED11 
 1331      511C35A3 
 1331      F8CA4C6F 
 1331      9748AF
 1332 02f9 D34CEF1B 		.ascii	"\323L\357\033\177\002;\005\365[\223\372\215i\367\013"
 1332      7F023B05 
 1332      F55B93FA 
 1332      8D69F70B 
 1333 0309 019E30C1 		.ascii	"\001\2360\301\343&xH\200_\230\340.\023\374P\200WMp\277"
 1333      E3267848 
 1333      805F98E0 
 1333      2E13FC50 
 1333      80574D70 
 1334 031e DFE96181 		.ascii	"\337\351a\201\336\010\242\032h\215@\207L\324\"\3546"
 1334      DE08A21A 
 1334      688D4087 
 1334      4CD422EC 
 1334      36
 1335 032f 0AEC4850 		.ascii	"\012\354HP\246\006s\265@\257\005y\325\353\320\"*x\330"
 1335      A60673B5 
 1335      40AF0579 
ARM GAS  C:\Users\patri\AppData\Local\Temp\ccGjuCmZ.s 			page 38


 1335      D5EBD022 
 1335      2A78D8
 1336 0342 ACE02133 		.ascii	"\254\340!3\336U\2029\030\350\3230\373\245\000;\202\312"
 1336      DE558239 
 1336      18E8D330 
 1336      FBA5003B 
 1336      82CA
 1337 0354 0028BD03 		.ascii	"\000(\275\003\033\222l\332\321\275ull\360\214W\222\377"
 1337      1B926CDA 
 1337      D1BD756C 
 1337      6CF08C57 
 1337      92FF
 1338 0366 6BCA65B2 		.ascii	"k\312e\262\304{\323#\231\347\363\012\303\357\273\000"
 1338      C47BD323 
 1338      99E7F30A 
 1338      C3EFBB00 
 1339 0376 528F8468 		.ascii	"R\217\204h9H%\310J\211\237\017\323h\015\364} \037\203"
 1339      394825C8 
 1339      4A899F0F 
 1339      D3680DF4 
 1339      7D201F83 
 1340 038a 6C04A903 		.ascii	"l\004\251\003\331\006\362\031\310.M'\2266B\177?H;\310"
 1340      D906F219 
 1340      C82E4D27 
 1340      9636427F 
 1340      3F483BC8 
 1341 039e 11906320 		.ascii	"\021\220c 'A\272@\2725\235\016\004\347\214/\204\366"
 1341      2741BA40 
 1341      BA359D0E 
 1341      04E78C2F 
 1341      84F6
 1342 03b0 4A487EBA 		.ascii	"JH~\272\265\365\336\261q\017>cxU~ZnT\345C\362\231\021"
 1342      B5F5DEB1 
 1342      710F3E63 
 1342      78557E5A 
 1342      6E54E543 
 1343 03c7 9D7F2B5F 		.ascii	"\235\177+_\022\340z\023\364\327\363\236\000\253M\260"
 1343      12E07A13 
 1343      F4D7F39E 
 1343      00AB4DB0 
 1344 03d7 8A08E655 		.ascii	"\212\010\346U\001\2565\301\217L\360\226\000\327\230"
 1344      01AE35C1 
 1344      8F4CF096 
 1344      00D798
 1345 03e6 60C0B134 		.ascii	"`\300\2614\"P_\020\252S\227m\315mQ\361^\374O\023;\353"
 1345      22505F10 
 1345      AA53976D 
 1345      CD6D51F1 
 1345      5EFC4F13 
 1346 03fc 67DE16CC 		.ascii	"g\336\026\314\325A\271\030h\277@?1\321\375\346\001\241"
 1346      D541B918 
 1346      68BF403F 
 1346      31D1FDE6 
 1346      01A1
 1347 040e CFF926B2 		.ascii	"\317\371&\262\021\202\374\014\246|7\251#\273\310\277"
 1347      1182FC0C 
 1347      A67C37A9 
ARM GAS  C:\Users\patri\AppData\Local\Temp\ccGjuCmZ.s 			page 39


 1347      23BBC8BF 
 1348 041e C997E40B 		.ascii	"\311\227\344\013ROT\262\215l%\233\311\016\262\2074\220"
 1348      524F54B2 
 1348      8D6C259B 
 1348      C90EB287 
 1348      3490
 1349 0430 2D642FD9 		.ascii	"-d/\331I>'\215d;\331\307\247\231[_b\004\266\3224\336"
 1349      493E278D 
 1349      643BD9C7 
 1349      A7995B5F 
 1349      6204B6D2 
 1350 0446 ED777D57 		.ascii	"\355w}W\270\2561\321\036?\3521\250\357\007Q\365|/\013"
 1350      B8AE31D1 
 1350      1E3FEA31 
 1350      A8EF0751 
 1350      F57C2F0B 
 1351 045a E6BAA0A0 		.ascii	"\346\272\240\240u\360\212\000\377e\202\375~\263\003"
 1351      75F08A00 
 1351      FF6582FD 
 1351      7EB303
 1352 0469 02FD3808 		.ascii	"\002\3758\010\325\251}\002\334\0208\263:vG`\253\202"
 1352      D5A97D02 
 1352      DC1038B3 
 1352      3A764760 
 1352      AB82
 1353 047b A2D5C1A5 		.ascii	"\242\325\301\245F\260\357\005M\200\216]\023\304\332"
 1353      46B0EF05 
 1353      4D808E5D 
 1353      13C4DA
 1354 048a A04937E2 		.ascii	"\240I7\342\271/\320\017\202\326\213\201\226\031v?5A"
 1354      B92FD00F 
 1354      82D68B81 
 1354      9619763F 
 1354      3541
 1355 049c FD00A317 		.ascii	"\375\000\243\027a\021\2232O\367\361\320\330\340yj\""
 1355      61119332 
 1355      4FF7F1D0 
 1355      D8E0796A 
 1355      22
 1356 04ad BF78A264 		.ascii	"\277x\242d\262\366\276z\212\230\373\261Y\224\224\357"
 1356      B2F6BE7A 
 1356      8A98FBB1 
 1356      599494EF 
 1357 04bd C7EBB07F 		.ascii	"\307\353\260\177F@\356\201\024\311\210.\226\3716\212"
 1357      4640EE81 
 1357      14C9882E 
 1357      96F9368A 
 1358 04cd A6A5D03E 		.ascii	"\246\245\320>\011/Q\022\\a\307\312`\345\312{\267j$\376"
 1358      092F5112 
 1358      5C61C7CA 
 1358      60E5CA7B 
 1358      B76A24FE 
 1359 04e1 6633C0D4 		.ascii	"f3\300\324\302\020\324NNct\204<\331\210\277\"\207\011"
 1359      C210D44E 
 1359      4E637484 
 1359      3CD988BF 
 1359      228709
ARM GAS  C:\Users\patri\AppData\Local\Temp\ccGjuCmZ.s 			page 40


 1360 04f4 5D092AA1 		.ascii	"]\011*\241\235-\003[\306\300~\003\245\221\033\027\324"
 1360      9D2D035B 
 1360      C6C07E03 
 1360      A5911B17 
 1360      D4
 1361 0505 CF7FBFBD 		.ascii	"\317\177\277\275\210\255W\361Q\3625\351 \032A/\270\312"
 1361      88AD57F1 
 1361      51F235E9 
 1361      201A412F 
 1361      B8CA
 1362 0517 9F6B3D25 		.ascii	"\237k=%,\2720\362(9\024\210\265\023\2610\211\376\356"
 1362      2CBA30F2 
 1362      28391488 
 1362      B513B130 
 1362      89FEEE
 1363 052a 843A20DF 		.ascii	"\204: \337c\344\270\226I\350\362\246\272\033\021\023"
 1363      63E4B896 
 1363      49E8F2A6 
 1363      BA1B1113 
 1364 053a 1E9BC0DF 		.ascii	"\036\233\300\337p\366\364\204\200\355\016\322F\276\011"
 1364      70F6F484 
 1364      80ED0ED2 
 1364      46BE09
 1365 0549 9C4CEDE5 		.ascii	"\234L\355\345\207\327\313((\320O\222\023\234\316\013"
 1365      87D7CB28 
 1365      28D04F92 
 1365      139CCE0B 
 1366 0559 B06B6DC5 		.ascii	"\260km\3058x\255h\305\255\301,\231T\357:\274>\3741\337"
 1366      3878AD68 
 1366      C5ADC12C 
 1366      9954EF3A 
 1366      BC3EFC31 
 1367 056e 7F65D353 		.ascii	"\177e\323SP\236.\220n\220\357A\256\202\334\324\312\245"
 1367      509E2E90 
 1367      6E90EF41 
 1367      AE82DCD4 
 1367      CAA5
 1368 0580 127A1BD2 		.ascii	"\022z\033\322\377\325@Q\331\341\261\001\347\015\237"
 1368      FFD54051 
 1368      D9E1B101 
 1368      E70D9F
 1369 058f E2B62263 		.ascii	"\342\266\"c\001t\223\336\237o\373:\201\2361\321\200"
 1369      017493DE 
 1369      9F6FFB3A 
 1369      819E31D1 
 1369      80
 1370 05a0 67CD6681 		.ascii	"g\315f\201v\005\241\001O\350s\204\357\365^\210\362\022"
 1370      7605A101 
 1370      4FE87384 
 1370      EFF55E88 
 1370      F212
 1371 05b2 E9233DE4 		.ascii	"\351#=\344\002\371\236|G.\222\313\244\237\234\027\273"
 1371      02F99E7C 
 1371      472E92CB 
 1371      A49F9C17 
 1371      BB
 1372 05c3 B44198E9 		.ascii	"\264A\230\3514\315\004\354\230-\002=\035\204&\241\217"
ARM GAS  C:\Users\patri\AppData\Local\Temp\ccGjuCmZ.s 			page 41


 1372      34CD04EC 
 1372      982D023D 
 1372      1D8426A1 
 1372      8F
 1373 05d4 A0148D6B 		.ascii	"\240\024\215k\377\001\013\364\024i11\363@\033\374T/"
 1373      FF010BF4 
 1373      14693131 
 1373      F3401BFC 
 1373      542F
 1374 05e6 253C7E4D 		.ascii	"%<~M\320\177Nn\022V\317\006\202\372\216i\021\330\301"
 1374      D07F4E6E 
 1374      1256CF06 
 1374      82FA8E69 
 1374      11D8C1
 1375 05f9 20AB06B3 		.ascii	" \253\006\263U\240\007\202\012\006\233\202\205\3004"
 1375      55A00782 
 1375      0A069B82 
 1375      85C034
 1376 0608 F5F51EE8 		.ascii	"\365\365\036\350\010\217\015.\300\000\371\037\025\220"
 1376      088F0D2E 
 1376      C000F91F 
 1376      1590
 1377 0616 C965DFB7 		.ascii	"\311e\337\267\027\307\230\313\377\212a\364*P`es\233"
 1377      17C798CB 
 1377      FF8A61F4 
 1377      2A506065 
 1377      739B
 1378 0628 6B3636AC 		.ascii	"k66\254\013\033\365\316~\215\230\357\354\235_\255\333"
 1378      0B1BF5CE 
 1378      7E8D98EF 
 1378      EC9D5FAD 
 1378      DB
 1379 0639 498630F8 		.ascii	"I\2060\370\3640\325\335L\275\265}\254\236\261\\v\240"
 1379      F430D5DD 
 1379      4CBDB57D 
 1379      AC9EB15C 
 1379      76A0
 1380 064b AFAABAA4 		.ascii	"\257\252\272\244\317\023SY\310\037\322\036\366\353*"
 1380      CF135359 
 1380      C81FD21E 
 1380      F6EB2A
 1381 065a 18AEAEEE 		.ascii	"\030\256\256\356\366\022\237\304\343c\254(\222\355\200"
 1381      F6129FC4 
 1381      E363AC28 
 1381      92ED80
 1382 0669 A6701E2B 		.ascii	"\246p\036+*\341\367e\261\276\"\375c\344(fj\011\253W"
 1382      2AE1F765 
 1382      B1BE22FD 
 1382      63E42866 
 1382      6A09AB57 
 1383 067d 436B9B58 		.ascii	"Ck\233XI\025K\251\256\356k\341.\330\212\356U\245Q\276"
 1383      49154BA9 
 1383      AEEE6BE1 
 1383      2ED88AEE 
 1383      55A551BE 
 1384 0691 A22E8FAF 		.ascii	"\242.\217\257\211=\346\003+U\254X\255\304n\240\270U"
 1384      893DE603 
ARM GAS  C:\Users\patri\AppData\Local\Temp\ccGjuCmZ.s 			page 42


 1384      2B55AC58 
 1384      ADC46EA0 
 1384      B855
 1385 06a3 56A962AF 		.ascii	"V\251b\257oUyEq\363\340F\\\351S\231\333\247z\260\273"
 1385      6F557945 
 1385      71F3E046 
 1385      5CE95399 
 1385      DBA77AB0 
 1386 06b8 56F5B841 		.ascii	"V\365\270Aw|ea3c\373\212\251\2335{*}\315\236\030om3"
 1386      777C6561 
 1386      3363FB8A 
 1386      A99B357B 
 1386      2A7DCD9E 
 1387 06d0 ABAC6DF6 		.ascii	"\253\254m\366D\373\270\212\354-T\231\327WL\275\205]"
 1387      44FBB88A 
 1387      EC2D5499 
 1387      D7574CBD 
 1387      855D
 1388 06e2 E04AF544 		.ascii	"\340J\365Ds:\340\324\013\004\030`1^\010\334]\313\274"
 1388      733AE0D4 
 1388      0B041860 
 1388      315E08DC 
 1388      5DCBBC
 1389 06f5 31EEDA62 		.ascii	"1\356\332b\267\033\2301\000\263\367k\231'\272\262\266"
 1389      B71B9831 
 1389      00B3F76B 
 1389      9927BAB2 
 1389      B6
 1390 0706 18746506 		.ascii	"\030te\006\216\376\256}F\201\011\276]_\220\011km{\376"
 1390      8EFEAE7D 
 1390      468109BE 
 1390      5D5F9009 
 1390      6B6D7BFE 
 1391 071a 071E7EDF 		.ascii	"\007\036~\337\211\241\316P<\316\373\002\302\226h\272"
 1391      89A1CE50 
 1391      3CCEFB02 
 1391      C29668BA 
 1392 072a 8D5777C3 		.ascii	"\215Ww\303HW\223\364\033\306\317\015\366\310e\375\334"
 1392      485793F4 
 1392      1BC6CF0D 
 1392      F6C865FD 
 1392      DC
 1393 073b 4037081A 		.ascii	"@7\010\032\322&\347\352\215\223\3458\256\252\212\215"
 1393      D226E7EA 
 1393      8D93E538 
 1393      AEAA8A8D 
 1394 074b 8CF47737 		.ascii	"\214\364w7\341Up\266\200\252|\203\\\347\363\203\264"
 1394      E15570B6 
 1394      80AA7C83 
 1394      5CE7F383 
 1394      B4
 1395 075c 2FC91FC8 		.ascii	"/\311\037\310\020yb\230\322#\334\334\207M#5X\230k\305"
 1395      10796298 
 1395      D223DCDC 
 1395      874D2335 
 1395      58986BC5 
 1396 0770 BAB96161 		.ascii	"\272\271aa\256\301\267\346\267\334\332`\337\216\334"
ARM GAS  C:\Users\patri\AppData\Local\Temp\ccGjuCmZ.s 			page 43


 1396      AEC1B7E6 
 1396      B7DCDA60 
 1396      DF8EDC
 1397 077f F5A0F4C2 		.ascii	"\365\240\364\3020\371\3210\364\243a\350\012\245\275"
 1397      30F9D130 
 1397      F4A361E8 
 1397      0AA5BD
 1398 078e DCD07976 		.ascii	"\334\320yv\350D$\327\255\037h`,\204{\035&\267\014\345"
 1398      E84424D7 
 1398      AD1F6860 
 1398      2C847B1D 
 1398      26B70CE5 
 1399 07a2 5B86720F 		.ascii	"[\206r\017\2457\271\362\231\305[+p\254>u\252\376\021"
 1399      A537B9F2 
 1399      99C55B2B 
 1399      70AC3E75 
 1399      AAFE11
 1400 07b5 79475795 		.ascii	"yGW\225I\345\361\255e\021AX\0231\301\245w\366\370\327"
 1400      49E5F1AD 
 1400      65114158 
 1400      1331C1A5 
 1400      77F6F8D7 
 1401 07c9 DE5D63ED 		.ascii	"\336]c\355\335#\034"
 1401      DD231C
 1402 07d0 2A6FBFD9 		.ascii	"*o\277\331\037\036\216\370\355\020\334\366\177\260\373"
 1402      1F1E8EF8 
 1402      ED10DCF6 
 1402      7FB0FB
 1403 07df 70D4E83A 		.ascii	"p\324\350:1\011\335\327\224\0176t\366R-\263\333e\260"
 1403      3109DDD7 
 1403      940F3674 
 1403      F6522DB3 
 1403      DB65B0
 1404 07f2 41B42231 		.ascii	"A\264\"1\351\266\021\356m#\334\375\224\226\206\202\366"
 1404      E9B611EE 
 1404      6D23DCFD 
 1404      94968682 
 1404      F6
 1405 0803 E6CAB611 		.ascii	"\346\312\266\021\231\233\036\004\323t5\037j\250:\325"
 1405      999B1E04 
 1405      D374351F 
 1405      6AA83AD5 
 1406 0813 228F5AE4 		.ascii	"\"\217Z\344\305\222\271\310/\234\334\335\021\301\031"
 1406      C592B9C8 
 1406      2F9CDCDD 
 1406      11C119
 1407 0822 8BA522E9 		.ascii	"\213\245\"\351\201\371\226JFJ'N\265TD\005a\003\304\004"
 1407      81F9964A 
 1407      464A274E 
 1407      B5544405 
 1407      6103C404 
 1408 0836 2F9DABA9 		.ascii	"/\235\253\251\0113\023\366Hz\302K\340s\237n\344at\034"
 1408      093313F6 
 1408      487AC24B 
 1408      E0739F6E 
 1408      E461741C 
 1409 084a FCA01A8F 		.ascii	"\374\240\032\217\306\227J\\A&\025g\256\1772\206\007"
ARM GAS  C:\Users\patri\AppData\Local\Temp\ccGjuCmZ.s 			page 44


 1409      C6974A5C 
 1409      41261567 
 1409      AE7F3286 
 1409      07
 1410 085b B14C2A81 		.ascii	"\261L*\201 :\317\3676\311\243+\002o\217e\232\362\012"
 1410      203ACFF7 
 1410      36C9A32B 
 1410      026F8F65 
 1410      9AF20A
 1411 086e 36DC332E 		.ascii	"6\3343.\256\012\0365\247\257\327\337\375\335\336\"_"
 1411      AE0A1E35 
 1411      A7AFD7DF 
 1411      FDDDDE22 
 1411      5F
 1412 087f 5CB954A8 		.ascii	"\\\271T\250\307\201\012%\376\231\277\236\312d[\307\246"
 1412      C7810A25 
 1412      FE99BF9E 
 1412      CA645BC7 
 1412      A6
 1413 0890 CD91A6C3 		.ascii	"\315\221\246\303r#\240\345\034\247\326Wf\316\310H~U"
 1413      7223A0E5 
 1413      1CA7D657 
 1413      66CEC848 
 1413      7E55
 1414 08a2 89894FC8 		.ascii	"\211\211O\310w\026\344e9\022\\\3319\216\274\374\370"
 1414      7716E465 
 1414      39125CD9 
 1414      398EBCFC 
 1414      F8
 1415 08b3 2C3AF3D5 		.ascii	",:\363\325\327\036\267Z\246\242\207\304H|\326\264i\323"
 1415      D71EB75A 
 1415      A6A287C4 
 1415      487CD6B4 
 1415      69D3
 1416 08c5 A7254D99 		.ascii	"\247%M\231\214hA\366\002WR\242\335\025f\263\276b}i\246"
 1416      8C6841F6 
 1416      025752A2 
 1416      DD1566B3 
 1416      BE627D69 
 1417 08da 12AE24A7 		.ascii	"\022\256$\247'+\177N\266M\015IO\267\006\334O\221\254"
 1417      272B7F4E 
 1417      B64D0D49 
 1417      4FB706DC 
 1417      4F91AC
 1418 08ed E98AFCA2 		.ascii	"\351\212\374\242\315\352\037\232\034>#\355\305\304\224"
 1418      CDEA1F9A 
 1418      1C3E23ED 
 1418      C5C494
 1419 08fc 34F0CA7B 		.ascii	"4\360\312{\026\275'\320I\3413^\036=\226\024\306\031"
 1419      16BD27D0 
 1419      49E1335E 
 1419      1E3D9614 
 1419      C619
 1420 090e 30C25B4B 		.ascii	"0\302[K \222\030\306\265\003G,\224\353*\351\031\012"
 1420      209218C6 
 1420      B503472C 
 1420      94EB2AE9 
ARM GAS  C:\Users\patri\AppData\Local\Temp\ccGjuCmZ.s 			page 45


 1420      190A
 1421 0920 EF5878C7 		.ascii	"\357Xx\307\304&R\256\315\207$\353,E\346\201\207\245"
 1421      C42652AE 
 1421      CD8724EB 
 1421      2C45E681 
 1421      87A5
 1422 0932 A5A4F096 		.ascii	"\245\244\360\226X\025j\344\222\030g}\366u\353\274\354"
 1422      58156AE4 
 1422      9218677D 
 1422      F675EBBC 
 1422      EC
 1423 0943 37B2D35D 		.ascii	"7\262\323]\005s\262\235\257/t\346\275\225\237\233\231"
 1423      0573B29D 
 1423      AF2F74E6 
 1423      BD959F9B 
 1423      99
 1424 0954 E5B017E4 		.ascii	"\345\260\027\344;\362^\317\311\316\312sf-p\345\241\347"
 1424      3BF25ECF 
 1424      C9CECA73 
 1424      662D70E5 
 1424      A1E7
 1425 0966 E2E313E0 		.ascii	"\342\343\023\340\237\305u\235\371\211\026\213%\301\231"
 1425      9FC5759D 
 1425      F989168B 
 1425      25C199
 1426 0975 9F90E5CC 		.ascii	"\237\220\345\314\311q.Hp,r%\244g\300\177vR\342K\223"
 1426      C9712E48 
 1426      702C7225 
 1426      A467C07F 
 1426      7652E24B 
 1427 098a 162D4AC8 		.ascii	"\026-J\310w\345$%\2769\31121oQ\374<\024\241X\255\366"
 1427      77E52425 
 1427      BE39C932 
 1427      316F51FC 
 1427      3C14A158 
 1428 09a0 8C77721D 		.ascii	"\214wr\0356\307\233\262m\366\014E\202\032A\2412 .\253"
 1428      36C79BB2 
 1428      6DF60C45 
 1428      821A41A1 
 1428      32202EAB 
 1429 09b4 32895F92 		.ascii	"2\211_\222\370%\221_,\222bU\244\031\212\"\245\245[%"
 1429      F825915F 
 1429      2C926255 
 1429      A4198A22 
 1429      A5A55B25 
 1430 09c8 EBAB1930 		.ascii	"\353\253\0310\230\254\204X\255\263\225D\355j\221\222"
 1430      98AC8458 
 1430      ADB39544 
 1430      ED6A9192 
 1431 09d8 2107A8B4 		.ascii	"!\007\250\264mV\262\"\247\317\006m\240\202XH\252\022"
 1431      6D56B222 
 1431      A7CF066D 
 1431      A0825848 
 1431      AA12
 1432 09ea 91316BB6 		.ascii	"\2211k\266\351j\306KJJHJ\252\365\025p\226\256(\370/"
 1432      E96AC64B 
 1432      4A4A484A 
ARM GAS  C:\Users\patri\AppData\Local\Temp\ccGjuCmZ.s 			page 46


 1432      AAF51570 
 1432      96AE28F8 
 1433 09ff F8E590AC 		.ascii	"\370\345\220\254\371\216\314<mN-S\354.)\337\341\372"
 1433      F98ECC3C 
 1433      6D4E2D53 
 1433      EC2E29DF 
 1433      E1FA
 1434 0a11 C303339B 		.ascii	"\303\0033\233\2279?!\327\231\347\312\327\263JHI\261"
 1434      97393F21 
 1434      D799E7CA 
 1434      D7B34A48 
 1434      49B1
 1435 0a23 25CC4C9B 		.ascii	"%\314L\233\225\372v\242\236\234}nn\266\023r\223Rm\212"
 1435      95FA76A2 
 1435      9E9C7D6E 
 1435      6EB61372 
 1435      93526D8A 
 1436 0a37 34CBA684 		.ascii	"4\313\246\204\244\275\226fS\302R\323\323\222\223mJh"
 1436      A4BD9666 
 1436      53C252D3 
 1436      D392936D 
 1436      4A68
 1437 0a49 6AC65FD3 		.ascii	"j\306_\323 \352\331\2516\210\021\342x9\322\317\262\273"
 1437      20EAD9A9 
 1437      368811E2 
 1437      7839D2CF 
 1437      B2BB
 1438 0a5b 68B633C7 		.ascii	"h\2663\3079\307\001\376-SPdf^\316\333S\035\317\344<"
 1438      39C701FE 
 1438      2D535064 
 1438      665ECEDB 
 1438      531DCFE4 
 1439 0a70 F5662E1A 		.ascii	"\365f.\032\223\005>\035\213\236\311\231\204\302!\225"
 1439      93053E1D 
 1439      8B9EC999 
 1439      84C22195 
 1440 0a80 C9F6EC05 		.ascii	"\311\366\354\005\331\256\207~\266`\321#\0328\327\341"
 1440      D9AE877E 
 1440      B660D123 
 1440      1A38D7E1 
 1441 0a90 B26765E6 		.ascii	"\262ge\346\272\012\362\034\366<\307\334h\377\340\002"
 1441      BA0AF21C 
 1441      F63CC7DC 
 1441      68FFE002 
 1442 0aa0 171F8879 		.ascii	"\027\037\210y#3?;\313\256\261\354\220jA\356\243\366"
 1442      23333F3B 
 1442      CBAEB1EC 
 1442      906A41EE 
 1442      A3F6
 1443 0ab2 DCCCF9F6 		.ascii	"\334\314\371\366\371\363\347\360\333\271y\316\202\\"
 1443      F9F3E7F0 
 1443      DBB979CE 
 1443      825C
 1444 0ac0 1E4864B6 		.ascii	"\036Hd\266\223\347\232\223\231\377\226\3355F\277\311"
 1444      93E79A93 
 1444      99FF96DD 
 1444      3546BFC9 
ARM GAS  C:\Users\patri\AppData\Local\Temp\ccGjuCmZ.s 			page 47


 1445 0ad0 9E6377FD 		.ascii	"\236cw\375\361\227\226\006 \341\000j\363\037\024z\324"
 1445      F1979606 
 1445      20E1006A 
 1445      F31F147A 
 1445      D4
 1446 0ae1 FC       		.ascii	"\374"
 1447              		.text
 1448              		.section	.gnu.lto_.symtab.7229d93e,"e",%progbits
 1449 0000 54494D35 		.ascii	"TIM5_init\000"
 1449      5F696E69 
 1449      7400
 1450 000a 00       		.ascii	"\000"
 1451 000b 00       		.ascii	"\000"
 1452 000c 00       		.ascii	"\000"
 1453 000d 00000000 		.ascii	"\000\000\000\000\000\000\000\000"
 1453      00000000 
 1454 0015 74010000 		.ascii	"t\001\000\000"
 1455 0019 54494D35 		.ascii	"TIM5_get_capture_reg\000"
 1455      5F676574 
 1455      5F636170 
 1455      74757265 
 1455      5F726567 
 1456 002e 00       		.ascii	"\000"
 1457 002f 00       		.ascii	"\000"
 1458 0030 00       		.ascii	"\000"
 1459 0031 00000000 		.ascii	"\000\000\000\000\000\000\000\000"
 1459      00000000 
 1460 0039 77010000 		.ascii	"w\001\000\000"
 1461 003d 54494D35 		.ascii	"TIM5_get_cnt_reg\000"
 1461      5F676574 
 1461      5F636E74 
 1461      5F726567 
 1461      00
 1462 004e 00       		.ascii	"\000"
 1463 004f 00       		.ascii	"\000"
 1464 0050 00       		.ascii	"\000"
 1465 0051 00000000 		.ascii	"\000\000\000\000\000\000\000\000"
 1465      00000000 
 1466 0059 79010000 		.ascii	"y\001\000\000"
 1467 005d 62617369 		.ascii	"basic_timer_setup\000"
 1467      635F7469 
 1467      6D65725F 
 1467      73657475 
 1467      7000
 1468 006f 00       		.ascii	"\000"
 1469 0070 00       		.ascii	"\000"
 1470 0071 00       		.ascii	"\000"
 1471 0072 00000000 		.ascii	"\000\000\000\000\000\000\000\000"
 1471      00000000 
 1472 007a 80010000 		.ascii	"\200\001\000\000"
 1473 007e 5F70616C 		.ascii	"_pal_lld_setgroupmode\000"
 1473      5F6C6C64 
 1473      5F736574 
 1473      67726F75 
 1473      706D6F64 
 1474 0094 00       		.ascii	"\000"
 1475 0095 02       		.ascii	"\002"
ARM GAS  C:\Users\patri\AppData\Local\Temp\ccGjuCmZ.s 			page 48


 1476 0096 00       		.ascii	"\000"
 1477 0097 00000000 		.ascii	"\000\000\000\000\000\000\000\000"
 1477      00000000 
 1478 009f 8D010000 		.ascii	"\215\001\000\000"
 1479              		.text
 1480              		.section	.gnu.lto_.ext_symtab.7229d93e,"e",%progbits
 1481 0000 01       		.ascii	"\001"
 1482 0001 01       		.ascii	"\001"
 1483 0002 00       		.ascii	"\000"
 1484 0003 01       		.ascii	"\001"
 1485 0004 00       		.ascii	"\000"
 1486 0005 01       		.ascii	"\001"
 1487 0006 00       		.ascii	"\000"
 1488 0007 01       		.ascii	"\001"
 1489 0008 00       		.ascii	"\000"
 1490 0009 01       		.ascii	"\001"
 1491 000a 00       		.ascii	"\000"
 1492              		.text
 1493              		.section	.gnu.lto_.opts,"e",%progbits
 1494 0000 272D666E 		.ascii	"'-fno-openmp' '-fno-openacc' '-fno-pie' '-fcf-prote"
 1494      6F2D6F70 
 1494      656E6D70 
 1494      2720272D 
 1494      666E6F2D 
 1495 0033 6374696F 		.ascii	"ction=none' '-g' '-mcpu=cortex-m4' '-mthumb' '-mflo"
 1495      6E3D6E6F 
 1495      6E652720 
 1495      272D6727 
 1495      20272D6D 
 1496 0066 61742D61 		.ascii	"at-abi=hard' '-mfpu=fpv4-sp-d16' '-mlibarch=armv7e-"
 1496      62693D68 
 1496      61726427 
 1496      20272D6D 
 1496      6670753D 
 1497 0099 6D2B6670 		.ascii	"m+fp' '-march=armv7e-m+fp' '-O2' '-fomit-frame-poin"
 1497      2720272D 
 1497      6D617263 
 1497      683D6172 
 1497      6D763765 
 1498 00cc 74657227 		.ascii	"ter' '-falign-functions=16' '-ffunction-sections' '"
 1498      20272D66 
 1498      616C6967 
 1498      6E2D6675 
 1498      6E637469 
 1499 00ff 2D666461 		.ascii	"-fdata-sections' '-fno-common' '-flto' '-Xassembler"
 1499      74612D73 
 1499      65637469 
 1499      6F6E7327 
 1499      20272D66 
 1500 0132 2720272D 		.ascii	"' '-alms=./build/lst/timers.lst'\000"
 1500      616C6D73 
 1500      3D2E2F62 
 1500      75696C64 
 1500      2F6C7374 
 1501              		.text
 1502              		.comm	__gnu_lto_slim,1,1
 1503              		.ident	"GCC: (Arm GNU Toolchain 11.3.Rel1) 11.3.1 20220712"
ARM GAS  C:\Users\patri\AppData\Local\Temp\ccGjuCmZ.s 			page 49


ARM GAS  C:\Users\patri\AppData\Local\Temp\ccGjuCmZ.s 			page 50


DEFINED SYMBOLS
                            *ABS*:00000000 timers.c
C:\Users\patri\AppData\Local\Temp\ccGjuCmZ.s:26     .gnu.debuglto_.debug_info:00000000 timers.c.c8898365
                            *COM*:00000001 __gnu_lto_slim

NO UNDEFINED SYMBOLS
