ARM GAS  C:\Users\patri\AppData\Local\Temp\cc4yJlg1.s 			page 1


   1              		.cpu cortex-m4
   2              		.arch armv7e-m
   3              		.fpu fpv4-sp-d16
   4              		.eabi_attribute 27, 1
   5              		.eabi_attribute 28, 1
   6              		.eabi_attribute 20, 1
   7              		.eabi_attribute 21, 1
   8              		.eabi_attribute 23, 3
   9              		.eabi_attribute 24, 1
  10              		.eabi_attribute 25, 1
  11              		.eabi_attribute 26, 1
  12              		.eabi_attribute 30, 2
  13              		.eabi_attribute 34, 1
  14              		.eabi_attribute 18, 4
  15              		.file	"u8x8_gpio.c"
  16              		.file 1 "c:\\chibistudio\\tools\\gnu tools arm embedded\\11.3 2022.08\\arm-none-eabi\\include\\mac
  17              		.file 2 "c:\\chibistudio\\tools\\gnu tools arm embedded\\11.3 2022.08\\arm-none-eabi\\include\\sys
  18              		.file 3 "./source/u8g2_csrc/u8x8.h"
  19              		.file 4 "./source/u8g2_csrc/u8x8_gpio.c"
  20              		.section	.gnu.debuglto_.debug_info,"e",%progbits
  21              	.Ldebug_info0:
  22              		.hidden	u8x8_gpio.c.8271905d
  23              		.weak	u8x8_gpio.c.8271905d
  24              	u8x8_gpio.c.8271905d:
  25 0000 5D030000 		.4byte	0x35d
  26 0004 0500     		.2byte	0x5
  27 0006 01       		.byte	0x1
  28 0007 04       		.byte	0x4
  29 0008 00000000 		.4byte	.Ldebug_abbrev0
  30 000c 0A       		.uleb128 0xa
  31 000d D0000000 		.4byte	.LASF61
  32 0011 1D       		.byte	0x1d
  33 0012 27000000 		.4byte	.LASF62
  34 0016 C2010000 		.4byte	.LASF63
  35 001a 00000000 		.4byte	.Ldebug_line0
  36 001e 02       		.uleb128 0x2
  37 001f 01       		.byte	0x1
  38 0020 06       		.byte	0x6
  39 0021 95000000 		.4byte	.LASF0
  40 0025 03       		.uleb128 0x3
  41 0026 15000000 		.4byte	.LASF3
  42 002a 01       		.byte	0x1
  43 002b 2B       		.byte	0x2b
  44 002c 18       		.byte	0x18
  45 002d 31000000 		.4byte	0x31
  46 0031 02       		.uleb128 0x2
  47 0032 01       		.byte	0x1
  48 0033 08       		.byte	0x8
  49 0034 56030000 		.4byte	.LASF1
  50 0038 02       		.uleb128 0x2
  51 0039 02       		.byte	0x2
  52 003a 05       		.byte	0x5
  53 003b 64030000 		.4byte	.LASF2
  54 003f 03       		.uleb128 0x3
  55 0040 BF030000 		.4byte	.LASF4
  56 0044 01       		.byte	0x1
  57 0045 39       		.byte	0x39
ARM GAS  C:\Users\patri\AppData\Local\Temp\cc4yJlg1.s 			page 2


  58 0046 19       		.byte	0x19
  59 0047 4B000000 		.4byte	0x4b
  60 004b 02       		.uleb128 0x2
  61 004c 02       		.byte	0x2
  62 004d 07       		.byte	0x7
  63 004e 8A020000 		.4byte	.LASF5
  64 0052 02       		.uleb128 0x2
  65 0053 04       		.byte	0x4
  66 0054 05       		.byte	0x5
  67 0055 B9010000 		.4byte	.LASF6
  68 0059 03       		.uleb128 0x3
  69 005a 2E020000 		.4byte	.LASF7
  70 005e 01       		.byte	0x1
  71 005f 4F       		.byte	0x4f
  72 0060 19       		.byte	0x19
  73 0061 65000000 		.4byte	0x65
  74 0065 02       		.uleb128 0x2
  75 0066 04       		.byte	0x4
  76 0067 07       		.byte	0x7
  77 0068 78020000 		.4byte	.LASF8
  78 006c 02       		.uleb128 0x2
  79 006d 08       		.byte	0x8
  80 006e 05       		.byte	0x5
  81 006f 87000000 		.4byte	.LASF9
  82 0073 02       		.uleb128 0x2
  83 0074 08       		.byte	0x8
  84 0075 07       		.byte	0x7
  85 0076 46000000 		.4byte	.LASF10
  86 007a 0B       		.uleb128 0xb
  87 007b 04       		.byte	0x4
  88 007c 05       		.byte	0x5
  89 007d 696E7400 		.ascii	"int\000"
  90 0081 02       		.uleb128 0x2
  91 0082 04       		.byte	0x4
  92 0083 07       		.byte	0x7
  93 0084 5F020000 		.4byte	.LASF11
  94 0088 03       		.uleb128 0x3
  95 0089 1B040000 		.4byte	.LASF12
  96 008d 02       		.byte	0x2
  97 008e 18       		.byte	0x18
  98 008f 13       		.byte	0x13
  99 0090 25000000 		.4byte	0x25
 100 0094 07       		.uleb128 0x7
 101 0095 88000000 		.4byte	0x88
 102 0099 03       		.uleb128 0x3
 103 009a EA010000 		.4byte	.LASF13
 104 009e 02       		.byte	0x2
 105 009f 24       		.byte	0x24
 106 00a0 14       		.byte	0x14
 107 00a1 3F000000 		.4byte	0x3f
 108 00a5 03       		.uleb128 0x3
 109 00a6 9B030000 		.4byte	.LASF14
 110 00aa 02       		.byte	0x2
 111 00ab 30       		.byte	0x30
 112 00ac 14       		.byte	0x14
 113 00ad 59000000 		.4byte	0x59
 114 00b1 0C       		.uleb128 0xc
ARM GAS  C:\Users\patri\AppData\Local\Temp\cc4yJlg1.s 			page 3


 115 00b2 04       		.byte	0x4
 116 00b3 02       		.uleb128 0x2
 117 00b4 08       		.byte	0x8
 118 00b5 04       		.byte	0x4
 119 00b6 0D030000 		.4byte	.LASF15
 120 00ba 03       		.uleb128 0x3
 121 00bb E3030000 		.4byte	.LASF16
 122 00bf 03       		.byte	0x3
 123 00c0 D3       		.byte	0xd3
 124 00c1 1C       		.byte	0x1c
 125 00c2 C6000000 		.4byte	0xc6
 126 00c6 0D       		.uleb128 0xd
 127 00c7 D5020000 		.4byte	.LASF37
 128 00cb 2C       		.byte	0x2c
 129 00cc 03       		.byte	0x3
 130 00cd 5601     		.2byte	0x156
 131 00cf 08       		.byte	0x8
 132 00d0 CC010000 		.4byte	0x1cc
 133 00d4 01       		.uleb128 0x1
 134 00d5 B5020000 		.4byte	.LASF17
 135 00d9 5801     		.2byte	0x158
 136 00db 1E       		.byte	0x1e
 137 00dc 2D030000 		.4byte	0x32d
 138 00e0 00       		.byte	0
 139 00e1 01       		.uleb128 0x1
 140 00e2 F3010000 		.4byte	.LASF18
 141 00e6 5901     		.2byte	0x159
 142 00e8 10       		.byte	0x10
 143 00e9 08030000 		.4byte	0x308
 144 00ed 04       		.byte	0x4
 145 00ee 01       		.uleb128 0x1
 146 00ef C5000000 		.4byte	.LASF19
 147 00f3 5A01     		.2byte	0x15a
 148 00f5 0F       		.byte	0xf
 149 00f6 D4020000 		.4byte	0x2d4
 150 00fa 08       		.byte	0x8
 151 00fb 01       		.uleb128 0x1
 152 00fc 19030000 		.4byte	.LASF20
 153 0100 5B01     		.2byte	0x15b
 154 0102 0F       		.byte	0xf
 155 0103 D4020000 		.4byte	0x2d4
 156 0107 0C       		.byte	0xc
 157 0108 01       		.uleb128 0x1
 158 0109 1F000000 		.4byte	.LASF21
 159 010d 5C01     		.2byte	0x15c
 160 010f 0F       		.byte	0xf
 161 0110 D4020000 		.4byte	0x2d4
 162 0114 10       		.byte	0x10
 163 0115 01       		.uleb128 0x1
 164 0116 08020000 		.4byte	.LASF22
 165 011a 5D01     		.2byte	0x15d
 166 011c 0F       		.byte	0xf
 167 011d D4020000 		.4byte	0x2d4
 168 0121 14       		.byte	0x14
 169 0122 01       		.uleb128 0x1
 170 0123 EA030000 		.4byte	.LASF23
 171 0127 5E01     		.2byte	0x15e
ARM GAS  C:\Users\patri\AppData\Local\Temp\cc4yJlg1.s 			page 4


 172 0129 0C       		.byte	0xc
 173 012a A5000000 		.4byte	0xa5
 174 012e 18       		.byte	0x18
 175 012f 01       		.uleb128 0x1
 176 0130 16040000 		.4byte	.LASF24
 177 0134 5F01     		.2byte	0x15f
 178 0136 12       		.byte	0x12
 179 0137 32030000 		.4byte	0x332
 180 013b 1C       		.byte	0x1c
 181 013c 01       		.uleb128 0x1
 182 013d F2020000 		.4byte	.LASF25
 183 0141 6001     		.2byte	0x160
 184 0143 0C       		.byte	0xc
 185 0144 99000000 		.4byte	0x99
 186 0148 20       		.byte	0x20
 187 0149 01       		.uleb128 0x1
 188 014a 35030000 		.4byte	.LASF26
 189 014e 6101     		.2byte	0x161
 190 0150 0B       		.byte	0xb
 191 0151 88000000 		.4byte	0x88
 192 0155 22       		.byte	0x22
 193 0156 01       		.uleb128 0x1
 194 0157 A1000000 		.4byte	.LASF27
 195 015b 6201     		.2byte	0x162
 196 015d 0B       		.byte	0xb
 197 015e 88000000 		.4byte	0x88
 198 0162 23       		.byte	0x23
 199 0163 01       		.uleb128 0x1
 200 0164 6C020000 		.4byte	.LASF28
 201 0168 6301     		.2byte	0x163
 202 016a 0B       		.byte	0xb
 203 016b 88000000 		.4byte	0x88
 204 016f 24       		.byte	0x24
 205 0170 01       		.uleb128 0x1
 206 0171 23040000 		.4byte	.LASF29
 207 0175 6601     		.2byte	0x166
 208 0177 0B       		.byte	0xb
 209 0178 88000000 		.4byte	0x88
 210 017c 25       		.byte	0x25
 211 017d 01       		.uleb128 0x1
 212 017e 70000000 		.4byte	.LASF30
 213 0182 6801     		.2byte	0x168
 214 0184 0B       		.byte	0xb
 215 0185 88000000 		.4byte	0x88
 216 0189 26       		.byte	0x26
 217 018a 01       		.uleb128 0x1
 218 018b 7B000000 		.4byte	.LASF31
 219 018f 6901     		.2byte	0x169
 220 0191 0B       		.byte	0xb
 221 0192 88000000 		.4byte	0x88
 222 0196 27       		.byte	0x27
 223 0197 01       		.uleb128 0x1
 224 0198 46040000 		.4byte	.LASF32
 225 019c 6A01     		.2byte	0x16a
 226 019e 0B       		.byte	0xb
 227 019f 88000000 		.4byte	0x88
 228 01a3 28       		.byte	0x28
ARM GAS  C:\Users\patri\AppData\Local\Temp\cc4yJlg1.s 			page 5


 229 01a4 01       		.uleb128 0x1
 230 01a5 9D020000 		.4byte	.LASF33
 231 01a9 6B01     		.2byte	0x16b
 232 01ab 0B       		.byte	0xb
 233 01ac 88000000 		.4byte	0x88
 234 01b0 29       		.byte	0x29
 235 01b1 01       		.uleb128 0x1
 236 01b2 F4030000 		.4byte	.LASF34
 237 01b6 6C01     		.2byte	0x16c
 238 01b8 0B       		.byte	0xb
 239 01b9 88000000 		.4byte	0x88
 240 01bd 2A       		.byte	0x2a
 241 01be 01       		.uleb128 0x1
 242 01bf 4B020000 		.4byte	.LASF35
 243 01c3 6D01     		.2byte	0x16d
 244 01c5 0B       		.byte	0xb
 245 01c6 88000000 		.4byte	0x88
 246 01ca 2B       		.byte	0x2b
 247 01cb 00       		.byte	0
 248 01cc 03       		.uleb128 0x3
 249 01cd 1A020000 		.4byte	.LASF36
 250 01d1 03       		.byte	0x3
 251 01d2 D4       		.byte	0xd4
 252 01d3 29       		.byte	0x29
 253 01d4 DD010000 		.4byte	0x1dd
 254 01d8 07       		.uleb128 0x7
 255 01d9 CC010000 		.4byte	0x1cc
 256 01dd 0E       		.uleb128 0xe
 257 01de 61040000 		.4byte	.LASF38
 258 01e2 18       		.byte	0x18
 259 01e3 03       		.byte	0x3
 260 01e4 ED       		.byte	0xed
 261 01e5 08       		.byte	0x8
 262 01e6 D4020000 		.4byte	0x2d4
 263 01ea 04       		.uleb128 0x4
 264 01eb AD030000 		.4byte	.LASF39
 265 01ef F1       		.byte	0xf1
 266 01f0 88000000 		.4byte	0x88
 267 01f4 00       		.byte	0
 268 01f5 04       		.uleb128 0x4
 269 01f6 03040000 		.4byte	.LASF40
 270 01fa F2       		.byte	0xf2
 271 01fb 88000000 		.4byte	0x88
 272 01ff 01       		.byte	0x1
 273 0200 04       		.uleb128 0x4
 274 0201 CA030000 		.4byte	.LASF41
 275 0205 F4       		.byte	0xf4
 276 0206 88000000 		.4byte	0x88
 277 020a 02       		.byte	0x2
 278 020b 04       		.uleb128 0x4
 279 020c A0010000 		.4byte	.LASF42
 280 0210 F5       		.byte	0xf5
 281 0211 88000000 		.4byte	0x88
 282 0215 03       		.byte	0x3
 283 0216 04       		.uleb128 0x4
 284 0217 00000000 		.4byte	.LASF43
 285 021b F6       		.byte	0xf6
ARM GAS  C:\Users\patri\AppData\Local\Temp\cc4yJlg1.s 			page 6


 286 021c 88000000 		.4byte	0x88
 287 0220 04       		.byte	0x4
 288 0221 04       		.uleb128 0x4
 289 0222 5D000000 		.4byte	.LASF44
 290 0226 F7       		.byte	0xf7
 291 0227 88000000 		.4byte	0x88
 292 022b 05       		.byte	0x5
 293 022c 04       		.uleb128 0x4
 294 022d 39020000 		.4byte	.LASF45
 295 0231 FE       		.byte	0xfe
 296 0232 88000000 		.4byte	0x88
 297 0236 06       		.byte	0x6
 298 0237 01       		.uleb128 0x1
 299 0238 C2020000 		.4byte	.LASF46
 300 023c 0201     		.2byte	0x102
 301 023e 0B       		.byte	0xb
 302 023f 88000000 		.4byte	0x88
 303 0243 07       		.byte	0x7
 304 0244 01       		.uleb128 0x1
 305 0245 87040000 		.4byte	.LASF47
 306 0249 0501     		.2byte	0x105
 307 024b 0C       		.byte	0xc
 308 024c A5000000 		.4byte	0xa5
 309 0250 08       		.byte	0x8
 310 0251 01       		.uleb128 0x1
 311 0252 A4030000 		.4byte	.LASF48
 312 0256 0F01     		.2byte	0x10f
 313 0258 0B       		.byte	0xb
 314 0259 88000000 		.4byte	0x88
 315 025d 0C       		.byte	0xc
 316 025e 01       		.uleb128 0x1
 317 025f 86030000 		.4byte	.LASF49
 318 0263 1201     		.2byte	0x112
 319 0265 0B       		.byte	0xb
 320 0266 88000000 		.4byte	0x88
 321 026a 0D       		.byte	0xd
 322 026b 01       		.uleb128 0x1
 323 026c 73030000 		.4byte	.LASF50
 324 0270 1801     		.2byte	0x118
 325 0272 0B       		.byte	0xb
 326 0273 88000000 		.4byte	0x88
 327 0277 0E       		.byte	0xe
 328 0278 01       		.uleb128 0x1
 329 0279 20030000 		.4byte	.LASF51
 330 027d 1A01     		.2byte	0x11a
 331 027f 0B       		.byte	0xb
 332 0280 88000000 		.4byte	0x88
 333 0284 0F       		.byte	0xf
 334 0285 01       		.uleb128 0x1
 335 0286 3B040000 		.4byte	.LASF52
 336 028a 1D01     		.2byte	0x11d
 337 028c 0B       		.byte	0xb
 338 028d 88000000 		.4byte	0x88
 339 0291 10       		.byte	0x10
 340 0292 01       		.uleb128 0x1
 341 0293 3E030000 		.4byte	.LASF53
 342 0297 1E01     		.2byte	0x11e
ARM GAS  C:\Users\patri\AppData\Local\Temp\cc4yJlg1.s 			page 7


 343 0299 0B       		.byte	0xb
 344 029a 88000000 		.4byte	0x88
 345 029e 11       		.byte	0x11
 346 029f 01       		.uleb128 0x1
 347 02a0 E1020000 		.4byte	.LASF54
 348 02a4 2001     		.2byte	0x120
 349 02a6 0B       		.byte	0xb
 350 02a7 88000000 		.4byte	0x88
 351 02ab 12       		.byte	0x12
 352 02ac 01       		.uleb128 0x1
 353 02ad FB020000 		.4byte	.LASF55
 354 02b1 2101     		.2byte	0x121
 355 02b3 0B       		.byte	0xb
 356 02b4 88000000 		.4byte	0x88
 357 02b8 13       		.byte	0x13
 358 02b9 01       		.uleb128 0x1
 359 02ba 2F040000 		.4byte	.LASF56
 360 02be 2901     		.2byte	0x129
 361 02c0 0C       		.byte	0xc
 362 02c1 99000000 		.4byte	0x99
 363 02c5 14       		.byte	0x14
 364 02c6 01       		.uleb128 0x1
 365 02c7 7A040000 		.4byte	.LASF57
 366 02cb 2A01     		.2byte	0x12a
 367 02cd 0C       		.byte	0xc
 368 02ce 99000000 		.4byte	0x99
 369 02d2 16       		.byte	0x16
 370 02d3 00       		.byte	0
 371 02d4 03       		.uleb128 0x3
 372 02d5 4A030000 		.4byte	.LASF58
 373 02d9 03       		.byte	0x3
 374 02da D7       		.byte	0xd7
 375 02db 13       		.byte	0x13
 376 02dc E0020000 		.4byte	0x2e0
 377 02e0 06       		.uleb128 0x6
 378 02e1 E5020000 		.4byte	0x2e5
 379 02e5 08       		.uleb128 0x8
 380 02e6 88000000 		.4byte	0x88
 381 02ea 03030000 		.4byte	0x303
 382 02ee 05       		.uleb128 0x5
 383 02ef 03030000 		.4byte	0x303
 384 02f3 05       		.uleb128 0x5
 385 02f4 88000000 		.4byte	0x88
 386 02f8 05       		.uleb128 0x5
 387 02f9 88000000 		.4byte	0x88
 388 02fd 05       		.uleb128 0x5
 389 02fe B1000000 		.4byte	0xb1
 390 0302 00       		.byte	0
 391 0303 06       		.uleb128 0x6
 392 0304 BA000000 		.4byte	0xba
 393 0308 03       		.uleb128 0x3
 394 0309 FB010000 		.4byte	.LASF59
 395 030d 03       		.byte	0x3
 396 030e D8       		.byte	0xd8
 397 030f 14       		.byte	0x14
 398 0310 14030000 		.4byte	0x314
 399 0314 06       		.uleb128 0x6
ARM GAS  C:\Users\patri\AppData\Local\Temp\cc4yJlg1.s 			page 8


 400 0315 19030000 		.4byte	0x319
 401 0319 08       		.uleb128 0x8
 402 031a 99000000 		.4byte	0x99
 403 031e 2D030000 		.4byte	0x32d
 404 0322 05       		.uleb128 0x5
 405 0323 03030000 		.4byte	0x303
 406 0327 05       		.uleb128 0x5
 407 0328 88000000 		.4byte	0x88
 408 032c 00       		.byte	0
 409 032d 06       		.uleb128 0x6
 410 032e D8010000 		.4byte	0x1d8
 411 0332 06       		.uleb128 0x6
 412 0333 94000000 		.4byte	0x94
 413 0337 0F       		.uleb128 0xf
 414 0338 B6000000 		.4byte	.LASF64
 415 033c 04       		.byte	0x4
 416 033d 28       		.byte	0x28
 417 033e 06       		.byte	0x6
 418 033f 10       		.uleb128 0x10
 419 0340 6E030000 		.4byte	.LASF60
 420 0344 04       		.byte	0x4
 421 0345 28       		.byte	0x28
 422 0346 1D       		.byte	0x1d
 423 0347 03030000 		.4byte	0x303
 424 034b 09       		.uleb128 0x9
 425 034c 6D736700 		.ascii	"msg\000"
 426 0350 2B       		.byte	0x2b
 427 0351 88000000 		.4byte	0x88
 428 0355 09       		.uleb128 0x9
 429 0356 61726700 		.ascii	"arg\000"
 430 035a 38       		.byte	0x38
 431 035b 88000000 		.4byte	0x88
 432 035f 00       		.byte	0
 433 0360 00       		.byte	0
 434              		.section	.gnu.debuglto_.debug_abbrev,"e",%progbits
 435              	.Ldebug_abbrev0:
 436 0000 01       		.uleb128 0x1
 437 0001 0D       		.uleb128 0xd
 438 0002 00       		.byte	0
 439 0003 03       		.uleb128 0x3
 440 0004 0E       		.uleb128 0xe
 441 0005 3A       		.uleb128 0x3a
 442 0006 21       		.uleb128 0x21
 443 0007 03       		.sleb128 3
 444 0008 3B       		.uleb128 0x3b
 445 0009 05       		.uleb128 0x5
 446 000a 39       		.uleb128 0x39
 447 000b 0B       		.uleb128 0xb
 448 000c 49       		.uleb128 0x49
 449 000d 13       		.uleb128 0x13
 450 000e 38       		.uleb128 0x38
 451 000f 0B       		.uleb128 0xb
 452 0010 00       		.byte	0
 453 0011 00       		.byte	0
 454 0012 02       		.uleb128 0x2
 455 0013 24       		.uleb128 0x24
 456 0014 00       		.byte	0
ARM GAS  C:\Users\patri\AppData\Local\Temp\cc4yJlg1.s 			page 9


 457 0015 0B       		.uleb128 0xb
 458 0016 0B       		.uleb128 0xb
 459 0017 3E       		.uleb128 0x3e
 460 0018 0B       		.uleb128 0xb
 461 0019 03       		.uleb128 0x3
 462 001a 0E       		.uleb128 0xe
 463 001b 00       		.byte	0
 464 001c 00       		.byte	0
 465 001d 03       		.uleb128 0x3
 466 001e 16       		.uleb128 0x16
 467 001f 00       		.byte	0
 468 0020 03       		.uleb128 0x3
 469 0021 0E       		.uleb128 0xe
 470 0022 3A       		.uleb128 0x3a
 471 0023 0B       		.uleb128 0xb
 472 0024 3B       		.uleb128 0x3b
 473 0025 0B       		.uleb128 0xb
 474 0026 39       		.uleb128 0x39
 475 0027 0B       		.uleb128 0xb
 476 0028 49       		.uleb128 0x49
 477 0029 13       		.uleb128 0x13
 478 002a 00       		.byte	0
 479 002b 00       		.byte	0
 480 002c 04       		.uleb128 0x4
 481 002d 0D       		.uleb128 0xd
 482 002e 00       		.byte	0
 483 002f 03       		.uleb128 0x3
 484 0030 0E       		.uleb128 0xe
 485 0031 3A       		.uleb128 0x3a
 486 0032 21       		.uleb128 0x21
 487 0033 03       		.sleb128 3
 488 0034 3B       		.uleb128 0x3b
 489 0035 0B       		.uleb128 0xb
 490 0036 39       		.uleb128 0x39
 491 0037 21       		.uleb128 0x21
 492 0038 0B       		.sleb128 11
 493 0039 49       		.uleb128 0x49
 494 003a 13       		.uleb128 0x13
 495 003b 38       		.uleb128 0x38
 496 003c 0B       		.uleb128 0xb
 497 003d 00       		.byte	0
 498 003e 00       		.byte	0
 499 003f 05       		.uleb128 0x5
 500 0040 05       		.uleb128 0x5
 501 0041 00       		.byte	0
 502 0042 49       		.uleb128 0x49
 503 0043 13       		.uleb128 0x13
 504 0044 00       		.byte	0
 505 0045 00       		.byte	0
 506 0046 06       		.uleb128 0x6
 507 0047 0F       		.uleb128 0xf
 508 0048 00       		.byte	0
 509 0049 0B       		.uleb128 0xb
 510 004a 21       		.uleb128 0x21
 511 004b 04       		.sleb128 4
 512 004c 49       		.uleb128 0x49
 513 004d 13       		.uleb128 0x13
ARM GAS  C:\Users\patri\AppData\Local\Temp\cc4yJlg1.s 			page 10


 514 004e 00       		.byte	0
 515 004f 00       		.byte	0
 516 0050 07       		.uleb128 0x7
 517 0051 26       		.uleb128 0x26
 518 0052 00       		.byte	0
 519 0053 49       		.uleb128 0x49
 520 0054 13       		.uleb128 0x13
 521 0055 00       		.byte	0
 522 0056 00       		.byte	0
 523 0057 08       		.uleb128 0x8
 524 0058 15       		.uleb128 0x15
 525 0059 01       		.byte	0x1
 526 005a 27       		.uleb128 0x27
 527 005b 19       		.uleb128 0x19
 528 005c 49       		.uleb128 0x49
 529 005d 13       		.uleb128 0x13
 530 005e 01       		.uleb128 0x1
 531 005f 13       		.uleb128 0x13
 532 0060 00       		.byte	0
 533 0061 00       		.byte	0
 534 0062 09       		.uleb128 0x9
 535 0063 05       		.uleb128 0x5
 536 0064 00       		.byte	0
 537 0065 03       		.uleb128 0x3
 538 0066 08       		.uleb128 0x8
 539 0067 3A       		.uleb128 0x3a
 540 0068 21       		.uleb128 0x21
 541 0069 04       		.sleb128 4
 542 006a 3B       		.uleb128 0x3b
 543 006b 21       		.uleb128 0x21
 544 006c 28       		.sleb128 40
 545 006d 39       		.uleb128 0x39
 546 006e 0B       		.uleb128 0xb
 547 006f 49       		.uleb128 0x49
 548 0070 13       		.uleb128 0x13
 549 0071 00       		.byte	0
 550 0072 00       		.byte	0
 551 0073 0A       		.uleb128 0xa
 552 0074 11       		.uleb128 0x11
 553 0075 01       		.byte	0x1
 554 0076 25       		.uleb128 0x25
 555 0077 0E       		.uleb128 0xe
 556 0078 13       		.uleb128 0x13
 557 0079 0B       		.uleb128 0xb
 558 007a 03       		.uleb128 0x3
 559 007b 0E       		.uleb128 0xe
 560 007c 1B       		.uleb128 0x1b
 561 007d 0E       		.uleb128 0xe
 562 007e 10       		.uleb128 0x10
 563 007f 17       		.uleb128 0x17
 564 0080 00       		.byte	0
 565 0081 00       		.byte	0
 566 0082 0B       		.uleb128 0xb
 567 0083 24       		.uleb128 0x24
 568 0084 00       		.byte	0
 569 0085 0B       		.uleb128 0xb
 570 0086 0B       		.uleb128 0xb
ARM GAS  C:\Users\patri\AppData\Local\Temp\cc4yJlg1.s 			page 11


 571 0087 3E       		.uleb128 0x3e
 572 0088 0B       		.uleb128 0xb
 573 0089 03       		.uleb128 0x3
 574 008a 08       		.uleb128 0x8
 575 008b 00       		.byte	0
 576 008c 00       		.byte	0
 577 008d 0C       		.uleb128 0xc
 578 008e 0F       		.uleb128 0xf
 579 008f 00       		.byte	0
 580 0090 0B       		.uleb128 0xb
 581 0091 0B       		.uleb128 0xb
 582 0092 00       		.byte	0
 583 0093 00       		.byte	0
 584 0094 0D       		.uleb128 0xd
 585 0095 13       		.uleb128 0x13
 586 0096 01       		.byte	0x1
 587 0097 03       		.uleb128 0x3
 588 0098 0E       		.uleb128 0xe
 589 0099 0B       		.uleb128 0xb
 590 009a 0B       		.uleb128 0xb
 591 009b 3A       		.uleb128 0x3a
 592 009c 0B       		.uleb128 0xb
 593 009d 3B       		.uleb128 0x3b
 594 009e 05       		.uleb128 0x5
 595 009f 39       		.uleb128 0x39
 596 00a0 0B       		.uleb128 0xb
 597 00a1 01       		.uleb128 0x1
 598 00a2 13       		.uleb128 0x13
 599 00a3 00       		.byte	0
 600 00a4 00       		.byte	0
 601 00a5 0E       		.uleb128 0xe
 602 00a6 13       		.uleb128 0x13
 603 00a7 01       		.byte	0x1
 604 00a8 03       		.uleb128 0x3
 605 00a9 0E       		.uleb128 0xe
 606 00aa 0B       		.uleb128 0xb
 607 00ab 0B       		.uleb128 0xb
 608 00ac 3A       		.uleb128 0x3a
 609 00ad 0B       		.uleb128 0xb
 610 00ae 3B       		.uleb128 0x3b
 611 00af 0B       		.uleb128 0xb
 612 00b0 39       		.uleb128 0x39
 613 00b1 0B       		.uleb128 0xb
 614 00b2 01       		.uleb128 0x1
 615 00b3 13       		.uleb128 0x13
 616 00b4 00       		.byte	0
 617 00b5 00       		.byte	0
 618 00b6 0F       		.uleb128 0xf
 619 00b7 2E       		.uleb128 0x2e
 620 00b8 01       		.byte	0x1
 621 00b9 3F       		.uleb128 0x3f
 622 00ba 19       		.uleb128 0x19
 623 00bb 03       		.uleb128 0x3
 624 00bc 0E       		.uleb128 0xe
 625 00bd 3A       		.uleb128 0x3a
 626 00be 0B       		.uleb128 0xb
 627 00bf 3B       		.uleb128 0x3b
ARM GAS  C:\Users\patri\AppData\Local\Temp\cc4yJlg1.s 			page 12


 628 00c0 0B       		.uleb128 0xb
 629 00c1 39       		.uleb128 0x39
 630 00c2 0B       		.uleb128 0xb
 631 00c3 27       		.uleb128 0x27
 632 00c4 19       		.uleb128 0x19
 633 00c5 00       		.byte	0
 634 00c6 00       		.byte	0
 635 00c7 10       		.uleb128 0x10
 636 00c8 05       		.uleb128 0x5
 637 00c9 00       		.byte	0
 638 00ca 03       		.uleb128 0x3
 639 00cb 0E       		.uleb128 0xe
 640 00cc 3A       		.uleb128 0x3a
 641 00cd 0B       		.uleb128 0xb
 642 00ce 3B       		.uleb128 0x3b
 643 00cf 0B       		.uleb128 0xb
 644 00d0 39       		.uleb128 0x39
 645 00d1 0B       		.uleb128 0xb
 646 00d2 49       		.uleb128 0x49
 647 00d3 13       		.uleb128 0x13
 648 00d4 00       		.byte	0
 649 00d5 00       		.byte	0
 650 00d6 00       		.byte	0
 651              		.section	.gnu.debuglto_.debug_line,"e",%progbits
 652              	.Ldebug_line0:
 653 0000 4D000000 		.4byte	.LELT0-.LSLT0
 654              	.LSLT0:
 655 0004 0500     		.2byte	0x5
 656 0006 04       		.byte	0x4
 657 0007 00       		.byte	0
 658 0008 45000000 		.4byte	.LELTP0-.LASLTP0
 659              	.LASLTP0:
 660 000c 01       		.byte	0x1
 661 000d 01       		.byte	0x1
 662 000e 01       		.byte	0x1
 663 000f F6       		.byte	0xf6
 664 0010 F2       		.byte	0xf2
 665 0011 0D       		.byte	0xd
 666 0012 00       		.byte	0
 667 0013 01       		.byte	0x1
 668 0014 01       		.byte	0x1
 669 0015 01       		.byte	0x1
 670 0016 01       		.byte	0x1
 671 0017 00       		.byte	0
 672 0018 00       		.byte	0
 673 0019 00       		.byte	0
 674 001a 01       		.byte	0x1
 675 001b 00       		.byte	0
 676 001c 00       		.byte	0
 677 001d 01       		.byte	0x1
 678 001e 01       		.byte	0x1
 679 001f 01       		.uleb128 0x1
 680 0020 1F       		.uleb128 0x1f
 681 0021 04       		.uleb128 0x4
 682 0022 77000000 		.4byte	.LASF65
 683 0026 BE000000 		.4byte	.LASF66
 684 002a 00000000 		.4byte	.LASF67
ARM GAS  C:\Users\patri\AppData\Local\Temp\cc4yJlg1.s 			page 13


 685 002e 1F010000 		.4byte	.LASF68
 686 0032 02       		.byte	0x2
 687 0033 01       		.uleb128 0x1
 688 0034 1F       		.uleb128 0x1f
 689 0035 02       		.uleb128 0x2
 690 0036 0B       		.uleb128 0xb
 691 0037 05       		.uleb128 0x5
 692 0038 9F000000 		.4byte	.LASF69
 693 003c 00       		.byte	0
 694 003d 53000000 		.4byte	.LASF70
 695 0041 01       		.byte	0x1
 696 0042 15010000 		.4byte	.LASF71
 697 0046 02       		.byte	0x2
 698 0047 70000000 		.4byte	.LASF72
 699 004b 03       		.byte	0x3
 700 004c 64000000 		.4byte	.LASF73
 701 0050 03       		.byte	0x3
 702              	.LELTP0:
 703              	.LELT0:
 704              		.section	.gnu.debuglto_.debug_str,"eMS",%progbits,1
 705              	.LASF43:
 706 0000 72657365 		.ascii	"reset_pulse_width_ms\000"
 706      745F7075 
 706      6C73655F 
 706      77696474 
 706      685F6D73 
 707              	.LASF3:
 708 0015 5F5F7569 		.ascii	"__uint8_t\000"
 708      6E74385F 
 708      7400
 709              	.LASF21:
 710 001f 62797465 		.ascii	"byte_cb\000"
 710      5F636200 
 711              	.LASF62:
 712 0027 2E2F736F 		.ascii	"./source/u8g2_csrc/u8x8_gpio.c\000"
 712      75726365 
 712      2F753867 
 712      325F6373 
 712      72632F75 
 713              	.LASF10:
 714 0046 6C6F6E67 		.ascii	"long long unsigned int\000"
 714      206C6F6E 
 714      6720756E 
 714      7369676E 
 714      65642069 
 715              	.LASF44:
 716 005d 706F7374 		.ascii	"post_reset_wait_ms\000"
 716      5F726573 
 716      65745F77 
 716      6169745F 
 716      6D7300
 717              	.LASF30:
 718 0070 75746638 		.ascii	"utf8_state\000"
 718      5F737461 
 718      746500
 719              	.LASF31:
 720 007b 6770696F 		.ascii	"gpio_result\000"
ARM GAS  C:\Users\patri\AppData\Local\Temp\cc4yJlg1.s 			page 14


 720      5F726573 
 720      756C7400 
 721              	.LASF9:
 722 0087 6C6F6E67 		.ascii	"long long int\000"
 722      206C6F6E 
 722      6720696E 
 722      7400
 723              	.LASF0:
 724 0095 7369676E 		.ascii	"signed char\000"
 724      65642063 
 724      68617200 
 725              	.LASF27:
 726 00a1 69735F66 		.ascii	"is_font_inverse_mode\000"
 726      6F6E745F 
 726      696E7665 
 726      7273655F 
 726      6D6F6465 
 727              	.LASF64:
 728 00b6 75387838 		.ascii	"u8x8_gpio_call\000"
 728      5F677069 
 728      6F5F6361 
 728      6C6C00
 729              	.LASF19:
 730 00c5 64697370 		.ascii	"display_cb\000"
 730      6C61795F 
 730      636200
 731              	.LASF61:
 732 00d0 474E5520 		.ascii	"GNU C17 11.3.1 20220712 -mcpu=cortex-m4 -mthumb -mf"
 732      43313720 
 732      31312E33 
 732      2E312032 
 732      30323230 
 733 0103 6C6F6174 		.ascii	"loat-abi=hard -mfpu=fpv4-sp-d16 -march=armv7e-m+fp "
 733      2D616269 
 733      3D686172 
 733      64202D6D 
 733      6670753D 
 734 0136 2D676764 		.ascii	"-ggdb -O2 -fomit-frame-pointer -falign-functions=16"
 734      62202D4F 
 734      32202D66 
 734      6F6D6974 
 734      2D667261 
 735 0169 202D6666 		.ascii	" -ffunction-sections -fdata-sections -fno-common -f"
 735      756E6374 
 735      696F6E2D 
 735      73656374 
 735      696F6E73 
 736 019c 6C746F00 		.ascii	"lto\000"
 737              	.LASF42:
 738 01a0 7072655F 		.ascii	"pre_chip_disable_wait_ns\000"
 738      63686970 
 738      5F646973 
 738      61626C65 
 738      5F776169 
 739              	.LASF6:
 740 01b9 6C6F6E67 		.ascii	"long int\000"
 740      20696E74 
ARM GAS  C:\Users\patri\AppData\Local\Temp\cc4yJlg1.s 			page 15


 740      00
 741              	.LASF63:
 742 01c2 433A5C43 		.ascii	"C:\\ChibiStudio\\workspace_user\\microcntr\000"
 742      68696269 
 742      53747564 
 742      696F5C77 
 742      6F726B73 
 743              	.LASF13:
 744 01ea 75696E74 		.ascii	"uint16_t\000"
 744      31365F74 
 744      00
 745              	.LASF18:
 746 01f3 6E657874 		.ascii	"next_cb\000"
 746      5F636200 
 747              	.LASF59:
 748 01fb 75387838 		.ascii	"u8x8_char_cb\000"
 748      5F636861 
 748      725F6362 
 748      00
 749              	.LASF22:
 750 0208 6770696F 		.ascii	"gpio_and_delay_cb\000"
 750      5F616E64 
 750      5F64656C 
 750      61795F63 
 750      6200
 751              	.LASF36:
 752 021a 75387838 		.ascii	"u8x8_display_info_t\000"
 752      5F646973 
 752      706C6179 
 752      5F696E66 
 752      6F5F7400 
 753              	.LASF7:
 754 022e 5F5F7569 		.ascii	"__uint32_t\000"
 754      6E743332 
 754      5F7400
 755              	.LASF45:
 756 0239 7364615F 		.ascii	"sda_setup_time_ns\000"
 756      73657475 
 756      705F7469 
 756      6D655F6E 
 756      7300
 757              	.LASF35:
 758 024b 6465626F 		.ascii	"debounce_result_msg\000"
 758      756E6365 
 758      5F726573 
 758      756C745F 
 758      6D736700 
 759              	.LASF11:
 760 025f 756E7369 		.ascii	"unsigned int\000"
 760      676E6564 
 760      20696E74 
 760      00
 761              	.LASF28:
 762 026c 6932635F 		.ascii	"i2c_address\000"
 762      61646472 
 762      65737300 
 763              	.LASF8:
ARM GAS  C:\Users\patri\AppData\Local\Temp\cc4yJlg1.s 			page 16


 764 0278 6C6F6E67 		.ascii	"long unsigned int\000"
 764      20756E73 
 764      69676E65 
 764      6420696E 
 764      7400
 765              	.LASF5:
 766 028a 73686F72 		.ascii	"short unsigned int\000"
 766      7420756E 
 766      7369676E 
 766      65642069 
 766      6E7400
 767              	.LASF33:
 768 029d 6465626F 		.ascii	"debounce_last_pin_state\000"
 768      756E6365 
 768      5F6C6173 
 768      745F7069 
 768      6E5F7374 
 769              	.LASF17:
 770 02b5 64697370 		.ascii	"display_info\000"
 770      6C61795F 
 770      696E666F 
 770      00
 771              	.LASF46:
 772 02c2 73636B5F 		.ascii	"sck_pulse_width_ns\000"
 772      70756C73 
 772      655F7769 
 772      6474685F 
 772      6E7300
 773              	.LASF37:
 774 02d5 75387838 		.ascii	"u8x8_struct\000"
 774      5F737472 
 774      75637400 
 775              	.LASF54:
 776 02e1 64656661 		.ascii	"default_x_offset\000"
 776      756C745F 
 776      785F6F66 
 776      66736574 
 776      00
 777              	.LASF25:
 778 02f2 656E636F 		.ascii	"encoding\000"
 778      64696E67 
 778      00
 779              	.LASF55:
 780 02fb 666C6970 		.ascii	"flipmode_x_offset\000"
 780      6D6F6465 
 780      5F785F6F 
 780      66667365 
 780      7400
 781              	.LASF15:
 782 030d 6C6F6E67 		.ascii	"long double\000"
 782      20646F75 
 782      626C6500 
 783              	.LASF20:
 784 0319 6361645F 		.ascii	"cad_cb\000"
 784      636200
 785              	.LASF51:
 786 0320 77726974 		.ascii	"write_pulse_width_ns\000"
ARM GAS  C:\Users\patri\AppData\Local\Temp\cc4yJlg1.s 			page 17


 786      655F7075 
 786      6C73655F 
 786      77696474 
 786      685F6E73 
 787              	.LASF26:
 788 0335 785F6F66 		.ascii	"x_offset\000"
 788      66736574 
 788      00
 789              	.LASF53:
 790 033e 74696C65 		.ascii	"tile_height\000"
 790      5F686569 
 790      67687400 
 791              	.LASF58:
 792 034a 75387838 		.ascii	"u8x8_msg_cb\000"
 792      5F6D7367 
 792      5F636200 
 793              	.LASF1:
 794 0356 756E7369 		.ascii	"unsigned char\000"
 794      676E6564 
 794      20636861 
 794      7200
 795              	.LASF2:
 796 0364 73686F72 		.ascii	"short int\000"
 796      7420696E 
 796      7400
 797              	.LASF60:
 798 036e 75387838 		.ascii	"u8x8\000"
 798      00
 799              	.LASF50:
 800 0373 64617461 		.ascii	"data_setup_time_ns\000"
 800      5F736574 
 800      75705F74 
 800      696D655F 
 800      6E7300
 801              	.LASF49:
 802 0386 6932635F 		.ascii	"i2c_bus_clock_100kHz\000"
 802      6275735F 
 802      636C6F63 
 802      6B5F3130 
 802      306B487A 
 803              	.LASF14:
 804 039b 75696E74 		.ascii	"uint32_t\000"
 804      33325F74 
 804      00
 805              	.LASF48:
 806 03a4 7370695F 		.ascii	"spi_mode\000"
 806      6D6F6465 
 806      00
 807              	.LASF39:
 808 03ad 63686970 		.ascii	"chip_enable_level\000"
 808      5F656E61 
 808      626C655F 
 808      6C657665 
 808      6C00
 809              	.LASF4:
 810 03bf 5F5F7569 		.ascii	"__uint16_t\000"
 810      6E743136 
ARM GAS  C:\Users\patri\AppData\Local\Temp\cc4yJlg1.s 			page 18


 810      5F7400
 811              	.LASF41:
 812 03ca 706F7374 		.ascii	"post_chip_enable_wait_ns\000"
 812      5F636869 
 812      705F656E 
 812      61626C65 
 812      5F776169 
 813              	.LASF16:
 814 03e3 75387838 		.ascii	"u8x8_t\000"
 814      5F7400
 815              	.LASF23:
 816 03ea 6275735F 		.ascii	"bus_clock\000"
 816      636C6F63 
 816      6B00
 817              	.LASF34:
 818 03f4 6465626F 		.ascii	"debounce_state\000"
 818      756E6365 
 818      5F737461 
 818      746500
 819              	.LASF40:
 820 0403 63686970 		.ascii	"chip_disable_level\000"
 820      5F646973 
 820      61626C65 
 820      5F6C6576 
 820      656C00
 821              	.LASF24:
 822 0416 666F6E74 		.ascii	"font\000"
 822      00
 823              	.LASF12:
 824 041b 75696E74 		.ascii	"uint8_t\000"
 824      385F7400 
 825              	.LASF29:
 826 0423 6932635F 		.ascii	"i2c_started\000"
 826      73746172 
 826      74656400 
 827              	.LASF56:
 828 042f 70697865 		.ascii	"pixel_width\000"
 828      6C5F7769 
 828      64746800 
 829              	.LASF52:
 830 043b 74696C65 		.ascii	"tile_width\000"
 830      5F776964 
 830      746800
 831              	.LASF32:
 832 0446 6465626F 		.ascii	"debounce_default_pin_state\000"
 832      756E6365 
 832      5F646566 
 832      61756C74 
 832      5F70696E 
 833              	.LASF38:
 834 0461 75387838 		.ascii	"u8x8_display_info_struct\000"
 834      5F646973 
 834      706C6179 
 834      5F696E66 
 834      6F5F7374 
 835              	.LASF57:
 836 047a 70697865 		.ascii	"pixel_height\000"
ARM GAS  C:\Users\patri\AppData\Local\Temp\cc4yJlg1.s 			page 19


 836      6C5F6865 
 836      69676874 
 836      00
 837              	.LASF47:
 838 0487 73636B5F 		.ascii	"sck_clock_hz\000"
 838      636C6F63 
 838      6B5F687A 
 838      00
 839              		.section	.gnu.debuglto_.debug_line_str,"eMS",%progbits,1
 840              	.LASF67:
 841 0000 633A5C63 		.ascii	"c:\\chibistudio\\tools\\gnu tools arm embedded\\11."
 841      68696269 
 841      73747564 
 841      696F5C74 
 841      6F6F6C73 
 842 002f 33203230 		.ascii	"3 2022.08\\arm-none-eabi\\include\\sys\000"
 842      32322E30 
 842      385C6172 
 842      6D2D6E6F 
 842      6E652D65 
 843              	.LASF70:
 844 0053 5F646566 		.ascii	"_default_types.h\000"
 844      61756C74 
 844      5F747970 
 844      65732E68 
 844      00
 845              	.LASF73:
 846 0064 75387838 		.ascii	"u8x8_gpio.c\000"
 846      5F677069 
 846      6F2E6300 
 847              	.LASF72:
 848 0070 75387838 		.ascii	"u8x8.h\000"
 848      2E6800
 849              	.LASF65:
 850 0077 433A5C43 		.ascii	"C:\\ChibiStudio\\workspace_user\\microcntr\000"
 850      68696269 
 850      53747564 
 850      696F5C77 
 850      6F726B73 
 851              	.LASF69:
 852 009f 2E2F736F 		.ascii	"./source/u8g2_csrc/u8x8_gpio.c\000"
 852      75726365 
 852      2F753867 
 852      325F6373 
 852      72632F75 
 853              	.LASF66:
 854 00be 633A5C63 		.ascii	"c:\\chibistudio\\tools\\gnu tools arm embedded\\11."
 854      68696269 
 854      73747564 
 854      696F5C74 
 854      6F6F6C73 
 855 00ed 33203230 		.ascii	"3 2022.08\\arm-none-eabi\\include\\machine\000"
 855      32322E30 
 855      385C6172 
 855      6D2D6E6F 
 855      6E652D65 
 856              	.LASF71:
ARM GAS  C:\Users\patri\AppData\Local\Temp\cc4yJlg1.s 			page 20


 857 0115 5F737464 		.ascii	"_stdint.h\000"
 857      696E742E 
 857      6800
 858              	.LASF68:
 859 011f 736F7572 		.ascii	"source/u8g2_csrc\000"
 859      63652F75 
 859      3867325F 
 859      63737263 
 859      00
 860              		.text
 861              		.section	.gnu.lto_.profile.aae0a367,"e",%progbits
 862 0000 789C6361 		.ascii	"x\234ca\000\002F\006\006\000\000+\000\006"
 862      00024606 
 862      0600002B 
 862      0006
 863              		.text
 864              		.section	.gnu.lto_.icf.aae0a367,"e",%progbits
 865 0000 789CE365 		.ascii	"x\234\343e@\000F\206[{'\376\342abb`bd\000\000\037\206"
 865      40004686 
 865      5B7B27FE 
 865      E2616262 
 865      60626400 
 866 0017 0344     		.ascii	"\003D"
 867              		.text
 868              		.section	.gnu.lto_.ipa_sra.aae0a367,"e",%progbits
 869 0000 789CD366 		.ascii	"x\234\323f@\000F\006fF&&&\006\021\026F\016\0266\260"
 869      40004606 
 869      66462626 
 869      26061116 
 869      460E1636 
 870 0015 001033B2 		.ascii	"\000\0203\26206\260\200h f\202)\004\000\032\340\000"
 870      3036B080 
 870      68206682 
 870      2904001A 
 870      E000
 871 0027 F4       		.ascii	"\364"
 872              		.text
 873              		.section	.gnu.lto_.inline.aae0a367,"e",%progbits
 874 0000 789C0B65 		.ascii	"x\234\013e@\000F\006\006\356\206\206\206\007L\351@&"
 874      40004606 
 874      06EE8686 
 874      86074CE9 
 874      4026
 875 0012 23131303 		.ascii	"#\023\023\003\363\002F\006\026\006\206F\240`\035\003"
 875      F3024606 
 875      16068646 
 875      A0601D03 
 876 0022 031B906A 		.ascii	"\003\033\220j`Jab`b`\0043\223\230\030X\340l\220B\006"
 876      604A6162 
 876      60626004 
 876      33939818 
 876      58E06C90 
 877 0038 06766120 		.ascii	"\006va \3012\301\217\001\202\200\346\000\000\371k\020"
 877      C132C18F 
 877      018280E6 
 877      0000F96B 
 877      10
ARM GAS  C:\Users\patri\AppData\Local\Temp\cc4yJlg1.s 			page 21


 878 0049 57       		.ascii	"W"
 879              		.text
 880              		.section	.gnu.lto_.jmpfuncs.aae0a367,"e",%progbits
 881 0000 789C8B66 		.ascii	"x\234\213f@\000F\006fFFF\366z&FF&f \342`\251\007\212"
 881      40004606 
 881      66464646 
 881      F67A2646 
 881      46266620 
 882 0019 311E6061 		.ascii	"1\036`ad\000\342\377@\300\317\300R\317\310\200\020b"
 882      6400E2FF 
 882      40C0CFC0 
 882      52CFC880 
 882      1062
 883 002b 04F29950 		.ascii	"\004\362\231P\370L\214\372p\356\017\260\016\006\253"
 883      F84C8CFA 
 883      70EE0FB0 
 883      0E06AB
 884 003a 058C0C00 		.ascii	"\005\214\014\000\007\330\023\325"
 884      07D813D5 
 885              		.text
 886              		.section	.gnu.lto_.pureconst.aae0a367,"e",%progbits
 887 0000 789C6361 		.ascii	"x\234ca```d\230\311\002\000\001b\000\243"
 887      60606064 
 887      98C90200 
 887      016200A3 
 888              		.text
 889              		.section	.gnu.lto_.ipa_modref.aae0a367,"e",%progbits
 890 0000 789C5367 		.ascii	"x\234Sg@\000F\006f\021yy\005\001\001\006F&\026 f\002"
 890      40004606 
 890      66117979 
 890      05010106 
 890      46261620 
 891 0016 8A30322C 		.ascii	"\21202,`TP\000\2111\3644lhY\321\302\302\000\000AQ\005"
 891      60545000 
 891      8931F434 
 891      6C6859D1 
 891      C2C20000 
 892 002d 5D       		.ascii	"]"
 893              		.text
 894              		.section	.gnu.lto_.lto.aae0a367,"e",%progbits
 895 0000 0B000300 		.ascii	"\013\000\003\000\001\000\000\000"
 895      01000000 
 896              		.text
 897              		.section	.gnu.lto_u8x8_gpio_call.0.aae0a367,"e",%progbits
 898 0000 789C4D8F 		.ascii	"x\234M\217\317K\002A\024\307\337wfW\015\353\024B\267"
 898      CF4B0241 
 898      14C7DF77 
 898      66570DEB 
 898      1442B7
 899 0013 A22E5DD2 		.ascii	"\242.]\322\022,\353\024x\354\022t\025\3046\263-lc\327"
 899      122CEB14 
 899      78EC1274 
 899      15C436B3 
 899      2D6C63D7 
 900 0027 452164A7 		.ascii	"E!d\247 \002/Q\207\216V\367\240K?,J\255k\207\"\010\202"
 900      20022F51 
 900      878E56F7 
ARM GAS  C:\Users\patri\AppData\Local\Temp\cc4yJlg1.s 			page 22


 900      A04B3F2C 
 900      4AAD6B87 
 901 003e 2E1174A8 		.ascii	".\021t\250\177\240\240\302f]\250\006fx\337\371\274\231"
 901      7FA0A0C2 
 901      665DA806 
 901      6678DFF9 
 901      BC99
 902 0050 EFFBF682 		.ascii	"\357\373\366\202(GD}r\203\023\2666\313\214\204\020\343"
 902      2847447D 
 902      728313B6 
 902      36CB8C84 
 902      10E3
 903 0062 7E8695CD 		.ascii	"~\206\225\315r\033\352h)\220\303\340`\217G\244\374x"
 903      721BEA68 
 903      2990C3E0 
 903      608F47A4 
 903      FC78
 904 0074 D97E685F 		.ascii	"\331~h_\353z#r\250\265T\370:\241\3103\204\036\025\201"
 904      EB7A2372 
 904      A8B554F8 
 904      3AA1C833 
 904      841E1581 
 905 0088 091A6808 		.ascii	"\011\032h\010q{Q\025\242\215JgpNQ\225>\014\223u\237"
 905      717B5115 
 905      A28D4A67 
 905      704E5195 
 905      3E0C9375 
 906 009d C4B31E7E 		.ascii	"\304\263\036~<\024\202\323\3629\234XTB6y\355\302y\017"
 906      3C1482D3 
 906      F2399C58 
 906      54423679 
 906      EDC2790F 
 907 00b1 7E78B0F6 		.ascii	"~x\260\366\013\357}DA\317P~E\007wjC|57\204\270\011\035"
 907      0BEF7D44 
 907      41CF507E 
 907      4507776A 
 907      437C3537 
 908 00c9 07E5788C 		.ascii	"\007\345x\214s\340\014\012p\016\025\250\311\246\012"
 908      73E00C0A 
 908      700E15A8 
 908      C9A60A
 909 00d8 77930805 		.ascii	"w\223\010\005\242A\264\303\231'V\244xg\342\371\250\203"
 909      A241B4C3 
 909      992756A4 
 909      7867E2F9 
 909      A883
 910 00ea 3ED96AED 		.ascii	">\331j\355U\276\223\203\227 C\354\273Y\003\205\342%"
 910      55BE9383 
 910      972043EC 
 910      BB590385 
 910      E225
 911 00fc 68D8ADEC 		.ascii	"h\330\255\354+X\322\353\233\255\357\372\211\2038\347"
 911      2B58D2EB 
 911      9BADEFFA 
 911      898338E7 
 912 010c 0A571161 		.ascii	"\012W\021a~j\262\325\247\023\265\025\276\302\361gC\324"
 912      7E6AB2D5 
ARM GAS  C:\Users\patri\AppData\Local\Temp\cc4yJlg1.s 			page 23


 912      A713B515 
 912      BEC2F167 
 912      43D4
 913 011e 9F184B26 		.ascii	"\237\030K&\346\364i}*o\317\350F\262`\230\013\326RZ\313"
 913      E6F4697D 
 913      2A6FCFE8 
 913      46B26098 
 913      0BD6525A 
 914 0133 A46C2B63 		.ascii	"\244l+c&s\272f\032\332b\336\244\356p\3042lS\313D\354"
 914      2673BA66 
 914      1ADA62DE 
 914      A4EE70C4 
 914      326C53CB 
 915 0149 78369AD2 		.ascii	"x6\232\322,S\223U1\236\312.\351FX#\305\025\241\1777"
 915      2C539355 
 915      319ECA2E 
 915      E9465823 
 915      C515A17F 
 916 015e E1787464 		.ascii	"\341xtdht06C<gey\332\314\376\000-\265|["
 916      68743036 
 916      433C6765 
 916      79DACCFE 
 916      002DB57C 
 917              		.text
 918              		.section	.gnu.lto_.symbol_nodes.aae0a367,"e",%progbits
 919 0000 789C5366 		.ascii	"x\234Sf\000\002&\206z\326\006 `a\234p\216\201\241\236"
 919      00022686 
 919      7AD60620 
 919      60619C70 
 919      8E81A19E 
 920 0014 81615743 		.ascii	"\201aWC##P\234\205\001\"Z\312\000\000\243\306\010\306"
 920      2323509C 
 920      8501225A 
 920      CA0000A3 
 920      C608C6
 921              		.text
 922              		.section	.gnu.lto_.refs.aae0a367,"e",%progbits
 923 0000 789C6364 		.ascii	"x\234cd\000\002\000\000\012\000\002"
 923      00020000 
 923      0A0002
 924              		.text
 925              		.section	.gnu.lto_.decls.aae0a367,"e",%progbits
 926 0000 789C9555 		.ascii	"x\234\225U[pSE\030\336\335\034\322\355\205^\004\264"
 926      5B705345 
 926      18DEDD1C 
 926      D2ED855E 
 926      04B4
 927 0012 32A21D5F 		.ascii	"2\242\035_\350T\271\264\010T\307\207:8\352\003\343\213"
 927      E854B9B4 
 927      0854C787 
 927      3A38EA03 
 927      E38B
 928 0024 FA243399 		.ascii	"\372$3\231\364\344\024\"m\322IN\020|p6i\332\006\002"
 928      F4E41422 
 928      6DD2494E 
 928      107C7036 
 928      69DA0602 
ARM GAS  C:\Users\patri\AppData\Local\Temp\cc4yJlg1.s 			page 24


 929 0038 2541C0D2 		.ascii	"%A\300\322\226\232\211W\204a*\240\320B\333\003\204K"
 929      969A8957 
 929      84612AA0 
 929      D042DB03 
 929      844B
 930 004a 5BAEA52A 		.ascii	"[\256\245*\227\"\005\252\224\336h\271Y\240R\377='\011"
 930      972205AA 
 930      94DE68B9 
 930      59A052FF 
 930      3D2709
 931 005d 29A8339E 		.ascii	")\2503\236\231=\273\373\177\377\377\177\377e\317\236"
 931      993DBBFB 
 931      7FFFFF7F 
 931      FF65CF9E 
 932 006d EE3884DE 		.ascii	"\3568\204\336\"\010-D\010\215\301\003Kt\006\206\036"
 932      22082D44 
 932      088DC103 
 932      4B740686 
 932      1E
 933 007e 461B8CA7 		.ascii	"F\033\214\2471B\37507\301\230\002\353\014\030o\200\022"
 933      3142FD30 
 933      37C19802 
 933      EB0C186F 
 933      8012
 934 0090 45DA9AE3 		.ascii	"E\332\232\343\034k\015\343\\7\001\346\026\356c\022\026"
 934      1C6B0DE3 
 934      5C3701E6 
 934      16EE6312 
 934      16
 935 00a1 F4537006 		.ascii	"\364Sp\006%h.S\237\340S\250\036@x\262\222\004\322\311"
 935      25682E53 
 935      9FE053A8 
 935      1E4078B2 
 935      9204D2C9 
 936 00b5 6E9FD3C7 		.ascii	"n\237\323\307\303\346:\032F\372ix\014\303\013\321<$"
 936      C3E63A1A 
 936      46FA6978 
 936      0CC30BD1 
 936      3C24
 937 00c7 9043A3E7 		.ascii	"\220C\243\347\267%\245(\214\365\260\003N\035\232\233"
 937      B725A528 
 937      8CF5B003 
 937      4E1D9A9B 
 938 00d7 839AF0B4 		.ascii	"\203\232\360\264\006\334\210\367a\201\334\037\254h\232"
 938      06DC88F7 
 938      6181DC1F 
 938      AC689A
 939 00e6 C0ED9AF1 		.ascii	"\300\355\232\361^\330ni\254\375Q\320\266\012\246\357"
 939      5ED86E69 
 939      ACFD51D0 
 939      B60AA6EF 
 940 00f6 80F5EDDA 		.ascii	"\200\365\355\332z\257.]\243TT\276\003\370 n\340+\372"
 940      7AAF2E5D 
 940      A35454BE 
 940      03F8206E 
 940      E02BFA
 941 0109 3EE03FED 		.ascii	">\340?\355l\337F\307\341\241\010.\220\3557\367oJL\003"
ARM GAS  C:\Users\patri\AppData\Local\Temp\cc4yJlg1.s 			page 25


 941      6CDF46C7 
 941      E1A1082E 
 941      90ED37F7 
 941      6F4A4C03 
 942 011d EA211638 		.ascii	"\352!\0268 \034\302{\360n\000\016c\216\261\255\307>"
 942      201CC27B 
 942      F06E000E 
 942      638EB1AD 
 942      C73E
 943 012f E14C87F1 		.ascii	"\341L\207\361~\014\331\021\310.U \243\301\252\376\370"
 943      7E0CD911 
 943      C82E5520 
 943      A3C1AAFE 
 943      F8
 944 0140 E7C0573F 		.ascii	"\347\300W?c\223\233q\013>\012\312\255\030\035QmVn=\333"
 944      63939B71 
 944      0B3E0ACA 
 944      AD181D51 
 944      6D566E3D 
 945 0155 9F1CF5D7 		.ascii	"\237\034\365\327\032\366\327\306\351\004rr\254}{\\\024"
 945      1AF6D7C6 
 945      E9047272 
 945      AC7D7B5C 
 945      14
 946 0166 6C0B83C7 		.ascii	"l\013\203\307`\200\353t\240\310\244\037\"\372\021\242"
 946      6080EB74 
 946      A0C8A41F 
 946      22FA11A2 
 947 0176 2ECC25B9 		.ascii	".\314%\271 \311\240\233\325\365l\272E\2353\351.(\032"
 947      20C9A09B 
 947      D5F56CBA 
 947      459D33E9 
 947      2E281A
 948 0189 A441C18C 		.ascii	"\244A\301\214^\206\321\013\362\351xlL\007oDoq\236\201"
 948      5E86D10B 
 948      F2E9786C 
 948      4C076F44 
 948      6F719E81 
 949 019d 0DF7AA75 		.ascii	"\015\367\252u\274\236\375LqM@j\210\227\360\364\006\374"
 949      BC9EFD4C 
 949      714D406A 
 949      8897F0F4 
 949      06FC
 950 01af 1BBEC833 		.ascii	"\033\276\3103I\247\243\\\255b\333\320\335d\265\354\312"
 950      49A7A35C 
 950      AD62DBD0 
 950      DD64B5EC 
 950      CA
 951 01c0 3F94BDBA 		.ascii	"?\224\275\272\361\007\022\215\365j8\326n\030\324I\220"
 951      F107128D 
 951      F56A38D6 
 951      6E18D449 
 951      90
 952 01d1 3E13F3F3 		.ascii	">\023\363\363\223\0023\242^\302\013\331w\245+!E\325"
 952      930233A2 
 952      5EC20BD9 
 952      77A52B21 
ARM GAS  C:\Users\patri\AppData\Local\Temp\cc4yJlg1.s 			page 26


 952      45D5
 953 01e3 57DCF148 		.ascii	"W\334\361HU\357\301\231\015\370\032\376\203s\246\322"
 953      55EFC199 
 953      0DF81AFE 
 953      8373A6D2 
 954 01f3 F504D16F 		.ascii	"\365\004\321o\270jyc\273g\302\3435\352\307j\221\350"
 954      B86A7963 
 954      BB67C2E3 
 954      35EAC76A 
 954      91E8
 955 0205 0EC24F12 		.ascii	"\016\302O\022\245\015\240\275\037\3061n\321\330\365"
 955      A50DA0BD 
 955      1FC6316E 
 955      D1D8F5
 956 0214 DD1DAA35 		.ascii	"\335\035\2525}\030\2665\207*;\250\326\231[\020\352\372"
 956      7D18B635 
 956      872A3BA8 
 956      D6995B10 
 956      EAFA
 957 0226 4BDD5F26 		.ascii	"K\335_&D:\322\025\356\310\035\214n\253\035Y\345\365"
 957      443AD215 
 957      EEC81D8C 
 957      6EAB1D59 
 957      E5F5
 958 0238 067451B6 		.ascii	"\006tQ\266;\341D\356\252d\035\334yG\250c\325\023\012"
 958      3BE144EE 
 958      AA641DDC 
 958      7947A863 
 958      D5130A
 959 024b 7F624DE3 		.ascii	"\177bM\3432\2040\310\265\006N>x\210\307\235\242\373"
 959      328430C8 
 959      B5064E3E 
 959      7888C79D 
 959      A2FB
 960 025d F841F894 		.ascii	"\370A\370\224\225\353@\341\330I\337)\242*(a\205\321"
 960      95EB40E1 
 960      D849DF29 
 960      A22A2861 
 960      85D1
 961 026f 8882408E 		.ascii	"\210\202@\216\\\251\271\362\250\232\177\205\203x\210"
 961      5CA9B9F2 
 961      A89A7F85 
 961      837888
 962 027e D5CFE665 		.ascii	"\325\317\346e\350k\027\241\325\340%s\344\362\365\336"
 962      E86B17A1 
 962      D5E02573 
 962      E4F2F5DE 
 963 028e F82CFEA4 		.ascii	"\370,\376\244g\215{\300v\244\271\272\363\332\254\257"
 963      678D7BC0 
 963      76A4B9BA 
 963      F3DAACAF 
 964 029e 4BCB99CF 		.ascii	"K\313\231\317\251\353\306Wp9\321\374\3001\200\202#\356"
 964      A9EBC657 
 964      7039D1FC 
 964      C0318082 
 964      23EE
 965 02b0 BEADAF6C 		.ascii	"\276\255\257lb\035\3235\343s\200BG\321\231(Vw\276\255"
ARM GAS  C:\Users\patri\AppData\Local\Temp\cc4yJlg1.s 			page 27


 965      621DD335 
 965      E3738042 
 965      47D19928 
 965      5677BEAD 
 966 02c4 8CA53A93 		.ascii	"\214\245:\223\232\361\3510v\002\2609*\324\022\201.\304"
 966      9AF1E930 
 966      7602B039 
 966      2AD41281 
 966      2EC4
 967 02d6 98B5682E 		.ascii	"\230\265h.\367\365\225'\003\341\000\036\214\022\366"
 967      F7F59527 
 967      03E1001E 
 967      8C12F6
 968 02e5 AA8690AA 		.ascii	"\252\206\220\252\033\262\025\020#c\030>\272r\322\200"
 968      1BB21510 
 968      2363183E 
 968      BA72D280 
 969 02f5 D7130F59 		.ascii	"\327\023\017YE*H\031\361\222\225\304E>#\245d\035)!\253"
 969      452A4819 
 969      F19295C4 
 969      453E23A5 
 969      641D2921 
 970 030a 898FF889 		.ascii	"\211\217\370\211\233\254!k\311\006~\355p\317\365\336"
 970      9BAC216B 
 970      C9067EED 
 970      70CFF5DE 
 971 031a 55DCF308 		.ascii	"U\334\363\010\276\031\365\234\035\315\244\311\253\322"
 971      BE19F59C 
 971      1DCDA4C9 
 971      ABD2
 972 0328 5EC7BF8F 		.ascii	"^\307\277\217\313S\215w\250!\022\323p\024\274\021M\246"
 972      CB538D77 
 972      A82112D3 
 972      7014BC11 
 972      4DA6
 973 033a D15BCE52 		.ascii	"\321[\316R\335I\003\270o\\\300a\277'\"\025:\033\223"
 973      DD4903B8 
 973      6F5CC061 
 973      BF272215 
 973      3A1B93
 974 034d EAAF5A85 		.ascii	"\352\257Z\205.D\312p*\246BsU\263\275\021\306\241q\214"
 974      2E44CA70 
 974      2AA64273 
 974      55B3BD11 
 974      C6A1718C 
 975 0361 61A79D11 		.ascii	"a\247\235\021\247'c\014\265\372\325\235\2158\375%\206"
 975      A727630C 
 975      B5FAD59D 
 975      8D38FD25 
 975      86
 976 0372 F0670D3B 		.ascii	"\360g\015;\027\301:b\260v\015k\215`\347c\260\343\032"
 976      17C13A62 
 976      B0760D6B 
 976      8D60E763 
 976      B0E31A
 977 0385 DF51EF91 		.ascii	"\337Q\357\221\211\247\230\256\013w\002\246\035\3703"
 977      89A798AE 
ARM GAS  C:\Users\patri\AppData\Local\Temp\cc4yJlg1.s 			page 28


 977      0B7702A6 
 977      1DF833
 978 0394 D1E2EC69 		.ascii	"\321\342\354i[\313C}\210\357\305\226U\303.F\002u\222"
 978      5BCB437D 
 978      88EFC596 
 978      55C32E46 
 978      027592
 979 03a7 47811EE7 		.ascii	"G\201\036\347\267\301pI\373=!}|OC\377\257\247p\327\036"
 979      B7C17049 
 979      FB3D217D 
 979      7C4F43FF 
 979      AFA770D7 
 980 03bc DAE97B74 		.ascii	"\332\351{t\235n\014\263\177N8v\356\304\267\365d\030"
 980      9D6E0CB3 
 980      7F4E3876 
 980      EEC4B7F5 
 980      6418
 981 03ce 03838729 		.ascii	"\003\203\207)\316\020\365\005{X\035c\305\354pOeUY\217"
 981      CE10F505 
 981      7B581D63 
 981      C5EC704F 
 981      6555598F 
 982 03e2 27CDEF02 		.ascii	"'\315\357\002\254\316\303\246V\202\270\252\252\313G"
 982      ACCEC3A6 
 982      5682B8AA 
 982      AACB47
 983 03f1 023A1E0D 		.ascii	"\002:\036\015c%Il\027L\256%\254\244\214\357W\247\007"
 983      6325496C 
 983      174CAE25 
 983      ACA48CEF 
 983      57A707
 984 0404 4AB44FF1 		.ascii	"J\264O\361\024fJ\031\253S\364\301\203\254\254\222-\254"
 984      14664A19 
 984      AB53F4C1 
 984      83ACAC92 
 984      2DAC
 985 0416 AAEA39CA 		.ascii	"\252\3529\312)\330\272\256\232\362\224@I\247'p\220="
 985      29D8BAAE 
 985      9AF29440 
 985      49A72770 
 985      903D
 986 0428 1B002F95 		.ascii	"\033\000/\225\314\255\370\261\023L\234\012\363+\330"
 986      CCADF8B1 
 986      134C9C0A 
 986      F32BD8
 987 0437 17A85953 		.ascii	"\027\250YS\341\016\235\375\324\351r{\230+\344I\365\301"
 987      E10E9DFD 
 987      D4E9727B 
 987      982BE449 
 987      F5C1
 988 0449 8B05D99E 		.ascii	"\213\005\331\2364?\350\373\276RX*\013\204<\316`\310"
 988      343FE8FB 
 988      BE52582A 
 988      0B843CCE 
 988      60C8
 989 045b 83FD41B7 		.ascii	"\203\375A\267\307\037\0141\274\016t2\374\020\2253\230"
 989      C71F0C31 
ARM GAS  C:\Users\patri\AppData\Local\Temp\cc4yJlg1.s 			page 29


 989      BC0E7432 
 989      FC109533 
 989      98
 990 046c E7EF2A05 		.ascii	"\347\357*\005\242\020K\343\326\376\340\233\316@\210"
 990      A2104BE3 
 990      D6FEE09B 
 990      CE4088
 991 047b 97CF839D 		.ascii	"\227\317\203\235\001\346\361\271\330\3124_\320\343\361"
 991      01E6F1B9 
 991      D8CA345F 
 991      D0E3F1
 992 048a 817D1AD8 		.ascii	"\201}\032\330\357\361\273\024\006\013\305\343\177\021"
 992      EFF1BB14 
 992      060BC5E3 
 992      7F11
 993 0498 58985EFD 		.ascii	"X\230^\3753\202\001\201W\036\374mZZ_\277\311C\337\327"
 993      33820181 
 993      571EFC6D 
 993      5A5A5FBF 
 993      C943DFD7 
 994 04ac BC3A1B27 		.ascii	"\274:\033'\373\362\020\316N\245k\005Dk\005\250\336\306"
 994      FBF210CE 
 994      4EA56B05 
 994      446B05A8 
 994      DEC6
 995 04be 66A52605 		.ascii	"f\245&\005\356\274j\265\226\217]\210\373\276\257?\235"
 995      EEBC6AB5 
 995      968F5D88 
 995      FBBEAF3F 
 995      9D
 996 04cf A46D3713 		.ascii	"\244m7\023\201\334j\034\334\215\265\373\261\026\266"
 996      81DC6A1C 
 996      DC8DB5FB 
 996      B116B6
 997 04de A53D6B6F 		.ascii	"\245=ko\010\221\373\261W\373\035\240\000A_\250\256j"
 997      0891FBB1 
 997      57FB1DA0 
 997      00415FA8 
 997      AE6A
 998 04f0 4FACD991 		.ascii	"O\254\331\221\230YY\311Fj\257\2626\\\003\277\014\270"
 998      985959C9 
 998      466AAFB2 
 998      365C03BF 
 998      0CB8
 999 0502 C18400A9 		.ascii	"\301\204\000\251\"\374\362\252!\250\212\240M\244\222"
 999      22FCF2AA 
 999      21A88AA0 
 999      4DA492
 1000 0511 64EDD6A3 		.ascii	"d\355\326\243\347g\316\262[\0356Q\232\345\310]\234c"
 1000      E767CEB2 
 1000      5B1D3651 
 1000      9AE5C85D 
 1000      9C63
 1001 0523 10ED3611 		.ascii	"\020\3556\021V\313s\015\213\213\315\326\231\"}\373\335"
 1001      56CB730D 
 1001      8B8BCDD6 
 1001      99227DFB 
ARM GAS  C:\Users\patri\AppData\Local\Temp\cc4yJlg1.s 			page 30


 1001      DD
 1002 0534 0F321664 		.ascii	"\0172\026d\317GSb\2043ss\346g\277:{\256\011\3059\314"
 1002      CF475362 
 1002      84337373 
 1002      E667BF3A 
 1002      7BAE09C5 
 1003 054a 1639D720 		.ascii	"\0269\327 '\252\250]\2669DY\257\256\345d\223\224ouX"
 1003      27AAA85D 
 1003      B6394459 
 1003      AFAEE564 
 1003      93946F75 
 1004 055f 4409C446 		.ascii	"D\011\304FYz&\272-4\332eC\261\331\242\311\247F\345&"
 1004      597A26BA 
 1004      2D34DA65 
 1004      43B1D9A2 
 1004      C9A746E5 
 1005 0574 A9C0E828 		.ascii	"\251\300\350(\214\201\0229\233\301&\331A\232\340\220"
 1005      8C811239 
 1005      9BC126D9 
 1005      419AE090 
 1006 0584 0B72C362 		.ascii	"\013r\303bs\216\310W6Y2\251k\243\311\004J\366\311f\273"
 1006      738EC857 
 1006      365932A9 
 1006      6BA3C904 
 1006      4AF6C966 
 1007 0599 A1C06A91 		.ascii	"\241\300j\221\015f\3132\311f\227\014EV\223D\227\033"
 1007      0D66CB32 
 1007      C966970C 
 1007      45569344 
 1007      971B
 1008 05ab AC050576 		.ascii	"\254\005\005vI\246\222E\264\232\314\226\305\224\207"
 1008      49A69245 
 1008      B49ACC96 
 1008      C59487
 1009 05ba 9C3DCF20 		.ascii	"\234=\317 \013\\9>\337a7\210\205Vq\251*\237\223c\220"
 1009      0B5C393E 
 1009      DF613788 
 1009      855671A9 
 1009      2A9F9363 
 1010 05cf D3545AA3 		.ascii	"\323TZ\243\305\004\021\025\032W\030\304|-\273\"\373"
 1010      C5041115 
 1010      1A5718C4 
 1010      7C2DBB22 
 1010      FB
 1011 05e0 6258C7E5 		.ascii	"bX\307\345\257\220%\230\365\242\321\004S\202\311l/\326"
 1011      AF902598 
 1011      F5A2D104 
 1011      5382C96C 
 1011      2FD6
 1012 05f2 B4E22CD2 		.ascii	"\264\342,\322r\031\346$U[\\b\264\361M\0047[\012\254"
 1012      7219E624 
 1012      555B5C62 
 1012      B4F14D04 
 1012      375B0AAC 
 1013 0606 E92A122B 		.ascii	"\351*\022+\011\227l\322\223\200<)Z\030\255\002\234?"
 1013      09976CD2 
 1013      93803C29 
ARM GAS  C:\Users\patri\AppData\Local\Temp\cc4yJlg1.s 			page 31


 1013      5A18AD02 
 1013      9C3F
 1014 0618 73C16B8B 		.ascii	"s\301k\213\026,1\347\233\337\223\035&\263u\321\307V"
 1014      162C31E7 
 1014      9BDF931D 
 1014      26B375D1 
 1014      C756
 1015 062a DB527BB1 		.ascii	"\333R{\261\021t\034v\311\266\250\310,\332\254\242E\266"
 1015      11741C76 
 1015      C9B6A8C8 
 1015      2CDAACA2 
 1015      45B6
 1016 063c A1A9FFD2 		.ascii	"\241\251\377\322\325\231K\220.{\036J2\332\212\226\315"
 1016      D5994B90 
 1016      2E7B1E4A 
 1016      32DA8A96 
 1016      CD
 1017 064d 976614BD 		.ascii	"\227f\024\275TP\214\022D+\224r\371\214\242WPr\264\311"
 1017      54508C12 
 1017      442B9472 
 1017      F98CA257 
 1017      5072B4C9 
 1018 0661 06D15858 		.ascii	"\006\321XXH-V\263\245\320l\221^\370\357C\202\376\006"
 1018      482D56B3 
 1018      A5D06C91 
 1018      5EF8EF43 
 1018      82FE06
 1019 0674 985CADCA 		.ascii	"\230\\\255\312"
 1020              		.text
 1021              		.section	.gnu.lto_.symtab.aae0a367,"e",%progbits
 1022 0000 75387838 		.ascii	"u8x8_gpio_call\000"
 1022      5F677069 
 1022      6F5F6361 
 1022      6C6C00
 1023 000f 00       		.ascii	"\000"
 1024 0010 00       		.ascii	"\000"
 1025 0011 00       		.ascii	"\000"
 1026 0012 00000000 		.ascii	"\000\000\000\000\000\000\000\000"
 1026      00000000 
 1027 001a 20010000 		.ascii	" \001\000\000"
 1028              		.text
 1029              		.section	.gnu.lto_.ext_symtab.aae0a367,"e",%progbits
 1030 0000 01       		.ascii	"\001"
 1031 0001 01       		.ascii	"\001"
 1032 0002 00       		.ascii	"\000"
 1033              		.text
 1034              		.section	.gnu.lto_.opts,"e",%progbits
 1035 0000 272D666E 		.ascii	"'-fno-openmp' '-fno-openacc' '-fno-pie' '-fcf-prote"
 1035      6F2D6F70 
 1035      656E6D70 
 1035      2720272D 
 1035      666E6F2D 
 1036 0033 6374696F 		.ascii	"ction=none' '-g' '-mcpu=cortex-m4' '-mthumb' '-mflo"
 1036      6E3D6E6F 
 1036      6E652720 
 1036      272D6727 
 1036      20272D6D 
ARM GAS  C:\Users\patri\AppData\Local\Temp\cc4yJlg1.s 			page 32


 1037 0066 61742D61 		.ascii	"at-abi=hard' '-mfpu=fpv4-sp-d16' '-mlibarch=armv7e-"
 1037      62693D68 
 1037      61726427 
 1037      20272D6D 
 1037      6670753D 
 1038 0099 6D2B6670 		.ascii	"m+fp' '-march=armv7e-m+fp' '-O2' '-fomit-frame-poin"
 1038      2720272D 
 1038      6D617263 
 1038      683D6172 
 1038      6D763765 
 1039 00cc 74657227 		.ascii	"ter' '-falign-functions=16' '-ffunction-sections' '"
 1039      20272D66 
 1039      616C6967 
 1039      6E2D6675 
 1039      6E637469 
 1040 00ff 2D666461 		.ascii	"-fdata-sections' '-fno-common' '-flto' '-Xassembler"
 1040      74612D73 
 1040      65637469 
 1040      6F6E7327 
 1040      20272D66 
 1041 0132 2720272D 		.ascii	"' '-alms=./build/lst/u8x8_gpio.lst'\000"
 1041      616C6D73 
 1041      3D2E2F62 
 1041      75696C64 
 1041      2F6C7374 
 1042              		.text
 1043              		.comm	__gnu_lto_slim,1,1
 1044              		.ident	"GCC: (Arm GNU Toolchain 11.3.Rel1) 11.3.1 20220712"
ARM GAS  C:\Users\patri\AppData\Local\Temp\cc4yJlg1.s 			page 33


DEFINED SYMBOLS
                            *ABS*:00000000 u8x8_gpio.c
C:\Users\patri\AppData\Local\Temp\cc4yJlg1.s:24     .gnu.debuglto_.debug_info:00000000 u8x8_gpio.c.8271905d
                            *COM*:00000001 __gnu_lto_slim

NO UNDEFINED SYMBOLS
