ARM GAS  C:\Users\patri\AppData\Local\Temp\ccsVU9vJ.s 			page 1


   1              		.cpu cortex-m4
   2              		.arch armv7e-m
   3              		.fpu fpv4-sp-d16
   4              		.eabi_attribute 27, 1
   5              		.eabi_attribute 28, 1
   6              		.eabi_attribute 20, 1
   7              		.eabi_attribute 21, 1
   8              		.eabi_attribute 23, 3
   9              		.eabi_attribute 24, 1
  10              		.eabi_attribute 25, 1
  11              		.eabi_attribute 26, 1
  12              		.eabi_attribute 30, 2
  13              		.eabi_attribute 34, 1
  14              		.eabi_attribute 18, 4
  15              		.file	"u8x8_u8toa.c"
  16              		.file 1 "c:\\chibistudio\\tools\\gnu tools arm embedded\\11.3 2022.08\\arm-none-eabi\\include\\mac
  17              		.file 2 "c:\\chibistudio\\tools\\gnu tools arm embedded\\11.3 2022.08\\arm-none-eabi\\include\\sys
  18              		.file 3 "./source/u8g2_csrc/u8x8_u8toa.c"
  19              		.section	.gnu.debuglto_.debug_info,"e",%progbits
  20              	.Ldebug_info0:
  21              		.hidden	u8x8_u8toa.c.7a3329ab
  22              		.weak	u8x8_u8toa.c.7a3329ab
  23              	u8x8_u8toa.c.7a3329ab:
  24 0000 39010000 		.4byte	0x139
  25 0004 0500     		.2byte	0x5
  26 0006 01       		.byte	0x1
  27 0007 04       		.byte	0x4
  28 0008 00000000 		.4byte	.Ldebug_abbrev0
  29 000c 0A       		.uleb128 0xa
  30 000d 0B010000 		.4byte	.LASF17
  31 0011 1D       		.byte	0x1d
  32 0012 69000000 		.4byte	.LASF18
  33 0016 89000000 		.4byte	.LASF19
  34 001a 00000000 		.4byte	.Ldebug_line0
  35 001e 01       		.uleb128 0x1
  36 001f 01       		.byte	0x1
  37 0020 06       		.byte	0x6
  38 0021 E8000000 		.4byte	.LASF0
  39 0025 05       		.uleb128 0x5
  40 0026 49000000 		.4byte	.LASF9
  41 002a 01       		.byte	0x1
  42 002b 2B       		.byte	0x2b
  43 002c 18       		.byte	0x18
  44 002d 31000000 		.4byte	0x31
  45 0031 01       		.uleb128 0x1
  46 0032 01       		.byte	0x1
  47 0033 08       		.byte	0x8
  48 0034 5B000000 		.4byte	.LASF1
  49 0038 03       		.uleb128 0x3
  50 0039 31000000 		.4byte	0x31
  51 003d 01       		.uleb128 0x1
  52 003e 02       		.byte	0x2
  53 003f 05       		.byte	0x5
  54 0040 DB010000 		.4byte	.LASF2
  55 0044 01       		.uleb128 0x1
  56 0045 02       		.byte	0x2
  57 0046 07       		.byte	0x7
ARM GAS  C:\Users\patri\AppData\Local\Temp\ccsVU9vJ.s 			page 2


  58 0047 D5000000 		.4byte	.LASF3
  59 004b 01       		.uleb128 0x1
  60 004c 04       		.byte	0x4
  61 004d 05       		.byte	0x5
  62 004e B1000000 		.4byte	.LASF4
  63 0052 01       		.uleb128 0x1
  64 0053 04       		.byte	0x4
  65 0054 07       		.byte	0x7
  66 0055 20000000 		.4byte	.LASF5
  67 0059 01       		.uleb128 0x1
  68 005a 08       		.byte	0x8
  69 005b 05       		.byte	0x5
  70 005c 00000000 		.4byte	.LASF6
  71 0060 01       		.uleb128 0x1
  72 0061 08       		.byte	0x8
  73 0062 07       		.byte	0x7
  74 0063 32000000 		.4byte	.LASF7
  75 0067 0B       		.uleb128 0xb
  76 0068 04       		.byte	0x4
  77 0069 05       		.byte	0x5
  78 006a 696E7400 		.ascii	"int\000"
  79 006e 01       		.uleb128 0x1
  80 006f 04       		.byte	0x4
  81 0070 07       		.byte	0x7
  82 0071 0E000000 		.4byte	.LASF8
  83 0075 05       		.uleb128 0x5
  84 0076 53000000 		.4byte	.LASF10
  85 007a 02       		.byte	0x2
  86 007b 18       		.byte	0x18
  87 007c 13       		.byte	0x13
  88 007d 25000000 		.4byte	0x25
  89 0081 01       		.uleb128 0x1
  90 0082 08       		.byte	0x8
  91 0083 04       		.byte	0x4
  92 0084 FF000000 		.4byte	.LASF11
  93 0088 06       		.uleb128 0x6
  94 0089 38000000 		.4byte	0x38
  95 008d 98000000 		.4byte	0x98
  96 0091 07       		.uleb128 0x7
  97 0092 6E000000 		.4byte	0x6e
  98 0096 02       		.byte	0x2
  99 0097 00       		.byte	0
 100 0098 03       		.uleb128 0x3
 101 0099 88000000 		.4byte	0x88
 102 009d 0C       		.uleb128 0xc
 103 009e C6000000 		.4byte	.LASF12
 104 00a2 03       		.byte	0x3
 105 00a3 27       		.byte	0x27
 106 00a4 1C       		.byte	0x1c
 107 00a5 98000000 		.4byte	0x98
 108 00a9 08       		.uleb128 0x8
 109 00aa F4000000 		.4byte	.LASF14
 110 00ae 3D       		.byte	0x3d
 111 00af D5000000 		.4byte	0xd5
 112 00b3 D5000000 		.4byte	0xd5
 113 00b7 04       		.uleb128 0x4
 114 00b8 7600     		.ascii	"v\000"
ARM GAS  C:\Users\patri\AppData\Local\Temp\ccsVU9vJ.s 			page 3


 115 00ba 3D       		.byte	0x3d
 116 00bb 20       		.byte	0x20
 117 00bc 75000000 		.4byte	0x75
 118 00c0 04       		.uleb128 0x4
 119 00c1 6400     		.ascii	"d\000"
 120 00c3 3D       		.byte	0x3d
 121 00c4 2B       		.byte	0x2b
 122 00c5 75000000 		.4byte	0x75
 123 00c9 02       		.uleb128 0x2
 124 00ca 62756600 		.ascii	"buf\000"
 125 00ce 3F       		.byte	0x3f
 126 00cf 0F       		.byte	0xf
 127 00d0 E6000000 		.4byte	0xe6
 128 00d4 00       		.byte	0
 129 00d5 09       		.uleb128 0x9
 130 00d6 E1000000 		.4byte	0xe1
 131 00da 01       		.uleb128 0x1
 132 00db 01       		.byte	0x1
 133 00dc 08       		.byte	0x8
 134 00dd E5010000 		.4byte	.LASF13
 135 00e1 03       		.uleb128 0x3
 136 00e2 DA000000 		.4byte	0xda
 137 00e6 06       		.uleb128 0x6
 138 00e7 DA000000 		.4byte	0xda
 139 00eb F6000000 		.4byte	0xf6
 140 00ef 07       		.uleb128 0x7
 141 00f0 6E000000 		.4byte	0x6e
 142 00f4 03       		.byte	0x3
 143 00f5 00       		.byte	0
 144 00f6 08       		.uleb128 0x8
 145 00f7 BA000000 		.4byte	.LASF15
 146 00fb 28       		.byte	0x28
 147 00fc D5000000 		.4byte	0xd5
 148 0100 37010000 		.4byte	0x137
 149 0104 0D       		.uleb128 0xd
 150 0105 1B000000 		.4byte	.LASF16
 151 0109 03       		.byte	0x3
 152 010a 28       		.byte	0x28
 153 010b 20       		.byte	0x20
 154 010c 37010000 		.4byte	0x137
 155 0110 04       		.uleb128 0x4
 156 0111 7600     		.ascii	"v\000"
 157 0113 28       		.byte	0x28
 158 0114 2E       		.byte	0x2e
 159 0115 75000000 		.4byte	0x75
 160 0119 02       		.uleb128 0x2
 161 011a 706F7300 		.ascii	"pos\000"
 162 011e 2A       		.byte	0x2a
 163 011f 0B       		.byte	0xb
 164 0120 75000000 		.4byte	0x75
 165 0124 02       		.uleb128 0x2
 166 0125 6400     		.ascii	"d\000"
 167 0127 2B       		.byte	0x2b
 168 0128 0B       		.byte	0xb
 169 0129 75000000 		.4byte	0x75
 170 012d 02       		.uleb128 0x2
 171 012e 6300     		.ascii	"c\000"
ARM GAS  C:\Users\patri\AppData\Local\Temp\ccsVU9vJ.s 			page 4


 172 0130 2C       		.byte	0x2c
 173 0131 0B       		.byte	0xb
 174 0132 75000000 		.4byte	0x75
 175 0136 00       		.byte	0
 176 0137 09       		.uleb128 0x9
 177 0138 DA000000 		.4byte	0xda
 178 013c 00       		.byte	0
 179              		.section	.gnu.debuglto_.debug_abbrev,"e",%progbits
 180              	.Ldebug_abbrev0:
 181 0000 01       		.uleb128 0x1
 182 0001 24       		.uleb128 0x24
 183 0002 00       		.byte	0
 184 0003 0B       		.uleb128 0xb
 185 0004 0B       		.uleb128 0xb
 186 0005 3E       		.uleb128 0x3e
 187 0006 0B       		.uleb128 0xb
 188 0007 03       		.uleb128 0x3
 189 0008 0E       		.uleb128 0xe
 190 0009 00       		.byte	0
 191 000a 00       		.byte	0
 192 000b 02       		.uleb128 0x2
 193 000c 34       		.uleb128 0x34
 194 000d 00       		.byte	0
 195 000e 03       		.uleb128 0x3
 196 000f 08       		.uleb128 0x8
 197 0010 3A       		.uleb128 0x3a
 198 0011 21       		.uleb128 0x21
 199 0012 03       		.sleb128 3
 200 0013 3B       		.uleb128 0x3b
 201 0014 0B       		.uleb128 0xb
 202 0015 39       		.uleb128 0x39
 203 0016 0B       		.uleb128 0xb
 204 0017 49       		.uleb128 0x49
 205 0018 13       		.uleb128 0x13
 206 0019 00       		.byte	0
 207 001a 00       		.byte	0
 208 001b 03       		.uleb128 0x3
 209 001c 26       		.uleb128 0x26
 210 001d 00       		.byte	0
 211 001e 49       		.uleb128 0x49
 212 001f 13       		.uleb128 0x13
 213 0020 00       		.byte	0
 214 0021 00       		.byte	0
 215 0022 04       		.uleb128 0x4
 216 0023 05       		.uleb128 0x5
 217 0024 00       		.byte	0
 218 0025 03       		.uleb128 0x3
 219 0026 08       		.uleb128 0x8
 220 0027 3A       		.uleb128 0x3a
 221 0028 21       		.uleb128 0x21
 222 0029 03       		.sleb128 3
 223 002a 3B       		.uleb128 0x3b
 224 002b 0B       		.uleb128 0xb
 225 002c 39       		.uleb128 0x39
 226 002d 0B       		.uleb128 0xb
 227 002e 49       		.uleb128 0x49
 228 002f 13       		.uleb128 0x13
ARM GAS  C:\Users\patri\AppData\Local\Temp\ccsVU9vJ.s 			page 5


 229 0030 00       		.byte	0
 230 0031 00       		.byte	0
 231 0032 05       		.uleb128 0x5
 232 0033 16       		.uleb128 0x16
 233 0034 00       		.byte	0
 234 0035 03       		.uleb128 0x3
 235 0036 0E       		.uleb128 0xe
 236 0037 3A       		.uleb128 0x3a
 237 0038 0B       		.uleb128 0xb
 238 0039 3B       		.uleb128 0x3b
 239 003a 0B       		.uleb128 0xb
 240 003b 39       		.uleb128 0x39
 241 003c 0B       		.uleb128 0xb
 242 003d 49       		.uleb128 0x49
 243 003e 13       		.uleb128 0x13
 244 003f 00       		.byte	0
 245 0040 00       		.byte	0
 246 0041 06       		.uleb128 0x6
 247 0042 01       		.uleb128 0x1
 248 0043 01       		.byte	0x1
 249 0044 49       		.uleb128 0x49
 250 0045 13       		.uleb128 0x13
 251 0046 01       		.uleb128 0x1
 252 0047 13       		.uleb128 0x13
 253 0048 00       		.byte	0
 254 0049 00       		.byte	0
 255 004a 07       		.uleb128 0x7
 256 004b 21       		.uleb128 0x21
 257 004c 00       		.byte	0
 258 004d 49       		.uleb128 0x49
 259 004e 13       		.uleb128 0x13
 260 004f 2F       		.uleb128 0x2f
 261 0050 0B       		.uleb128 0xb
 262 0051 00       		.byte	0
 263 0052 00       		.byte	0
 264 0053 08       		.uleb128 0x8
 265 0054 2E       		.uleb128 0x2e
 266 0055 01       		.byte	0x1
 267 0056 3F       		.uleb128 0x3f
 268 0057 19       		.uleb128 0x19
 269 0058 03       		.uleb128 0x3
 270 0059 0E       		.uleb128 0xe
 271 005a 3A       		.uleb128 0x3a
 272 005b 21       		.uleb128 0x21
 273 005c 03       		.sleb128 3
 274 005d 3B       		.uleb128 0x3b
 275 005e 0B       		.uleb128 0xb
 276 005f 39       		.uleb128 0x39
 277 0060 21       		.uleb128 0x21
 278 0061 0D       		.sleb128 13
 279 0062 27       		.uleb128 0x27
 280 0063 19       		.uleb128 0x19
 281 0064 49       		.uleb128 0x49
 282 0065 13       		.uleb128 0x13
 283 0066 01       		.uleb128 0x1
 284 0067 13       		.uleb128 0x13
 285 0068 00       		.byte	0
ARM GAS  C:\Users\patri\AppData\Local\Temp\ccsVU9vJ.s 			page 6


 286 0069 00       		.byte	0
 287 006a 09       		.uleb128 0x9
 288 006b 0F       		.uleb128 0xf
 289 006c 00       		.byte	0
 290 006d 0B       		.uleb128 0xb
 291 006e 21       		.uleb128 0x21
 292 006f 04       		.sleb128 4
 293 0070 49       		.uleb128 0x49
 294 0071 13       		.uleb128 0x13
 295 0072 00       		.byte	0
 296 0073 00       		.byte	0
 297 0074 0A       		.uleb128 0xa
 298 0075 11       		.uleb128 0x11
 299 0076 01       		.byte	0x1
 300 0077 25       		.uleb128 0x25
 301 0078 0E       		.uleb128 0xe
 302 0079 13       		.uleb128 0x13
 303 007a 0B       		.uleb128 0xb
 304 007b 03       		.uleb128 0x3
 305 007c 0E       		.uleb128 0xe
 306 007d 1B       		.uleb128 0x1b
 307 007e 0E       		.uleb128 0xe
 308 007f 10       		.uleb128 0x10
 309 0080 17       		.uleb128 0x17
 310 0081 00       		.byte	0
 311 0082 00       		.byte	0
 312 0083 0B       		.uleb128 0xb
 313 0084 24       		.uleb128 0x24
 314 0085 00       		.byte	0
 315 0086 0B       		.uleb128 0xb
 316 0087 0B       		.uleb128 0xb
 317 0088 3E       		.uleb128 0x3e
 318 0089 0B       		.uleb128 0xb
 319 008a 03       		.uleb128 0x3
 320 008b 08       		.uleb128 0x8
 321 008c 00       		.byte	0
 322 008d 00       		.byte	0
 323 008e 0C       		.uleb128 0xc
 324 008f 34       		.uleb128 0x34
 325 0090 00       		.byte	0
 326 0091 03       		.uleb128 0x3
 327 0092 0E       		.uleb128 0xe
 328 0093 3A       		.uleb128 0x3a
 329 0094 0B       		.uleb128 0xb
 330 0095 3B       		.uleb128 0x3b
 331 0096 0B       		.uleb128 0xb
 332 0097 39       		.uleb128 0x39
 333 0098 0B       		.uleb128 0xb
 334 0099 49       		.uleb128 0x49
 335 009a 13       		.uleb128 0x13
 336 009b 00       		.byte	0
 337 009c 00       		.byte	0
 338 009d 0D       		.uleb128 0xd
 339 009e 05       		.uleb128 0x5
 340 009f 00       		.byte	0
 341 00a0 03       		.uleb128 0x3
 342 00a1 0E       		.uleb128 0xe
ARM GAS  C:\Users\patri\AppData\Local\Temp\ccsVU9vJ.s 			page 7


 343 00a2 3A       		.uleb128 0x3a
 344 00a3 0B       		.uleb128 0xb
 345 00a4 3B       		.uleb128 0x3b
 346 00a5 0B       		.uleb128 0xb
 347 00a6 39       		.uleb128 0x39
 348 00a7 0B       		.uleb128 0xb
 349 00a8 49       		.uleb128 0x49
 350 00a9 13       		.uleb128 0x13
 351 00aa 00       		.byte	0
 352 00ab 00       		.byte	0
 353 00ac 00       		.byte	0
 354              		.section	.gnu.debuglto_.debug_line,"e",%progbits
 355              	.Ldebug_line0:
 356 0000 48000000 		.4byte	.LELT0-.LSLT0
 357              	.LSLT0:
 358 0004 0500     		.2byte	0x5
 359 0006 04       		.byte	0x4
 360 0007 00       		.byte	0
 361 0008 40000000 		.4byte	.LELTP0-.LASLTP0
 362              	.LASLTP0:
 363 000c 01       		.byte	0x1
 364 000d 01       		.byte	0x1
 365 000e 01       		.byte	0x1
 366 000f F6       		.byte	0xf6
 367 0010 F2       		.byte	0xf2
 368 0011 0D       		.byte	0xd
 369 0012 00       		.byte	0
 370 0013 01       		.byte	0x1
 371 0014 01       		.byte	0x1
 372 0015 01       		.byte	0x1
 373 0016 01       		.byte	0x1
 374 0017 00       		.byte	0
 375 0018 00       		.byte	0
 376 0019 00       		.byte	0
 377 001a 01       		.byte	0x1
 378 001b 00       		.byte	0
 379 001c 00       		.byte	0
 380 001d 01       		.byte	0x1
 381 001e 01       		.byte	0x1
 382 001f 01       		.uleb128 0x1
 383 0020 1F       		.uleb128 0x1f
 384 0021 04       		.uleb128 0x4
 385 0022 71000000 		.4byte	.LASF20
 386 0026 99000000 		.4byte	.LASF21
 387 002a 00000000 		.4byte	.LASF22
 388 002e 1A010000 		.4byte	.LASF23
 389 0032 02       		.byte	0x2
 390 0033 01       		.uleb128 0x1
 391 0034 1F       		.uleb128 0x1f
 392 0035 02       		.uleb128 0x2
 393 0036 0B       		.uleb128 0xb
 394 0037 04       		.uleb128 0x4
 395 0038 F0000000 		.4byte	.LASF24
 396 003c 00       		.byte	0
 397 003d 53000000 		.4byte	.LASF25
 398 0041 01       		.byte	0x1
 399 0042 10010000 		.4byte	.LASF26
ARM GAS  C:\Users\patri\AppData\Local\Temp\ccsVU9vJ.s 			page 8


 400 0046 02       		.byte	0x2
 401 0047 64000000 		.4byte	.LASF27
 402 004b 03       		.byte	0x3
 403              	.LELTP0:
 404              	.LELT0:
 405              		.section	.gnu.debuglto_.debug_str,"eMS",%progbits,1
 406              	.LASF6:
 407 0000 6C6F6E67 		.ascii	"long long int\000"
 407      206C6F6E 
 407      6720696E 
 407      7400
 408              	.LASF8:
 409 000e 756E7369 		.ascii	"unsigned int\000"
 409      676E6564 
 409      20696E74 
 409      00
 410              	.LASF16:
 411 001b 64657374 		.ascii	"dest\000"
 411      00
 412              	.LASF5:
 413 0020 6C6F6E67 		.ascii	"long unsigned int\000"
 413      20756E73 
 413      69676E65 
 413      6420696E 
 413      7400
 414              	.LASF7:
 415 0032 6C6F6E67 		.ascii	"long long unsigned int\000"
 415      206C6F6E 
 415      6720756E 
 415      7369676E 
 415      65642069 
 416              	.LASF9:
 417 0049 5F5F7569 		.ascii	"__uint8_t\000"
 417      6E74385F 
 417      7400
 418              	.LASF10:
 419 0053 75696E74 		.ascii	"uint8_t\000"
 419      385F7400 
 420              	.LASF1:
 421 005b 756E7369 		.ascii	"unsigned char\000"
 421      676E6564 
 421      20636861 
 421      7200
 422              	.LASF18:
 423 0069 2E2F736F 		.ascii	"./source/u8g2_csrc/u8x8_u8toa.c\000"
 423      75726365 
 423      2F753867 
 423      325F6373 
 423      72632F75 
 424              	.LASF19:
 425 0089 433A5C43 		.ascii	"C:\\ChibiStudio\\workspace_user\\microcntr\000"
 425      68696269 
 425      53747564 
 425      696F5C77 
 425      6F726B73 
 426              	.LASF4:
 427 00b1 6C6F6E67 		.ascii	"long int\000"
ARM GAS  C:\Users\patri\AppData\Local\Temp\ccsVU9vJ.s 			page 9


 427      20696E74 
 427      00
 428              	.LASF15:
 429 00ba 75387838 		.ascii	"u8x8_u8toap\000"
 429      5F753874 
 429      6F617000 
 430              	.LASF12:
 431 00c6 75387838 		.ascii	"u8x8_u8toa_tab\000"
 431      5F753874 
 431      6F615F74 
 431      616200
 432              	.LASF3:
 433 00d5 73686F72 		.ascii	"short unsigned int\000"
 433      7420756E 
 433      7369676E 
 433      65642069 
 433      6E7400
 434              	.LASF0:
 435 00e8 7369676E 		.ascii	"signed char\000"
 435      65642063 
 435      68617200 
 436              	.LASF14:
 437 00f4 75387838 		.ascii	"u8x8_u8toa\000"
 437      5F753874 
 437      6F6100
 438              	.LASF11:
 439 00ff 6C6F6E67 		.ascii	"long double\000"
 439      20646F75 
 439      626C6500 
 440              	.LASF17:
 441 010b 474E5520 		.ascii	"GNU C17 11.3.1 20220712 -mcpu=cortex-m4 -mthumb -mf"
 441      43313720 
 441      31312E33 
 441      2E312032 
 441      30323230 
 442 013e 6C6F6174 		.ascii	"loat-abi=hard -mfpu=fpv4-sp-d16 -march=armv7e-m+fp "
 442      2D616269 
 442      3D686172 
 442      64202D6D 
 442      6670753D 
 443 0171 2D676764 		.ascii	"-ggdb -O2 -fomit-frame-pointer -falign-functions=16"
 443      62202D4F 
 443      32202D66 
 443      6F6D6974 
 443      2D667261 
 444 01a4 202D6666 		.ascii	" -ffunction-sections -fdata-sections -fno-common -f"
 444      756E6374 
 444      696F6E2D 
 444      73656374 
 444      696F6E73 
 445 01d7 6C746F00 		.ascii	"lto\000"
 446              	.LASF2:
 447 01db 73686F72 		.ascii	"short int\000"
 447      7420696E 
 447      7400
 448              	.LASF13:
 449 01e5 63686172 		.ascii	"char\000"
ARM GAS  C:\Users\patri\AppData\Local\Temp\ccsVU9vJ.s 			page 10


 449      00
 450              		.section	.gnu.debuglto_.debug_line_str,"eMS",%progbits,1
 451              	.LASF22:
 452 0000 633A5C63 		.ascii	"c:\\chibistudio\\tools\\gnu tools arm embedded\\11."
 452      68696269 
 452      73747564 
 452      696F5C74 
 452      6F6F6C73 
 453 002f 33203230 		.ascii	"3 2022.08\\arm-none-eabi\\include\\sys\000"
 453      32322E30 
 453      385C6172 
 453      6D2D6E6F 
 453      6E652D65 
 454              	.LASF25:
 455 0053 5F646566 		.ascii	"_default_types.h\000"
 455      61756C74 
 455      5F747970 
 455      65732E68 
 455      00
 456              	.LASF27:
 457 0064 75387838 		.ascii	"u8x8_u8toa.c\000"
 457      5F753874 
 457      6F612E63 
 457      00
 458              	.LASF20:
 459 0071 433A5C43 		.ascii	"C:\\ChibiStudio\\workspace_user\\microcntr\000"
 459      68696269 
 459      53747564 
 459      696F5C77 
 459      6F726B73 
 460              	.LASF21:
 461 0099 633A5C63 		.ascii	"c:\\chibistudio\\tools\\gnu tools arm embedded\\11."
 461      68696269 
 461      73747564 
 461      696F5C74 
 461      6F6F6C73 
 462 00c8 33203230 		.ascii	"3 2022.08\\arm-none-eabi\\include\\machine\000"
 462      32322E30 
 462      385C6172 
 462      6D2D6E6F 
 462      6E652D65 
 463              	.LASF24:
 464 00f0 2E2F736F 		.ascii	"./source/u8g2_csrc/u8x8_u8toa.c\000"
 464      75726365 
 464      2F753867 
 464      325F6373 
 464      72632F75 
 465              	.LASF26:
 466 0110 5F737464 		.ascii	"_stdint.h\000"
 466      696E742E 
 466      6800
 467              	.LASF23:
 468 011a 736F7572 		.ascii	"source/u8g2_csrc\000"
 468      63652F75 
 468      3867325F 
 468      63737263 
 468      00
ARM GAS  C:\Users\patri\AppData\Local\Temp\ccsVU9vJ.s 			page 11


 469              		.text
 470              		.section	.gnu.lto_.profile.90c3f7cb,"e",%progbits
 471 0000 789C6362 		.ascii	"x\234cb\000\001\000\000\022\000\003"
 471      00010000 
 471      120003
 472              		.text
 473              		.section	.gnu.lto_.icf.90c3f7cb,"e",%progbits
 474 0000 789CD360 		.ascii	"x\234\323`@\000\026\206\251\013w\375\347bcb\000BF\010"
 474      40001686 
 474      A90B77FD 
 474      E7626362 
 474      00424608 
 475 0014 64DC7AF7 		.ascii	"d\334z\367\315N~\246\251\313\027\315\346b`^\360hN\027"
 475      CD4E7EA6 
 475      A9CB17CD 
 475      E662605E 
 475      F0684E17 
 476 0028 170300D9 		.ascii	"\027\003\000\331\204\013\275"
 476      840BBD
 477              		.text
 478              		.section	.gnu.lto_.ipa_sra.90c3f7cb,"e",%progbits
 479 0000 789C5362 		.ascii	"x\234Sb@\000& \204\002f&\020\223\021\302d\2002\231\030"
 479      40002620 
 479      84026626 
 479      109311C2 
 479      64803299 
 480 0015 0007BE00 		.ascii	"\000\007\276\0007"
 480      37
 481              		.text
 482              		.section	.gnu.lto_.inline.90c3f7cb,"e",%progbits
 483 0000 789C4B61 		.ascii	"x\234Ka@\000&\006\006\376\337\213\24671e120\211\177"
 483      40002606 
 483      06FEDF8B 
 483      A6373165 
 483      31323089 
 484 0015 3BBAEE17 		.ascii	";\272\356\027s&\003\003{CC\303\001\246\024&\2204H\015"
 484      73260303 
 484      7B4343C3 
 484      01A61426 
 484      9034480D 
 485 0029 27903F81 		.ascii	"'\220?\201)\235\021\010\230@B\314L@\201\006\246d\006"
 485      299D1108 
 485      984042CC 
 485      4C408106 
 485      A66406
 486 003c 06363003 		.ascii	"\00660\003\254\022&\306\002\322\303\302\0131|\202\037"
 486      AC1226C6 
 486      02D2C3C2 
 486      0B317C82 
 486      1F
 487 004d 030300F1 		.ascii	"\003\003\000\3619\024\364"
 487      3914F4
 488              		.text
 489              		.section	.gnu.lto_.jmpfuncs.90c3f7cb,"e",%progbits
 490 0000 789C458B 		.ascii	"x\234E\213\301\011\300@\020\002\325]\362M[\351(\317"
 490      C109C040 
 490      1002D55D 
ARM GAS  C:\Users\patri\AppData\Local\Temp\ccsVU9vJ.s 			page 12


 490      F24D5BE9 
 490      28CF
 491 0012 6D2D851D 		.ascii	"m-\205\035\030\357\021\"\014\214\210\027\376\010\"k"
 491      18EF1122 
 491      0C8C8817 
 491      FE08226B 
 492 0022 C45112A5 		.ascii	"\304Q\022\245\024\355R\201O\023a\331>\251\343&\203w"
 492      14ED5281 
 492      4F1361D9 
 492      3EA9E326 
 492      8377
 493 0034 EBC9F7DB 		.ascii	"\353\311\367\333M\340\005\315\024\017\240"
 493      4DE005CD 
 493      140FA0
 494              		.text
 495              		.section	.gnu.lto_.pureconst.90c3f7cb,"e",%progbits
 496 0000 789C6367 		.ascii	"x\234cg```b\230\305\3024\203\005\000\004\262\001F"
 496      60606062 
 496      98C5C234 
 496      83050004 
 496      B20146
 497              		.text
 498              		.section	.gnu.lto_.ipa_modref.90c3f7cb,"e",%progbits
 499 0000 789C5362 		.ascii	"x\234Sb@\000&\006&Q\006\005\001\001F\010\301\300\304"
 499      40002606 
 499      26510605 
 499      01014608 
 499      C1C0C4
 500 0013 242E0F64 		.ascii	"$.\017d10\200\211\226\016\001\006\000#\027\002\224"
 500      31308089 
 500      960E0106 
 500      00231702 
 500      94
 501              		.text
 502              		.section	.gnu.lto_.lto.90c3f7cb,"e",%progbits
 503 0000 0B000300 		.ascii	"\013\000\003\000\001\000\000\000"
 503      01000000 
 504              		.text
 505              		.section	.gnu.lto_u8x8_u8toap.1.90c3f7cb,"e",%progbits
 506 0000 789C5552 		.ascii	"x\234UR]lTE\024>\337\234\271\367\356M\263\324\356\202"
 506      5D6C5445 
 506      143EDF9C 
 506      B9F7EE4D 
 506      B3D4EE82 
 507 0014 6F9B3431 		.ascii	"o\23341&&\306\226\264!.<\221\364\325\227\306\327&M\331"
 507      2626C696 
 507      B4212E3C 
 507      91F4D597 
 507      C6D7264D 
 508 0029 36B6D6B2 		.ascii	"6\266\326\262\260\333EW\322t(e\233lc`M*\325\230\"\306"
 508      B0DB4557 
 508      D2742865 
 508      9B6C6360 
 508      4D2AD598 
 509 003f 1F121131 		.ascii	"\037\022\0211\001l*)\353\242\202\242 \370\200\202\325"
 509      016C2A29 
 509      EBA282A2 
ARM GAS  C:\Users\patri\AppData\Local\Temp\ccsVU9vJ.s 			page 13


 509      20F88082 
 509      D5
 510 0050 A48949E1 		.ascii	"\244\211I\341\205\022\377\321\024\317\314\335.:\311"
 510      8512FFD1 
 510      14CFCCDD 
 510      2E3AC9
 511 005f 9D7366BE 		.ascii	"\235sf\276\357|\347\347N\215\211v\023\321\011\371\020"
 511      EF7CE7E7 
 511      4E8D8976 
 511      13D109F9 
 511      10
 512 0070 125EAE94 		.ascii	"\022^\256\224\025\031c\266\007\012\207+\345;\247\025"
 512      151963B6 
 512      070A872B 
 512      E53BA715 
 513 0080 CEC39D19 		.ascii	"\316\303\235\0313\225\362\225\317\331\0354f>\\'zj\262"
 513      3395F295 
 513      CFD91D34 
 513      663E5C27 
 513      7A6AB2
 514 0093 326D69D7 		.ascii	"2mi\327V\357\245u\251\262\341\304\301\003\201\366q\270"
 514      56EFA575 
 514      A9B2E1C4 
 514      C10381F6 
 514      71B8
 515 00a5 C108D4FE 		.ascii	"\301\010\324\376\210!\247\315z\366\320\262u\036\322"
 515      8821A7CD 
 515      7AF6D0B2 
 515      751ED2
 516 00b4 31EC13C5 		.ascii	"1\354\023\305w#E\320\270b\355\371A\014\343\034\020\252"
 516      772345D0 
 516      B862EDF9 
 516      410CE31C 
 516      10AA
 517 00c6 1AFC60A3 		.ascii	"\032\374`\243hy\364`\035e\017~\022Z\366Mhm\257\032\363"
 517      6879F460 
 517      1D650F7E 
 517      125AF64D 
 517      686DAF1A 
 518 00db E7CFAF7C 		.ascii	"\347\317\257|\267\355\365cU=Nc\363\370\010.\002\261"
 518      B7EDF563 
 518      553D4E63 
 518      F3F8082E 
 518      02B1
 519 00ed A7E80901 		.ascii	"\247\350\011\001\277\2718oLH{\027P\307\224\352\236T"
 519      BFB9386F 
 519      4C487B17 
 519      50C794EA 
 519      9E54
 520 00ff 020F46F0 		.ascii	"\002\017F\360\217\247\214a*\236\305\330\226\016\001"
 520      8FA78C61 
 520      2A9EC5D8 
 520      960E01
 521 010e B9FB9072 		.ascii	"\271\373\220r\321\317\312\366\270\020V\177838ktq1\""
 521      D1CFCAF6 
 521      B810567F 
 521      3833386B 
ARM GAS  C:\Users\patri\AppData\Local\Temp\ccsVU9vJ.s 			page 14


 521      74713122 
 522 0122 1075BF6F 		.ascii	"\020u\277o\243\237\253\303'o\332\370\326b\265\001\277"
 522      A39FABC3 
 522      276FDAF8 
 522      D662B501 
 522      BF
 523 0133 65E19DEB 		.ascii	"e\341\235\353\360\215\010\2565\340WU\023\235\307'8\007"
 523      F08D08AE 
 523      35E05755 
 523      139DC727 
 523      3807
 524 0145 1AB3B327 		.ascii	"\032\263\263'b\324\200*\260\210\017\256yU\363\317\375"
 524      62D4802A 
 524      B0880FAE 
 524      7955F3CF 
 524      FD
 525 0156 83C65CD9 		.ascii	"\203\306\\\331\364N\363F\220\322\212\224\307\204\263"
 525      F44EF346 
 525      90D28A94 
 525      C784B3
 526 0165 D052B827 		.ascii	"\320R\270'\343\201oO\201\335b$\221\241\275k\202\034"
 526      E3816F4F 
 526      81DD6224 
 526      91A1BD6B 
 526      821C
 527 0177 E3C0029A 		.ascii	"\343\300\002\232ItZ,\220\260\224\244E\211\346\230\336"
 527      49745A2C 
 527      90B094A4 
 527      4589E698 
 527      DE
 528 0188 5E5B4EC0 		.ascii	"^[N\300T\211\216\260r\376>\361\377Pf\371t\334\2313p"
 528      54898EB0 
 528      72FE3EF1 
 528      FF5066F9 
 528      74DC9933 
 529 019d 663E320B 		.ascii	"f>2\013\326L\274\261Ut\374\242\033\350\021\346\325{"
 529      D64CBCB1 
 529      5574FCA2 
 529      1BE811E6 
 529      D57B
 530 01af C7D28DB0 		.ascii	"\307\322\215\260s)\307\350\264\025\025\261\331\335]"
 530      7329C7E8 
 530      B41515B1 
 530      D9DD5D
 531 01be 4DD1DF6A 		.ascii	"M\321\337jbmj\211\031\034\023\177\377\251\022X\346\341"
 531      626D6A89 
 531      191C137F 
 531      FFA91258 
 531      E6E1
 532 01d0 E7210329 		.ascii	"\347!\003)\213\335-\3668t\366\".\200\312(\031\263\262"
 532      8BDD2DF6 
 532      3874F622 
 532      2E80CA28 
 532      19B3B2
 533 01e3 21FF0564 		.ascii	"!\377\005d\0106\364\265\351\257\301\315\302/\200\216"
 533      0836F4B5 
 533      E9AFC1CD 
ARM GAS  C:\Users\patri\AppData\Local\Temp\ccsVU9vJ.s 			page 15


 533      C22F808E 
 534 01f3 DBC7B212 		.ascii	"\333\307\262\022\037y\361\022\250\236jQ@\227\350\333"
 534      1F79F112 
 534      A89E6A51 
 534      4097E8DB 
 535 0203 94AB4857 		.ascii	"\224\253HW\016\\\277\300\215\222\256\2076\345\311\322"
 535      0E5CBFC0 
 535      8D92AE87 
 535      36E5C9D2 
 536 0213 A39C60DF 		.ascii	"\243\234`\3371'Ze\006\234p\350\367\016\235+\2458\311"
 536      31275A65 
 536      069C70E8 
 536      F70E9D2B 
 536      A538C9
 537 0226 A1948C08 		.ascii	"\241\224\214\010\257\202\223N\314\223tF\327\305&\266"
 537      AF82934E 
 537      CC937446 
 537      D7C526B6 
 538 0236 DBC17128 		.ascii	"\333\301q(\256\262\022~\224\366h(\217\231~W\223?u\271"
 538      AEB2127E 
 538      94F66828 
 538      8F997E57 
 538      933F75B9 
 539 024a 0CB2A6C4 		.ascii	"\014\262\246\304\011X\023'\364\342K\236\300S\034\342"
 539      09581327 
 539      F4E24B9E 
 539      C0531CE2 
 540 025a 33F0DA7B 		.ascii	"3\360\332{>'\365\345\021Q\366\327\007\247\254\310R*"
 540      3E27F5E5 
 540      1151F6D7 
 540      07A7ACC8 
 540      522A
 541 026c 1ACC1258 		.ascii	"\032\314\022Xs<\352{\366\326Fizo\243\351\341=\227e$"
 541      733CEA7B 
 541      F6D64669 
 541      7A6FA3E9 
 541      E13D9765 
 542 0281 9E4BFAF1 		.ascii	"\236K\372\361o\210\012\007\267p\014_\325\353\256\311"
 542      6F880A07 
 542      B7700C5F 
 542      D5EBAEC9 
 543 0291 D16667F6 		.ascii	"\321fg\366=-\326\343\320\263m\0043\177M_\"\233\015\266"
 543      3D2DD6E3 
 543      D0B36D04 
 543      337F4D5F 
 543      229B0DB6 
 544 02a5 F69AFD11 		.ascii	"\366\232\375\021\365&\002\253\367\346M]\357\341v\027"
 544      F52602AB 
 544      F7E64D5D 
 544      EFE17617 
 545 02b5 C7640E1C 		.ascii	"\307d\016\034u\021p\223\222.\244\323)\311\362)\324\227"
 545      75117093 
 545      922EA4D3 
 545      29C9F229 
 545      D497
 546 02c7 8F088F5B 		.ascii	"\217\010\217[\374\033\201\250\306\376\367d\356\306m"
 546      FC1B81A8 
ARM GAS  C:\Users\patri\AppData\Local\Temp\ccsVU9vJ.s 			page 16


 546      C6FEF764 
 546      EEC66D
 547 02d6 D1BFAEC4 		.ascii	"\321\277\256\304]\321\034\025\315\303\375WA\3760\"\316"
 547      5DD11C15 
 547      CDC3FD57 
 547      41FE3022 
 547      CE
 548 02e7 2F71BA2F 		.ascii	"/q\272/?m\013\307\255\376\034\243\361\000\211\036\353"
 548      3F6D0BC7 
 548      ADFE1CA3 
 548      F100891E 
 548      EB
 549 02f8 DAD6D335 		.ascii	"\332\326\32358\264c\350\351\321B\377P\266\347\371ln"
 549      38B463E8 
 549      E9D142FF 
 549      50B6E7F9 
 549      6C6E
 550 030a 38BFAB2F 		.ascii	"8\277\253/3\320[\310\017\344zF\2062\271lf\347h\216Z"
 550      33D05BC8 
 550      0FE47A46 
 550      8632B96C 
 550      66E7688E 
 551 031f DBDAF3D9 		.ascii	"\333\332\363\331B.3\320^H?\323\321\233\311\3472\342"
 551      422E33D0 
 551      5E483FD3 
 551      D19BC9E7 
 551      32E2
 552 0331 BD90EE2D 		.ascii	"\275\220\356-\244G\263}m\031\322\375\003\371\321\207"
 552      A447B37D 
 552      6D19D2FD 
 552      03F9D187 
 553 0341 FF7BD5F6 		.ascii	"\377{\325\366d_gg\307\326\276\035\204=\310\240\237w"
 553      645F6767 
 553      C7D6BE1D 
 553      843DC8A0 
 553      9F77
 554 0353 65F3FF02 		.ascii	"e\363\377\002[\337h\005"
 554      5BDF6805 
 555              		.text
 556              		.section	.gnu.lto_u8x8_u8toa.2.90c3f7cb,"e",%progbits
 557 0000 789C4D4F 		.ascii	"x\234MO\317KTQ\030=\347~o\236O\302\225h\333YE\033gp"
 557      CF4B5451 
 557      183DE77E 
 557      6F9E4FC2 
 557      9568DB59 
 558 0018 441C5D09 		.ascii	"D\034]\011n\245\215\333\201a|N5H>\347\275y\225\3100"
 558      6EA58DDB 
 558      81617C4E 
 558      35483EE7 
 558      BD7995C8 
 559 002d D7910C66 		.ascii	"\327\221\014f\243\026D\213\350\307&Z\004\265\020\014"
 559      A316448B 
 559      E8C7265A 
 559      04B5100C 
 560 003d B1782544 		.ascii	"\261x%D\273\242m\273\240?A\024\3741}3\003*\367\336\357"
 560      BBA26DBB 
 560      A03F4114 
ARM GAS  C:\Users\patri\AppData\Local\Temp\ccsVU9vJ.s 			page 17


 560      FC317D33 
 560      032AF7DE 
 561 0052 BBE71CEE 		.ascii	"\273\347\034\356\371\316\235%p\033\300\015=\024\360"
 561      F9CE9D25 
 561      701BC00D 
 561      3D14F0
 562 0061 C976CBC0 		.ascii	"\311v\313\300Z;\335g\270\266\335\372\371\374\324\341"
 562      5A3BDD67 
 562      B8B6DDFA 
 562      F9FCD4E1 
 563 0071 677609A2 		.ascii	"gv\011\242a\330\340\033I\321\035\244\243u\210\351lb"
 563      61D8E01B 
 563      49D11DA4 
 563      A37588E9 
 563      6C62
 564 0083 EDF1BF67 		.ascii	"\355\361\277ggS/\336%N\003\365O\334UG Eo\026#*\376\372"
 564      67532FDE 
 564      254E03F5 
 564      4FDC5547 
 564      20456F16 
 565 009b B163AD60 		.ascii	"\261c\255`u\217\365\361\034`\314\255]\252X\356\211\177"
 565      758FF5F1 
 565      1C60CCAD 
 565      5DAA58EE 
 565      897F
 566 00ad 7AE2FE85 		.ascii	"z\342\376\205\230\350\353k@\275\023G\267\221\017\277"
 566      98E8EB6B 
 566      40BD1347 
 566      B7910FBF 
 567 00bd 53893D6D 		.ascii	"S\211=moZ{t\375\355h?a:\313\021r\237\016\264\270\344"
 567      6F5A7B74 
 567      FDED683F 
 567      613ACB11 
 567      729F0EB4 
 568 00d3 1E3D2581 		.ascii	"\036=%\201\227\322\211n\035\332\004x%\246\007\326\024"
 568      97D2896E 
 568      1DDA0478 
 568      25A607D6 
 568      14
 569 00e4 1C19FBB7 		.ascii	"\034\031\373\267=\320m[.N\314\372\307\215\021q\334U"
 569      3DD06D5B 
 569      2E4ECCFA 
 569      C78D1171 
 569      DC55
 570 00f6 8A88B2CD 		.ascii	"\212\210\262\315\264\032\211\323\325\237~'\316\314\243"
 570      B41A89D3 
 570      D59F7E27 
 570      CECCA3
 571 0105 D7E3C216 		.ascii	"\327\343\302\026M\034u\376\342V\251UauE\373{\"\370\306"
 571      4D1C75FE 
 571      E256A955 
 571      617545FB 
 571      7B22F8C6 
 572 0119 AF448B4D 		.ascii	"\257D\213Mk\275\352\001\277P\\\323\257\276\315\363\307"
 572      6BBDEA01 
 572      BF505CD3 
 572      AFBECDF3 
ARM GAS  C:\Users\patri\AppData\Local\Temp\ccsVU9vJ.s 			page 18


 572      C7
 573 012a 872246AD 		.ascii	"\207\"F\255t\306\316\006\305\023\212A['\210\207nD^F"
 573      74C6CE06 
 573      C5138A41 
 573      5B278887 
 573      6E445E46 
 574 013e 046ECE4C 		.ascii	"\004n\316L\025f\356V\346+s\265x\241\022\024\036\004"
 574      1566EE56 
 574      E62B73B5 
 574      78A11214 
 574      1E04
 575 0150 E162B45C 		.ascii	"\341b\264\\\362\313\3058*\207\205{\025?\014\374\245"
 575      F2CBC538 
 575      2A87857B 
 575      153F0CFC 
 575      A5
 576 0161 5A887426 		.ascii	"Z\210t&\033\005q\350\227\263q\376N\256\350G\241\257"
 576      1B0571E8 
 576      97B371FE 
 576      4EAEE847 
 576      A1AF
 577 0173 B787F962 		.ascii	"\267\207\371b\234\257\005\245\214\017\336\037\276\212"
 577      9CAF05A5 
 577      8C0FDE1F 
 577      BE8A
 578 0181 3313A5B1 		.ascii	"3\023\245\261\261\334di\036\\\370\017.h\206\321"
 578      B1DC6469 
 578      1E5CF80F 
 578      2E6886D1 
 579              		.text
 580              		.section	.gnu.lto_.symbol_nodes.90c3f7cb,"e",%progbits
 581 0000 789CF361 		.ascii	"x\234\363a\000\002&\306z\326\245\377\036\0111N8\307"
 581      000226C6 
 581      7AD6A5FF 
 581      1E09314E 
 581      38C7
 582 0012 C050CFC0 		.ascii	"\300P\317\300\260\253\241\221\021(\314\312\300\326\340"
 582      B0ABA191 
 582      1128CCCA 
 582      C0D6E0
 583 0021 C4C0C0CC 		.ascii	"\304\300\300\314\304T\317\336\000\004,\350\362\314\314"
 583      C454CFDE 
 583      00042CE8 
 583      F2CCCC
 584 0030 60796626 		.ascii	"`yf&\006\210\364!F\006\000\345\330\021\232"
 584      0688F421 
 584      460600E5 
 584      D8119A
 585              		.text
 586              		.section	.gnu.lto_.refs.90c3f7cb,"e",%progbits
 587 0000 789CE365 		.ascii	"x\234\343e```d`b\344b`dbbfc`\000\000\001\260\000*"
 587      60606064 
 587      6062E462 
 587      60646262 
 587      66636000 
 588              		.text
 589              		.section	.gnu.lto_.decls.90c3f7cb,"e",%progbits
ARM GAS  C:\Users\patri\AppData\Local\Temp\ccsVU9vJ.s 			page 19


 590 0000 789C8552 		.ascii	"x\234\205R]L\034U\024\276gv\330\016\224vY\352O5%\240"
 590      5D4C1C55 
 590      14BE6776 
 590      D80E9476 
 590      59EA4F35 
 591 0016 2F6DB229 		.ascii	"/m\262)\025j\005\215\017(&\366\301\030\023\323\027\203"
 591      156A058D 
 591      0F2826F6 
 591      C11813D3 
 591      1783
 592 0028 D92ECBB6 		.ascii	"\331.\313\266l\014\354f\331\325\276y\366\007\034\023"
 592      6C0CEC66 
 592      D9D5BE79 
 592      F6071C13 
 593 0038 DBCC341A 		.ascii	"\333\3144\0327\004\342fJ\025\2151\244\226\010-\254\303"
 593      3704E266 
 593      4A158D31 
 593      A496082D 
 593      ACC3
 594 004a 3220A02D 		.ascii	"2 \240- \024\371\213\335\015`\366\201\0105\241\241\261"
 594      2014F98B 
 594      DD0D60F6 
 594      810835A1 
 594      A1B1
 595 005c 8A6796E1 		.ascii	"\212g\226\341G|p\222\357\336\271\367\234\357\234\363"
 595      477C7092 
 595      EFDEB9F7 
 595      9CEF9CF3 
 596 006c 9D7BDEE2 		.ascii	"\235{\336\342\031\273\317\030\223\010\033\364\231h\237"
 596      19BBCF18 
 596      93081BF4 
 596      99689F
 597 007b 20088438 		.ascii	" \010\2048\241\2370@\230\"\374B\230',\020\306\011\335"
 597      A19F3040 
 597      9822FC42 
 597      98272C10 
 597      C609DD
 598 008e C0D87EDA 		.ascii	"\300\330~\332G\215\373-\337|\203\273h\370&\011\275\204"
 598      478DFB2D 
 598      DF7C83BB 
 598      68F82609 
 598      BD84
 599 00a0 3EC215E2 		.ascii	">\302\025\342\344\030\234\361]\261u\316\222\021G\317"
 599      E4189CF1 
 599      5DB175CE 
 599      921147CF 
 600 00b0 73873047 		.ascii	"s\2070G0\037\002\336\374(\024\231\013`\003ha\002\307"
 600      301F02DE 
 600      FC281499 
 600      0B600368 
 600      6102C7
 601 00c3 4E61E64B 		.ascii	"Na\346K\344\263\233\024\215>[\256\3602\3439\345jg\343"
 601      E4B39B14 
 601      8D3E5BAE 
 601      F032E339 
 601      E56A67E3 
 602 00d7 018B8A98 		.ascii	"\001\213\212\230V\023A\023;U\312z\241\240\007n@7\360"
ARM GAS  C:\Users\patri\AppData\Local\Temp\ccsVU9vJ.s 			page 20


 602      56134113 
 602      3B55CA7A 
 602      A1A0076E 
 602      4037F0
 603 00ea DC95B1DE 		.ascii	"\334\225\261\336\236}V2\256b,\301\307\241\013\276#\362"
 603      9E7D5632 
 603      AE622CC1 
 603      C7A10BBE 
 603      23F2
 604 00fc F704E10D 		.ascii	"\367\004\341\015\306\233\333\323mK\374S\000\026B\010"
 604      C69BDBD3 
 604      6D4BFC53 
 604      00164208 
 605 010c F1616102 		.ascii	"\361aa\002\364@h\004R!\001\254\037\372\200KP\254\345"
 605      F4406804 
 605      522101AC 
 605      1FFA804B 
 605      50ACE5
 606 011f F5B991AC 		.ascii	"\365\271\221\254\355X\011#\226\246\307:Cu\014<\234\375"
 606      ED580923 
 606      96A6C73A 
 606      43750C3C 
 606      9CFD
 607 0131 3AD7B29B 		.ascii	":\327\262\233>\260U\207\3606\331gn\177\321\315\335\003"
 607      3EB05587 
 607      F036D967 
 607      6E7FD1CD 
 607      DD03
 608 0143 9220A21A 		.ascii	"\222 \242\032\324\004IIc\007\242\027\007\323\321\346"
 608      D4044949 
 608      6307A217 
 608      07D3D1E6 
 609 0153 A6B46895 		.ascii	"\246\264h\225\251\002\354\020\361\311(]77'%.f\302\210"
 609      A902EC10 
 609      F1C9285D 
 609      37372725 
 609      2E66C288 
 610 0167 AE399C8B 		.ascii	"\2569\234\213\327i\013\325b\270I?\177t8\026\336\354"
 610      D7690BD5 
 610      62B8493F 
 610      7F743816 
 610      DEEC
 611 0179 C618A0DA 		.ascii	"\306\030\240\332\204\035\252Y\351\307\246(\276\326\334"
 611      841DAA59 
 611      E9C7A628 
 611      BED6DC
 612 0188 9C1ED253 		.ascii	"\234\036\322S\340\345d\313\007\226Xx^\214\365\343\023"
 612      E0E564CB 
 612      07965878 
 612      5E8CF5E3 
 612      13
 613 0199 318A12C5 		.ascii	"1\212\022\305\210*C\220(A\025e\025\244X\313\305K\021"
 613      882A4390 
 613      28411565 
 613      15A458CB 
 613      C54B11
 614 01ac 6DFA4830 		.ascii	"m\372H0\024\0211\244\211y\022-\250`\227U&\177\251M\305"
ARM GAS  C:\Users\patri\AppData\Local\Temp\ccsVU9vJ.s 			page 21


 614      141131A4 
 614      8979122D 
 614      A8609755 
 614      267FA94D 
 615 01c1 3C8C6962 		.ascii	"<\214ibP\321D\220\225\210(+\032\302e\362)\222\251\252"
 615      50D14490 
 615      9588282B 
 615      1AC265F2 
 615      2992A9AA 
 616 01d5 A0522127 		.ascii	"\240R!'\033)\221\206V\235-+\257\004c\032\235#\"\004"
 616      1B299186 
 616      569D2D2B 
 616      AF04631A 
 616      9D232204 
 617 01e9 63284A21 		.ascii	"c(J!\374\320*)\242(\021\337J\374.9\244\"\375\250\242"
 617      FCD02A29 
 617      A22811DF 
 617      4AFC2E39 
 617      A422FDA8 
 618 01fe FC346541 		.ascii	"\3744eAs\346\015\211\300\321R\301s8<\362\342\037z\351"
 618      73E60D89 
 618      C0D152C1 
 618      73383CF2 
 618      E21F7AE9 
 619 0212 3D97964D 		.ascii	"=\227\226MpP\252`P\222'\274O\215\353M\266\257\011\331"
 619      7050AA60 
 619      509227BC 
 619      4F8DEB4D 
 619      B6AF09D9 
 620 0226 E43C08F7 		.ascii	"\344<\010\367\350\330\363U\367x\356\346\361G\240A\341"
 620      E8D8F355 
 620      F778EEE6 
 620      F147A041 
 620      E1
 621 0237 6850F278 		.ascii	"hP\362xNk\234\3756\373_c\260\375z<\327}\265%\222\263"
 621      4E6B9CFD 
 621      36FB5F63 
 621      B0FD7A3C 
 621      D77DB525 
 622 024d FD74A3C6 		.ascii	"\375t\243\306\323\215\021xn-\032=}\204\362.#>2\006\267"
 622      D38D1178 
 622      6E2D1A3D 
 622      7D84F22E 
 622      233E3206 
 623 0262 E116DD8E 		.ascii	"\341\026\335\216\003\373)c\\\301D<\373X4\212\353\235"
 623      03FB2963 
 623      5CC1443C 
 623      FB58348A 
 623      EB9D
 624 0274 236B4A61 		.ascii	"#kJak\027\242.Z \217\021\350\311\314\341\010\260a\030"
 624      6B17A22E 
 624      5A208F11 
 624      E8C9CCE1 
 624      08B06118 
 625 0288 02DB9720 		.ascii	"\002\333\227 L\202>\271&\236\213\307W~\007\013\352\371"
 625      4C823EB9 
 625      269E8BC7 
ARM GAS  C:\Users\patri\AppData\Local\Temp\ccsVU9vJ.s 			page 22


 625      577E070B 
 625      EAF9
 626 029a D448F6A1 		.ascii	"\324H\366\241\315tw\200\225LR1m}\027W\370\307\365V!"
 626      CD747780 
 626      954C5231 
 626      6D7D1757 
 626      F8C7F556 
 627 02af 9EDD1AA3 		.ascii	"\236\335\032\243)\320\355\314&I\270\272\021\347\207"
 627      29D0EDCC 
 627      2649B8BA 
 627      11E787
 628 02be 909F8209 		.ascii	"\220\237\202\011\370\331\260\376\000\3146L\324\326p"
 628      F8D9B0FE 
 628      00CC364C 
 628      D4D670
 629 02cd EAEE8E8E 		.ascii	"\352\356\216\216)\303:\255\217 -\377i\325\342\203\353"
 629      29C33AAD 
 629      8F202DFF 
 629      69D5E283 
 629      EB
 630 02de 2FE9270D 		.ascii	"/\351'\015f\211<\324\331\362\000\366*\235\0076\227Q"
 630      66893CD4 
 630      D9F200F6 
 630      2A9D0736 
 630      9751
 631 02f0 1ABE96CE 		.ascii	"\032\276\226\316\327\205\256N\337\360\266\223S\305<"
 631      D785AE4E 
 631      DFF0B693 
 631      53C53C
 632 02ff CC180A67 		.ascii	"\314\030\012g\014\205\367)\310h\307\347\255\334^e\277"
 632      0C85F729 
 632      C868C7E7 
 632      ADDC5E65 
 632      BF
 633 0310 92B25B40 		.ascii	"\222\262[@\357p\230\347\202\321\277V,[\352\012\356\002"
 633      EF7098E7 
 633      82D1BF56 
 633      2C5BEA0A 
 633      EE02
 634 0322 F5842541 		.ascii	"\365\204%Aw\241$7\325O\006\263\266\214q\330c\375\373"
 634      77A12437 
 634      D54F06B3 
 634      B68C71D8 
 634      63FDFB
 635 0335 D3C16F2C 		.ascii	"\323\301o,G\027\201K\201\220&\305\037S/F\327\371\323"
 635      4717814B 
 635      819026C5 
 635      1F532F46 
 635      D7F9D3
 636 0348 2958A04A 		.ascii	")X\240J6\235\027\000R`k\245J&'V\3774m\367\"e\364b)\023"
 636      369D1700 
 636      52606BA5 
 636      4A262756 
 636      FF346DF7 
 637 0362 49DA887F 		.ascii	"I\332\210\177f\331\266\315\033\266\337t5\205\305'\032"
 637      66D9B6CD 
 637      1BB6DF74 
ARM GAS  C:\Users\patri\AppData\Local\Temp\ccsVU9vJ.s 			page 23


 637      3585C527 
 637      1A
 638 0373 3C019FD3 		.ascii	"<\001\237\323u\"P~\276\324\356l\3609\351\357B\271=P"
 638      7522507E 
 638      BED4EE6C 
 638      F039E9EF 
 638      42B93D50 
 639 0387 EEF7388A 		.ascii	"\356\3678\212\235\302\253\257\237)\252,)c\217\355\276"
 639      9DC2ABAF 
 639      9F29AA2C 
 639      29638FED 
 639      BE
 640 0398 2D2E739C 		.ascii	"-.s\234<Y\372\274\243\232\035\010\3247\270\317\327\273"
 640      3C59FABC 
 640      A39A1D08 
 640      D437B8CF 
 640      D7BB
 641 03aa 6A8A9CB5 		.ascii	"j\212\234\265\016\037\257/\373\002\356z\177\271\335"
 641      0E1FAF2F 
 641      FB02EE7A 
 641      7FB9DD
 642 03b9 9F551D38 		.ascii	"\237U\0358W\374\214\251\3449\226\353\360\325\275[\346"
 642      57FC8CA9 
 642      E43996EB 
 642      F0D5BD5B 
 642      E6
 643 03ca 3A5E673B 		.ascii	":^g;\347e9N\217\317\357\272p\274\356Y\226\263\023\363"
 643      E765394E 
 643      8FCFEFBA 
 643      70BCEE59 
 643      96B313F3 
 644 03de 58E50B55 		.ascii	"X\345\013U\225\265\356j\367\233\376@\215\333S\365\236"
 644      95B5EE6A 
 644      F79BFE40 
 644      8DDB53F5 
 644      9E
 645 03ef C7F74E83 		.ascii	"\307\367N\203\327\341t\331\003\015._U\235\333\351\363"
 645      D7E174D9 
 645      030D2E5F 
 645      559DDBE9 
 645      F3
 646 0400 38EBFD3E 		.ascii	"8\353\375>V\364?\0053\023\245\335\277s\3435\325\344"
 646      56F43F05 
 646      3313A5DD 
 646      BF73E335 
 646      D5E4
 647 0412 C0C19DB3 		.ascii	"\300\301\235\263\335\357\250\376\007\255\271 K"
 647      DDEFA8FE 
 647      07ADB920 
 647      4B
 648              		.text
 649              		.section	.gnu.lto_.symtab.90c3f7cb,"e",%progbits
 650 0000 75387838 		.ascii	"u8x8_u8toap\000"
 650      5F753874 
 650      6F617000 
 651 000c 00       		.ascii	"\000"
 652 000d 00       		.ascii	"\000"
ARM GAS  C:\Users\patri\AppData\Local\Temp\ccsVU9vJ.s 			page 24


 653 000e 00       		.ascii	"\000"
 654 000f 00000000 		.ascii	"\000\000\000\000\000\000\000\000"
 654      00000000 
 655 0017 DC000000 		.ascii	"\334\000\000\000"
 656 001b 75387838 		.ascii	"u8x8_u8toa\000"
 656      5F753874 
 656      6F6100
 657 0026 00       		.ascii	"\000"
 658 0027 00       		.ascii	"\000"
 659 0028 00       		.ascii	"\000"
 660 0029 00000000 		.ascii	"\000\000\000\000\000\000\000\000"
 660      00000000 
 661 0031 D1000000 		.ascii	"\321\000\000\000"
 662              		.text
 663              		.section	.gnu.lto_.ext_symtab.90c3f7cb,"e",%progbits
 664 0000 01       		.ascii	"\001"
 665 0001 01       		.ascii	"\001"
 666 0002 00       		.ascii	"\000"
 667 0003 01       		.ascii	"\001"
 668 0004 00       		.ascii	"\000"
 669              		.text
 670              		.section	.gnu.lto_.opts,"e",%progbits
 671 0000 272D666E 		.ascii	"'-fno-openmp' '-fno-openacc' '-fno-pie' '-fcf-prote"
 671      6F2D6F70 
 671      656E6D70 
 671      2720272D 
 671      666E6F2D 
 672 0033 6374696F 		.ascii	"ction=none' '-g' '-mcpu=cortex-m4' '-mthumb' '-mflo"
 672      6E3D6E6F 
 672      6E652720 
 672      272D6727 
 672      20272D6D 
 673 0066 61742D61 		.ascii	"at-abi=hard' '-mfpu=fpv4-sp-d16' '-mlibarch=armv7e-"
 673      62693D68 
 673      61726427 
 673      20272D6D 
 673      6670753D 
 674 0099 6D2B6670 		.ascii	"m+fp' '-march=armv7e-m+fp' '-O2' '-fomit-frame-poin"
 674      2720272D 
 674      6D617263 
 674      683D6172 
 674      6D763765 
 675 00cc 74657227 		.ascii	"ter' '-falign-functions=16' '-ffunction-sections' '"
 675      20272D66 
 675      616C6967 
 675      6E2D6675 
 675      6E637469 
 676 00ff 2D666461 		.ascii	"-fdata-sections' '-fno-common' '-flto' '-Xassembler"
 676      74612D73 
 676      65637469 
 676      6F6E7327 
 676      20272D66 
 677 0132 2720272D 		.ascii	"' '-alms=./build/lst/u8x8_u8toa.lst'\000"
 677      616C6D73 
 677      3D2E2F62 
 677      75696C64 
 677      2F6C7374 
ARM GAS  C:\Users\patri\AppData\Local\Temp\ccsVU9vJ.s 			page 25


 678              		.text
 679              		.comm	__gnu_lto_slim,1,1
 680              		.ident	"GCC: (Arm GNU Toolchain 11.3.Rel1) 11.3.1 20220712"
ARM GAS  C:\Users\patri\AppData\Local\Temp\ccsVU9vJ.s 			page 26


DEFINED SYMBOLS
                            *ABS*:00000000 u8x8_u8toa.c
C:\Users\patri\AppData\Local\Temp\ccsVU9vJ.s:23     .gnu.debuglto_.debug_info:00000000 u8x8_u8toa.c.7a3329ab
                            *COM*:00000001 __gnu_lto_slim

NO UNDEFINED SYMBOLS
