ARM GAS  C:\Users\patri\AppData\Local\Temp\ccg7VWWO.s 			page 1


   1              		.cpu cortex-m4
   2              		.arch armv7e-m
   3              		.fpu fpv4-sp-d16
   4              		.eabi_attribute 27, 1
   5              		.eabi_attribute 28, 1
   6              		.eabi_attribute 20, 1
   7              		.eabi_attribute 21, 1
   8              		.eabi_attribute 23, 3
   9              		.eabi_attribute 24, 1
  10              		.eabi_attribute 25, 1
  11              		.eabi_attribute 26, 1
  12              		.eabi_attribute 30, 2
  13              		.eabi_attribute 34, 1
  14              		.eabi_attribute 18, 4
  15              		.file	"u8x8_u16toa.c"
  16              		.file 1 "c:\\chibistudio\\tools\\gnu tools arm embedded\\11.3 2022.08\\arm-none-eabi\\include\\mac
  17              		.file 2 "c:\\chibistudio\\tools\\gnu tools arm embedded\\11.3 2022.08\\arm-none-eabi\\include\\sys
  18              		.file 3 "./source/u8g2_csrc/u8x8_u16toa.c"
  19              		.section	.gnu.debuglto_.debug_info,"e",%progbits
  20              	.Ldebug_info0:
  21              		.hidden	u8x8_u16toa.c.fc653780
  22              		.weak	u8x8_u16toa.c.fc653780
  23              	u8x8_u16toa.c.fc653780:
  24 0000 4C010000 		.4byte	0x14c
  25 0004 0500     		.2byte	0x5
  26 0006 01       		.byte	0x1
  27 0007 04       		.byte	0x4
  28 0008 00000000 		.4byte	.Ldebug_abbrev0
  29 000c 07       		.uleb128 0x7
  30 000d 13010000 		.4byte	.LASF19
  31 0011 1D       		.byte	0x1d
  32 0012 6E000000 		.4byte	.LASF20
  33 0016 AE000000 		.4byte	.LASF21
  34 001a 00000000 		.4byte	.Ldebug_line0
  35 001e 01       		.uleb128 0x1
  36 001f 01       		.byte	0x1
  37 0020 06       		.byte	0x6
  38 0021 F2000000 		.4byte	.LASF0
  39 0025 03       		.uleb128 0x3
  40 0026 64000000 		.4byte	.LASF3
  41 002a 01       		.byte	0x1
  42 002b 2B       		.byte	0x2b
  43 002c 18       		.byte	0x18
  44 002d 31000000 		.4byte	0x31
  45 0031 01       		.uleb128 0x1
  46 0032 01       		.byte	0x1
  47 0033 08       		.byte	0x8
  48 0034 20000000 		.4byte	.LASF1
  49 0038 01       		.uleb128 0x1
  50 0039 02       		.byte	0x2
  51 003a 05       		.byte	0x5
  52 003b E3010000 		.4byte	.LASF2
  53 003f 03       		.uleb128 0x3
  54 0040 8F000000 		.4byte	.LASF4
  55 0044 01       		.byte	0x1
  56 0045 39       		.byte	0x39
  57 0046 19       		.byte	0x19
ARM GAS  C:\Users\patri\AppData\Local\Temp\ccg7VWWO.s 			page 2


  58 0047 4B000000 		.4byte	0x4b
  59 004b 01       		.uleb128 0x1
  60 004c 02       		.byte	0x2
  61 004d 07       		.byte	0x7
  62 004e DF000000 		.4byte	.LASF5
  63 0052 01       		.uleb128 0x1
  64 0053 04       		.byte	0x4
  65 0054 05       		.byte	0x5
  66 0055 D6000000 		.4byte	.LASF6
  67 0059 01       		.uleb128 0x1
  68 005a 04       		.byte	0x4
  69 005b 07       		.byte	0x7
  70 005c 3B000000 		.4byte	.LASF7
  71 0060 01       		.uleb128 0x1
  72 0061 08       		.byte	0x8
  73 0062 05       		.byte	0x5
  74 0063 00000000 		.4byte	.LASF8
  75 0067 01       		.uleb128 0x1
  76 0068 08       		.byte	0x8
  77 0069 07       		.byte	0x7
  78 006a 4D000000 		.4byte	.LASF9
  79 006e 08       		.uleb128 0x8
  80 006f 04       		.byte	0x4
  81 0070 05       		.byte	0x5
  82 0071 696E7400 		.ascii	"int\000"
  83 0075 01       		.uleb128 0x1
  84 0076 04       		.byte	0x4
  85 0077 07       		.byte	0x7
  86 0078 0E000000 		.4byte	.LASF10
  87 007c 03       		.uleb128 0x3
  88 007d 9A000000 		.4byte	.LASF11
  89 0081 02       		.byte	0x2
  90 0082 18       		.byte	0x18
  91 0083 13       		.byte	0x13
  92 0084 25000000 		.4byte	0x25
  93 0088 03       		.uleb128 0x3
  94 0089 FE000000 		.4byte	.LASF12
  95 008d 02       		.byte	0x2
  96 008e 24       		.byte	0x24
  97 008f 14       		.byte	0x14
  98 0090 3F000000 		.4byte	0x3f
  99 0094 01       		.uleb128 0x1
 100 0095 08       		.byte	0x8
 101 0096 04       		.byte	0x4
 102 0097 07010000 		.4byte	.LASF13
 103 009b 05       		.uleb128 0x5
 104 009c ED010000 		.4byte	.LASF15
 105 00a0 45       		.byte	0x45
 106 00a1 BC000000 		.4byte	0xbc
 107 00a5 BC000000 		.4byte	0xbc
 108 00a9 04       		.uleb128 0x4
 109 00aa 7600     		.ascii	"v\000"
 110 00ac 45       		.byte	0x45
 111 00ad 20       		.byte	0x20
 112 00ae 88000000 		.4byte	0x88
 113 00b2 02       		.uleb128 0x2
 114 00b3 7300     		.ascii	"s\000"
ARM GAS  C:\Users\patri\AppData\Local\Temp\ccg7VWWO.s 			page 3


 115 00b5 47       		.byte	0x47
 116 00b6 0F       		.byte	0xf
 117 00b7 BC000000 		.4byte	0xbc
 118 00bb 00       		.byte	0
 119 00bc 06       		.uleb128 0x6
 120 00bd C8000000 		.4byte	0xc8
 121 00c1 01       		.uleb128 0x1
 122 00c2 01       		.byte	0x1
 123 00c3 08       		.byte	0x8
 124 00c4 F7010000 		.4byte	.LASF14
 125 00c8 09       		.uleb128 0x9
 126 00c9 C1000000 		.4byte	0xc1
 127 00cd 05       		.uleb128 0x5
 128 00ce A2000000 		.4byte	.LASF16
 129 00d2 3E       		.byte	0x3e
 130 00d3 BC000000 		.4byte	0xbc
 131 00d7 F9000000 		.4byte	0xf9
 132 00db 04       		.uleb128 0x4
 133 00dc 7600     		.ascii	"v\000"
 134 00de 3E       		.byte	0x3e
 135 00df 22       		.byte	0x22
 136 00e0 88000000 		.4byte	0x88
 137 00e4 04       		.uleb128 0x4
 138 00e5 6400     		.ascii	"d\000"
 139 00e7 3E       		.byte	0x3e
 140 00e8 2D       		.byte	0x2d
 141 00e9 7C000000 		.4byte	0x7c
 142 00ed 02       		.uleb128 0x2
 143 00ee 62756600 		.ascii	"buf\000"
 144 00f2 40       		.byte	0x40
 145 00f3 0F       		.byte	0xf
 146 00f4 F9000000 		.4byte	0xf9
 147 00f8 00       		.byte	0
 148 00f9 0A       		.uleb128 0xa
 149 00fa C1000000 		.4byte	0xc1
 150 00fe 09010000 		.4byte	0x109
 151 0102 0B       		.uleb128 0xb
 152 0103 75000000 		.4byte	0x75
 153 0107 05       		.byte	0x5
 154 0108 00       		.byte	0
 155 0109 05       		.uleb128 0x5
 156 010a 2E000000 		.4byte	.LASF17
 157 010e 28       		.byte	0x28
 158 010f BC000000 		.4byte	0xbc
 159 0113 4A010000 		.4byte	0x14a
 160 0117 0C       		.uleb128 0xc
 161 0118 1B000000 		.4byte	.LASF18
 162 011c 03       		.byte	0x3
 163 011d 28       		.byte	0x28
 164 011e 21       		.byte	0x21
 165 011f 4A010000 		.4byte	0x14a
 166 0123 04       		.uleb128 0x4
 167 0124 7600     		.ascii	"v\000"
 168 0126 28       		.byte	0x28
 169 0127 30       		.byte	0x30
 170 0128 88000000 		.4byte	0x88
 171 012c 02       		.uleb128 0x2
ARM GAS  C:\Users\patri\AppData\Local\Temp\ccg7VWWO.s 			page 4


 172 012d 706F7300 		.ascii	"pos\000"
 173 0131 2A       		.byte	0x2a
 174 0132 0B       		.byte	0xb
 175 0133 7C000000 		.4byte	0x7c
 176 0137 02       		.uleb128 0x2
 177 0138 6400     		.ascii	"d\000"
 178 013a 2B       		.byte	0x2b
 179 013b 0B       		.byte	0xb
 180 013c 7C000000 		.4byte	0x7c
 181 0140 02       		.uleb128 0x2
 182 0141 6300     		.ascii	"c\000"
 183 0143 2C       		.byte	0x2c
 184 0144 0C       		.byte	0xc
 185 0145 88000000 		.4byte	0x88
 186 0149 00       		.byte	0
 187 014a 06       		.uleb128 0x6
 188 014b C1000000 		.4byte	0xc1
 189 014f 00       		.byte	0
 190              		.section	.gnu.debuglto_.debug_abbrev,"e",%progbits
 191              	.Ldebug_abbrev0:
 192 0000 01       		.uleb128 0x1
 193 0001 24       		.uleb128 0x24
 194 0002 00       		.byte	0
 195 0003 0B       		.uleb128 0xb
 196 0004 0B       		.uleb128 0xb
 197 0005 3E       		.uleb128 0x3e
 198 0006 0B       		.uleb128 0xb
 199 0007 03       		.uleb128 0x3
 200 0008 0E       		.uleb128 0xe
 201 0009 00       		.byte	0
 202 000a 00       		.byte	0
 203 000b 02       		.uleb128 0x2
 204 000c 34       		.uleb128 0x34
 205 000d 00       		.byte	0
 206 000e 03       		.uleb128 0x3
 207 000f 08       		.uleb128 0x8
 208 0010 3A       		.uleb128 0x3a
 209 0011 21       		.uleb128 0x21
 210 0012 03       		.sleb128 3
 211 0013 3B       		.uleb128 0x3b
 212 0014 0B       		.uleb128 0xb
 213 0015 39       		.uleb128 0x39
 214 0016 0B       		.uleb128 0xb
 215 0017 49       		.uleb128 0x49
 216 0018 13       		.uleb128 0x13
 217 0019 00       		.byte	0
 218 001a 00       		.byte	0
 219 001b 03       		.uleb128 0x3
 220 001c 16       		.uleb128 0x16
 221 001d 00       		.byte	0
 222 001e 03       		.uleb128 0x3
 223 001f 0E       		.uleb128 0xe
 224 0020 3A       		.uleb128 0x3a
 225 0021 0B       		.uleb128 0xb
 226 0022 3B       		.uleb128 0x3b
 227 0023 0B       		.uleb128 0xb
 228 0024 39       		.uleb128 0x39
ARM GAS  C:\Users\patri\AppData\Local\Temp\ccg7VWWO.s 			page 5


 229 0025 0B       		.uleb128 0xb
 230 0026 49       		.uleb128 0x49
 231 0027 13       		.uleb128 0x13
 232 0028 00       		.byte	0
 233 0029 00       		.byte	0
 234 002a 04       		.uleb128 0x4
 235 002b 05       		.uleb128 0x5
 236 002c 00       		.byte	0
 237 002d 03       		.uleb128 0x3
 238 002e 08       		.uleb128 0x8
 239 002f 3A       		.uleb128 0x3a
 240 0030 21       		.uleb128 0x21
 241 0031 03       		.sleb128 3
 242 0032 3B       		.uleb128 0x3b
 243 0033 0B       		.uleb128 0xb
 244 0034 39       		.uleb128 0x39
 245 0035 0B       		.uleb128 0xb
 246 0036 49       		.uleb128 0x49
 247 0037 13       		.uleb128 0x13
 248 0038 00       		.byte	0
 249 0039 00       		.byte	0
 250 003a 05       		.uleb128 0x5
 251 003b 2E       		.uleb128 0x2e
 252 003c 01       		.byte	0x1
 253 003d 3F       		.uleb128 0x3f
 254 003e 19       		.uleb128 0x19
 255 003f 03       		.uleb128 0x3
 256 0040 0E       		.uleb128 0xe
 257 0041 3A       		.uleb128 0x3a
 258 0042 21       		.uleb128 0x21
 259 0043 03       		.sleb128 3
 260 0044 3B       		.uleb128 0x3b
 261 0045 0B       		.uleb128 0xb
 262 0046 39       		.uleb128 0x39
 263 0047 21       		.uleb128 0x21
 264 0048 0D       		.sleb128 13
 265 0049 27       		.uleb128 0x27
 266 004a 19       		.uleb128 0x19
 267 004b 49       		.uleb128 0x49
 268 004c 13       		.uleb128 0x13
 269 004d 01       		.uleb128 0x1
 270 004e 13       		.uleb128 0x13
 271 004f 00       		.byte	0
 272 0050 00       		.byte	0
 273 0051 06       		.uleb128 0x6
 274 0052 0F       		.uleb128 0xf
 275 0053 00       		.byte	0
 276 0054 0B       		.uleb128 0xb
 277 0055 21       		.uleb128 0x21
 278 0056 04       		.sleb128 4
 279 0057 49       		.uleb128 0x49
 280 0058 13       		.uleb128 0x13
 281 0059 00       		.byte	0
 282 005a 00       		.byte	0
 283 005b 07       		.uleb128 0x7
 284 005c 11       		.uleb128 0x11
 285 005d 01       		.byte	0x1
ARM GAS  C:\Users\patri\AppData\Local\Temp\ccg7VWWO.s 			page 6


 286 005e 25       		.uleb128 0x25
 287 005f 0E       		.uleb128 0xe
 288 0060 13       		.uleb128 0x13
 289 0061 0B       		.uleb128 0xb
 290 0062 03       		.uleb128 0x3
 291 0063 0E       		.uleb128 0xe
 292 0064 1B       		.uleb128 0x1b
 293 0065 0E       		.uleb128 0xe
 294 0066 10       		.uleb128 0x10
 295 0067 17       		.uleb128 0x17
 296 0068 00       		.byte	0
 297 0069 00       		.byte	0
 298 006a 08       		.uleb128 0x8
 299 006b 24       		.uleb128 0x24
 300 006c 00       		.byte	0
 301 006d 0B       		.uleb128 0xb
 302 006e 0B       		.uleb128 0xb
 303 006f 3E       		.uleb128 0x3e
 304 0070 0B       		.uleb128 0xb
 305 0071 03       		.uleb128 0x3
 306 0072 08       		.uleb128 0x8
 307 0073 00       		.byte	0
 308 0074 00       		.byte	0
 309 0075 09       		.uleb128 0x9
 310 0076 26       		.uleb128 0x26
 311 0077 00       		.byte	0
 312 0078 49       		.uleb128 0x49
 313 0079 13       		.uleb128 0x13
 314 007a 00       		.byte	0
 315 007b 00       		.byte	0
 316 007c 0A       		.uleb128 0xa
 317 007d 01       		.uleb128 0x1
 318 007e 01       		.byte	0x1
 319 007f 49       		.uleb128 0x49
 320 0080 13       		.uleb128 0x13
 321 0081 01       		.uleb128 0x1
 322 0082 13       		.uleb128 0x13
 323 0083 00       		.byte	0
 324 0084 00       		.byte	0
 325 0085 0B       		.uleb128 0xb
 326 0086 21       		.uleb128 0x21
 327 0087 00       		.byte	0
 328 0088 49       		.uleb128 0x49
 329 0089 13       		.uleb128 0x13
 330 008a 2F       		.uleb128 0x2f
 331 008b 0B       		.uleb128 0xb
 332 008c 00       		.byte	0
 333 008d 00       		.byte	0
 334 008e 0C       		.uleb128 0xc
 335 008f 05       		.uleb128 0x5
 336 0090 00       		.byte	0
 337 0091 03       		.uleb128 0x3
 338 0092 0E       		.uleb128 0xe
 339 0093 3A       		.uleb128 0x3a
 340 0094 0B       		.uleb128 0xb
 341 0095 3B       		.uleb128 0x3b
 342 0096 0B       		.uleb128 0xb
ARM GAS  C:\Users\patri\AppData\Local\Temp\ccg7VWWO.s 			page 7


 343 0097 39       		.uleb128 0x39
 344 0098 0B       		.uleb128 0xb
 345 0099 49       		.uleb128 0x49
 346 009a 13       		.uleb128 0x13
 347 009b 00       		.byte	0
 348 009c 00       		.byte	0
 349 009d 00       		.byte	0
 350              		.section	.gnu.debuglto_.debug_line,"e",%progbits
 351              	.Ldebug_line0:
 352 0000 48000000 		.4byte	.LELT0-.LSLT0
 353              	.LSLT0:
 354 0004 0500     		.2byte	0x5
 355 0006 04       		.byte	0x4
 356 0007 00       		.byte	0
 357 0008 40000000 		.4byte	.LELTP0-.LASLTP0
 358              	.LASLTP0:
 359 000c 01       		.byte	0x1
 360 000d 01       		.byte	0x1
 361 000e 01       		.byte	0x1
 362 000f F6       		.byte	0xf6
 363 0010 F2       		.byte	0xf2
 364 0011 0D       		.byte	0xd
 365 0012 00       		.byte	0
 366 0013 01       		.byte	0x1
 367 0014 01       		.byte	0x1
 368 0015 01       		.byte	0x1
 369 0016 01       		.byte	0x1
 370 0017 00       		.byte	0
 371 0018 00       		.byte	0
 372 0019 00       		.byte	0
 373 001a 01       		.byte	0x1
 374 001b 00       		.byte	0
 375 001c 00       		.byte	0
 376 001d 01       		.byte	0x1
 377 001e 01       		.byte	0x1
 378 001f 01       		.uleb128 0x1
 379 0020 1F       		.uleb128 0x1f
 380 0021 04       		.uleb128 0x4
 381 0022 93000000 		.4byte	.LASF22
 382 0026 BB000000 		.4byte	.LASF23
 383 002a 21000000 		.4byte	.LASF24
 384 002e 1C010000 		.4byte	.LASF25
 385 0032 02       		.byte	0x2
 386 0033 01       		.uleb128 0x1
 387 0034 1F       		.uleb128 0x1f
 388 0035 02       		.uleb128 0x2
 389 0036 0B       		.uleb128 0xb
 390 0037 04       		.uleb128 0x4
 391 0038 00000000 		.4byte	.LASF26
 392 003c 00       		.byte	0
 393 003d 74000000 		.4byte	.LASF27
 394 0041 01       		.byte	0x1
 395 0042 12010000 		.4byte	.LASF28
 396 0046 02       		.byte	0x2
 397 0047 85000000 		.4byte	.LASF29
 398 004b 03       		.byte	0x3
 399              	.LELTP0:
ARM GAS  C:\Users\patri\AppData\Local\Temp\ccg7VWWO.s 			page 8


 400              	.LELT0:
 401              		.section	.gnu.debuglto_.debug_str,"eMS",%progbits,1
 402              	.LASF8:
 403 0000 6C6F6E67 		.ascii	"long long int\000"
 403      206C6F6E 
 403      6720696E 
 403      7400
 404              	.LASF10:
 405 000e 756E7369 		.ascii	"unsigned int\000"
 405      676E6564 
 405      20696E74 
 405      00
 406              	.LASF18:
 407 001b 64657374 		.ascii	"dest\000"
 407      00
 408              	.LASF1:
 409 0020 756E7369 		.ascii	"unsigned char\000"
 409      676E6564 
 409      20636861 
 409      7200
 410              	.LASF17:
 411 002e 75387838 		.ascii	"u8x8_u16toap\000"
 411      5F753136 
 411      746F6170 
 411      00
 412              	.LASF7:
 413 003b 6C6F6E67 		.ascii	"long unsigned int\000"
 413      20756E73 
 413      69676E65 
 413      6420696E 
 413      7400
 414              	.LASF9:
 415 004d 6C6F6E67 		.ascii	"long long unsigned int\000"
 415      206C6F6E 
 415      6720756E 
 415      7369676E 
 415      65642069 
 416              	.LASF3:
 417 0064 5F5F7569 		.ascii	"__uint8_t\000"
 417      6E74385F 
 417      7400
 418              	.LASF20:
 419 006e 2E2F736F 		.ascii	"./source/u8g2_csrc/u8x8_u16toa.c\000"
 419      75726365 
 419      2F753867 
 419      325F6373 
 419      72632F75 
 420              	.LASF4:
 421 008f 5F5F7569 		.ascii	"__uint16_t\000"
 421      6E743136 
 421      5F7400
 422              	.LASF11:
 423 009a 75696E74 		.ascii	"uint8_t\000"
 423      385F7400 
 424              	.LASF16:
 425 00a2 75387838 		.ascii	"u8x8_u16toa\000"
 425      5F753136 
ARM GAS  C:\Users\patri\AppData\Local\Temp\ccg7VWWO.s 			page 9


 425      746F6100 
 426              	.LASF21:
 427 00ae 433A5C43 		.ascii	"C:\\ChibiStudio\\workspace_user\\microcntr\000"
 427      68696269 
 427      53747564 
 427      696F5C77 
 427      6F726B73 
 428              	.LASF6:
 429 00d6 6C6F6E67 		.ascii	"long int\000"
 429      20696E74 
 429      00
 430              	.LASF5:
 431 00df 73686F72 		.ascii	"short unsigned int\000"
 431      7420756E 
 431      7369676E 
 431      65642069 
 431      6E7400
 432              	.LASF0:
 433 00f2 7369676E 		.ascii	"signed char\000"
 433      65642063 
 433      68617200 
 434              	.LASF12:
 435 00fe 75696E74 		.ascii	"uint16_t\000"
 435      31365F74 
 435      00
 436              	.LASF13:
 437 0107 6C6F6E67 		.ascii	"long double\000"
 437      20646F75 
 437      626C6500 
 438              	.LASF19:
 439 0113 474E5520 		.ascii	"GNU C17 11.3.1 20220712 -mcpu=cortex-m4 -mthumb -mf"
 439      43313720 
 439      31312E33 
 439      2E312032 
 439      30323230 
 440 0146 6C6F6174 		.ascii	"loat-abi=hard -mfpu=fpv4-sp-d16 -march=armv7e-m+fp "
 440      2D616269 
 440      3D686172 
 440      64202D6D 
 440      6670753D 
 441 0179 2D676764 		.ascii	"-ggdb -O2 -fomit-frame-pointer -falign-functions=16"
 441      62202D4F 
 441      32202D66 
 441      6F6D6974 
 441      2D667261 
 442 01ac 202D6666 		.ascii	" -ffunction-sections -fdata-sections -fno-common -f"
 442      756E6374 
 442      696F6E2D 
 442      73656374 
 442      696F6E73 
 443 01df 6C746F00 		.ascii	"lto\000"
 444              	.LASF2:
 445 01e3 73686F72 		.ascii	"short int\000"
 445      7420696E 
 445      7400
 446              	.LASF15:
 447 01ed 75387838 		.ascii	"u8x8_utoa\000"
ARM GAS  C:\Users\patri\AppData\Local\Temp\ccg7VWWO.s 			page 10


 447      5F75746F 
 447      6100
 448              	.LASF14:
 449 01f7 63686172 		.ascii	"char\000"
 449      00
 450              		.section	.gnu.debuglto_.debug_line_str,"eMS",%progbits,1
 451              	.LASF26:
 452 0000 2E2F736F 		.ascii	"./source/u8g2_csrc/u8x8_u16toa.c\000"
 452      75726365 
 452      2F753867 
 452      325F6373 
 452      72632F75 
 453              	.LASF24:
 454 0021 633A5C63 		.ascii	"c:\\chibistudio\\tools\\gnu tools arm embedded\\11."
 454      68696269 
 454      73747564 
 454      696F5C74 
 454      6F6F6C73 
 455 0050 33203230 		.ascii	"3 2022.08\\arm-none-eabi\\include\\sys\000"
 455      32322E30 
 455      385C6172 
 455      6D2D6E6F 
 455      6E652D65 
 456              	.LASF27:
 457 0074 5F646566 		.ascii	"_default_types.h\000"
 457      61756C74 
 457      5F747970 
 457      65732E68 
 457      00
 458              	.LASF29:
 459 0085 75387838 		.ascii	"u8x8_u16toa.c\000"
 459      5F753136 
 459      746F612E 
 459      6300
 460              	.LASF22:
 461 0093 433A5C43 		.ascii	"C:\\ChibiStudio\\workspace_user\\microcntr\000"
 461      68696269 
 461      53747564 
 461      696F5C77 
 461      6F726B73 
 462              	.LASF23:
 463 00bb 633A5C63 		.ascii	"c:\\chibistudio\\tools\\gnu tools arm embedded\\11."
 463      68696269 
 463      73747564 
 463      696F5C74 
 463      6F6F6C73 
 464 00ea 33203230 		.ascii	"3 2022.08\\arm-none-eabi\\include\\machine\000"
 464      32322E30 
 464      385C6172 
 464      6D2D6E6F 
 464      6E652D65 
 465              	.LASF28:
 466 0112 5F737464 		.ascii	"_stdint.h\000"
 466      696E742E 
 466      6800
 467              	.LASF25:
 468 011c 736F7572 		.ascii	"source/u8g2_csrc\000"
ARM GAS  C:\Users\patri\AppData\Local\Temp\ccg7VWWO.s 			page 11


 468      63652F75 
 468      3867325F 
 468      63737263 
 468      00
 469              		.text
 470              		.section	.gnu.lto_.profile.e546be5b,"e",%progbits
 471 0000 789C6362 		.ascii	"x\234cb\000\001\000\000\022\000\003"
 471      00010000 
 471      120003
 472              		.text
 473              		.section	.gnu.lto_.icf.e546be5b,"e",%progbits
 474 0000 789CD364 		.ascii	"x\234\323d@\000\026\206\307\333f\257fcab\200@\306\217"
 474      40001686 
 474      C7DB66AF 
 474      66636162 
 474      8040C68F 
 475 0014 8FD6FE60 		.ascii	"\217\326\376`a`Z\360hN\027\027\363\373\363_N\261211"
 475      61605AF0 
 475      684E1717 
 475      F3FBF35F 
 475      4EB13231 
 476 0029 32313200 		.ascii	"212\000\000\021\376\014\334"
 476      0011FE0C 
 476      DC
 477              		.text
 478              		.section	.gnu.lto_.ipa_sra.e546be5b,"e",%progbits
 479 0000 789C3366 		.ascii	"x\2343f@\000f\006&8\223\021\304d\0043\301\202 &\023"
 479      40006606 
 479      26389311 
 479      C4640433 
 479      C1822026 
 480 0015 33886444 		.ascii	"3\210dD\01000\000\000\0204\000S"
 480      08303000 
 480      00103400 
 480      53
 481              		.text
 482              		.section	.gnu.lto_.inline.e546be5b,"e",%progbits
 483 0000 789C9BC4 		.ascii	"x\234\233\304\200\000\314\014\014|\307\333\217\316e"
 483      8000CC0C 
 483      0C7CC7DB 
 483      8FCE65
 484 000f CE626460 		.ascii	"\316bd`\022\005\262f0g10\260744\034`Jab`\002\251ad\340"
 484      1205B266 
 484      30673130 
 484      B0373434 
 484      1C604A61 
 485 002a 04F22730 		.ascii	"\004\362'0\2453\002\001\023H\210\231\011(\320\300\224"
 485      A5330201 
 485      13488899 
 485      0928D0C0 
 485      94
 486 003b CCC0C006 		.ascii	"\314\300\300\006f\200U\302\304X@zXx\201\004P\351\004"
 486      668055C2 
 486      C458407A 
 486      58788104 
 486      50E904
 487 004e 3FA0157C 		.ascii	"?\240\025|\247\326}Y\306\234\001\264\001\304Z\307\224"
ARM GAS  C:\Users\patri\AppData\Local\Temp\ccg7VWWO.s 			page 12


 487      A7D67D59 
 487      C69C01B4 
 487      01C45AC7 
 487      94
 488 005f 81A20F55 		.ascii	"\201\242\017U5\003\000\264\254\036\347"
 488      350300B4 
 488      AC1EE7
 489              		.text
 490              		.section	.gnu.lto_.jmpfuncs.e546be5b,"e",%progbits
 491 0000 789C6D8B 		.ascii	"x\234m\2131\012\200@\020\003w\222\305\326\327ZY\334"
 491      310A8040 
 491      10037792 
 491      C5D6D75A 
 491      59DC
 492 0012 AFB4F561 		.ascii	"\257\264\365a\302\272\026b\241\201@\2060k\274q\010<"
 492      C2BA1662 
 492      A1814086 
 492      306BBC71 
 492      083C
 493 0024 1443E69E 		.ascii	"\024C\346\236\250Iiep$\321=\253jF\323\002\335\272)G"
 493      A8496965 
 493      7024D13D 
 493      AB6A46D3 
 493      02DDBA29 
 494 0039 BBCF5FE5 		.ascii	"\273\317_\3450\035\371\317c\203\235\217\021\027.\005"
 494      301DF9CF 
 494      63839D8F 
 494      11172E05 
 495 0049 1C01     		.ascii	"\034\001"
 496              		.text
 497              		.section	.gnu.lto_.pureconst.e546be5b,"e",%progbits
 498 0000 789CE362 		.ascii	"x\234\343b```f\230\305\3028\203\205y'\013\000\0121\002"
 498      60606066 
 498      98C5C238 
 498      83857927 
 498      0B000A31 
 499 0015 09       		.ascii	"\011"
 500              		.text
 501              		.section	.gnu.lto_.ipa_modref.e546be5b,"e",%progbits
 502 0000 789CD367 		.ascii	"x\234\323g@\000f\006&Q\006\005\001\001\006\020\301\310"
 502      40006606 
 502      26510605 
 502      01010610 
 502      C1C8
 503 0012 C0C0C824 		.ascii	"\300\300\310$.\017\34320\264t\0100C$\300\\\006\006\000"
 503      2E0FE332 
 503      30B47408 
 503      304324C0 
 503      5C060600 
 504 0026 4C160324 		.ascii	"L\026\003$"
 505              		.text
 506              		.section	.gnu.lto_.lto.e546be5b,"e",%progbits
 507 0000 0B000300 		.ascii	"\013\000\003\000\001\000\000\000"
 507      01000000 
 508              		.text
 509              		.section	.gnu.lto_u8x8_u16toap.0.e546be5b,"e",%progbits
 510 0000 789C5553 		.ascii	"x\234US]h\025G\024>g\316\314\356^/\253\371Q|\022\"R"
ARM GAS  C:\Users\patri\AppData\Local\Temp\ccg7VWWO.s 			page 13


 510      5D681547 
 510      143E67CE 
 510      CCEE5E2F 
 510      ABF9517C 
 511 0017 5A28266A 		.ascii	"Z(&j\211^}\022\362\354K\372\032\010\272IkZ\365\206\273"
 511      895E7D12 
 511      F2EC4BFA 
 511      1A08BA49 
 511      6B5AF586 
 512 002c B9C61042 		.ascii	"\271\306\020B&I\223\013\361\367\212\304<\224X\355\203"
 512      2649930B 
 512      F1F78AC4 
 512      3C9458ED 
 512      83
 513 003d A135AD8A 		.ascii	"\2415\255\212\306\020j\330\306\304_4\242H\374i\032("
 513      C6106AD8 
 513      C6C45F34 
 513      A248FC69 
 513      1A28
 514 004f 14D23E05 		.ascii	"\024\322>\005\352\037\266h\317\314\336\033qag\316\314"
 514      EA1FB668 
 514      CFCCDE1B 
 514      716167CE 
 514      CC
 515 0060 F7ED77CE 		.ascii	"\367\355w\3167s\366,\001\204\0000\302/&\000\217\347"
 515      3773F62C 
 515      01840030 
 515      C22F2600 
 515      8FE7
 516 0072 FB0568AD 		.ascii	"\373\005h\255\267\273\002\007\362\375\257.\013\234F"
 516      B7BB0207 
 516      F2FDAF2E 
 516      0B9C46
 517 0081 BB263C71 		.ascii	"\273&<q\241\210I\321\223?h\220\007\213oR\2627\277\374"
 517      A18849D1 
 517      933F6890 
 517      078B6F52 
 517      B237BFFC 
 518 0095 A7A3BDAE 		.ascii	"\247\243\275\256T8\260\304p\304\340\261\213k\231q\341"
 518      5438B0C4 
 518      70C4E0B1 
 518      8B6B9971 
 518      E1
 519 00a6 E20FD532 		.ascii	"\342\017\3252\227_>s\367\3212\351\341\011/\306]\354"
 519      975F3E73 
 519      F7D132E9 
 519      E1092FC6 
 519      5DEC
 520 00b8 CAF7CF9E 		.ascii	"\312\367\317\236]WTG\350\024$\225\343\271\330I\016`"
 520      5D575447 
 520      E8142495 
 520      E3B9D849 
 520      0E60
 521 00ca 2451BD1F 		.ascii	"$Q\275\037 ~$\274\177N\223B\247\0349\251\263\012+\252"
 521      207E24BC 
 521      7F4E9342 
 521      A71C39A9 
ARM GAS  C:\Users\patri\AppData\Local\Temp\ccg7VWWO.s 			page 14


 521      B30A2BAA 
 522 00de 22AD5FFF 		.ascii	"\"\255_\3779\360x\333\267\303\221\354\204\2161\274\202"
 522      39F078DB 
 522      B7C391EC 
 522      848E31BC 
 522      82
 523 00ef 86A5D0DB 		.ascii	"\206\245\320\333\001\353\031\274\177kL\353\004\264\217"
 523      01EB19BC 
 523      7F6B4CEB 
 523      04B48F
 524 00fe 630113A2 		.ascii	"c\001\023\242\366\244\260\022\302J\2240\365\253\230"
 524      F6A4B012 
 524      C24A9430 
 524      F5AB98
 525 010d BA30AAB5 		.ascii	"\2720\252\265\202\266\011\354\270\212\277\030*\325~"
 525      82B609EC 
 525      B88ABF18 
 525      2AD57E
 526 011c 2FACD61E 		.ascii	"/\254\326\036\036>e\312\342oc{\206\265l\213\212\024"
 526      1E3E65CA 
 526      E26F637B 
 526      86B56C8B 
 526      8A14
 527 012e 80DA8875 		.ascii	"\200\332\210u\274}E\302\263\321\335\203Z\266NbG\365"
 527      BC7D45C2 
 527      B3D1DD83 
 527      5AB64E62 
 527      47F5
 528 0140 260B5F31 		.ascii	"&\013_1ps\001>\377\364\222\326T\321:\265\004\237\023"
 528      7073013E 
 528      FFF492D6 
 528      54D13AB5 
 528      049F13
 529 0153 4998C66B 		.ascii	"I\230\306k\370+B\207\271\012\000\302)\304I\304\010\177"
 529      F82B4287 
 529      B90A00C2 
 529      29C449C4 
 529      087F
 530 0165 7EA022FD 		.ascii	"~\240\"\375\337\273\243Z\317\254\032]\261\022\201\267"
 530      DFBBA35A 
 530      CFAC1A5D 
 530      B11281B7 
 531 0175 0508456C 		.ascii	"\005\010ElB\002N\360\371\360\340\230\301\005\376\312"
 531      42024EF0 
 531      F9F0E098 
 531      C105FECA 
 532 0185 3304BECB 		.ascii	"3\004\276\313\010\223\310{>\3428\226\230e\251A\313\014"
 532      0893C87B 
 532      3EE23896 
 532      9865A941 
 532      CB0C
 533 0197 AFDC5000 		.ascii	"\257\334P\000\206\010\036\345\317$QG\000\247H\330\270"
 533      86081EE5 
 533      CF245147 
 533      00A748D8 
 533      B8
 534 01a8 8BE35742 		.ascii	"\213\343WB\377q\331\267\323(\332i,\236\306\315\324\375"
ARM GAS  C:\Users\patri\AppData\Local\Temp\ccg7VWWO.s 			page 15


 534      FF71D9B7 
 534      D328DA69 
 534      2C9EC6CD 
 534      D4FD
 535 01ba 5D92C59C 		.ascii	"]\222\305\2346<v/\246^\365\355\356VVwZ\355i\234\":\336"
 535      363C762F 
 535      A65EF5ED 
 535      EE565677 
 535      5AED699C 
 536 01d1 3B7B8396 		.ascii	";{\203\226\324f\023\360\257\3509\337\367\021\225\221"
 536      D46613F0 
 536      AFE839DF 
 536      F7119591 
 537 01e1 A284E157 		.ascii	"\242\204\341Wp\035Tf\321'\026\035\352[C\345\344\261"
 537      701D5466 
 537      D127161D 
 537      EA5B43E5 
 537      E4B1
 538 01f3 04C6F824 		.ascii	"\004\306\370$R\271\025\223\334#Z\026\304\272\267\233"
 538      52B91593 
 538      DC235A16 
 538      C4BAB79B 
 539 0203 E2C9E350 		.ascii	"\342\311\343P\030\011e%\036\236Np/\301K\361\315|\215"
 539      18096525 
 539      1E9E4E70 
 539      2FC14BF1 
 539      CD7C8D
 540 0216 CDC04F8E 		.ascii	"\315\300O\216\003\307\223\3009'\016+\206sV}\203wd\304"
 540      03C793C0 
 540      39270E2B 
 540      8673567D 
 540      837764C4 
 541 022a E14CF7F6 		.ascii	"\341L\367\366\262\264Z|3\2342\312\302\250\314\255\341"
 541      B2B45A7C 
 541      339C32CA 
 541      C2A8CCAD 
 541      E1
 542 023b 42BADFE6 		.ascii	"B\272\337\346\346\220\004\271\246\250K}HD>\011\003\014"
 542      E69004B9 
 542      A6A84B7D 
 542      48443E09 
 542      030C
 543 024d FEB5929B 		.ascii	"\376\265\222\233\245\035\341\234\351\332\005?<p\007"
 543      A51DE19C 
 543      E9DA053F 
 543      3C7007
 544 025c F9A26C01 		.ascii	"\371\242l\001\363\346\323\236\361\276\273H%\224p>\306"
 544      F3E6D39E 
 544      F1BEBB48 
 544      2594703E 
 544      C6
 545 026d 65B18988 		.ascii	"e\261\211\210\327\361)\275\300\330%R)\271x\263`r\212"
 545      D7F129BD 
 545      C0D82552 
 545      29B978B3 
 545      60728A
 546 0280 97A65449 		.ascii	"\227\246TIJJ\236\331\2314\236\235\351Cw\256\201\251"
ARM GAS  C:\Users\patri\AppData\Local\Temp\ccg7VWWO.s 			page 16


 546      4A4A9ED9 
 546      99349E9D 
 546      E94377AE 
 546      81A9
 547 0292 0C8D5196 		.ascii	"\014\215Q\226IX\307\314w\213\326\035#|\346\231,8\377"
 547      4958C7CC 
 547      778BD61D 
 547      237CE699 
 547      2C38FF
 548 02a5 BB865CF6 		.ascii	"\273\206\\\366\247b\357\016%\271=\370\247\342\330\305"
 548      A762EF0E 
 548      25B93DF8 
 548      A7E2D8C5 
 549 02b5 1B286E9B 		.ascii	"\033(n\233\277\215J\325S7G\011\274\216\342\367\037\271"
 549      BF8D4AD5 
 549      53374709 
 549      BC8EE2F7 
 549      1FB9
 550 02c7 36F576C4 		.ascii	"6\365v\304\341F\360\3549 'v?h\203\177|c\374\371\202"
 550      E146F0EC 
 550      39202776 
 550      3F68837F 
 550      7C63FCF9 
 551 02dc 6F8DABD8 		.ascii	"o\215\253\3308\205\0153\010N\2101\347\205\017\357\370"
 551      38850D33 
 551      084E8831 
 551      E7850FEF 
 551      F8
 552 02ed FEABC937 		.ascii	"\376\253\3117\231\207\010\227\232\012\340\223\232mu"
 552      99870897 
 552      9A0AE093 
 552      9A6D75
 553 02fc 35BB9B76 		.ascii	"5\273\233v5}\336\222mhJ\327\265\2463_\207\315;\203\306"
 553      357DDE92 
 553      6D684AD7 
 553      B5A6335F 
 553      87CD3B83 
 554 0311 FA6CD898 		.ascii	"\372l\330\230\251\333\333\024d\322\301\276\226\014\254"
 554      A9DBDB14 
 554      64D2C1BE 
 554      960CAC
 555 0320 ADAC0AD3 		.ascii	"\255\254\012\323\331L\320X\225M}\271\251>\0103\001G"
 555      D94CD058 
 555      954D7DB9 
 555      A93E0833 
 555      0147
 556 0332 0752F5D9 		.ascii	"\007R\365\331\215\233[\322;+\003\220\015\215a\313\352"
 556      8D9B5BD2 
 556      3B2B0390 
 556      0D8D61CB 
 556      EA
 557 0343 0FF62ABF 		.ascii	"\017\366*\277\0106W\177\266%\265\001p?\006\330@\315"
 557      0836577F 
 557      B625B501 
 557      703F06D8 
 557      40CD
 558 0355 E9F07F89 		.ascii	"\351\360\177\211\022Z2"
ARM GAS  C:\Users\patri\AppData\Local\Temp\ccg7VWWO.s 			page 17


 558      125A32
 559              		.text
 560              		.section	.gnu.lto_u8x8_u16toa.1.e546be5b,"e",%progbits
 561 0000 789C554F 		.ascii	"x\234UO1k\024a\020\2357\263\273\256\332\010\"ic\023"
 561      316B1461 
 561      109D37B3 
 561      BBAEDA08 
 561      22696313 
 562 0014 D2E4CE44 		.ascii	"\322\344\316D.\036\251\002\251%E\332#G\334\234\311!"
 562      2E1EA902 
 562      A92545DA 
 562      2347DC9C 
 562      C921
 563 0026 7175F7D6 		.ascii	"qu\367\326\030\302q\223\013F\270&\\\300\220B\214v\026"
 563      18C27193 
 563      0B46B826 
 563      5CC09042 
 563      8C7616
 564 0039 8216218A 		.ascii	"\202\026!\212\306d\301\304\302Jl,\304F\3647(h\356\234"
 564      C664C1C4 
 564      C24A6C2C 
 564      C446F437 
 564      2868EE9C 
 565 004d DB1422DF 		.ascii	"\333\024\"\337\367\315|\363\336\343\315\3144\210\346"
 565      F7CD7CF3 
 565      DEE3CDCC 
 565      3488E6
 566 005c 8968C01E 		.ascii	"\211h\300\036\204\260\321n1\251\352\370)\306J\273\365"
 566      84B0D16E 
 566      31A9EAF8 
 566      29C64ABB 
 566      F5
 567 006d 79ABE3E0 		.ascii	"y\253\343\340\000\031\000j0\032x\".\274\363p,^@\177"
 567      0019006A 
 567      301A7822 
 567      2EBCF370 
 567      2C5E407F 
 568 0081 3E55FDF5 		.ascii	">U\375\365c\2633\366\360i\3524\250\376\012/\315\221"
 568      63B333F6 
 568      F069EA34 
 568      A8FE0A2F 
 568      CD91
 569 0093 28D370A6 		.ascii	"(\323p\2469\347\302\277JC&\374\370aW\325\245\345=\324"
 569      39E7C2BF 
 569      4A4326FC 
 569      F86157D5 
 569      A5E53DD4 
 570 00a7 DFE035E8 		.ascii	"\337\3405\350-\230'\277\300\370\271\023\376\353\216"
 570      2D9827BF 
 570      C0F8B913 
 570      FEEB8E
 571 00b6 AAD0D23E 		.ascii	"\252\320\322>\352\205\021:\000\313\344ws;KTO-\367.;"
 571      EA85113A 
 571      00CBE477 
 571      733B4B54 
 571      4F2DF72E 
 572 00cb CF3FB9A9 		.ascii	"\317?\271\251\376\351\256\253v\373v\207O\203\270w\\"
ARM GAS  C:\Users\patri\AppData\Local\Temp\ccg7VWWO.s 			page 18


 572      FEE9AEAB 
 572      76FB7687 
 572      4F83B877 
 572      5C
 573 00dc 01F6E190 		.ascii	"\001\366\341\220\005\017\330\203o \321#\351\355\242"
 573      050FD883 
 573      6F20D123 
 573      E9EDA2
 574 00eb 0E3425DA 		.ascii	"\0164%\332\026>)V\254\370\311\372\255\375\036Y\336\360"
 574      163E2956 
 574      ACF8C9FA 
 574      ADFD1E59 
 574      DEF0
 575 00fd E837AFBE 		.ascii	"\3507\257\276X\033\022\307[\202+bh\263\337\234\304\311"
 575      581B12C7 
 575      5B822B62 
 575      68B3DF9C 
 575      C4C9
 576 010f F807A63B 		.ascii	"\370\007\246;\346{\217\013\202\0268\276\235m\027\302"
 576      E67B8F0B 
 576      821638BE 
 576      9D6D17C2 
 577 011f A295E1A2 		.ascii	"\242\225\341\242\345g\240\205C\274\003\265\320T\365"
 577      E567A085 
 577      43BC03B5 
 577      D054F5
 578 012e C323A410 		.ascii	"\303#\244\020\217\317\230o\263s\377X\204\315\312z\354"
 578      8FCF986F 
 578      B373FF58 
 578      84CDCA7A 
 578      EC
 579 013f AC417C81 		.ascii	"\254A|\2010u\255\203\370\224\315\210\1773\022\015N\214"
 579      3075AD83 
 579      F894CD88 
 579      7F33120D 
 579      4E8C
 580 0151 9526E6AB 		.ascii	"\225&\346\253\327\252S\265d\266\032\226\026\303\350"
 580      D7AA53B5 
 580      64B61A96 
 580      16C3E8
 581 0160 467C6B26 		.ascii	"F|k&\250\224\223\270\022\225\026\252A\024\0067k\021"
 581      A89493B8 
 581      129516AA 
 581      41140637 
 581      6B11
 582 0172 5DCCE5E3 		.ascii	"]\314\345\3430\211\202J>)\316\215\224\2038\012\354w"
 582      3089824A 
 582      3E29CE8D 
 582      9483380A 
 582      EC77
 583 0184 B7584E86 		.ascii	"\267XN\206Gk\341L. \334\351\373\017\310]\017F\013\227"
 583      476BE14C 
 583      2E20DCE9 
 583      FB0FC85D 
 583      0F460B97 
 584 0198 AF142F11 		.ascii	"\257\024/\021f\377\002\244\277\213\234"
 584      66FF02A4 
ARM GAS  C:\Users\patri\AppData\Local\Temp\ccg7VWWO.s 			page 19


 584      BF8B9C
 585              		.text
 586              		.section	.gnu.lto_u8x8_utoa.2.e546be5b,"e",%progbits
 587 0000 789C5552 		.ascii	"x\234URMlTU\024>\337=\367\375\314\024\252\21116\204"
 587      4D6C5455 
 587      143EDF3D 
 587      F7FDCC14 
 587      AA893136 
 588 0015 45DD9110 		.ascii	"E\335\221\020[\300\014N\\\221\2606]\270a\321\244\301"
 588      5BC00C4E 
 588      5C91B036 
 588      5DB861D1 
 588      A4C1
 589 0027 A10E03A9 		.ascii	"\241\016\003\251\2033\035\332\3064s\231Z\306\014\201"
 589      83331DDA 
 589      C6347399 
 589      5AC60C81 
 590 0037 FA48D140 		.ascii	"\372H\321@L\213a\203I\243\224\362g\2052\026\231a\241"
 590      4C8B6183 
 590      49A394F2 
 590      67853216 
 590      9961A1
 591 004a A469425C 		.ascii	"\244iB\\\270Q\320\030w\335(\004\205z\356\235\361!/\271"
 591      B851D018 
 591      77DD2804 
 591      857AEE9D 
 591      F1212FB9 
 592 005e E79E77CF 		.ascii	"\347\236w\317\367}\347\347\336,\023\035 \242\217d!$"
 592      F77DE7E7 
 592      DE2C131D 
 592      20A28F64 
 592      2124
 593 0070 9C8C6A8A 		.ascii	"\234\214j\212\2141\273\002\205\351\250\326<}A\343&\334"
 593      8C31BB02 
 593      85E9A8D6 
 593      3C7D41E3 
 593      26DC
 594 0082 01637AFE 		.ascii	"\001cz\376\277\240V\023\3211%\221\325\265\307i=\031"
 594      BFA05613 
 594      D1312591 
 594      D5B5C769 
 594      3D19
 595 0094 757E3935 		.ascii	"u~95\031hO\035\215:$\336\255\253Q\247\333}|\032\013"
 595      19684F1D 
 595      8D3A24DE 
 595      ADAB51A7 
 595      DB7D7C1A 
 596 00a9 063812D5 		.ascii	"\0068\022\325~?})\026\004\225\025k\317\017PV\232\236"
 596      7E3F7D29 
 596      16049515 
 596      6BCF0F50 
 596      569A9E
 597 00bc 7D9FB307 		.ascii	"}\237\263\007\377%h\261/\243\273\267n\314\243\337>9"
 597      FF2568B1 
 597      2FA3BBB7 
 597      6ECCA3DF 
 597      3E39
ARM GAS  C:\Users\patri\AppData\Local\Temp\ccg7VWWO.s 			page 20


 598 00ce 7E2EF8EC 		.ascii	"~.\370\354|]\227i\374\032\256\302\302\034H9\320\213"
 598      7C5D9769 
 598      FC1AAEC2 
 598      C21C4839 
 598      D08B
 599 00e0 1EC2B7E8 		.ascii	"\036\302\267\3505A\256\334\271b\214G\037\\\307\3707"
 599      3541AEDC 
 599      B9628C47 
 599      1F5CC7F8 
 599      37
 600 00f1 58149C52 		.ascii	"X\024\234R}_\300\202\303\254\230\255\002Y\233zP\355"
 600      7D5FC082 
 600      C3AC98AD 
 600      02599B7A 
 600      50ED
 601 0103 FCF84858 		.ascii	"\374\370HX^B\254\325w\021\035t\0234.S\360\304\245\261"
 601      5E42ACD5 
 601      77111D74 
 601      13342E53 
 601      F0C4A5B1 
 602 0117 6F2170AB 		.ascii	"o!p\253\270\366tzh\213\350\2159\275e\210\340Oh+\035"
 602      B8F6747A 
 602      688BE88D 
 602      39BD6588 
 602      E04F682B 
 603 012c 3FD7DCB8 		.ascii	"?\327\334\270b\3028\3332\\]a.\346.\346\272F\276\303"
 603      62C238DB 
 603      325C5D61 
 603      2EE62EE6 
 603      BA46BEC3 
 604 0140 586A07DD 		.ascii	"Xj\007\335\206\322}\277>cV7^0\241\304\306]\314\361\354"
 604      86D27DBF 
 604      3E635637 
 604      5E30A1C4 
 604      C65DCCF1 
 605 0155 EC1E35E7 		.ascii	"\354\0365\347\275\006n\201\352\030#)\244\011\251D\302"
 605      BD066E81 
 605      EA182329 
 605      A409A944 
 605      C2
 606 0166 C012BE5A 		.ascii	"\300\022\276Z\365\352\346\237\365)c\036v\375\262\350"
 606      F5EAE69F 
 606      F529631E 
 606      76FDB2E8 
 607 0176 6F00294F 		.ascii	"o\000)O\311b\222\240\266\306\007\256#\260^hM\302\232"
 607      C96292A0 
 607      B6C607AE 
 607      23B05E68 
 607      4DC29A
 608 0189 2429519F 		.ascii	"$)Q\237aZ{|>\015S'\232e\345\374\011\361\037*s\177\266"
 608      615A7B7C 
 608      3E0D5327 
 608      9A65E5FC 
 608      09F11F2A 
 609 01a0 01D92BDD 		.ascii	"\001\331+\335X\006\373-\3576\374\021x6\372\340\311\237"
 609      5806FB2D 
 609      EF36FC11 
ARM GAS  C:\Users\patri\AppData\Local\Temp\ccg7VWWO.s 			page 21


 609      7836FAE0 
 609      C99F
 610 01b2 211CC0DC 		.ascii	"!\034\300\334\217\032\0114[\356I\007<\333\321B\266t"
 610      8F1A0934 
 610      5BEE4907 
 610      3CDBD142 
 610      B674
 611 01c4 4E09EC89 		.ascii	"N\011\354\211\232<\233\342d\015\252\370~\323\316\320"
 611      9A3C9BE2 
 611      640DAAF8 
 611      7ED3CED0 
 612 01d4 CF5B2BFF 		.ascii	"\317[+\377\371!\331\347@\007\177\300\367\240\032*\306"
 612      F921D9E7 
 612      40077FC0 
 612      F7A01A2A 
 612      C6
 613 01e5 84F9BBB8 		.ascii	"\204\371\273\270#9U\207\025\373y\266q\012\3628\260\354"
 613      23395587 
 613      15FB79B6 
 613      710AF238 
 613      B0EC
 614 01f7 F45C156D 		.ascii	"\364\\\025mg\011\234t)\346\033vT\263\314\321\344\217"
 614      67099C74 
 614      29E61B76 
 614      54B3CCD1 
 614      E48F
 615 0209 4D8E3B58 		.ascii	"M\216;Xh(\372[M\\:\232\342\220\031\333cV\350\320Z\006"
 615      6828FA5B 
 615      4D5C3A9A 
 615      E29019DB 
 615      6356E8D0 
 616 021f 6B741B5D 		.ascii	"kt\033]\331e\247\302\334\326;aS\012\271r\346\330=\260"
 616      D965A7C2 
 616      DCD63B61 
 616      530AB972 
 616      E6D83DB0 
 617 0233 DC8F5F06 		.ascii	"\334\217_\006\315\331\027\032fGW$\333_\352\303?n\035"
 617      CDD9171A 
 617      66475724 
 617      DB5FEAC3 
 617      3F6E1D
 618 0246 66F8596C 		.ascii	"f\370Yl\263o\245\312\314I\365t~N\324yf\241K\364\275"
 618      B36FA5CA 
 618      CC49F574 
 618      7E4ED479 
 618      66A14BF4 
 619 025b E7C67959 		.ascii	"\347\306yYjt\244M\254\204D-\222b\350\023\013\373\253"
 619      6A74A44D 
 619      AC84442D 
 619      9262E813 
 619      0BFBAB
 620 026e 9C60D6DA 		.ascii	"\234`\326\332V\345_\2731\2759f]m$[\205\270.\002N\310"
 620      56E55FBB 
 620      31BD3966 
 620      5D6D245B 
 620      85B82E02 
 621 0284 EB5E97EF 		.ascii	"\353^\227\357\205\270\227\300\365\022\374/W\273\025"
ARM GAS  C:\Users\patri\AppData\Local\Temp\ccg7VWWO.s 			page 22


 621      85B897C0 
 621      F512FC2F 
 621      57BB15
 622 0293 ED04BE96 		.ascii	"\355\004\276\226\313\021\201u\271\225\024k\227Ss\302"
 622      CB118175 
 622      B995146B 
 622      975373C2 
 623 02a3 D3C481BF 		.ascii	"\323\304\201\277\264\260\307\306f\030\216]\251\333\232"
 623      B4B0C7C6 
 623      66188E5D 
 623      A9DB9A
 624 02b2 B6EC7EB3 		.ascii	"\266\354~\263\177\367\376\334;\271\267\207K\373r\371"
 624      7FF7FEDC 
 624      3BB9B787 
 624      4BFB72F9 
 625 02c2 FE917CE1 		.ascii	"\376\221|\341`\361\320\336\314\340@\2518X\350\037\312"
 625      60F1D0DE 
 625      CCE040A9 
 625      3858E81F 
 625      CA
 626 02d3 650AF9CC 		.ascii	"e\012\371\314{\303\005z\265\247\267\230/\0252\203\275"
 626      7BC3057A 
 626      B5A7B798 
 626      2F153283 
 626      BD
 627 02e4 A57476C7 		.ascii	"\245tv\307@\246X\310\2107\232\036(m\3379\234\337\333"
 627      40A658C8 
 627      88379A1E 
 627      286DDF39 
 627      9CDFDB
 628 02f7 93211C7E 		.ascii	"\223!\034~\345\271\203\236w3;S\257\277\221\336F(b\337"
 628      E5B9839E 
 628      77333B53 
 628      AFBF91DE 
 628      462862DF 
 629 030b BF731E4E 		.ascii	"\277s\036N\266"
 629      B6
 630              		.text
 631              		.section	.gnu.lto_.symbol_nodes.e546be5b,"e",%progbits
 632 0000 789C4B65 		.ascii	"x\234Ke\000\002&\206z\266\253\023\027q3N8\307\300P\317"
 632      00022686 
 632      7AB6AB13 
 632      1771334E 
 632      38C7C050 
 633 0015 C0B0ABA1 		.ascii	"\300\260\253\241\221\021$\314X\317\336\000\004,h\342"
 633      911124CC 
 633      58CFDE00 
 633      042C68E2 
 634 0025 ACCC2C0D 		.ascii	"\254\314,\015N\014\014\314LL\365\034\037~\255\260@\223"
 634      4E0C0CCC 
 634      4C4CF51C 
 634      1F7EADB0 
 634      4093
 635 0037 66666480 		.ascii	"ffd\200\350:\304\310\314\314\000V\260\210\215\001\000"
 635      E83AC4C8 
 635      CCCC0056 
 635      B0888D01 
ARM GAS  C:\Users\patri\AppData\Local\Temp\ccg7VWWO.s 			page 23


 635      00
 636 0048 57001AC6 		.ascii	"W\000\032\306"
 637              		.text
 638              		.section	.gnu.lto_.refs.e546be5b,"e",%progbits
 639 0000 789CE365 		.ascii	"x\234\343e```ddbbc`dfb\342d`\000\000\001\255\000+"
 639      60606064 
 639      64626263 
 639      60646662 
 639      E2646000 
 640              		.text
 641              		.section	.gnu.lto_.decls.e546be5b,"e",%progbits
 642 0000 789C8553 		.ascii	"x\234\205Soh[U\024\277\347\3455}\375\243M\234:\225\225"
 642      6F685B55 
 642      14BFE7E5 
 642      357DFDA3 
 642      4D9C3A95 
 643 0015 757ED960 		.ascii	"u~\331`\254k\246\375\203\370\241Pa\010\"\210\370E\012"
 643      AC6BA6FD 
 643      83F8A150 
 643      61082288 
 643      F8450A
 644 0028 B17BB636 		.ascii	"\261{\2666H\227\220&\272\017~8/M\2737t\363\275\3110"
 644      48979026 
 644      BA0F7E38 
 644      2F4DBB37 
 644      74F3BDC9 
 645 003d 641D8430 		.ascii	"d\035\2040\265\302\204\016\213\266\315\272>\233\327"
 645      B5C2840E 
 645      8BB6CDBA 
 645      3E9BD7
 646 004c 3F8B6B9D 		.ascii	"?\213k\235\256[\233\256.\335\332i\204\025\2729\241\303"
 646      AE5B9BAE 
 646      2EDDDA69 
 646      8415BA39 
 646      A1C3
 647 005e D17A6EFA 		.ascii	"\321zn\372(\261\010^\370\335\334\363\316\371\235s~\367"
 647      28B1085E 
 647      F8DDDCF3 
 647      CEF99D73 
 647      7EF7
 648 0070 DC148B8C 		.ascii	"\334\024\213\214-3\306L\302:-2\331UB\021\341\002\341"
 648      2D33C64C 
 648      C23A2D32 
 648      D9554211 
 648      E102E1
 649 0083 A2E54B11 		.ascii	"\242\345K\021\322\2049B\2060MX$\014\003c\205V\\\306"
 649      D2843942 
 649      86304D58 
 649      240C0363 
 649      85565CC6 
 650 0097 E2A42CCE 		.ascii	"\342\244,\316\023\204A\302\327\024Sb\305L\347\371\323"
 650      138441C2 
 650      D7145362 
 650      C54CE7F9 
 650      D3
 651 00a8 56CC92C5 		.ascii	"V\314\222\305\345\271g\0117\011\343\304y\314\342,Z\234"
 651      E5B96709 
ARM GAS  C:\Users\patri\AppData\Local\Temp\ccg7VWWO.s 			page 24


 651      3709E3C4 
 651      79CCE22C 
 651      5A9C
 652 00ba 698B37B8 		.ascii	"i\2137\270\205\223\316\343\015\021\354\333@\264?\005"
 652      8593CEE3 
 652      0D11ECDB 
 652      40B43F05 
 653 00ca 1592C044 		.ascii	"\025\222\300D{O\366\354\035q\027@\031!\204\370hg\002"
 653      7B4FF6EC 
 653      1D711740 
 653      192184F8 
 653      686702
 654 00dd 0CC42C8E 		.ascii	"\014\304,\216(6V}\200\015@\002\330\005\030\004!\001"
 654      2836567D 
 654      800D4002 
 654      D8051804 
 654      2101
 655 00ef A27077F5 		.ascii	"\242pw\365F\252\300I\376\025\214\215\210\011\350\207"
 655      46AAC049 
 655      FE158C8D 
 655      8809E887 
 656 00ff EFA98F21 		.ascii	"\357\251\217!\202(\230\235s\337\026\225q\256\261\225"
 656      8228989D 
 656      73DF1695 
 656      71AEB195 
 657 010f 2B0A035F 		.ascii	"+\012\003_t\207\2137\211\027-\"\277\034{9\254\003mL"
 657      74878B37 
 657      89172D22 
 657      BF1C7B39 
 657      AC036D4C 
 658 0123 2A64D598 		.ascii	"*d\325\230[\241\247\331\010yh\271J\245W)\365\350\243"
 658      5BA1A7D9 
 658      087968B9 
 658      4AA55729 
 658      F5E8A3
 659 0136 B973A565 		.ascii	"\271s\245e\371m\231P\236\204\037\300\000\373nX_\267"
 659      F96D9950 
 659      9E841FC0 
 659      00FB6E58 
 659      5FB7
 660 0148 D1CEA437 		.ascii	"\321\316\2447\2700\201\2049Da\371\324\303\3236\316\270"
 660      B8308184 
 660      394461F9 
 660      D4C3D336 
 660      CEB8
 661 015a 8B46A880 		.ascii	"\213F\250\200\245\340\022\260\011\330\235\204q\030\003"
 661      A5E012B0 
 661      09D89D84 
 661      711803
 662 0169 E96D1E69 		.ascii	"\351m\036i\247\310*QHO}5 \334\003*\253\242\241\230\222"
 662      A7C82A51 
 662      484F7D35 
 662      20DC032A 
 662      ABA2A198 
 663 017e 16CF622F 		.ascii	"\026\317b/\242\017\307\262\221hWVu\352t+\330\253\342"
 663      A20FC7B2 
 663      91685756 
ARM GAS  C:\Users\patri\AppData\Local\Temp\ccg7VWWO.s 			page 25


 663      75EA742B 
 663      D8ABE2
 664 0191 7311FA1C 		.ascii	"s\021\372\034\215.hB\314\206a\336gG)\366\361v[\261\243"
 664      8D2E6842 
 664      CC8661DE 
 664      674729F6 
 664      F1765BB1 
 665 01a6 8BDB9F3C 		.ascii	"\213\333\237<\023\353\330Pp\005\320\350\302^\303\036"
 665      13EBD850 
 665      7005D0E8 
 665      C25EC31E 
 666 01b6 4F625704 		.ascii	"ObW\004_\213F\263\023\274\004\236\\\350>Z\026\353\230"
 666      5F8B46B3 
 666      13BC049E 
 666      5CE83E5A 
 666      16EB98
 667 01c9 5763497C 		.ascii	"WcI|6FY\"\0306tP\210\242\030\250\033\240\305\272\217"
 667      36465922 
 667      18367450 
 667      88A218A8 
 667      1BA0C5BA 
 668 01de 9F089BC6 		.ascii	"\237\010\233\306\016%\024V1d\252\016\2156\214c\277S"
 668      0E251456 
 668      3164AA0E 
 668      8D368C63 
 668      BF53
 669 01f0 A778EDAC 		.ascii	"\247x\355\254\201\016\214\231\252\0227U\320\343aU\217"
 669      810E8C99 
 669      AA123755 
 669      D0E36155 
 669      8F
 670 0201 9B082729 		.ascii	"\233\010')\246B\247\256\224x\275\276\320I\205Ltr\266"
 670      A642A7AE 
 670      9478BDBE 
 670      D049854C 
 670      7472B6
 671 0214 1E7F4589 		.ascii	"\036\177E\211\231d\207UPb\250j!<\346\324\342\252\252"
 671      99648755 
 671      5062A86A 
 671      213CE6D4 
 671      E2AAAA
 672 0227 11DF49FC 		.ascii	"\021\337I\374~=d \035\014U\177\236\252\240=w\357D\020"
 672      7E3D6420 
 672      1D0C557F 
 672      9EAAA03D 
 672      77EF4410 
 673 023b 68AB1705 		.ascii	"h\253\027\005\274\224z\371>o\275\367\304\0376x\\\253"
 673      BC947AF9 
 673      3E6FBDF7 
 673      C41F3678 
 673      5CAB
 674 024d 67E07248 		.ascii	"g\340rH\037\321P\206\026z\376\222\370\337`\024\356\221"
 674      1FD15086 
 674      167AFE92 
 674      F8DF6014 
 674      EE91
 675 025f 39F55BDF 		.ascii	"9\365[\3378p\363G\370\205\006>v\352\366\203\302\035"
ARM GAS  C:\Users\patri\AppData\Local\Temp\ccg7VWWO.s 			page 26


 675      3870F347 
 675      F885063E 
 675      76EAF683 
 675      C21D
 676 0271 C807804F 		.ascii	"\310\007\200O\016Cn\000l\032\330\325\334[\211\177z\371"
 676      0E436E00 
 676      6C1AD8D5 
 676      DC5B897F 
 676      7AF9
 677 0283 BA7D4F24 		.ascii	"\272}O$\202\253\347S\017Fv\236\351G\244\246C\022E\374"
 677      82ABE753 
 677      0F46769E 
 677      E947A4A6 
 677      431245FC 
 678 0297 0C493EFB 		.ascii	"\014I>\373kt`W\340'pM\202D$\032X\201(\234\377r\025m"
 678      6B746057 
 678      E027704D 
 678      8244241A 
 678      5881289C 
 679 02af 65C89F91 		.ascii	"e\310\237\221\021.\332\266\361\212f\201\271f\250\244"
 679      112EDAB6 
 679      F18A6681 
 679      B966A8A4 
 680 02bf 961AFD46 		.ascii	"\226\032\375F\334\316\265\"\276\223\200)\230$g\032\270"
 680      DCCEB522 
 680      BE938029 
 680      9824671A 
 680      B8
 681 02d0 9FEDD534 		.ascii	"\237\355\3254\\Q\027\017j\212\224\206\353p\315\362^"
 681      5C51170F 
 681      6A8A9486 
 681      EB70CDF2 
 681      5E
 682 02e1 26EA3251 		.ascii	"&\3522Q\227~_\213\226l>\317\264\365<o\020\244\031\240"
 682      977E5F8B 
 682      966C3ECF 
 682      B4F53C6F 
 682      10A419A0 
 683 02f5 7ED7263F 		.ascii	"~\327&?\353\0246\304q\255c\017\377L\027ps\010~%v\262"
 683      EB1436C4 
 683      71AD630F 
 683      FF4C1770 
 683      73087E25 
 684 030b 2B3B5CB2 		.ascii	"+;\\\262Uk\006\330\315\234\326\265\317\243\345\\\352"
 684      556B06D8 
 684      CD9CD6B5 
 684      CFA3E55C 
 684      EA
 685 031c CAECA0AF 		.ascii	"\312\354\240\257\207\202\35230\277\241\221\315[\022"
 685      8782EA33 
 685      30BFA191 
 685      CD5B12
 686 032b 8F09D2D2 		.ascii	"\217\011\322\322\177\224\231\031>c\302\326\274\213\300"
 686      7F949919 
 686      3E63C2D6 
 686      BC8BC0
 687 033a 6EE7F2FE 		.ascii	"n\347\362\376\335\367\335}\201'\356=\336q\024\035\374"
ARM GAS  C:\Users\patri\AppData\Local\Temp\ccg7VWWO.s 			page 27


 687      DDF7DD7D 
 687      8127EE3D 
 687      DE71141D 
 687      FC
 688 034b 958A8B70 		.ascii	"\225\212\213p\313J}\313J}\232\372\233:\367\361\204\260"
 688      CB4A7DCB 
 688      4A7D9AFA 
 688      9B3AF7F1 
 688      84B0
 689 035d A92E63A9 		.ascii	"\251.c\251\273\303\343D\271\265\311_Q\271\277\335\033"
 689      BBC3E344 
 689      B9B5C95F 
 689      51B9BFDD 
 689      1B
 690 036e F4CBCDFB 		.ascii	"\364\313\315\373\203u\357\035p\313\355~\231NG\352\334"
 690      8375EF1D 
 690      70CBED7E 
 690      994E47EA 
 690      DC
 691 037f 41574DC0 		.ascii	"AWM\300\333T)K\007_\177\253\242\301U\313\266\377\353"
 691      DB54294B 
 691      075F7FAB 
 691      A2C155CB 
 691      B6FFEB
 692 0392 73658B5C 		.ascii	"se\213\\S\375Bm]\025+\014z\016\007\352\334\001\211\377"
 692      53FD426D 
 692      5D152B0C 
 692      7A0E07EA 
 692      DC0189FF 
 693 03a6 BA6ADC81 		.ascii	"\272j\334\201\202C\301\226\312*\233\253\206\2256\371"
 693      8243C196 
 693      CA2A9BAB 
 693      869536F9 
 694 03b6 DB3EA86D 		.ascii	"\333>\250m\336\327\266\267\305\307\212e\257?\320|d_"
 694      DED7B6B7 
 694      C5C78A65 
 694      AF3FD07C 
 694      645F
 695 03c8 DB8BAC24 		.ascii	"\333\213\254$/\325\236\206\227\032\033Z=\207<o\006\202"
 695      2FD59E86 
 695      971A1B5A 
 695      3D873C6F 
 695      0682
 696 03da EF7ABC8D 		.ascii	"\357z\274\215\037z\375\357\267\373\232\344fw\260\275"
 696      1F7AFDEF 
 696      B7FB9AE4 
 696      6677B0BD 
 697 03ea D9DFD8E6 		.ascii	"\331\337\330\346\221\375^\371p\300\317v\375_\247\314"
 697      91FD5EF9 
 697      70C0CF76 
 697      FD5FA7CC 
 698 03fa 46854BF3 		.ascii	"F\205K\363>\371\2126\014:\376\003\266\225\005\""
 698      3EF98A36 
 698      0C3AFE03 
 698      B6950522 
 699              		.text
 700              		.section	.gnu.lto_.symtab.e546be5b,"e",%progbits
ARM GAS  C:\Users\patri\AppData\Local\Temp\ccg7VWWO.s 			page 28


 701 0000 75387838 		.ascii	"u8x8_u16toap\000"
 701      5F753136 
 701      746F6170 
 701      00
 702 000d 00       		.ascii	"\000"
 703 000e 00       		.ascii	"\000"
 704 000f 00       		.ascii	"\000"
 705 0010 00000000 		.ascii	"\000\000\000\000\000\000\000\000"
 705      00000000 
 706 0018 DF000000 		.ascii	"\337\000\000\000"
 707 001c 75387838 		.ascii	"u8x8_u16toa\000"
 707      5F753136 
 707      746F6100 
 708 0028 00       		.ascii	"\000"
 709 0029 00       		.ascii	"\000"
 710 002a 00       		.ascii	"\000"
 711 002b 00000000 		.ascii	"\000\000\000\000\000\000\000\000"
 711      00000000 
 712 0033 D4000000 		.ascii	"\324\000\000\000"
 713 0037 75387838 		.ascii	"u8x8_utoa\000"
 713      5F75746F 
 713      6100
 714 0041 00       		.ascii	"\000"
 715 0042 00       		.ascii	"\000"
 716 0043 00       		.ascii	"\000"
 717 0044 00000000 		.ascii	"\000\000\000\000\000\000\000\000"
 717      00000000 
 718 004c E3000000 		.ascii	"\343\000\000\000"
 719              		.text
 720              		.section	.gnu.lto_.ext_symtab.e546be5b,"e",%progbits
 721 0000 01       		.ascii	"\001"
 722 0001 01       		.ascii	"\001"
 723 0002 00       		.ascii	"\000"
 724 0003 01       		.ascii	"\001"
 725 0004 00       		.ascii	"\000"
 726 0005 01       		.ascii	"\001"
 727 0006 00       		.ascii	"\000"
 728              		.text
 729              		.section	.gnu.lto_.opts,"e",%progbits
 730 0000 272D666E 		.ascii	"'-fno-openmp' '-fno-openacc' '-fno-pie' '-fcf-prote"
 730      6F2D6F70 
 730      656E6D70 
 730      2720272D 
 730      666E6F2D 
 731 0033 6374696F 		.ascii	"ction=none' '-g' '-mcpu=cortex-m4' '-mthumb' '-mflo"
 731      6E3D6E6F 
 731      6E652720 
 731      272D6727 
 731      20272D6D 
 732 0066 61742D61 		.ascii	"at-abi=hard' '-mfpu=fpv4-sp-d16' '-mlibarch=armv7e-"
 732      62693D68 
 732      61726427 
 732      20272D6D 
 732      6670753D 
 733 0099 6D2B6670 		.ascii	"m+fp' '-march=armv7e-m+fp' '-O2' '-fomit-frame-poin"
 733      2720272D 
 733      6D617263 
ARM GAS  C:\Users\patri\AppData\Local\Temp\ccg7VWWO.s 			page 29


 733      683D6172 
 733      6D763765 
 734 00cc 74657227 		.ascii	"ter' '-falign-functions=16' '-ffunction-sections' '"
 734      20272D66 
 734      616C6967 
 734      6E2D6675 
 734      6E637469 
 735 00ff 2D666461 		.ascii	"-fdata-sections' '-fno-common' '-flto' '-Xassembler"
 735      74612D73 
 735      65637469 
 735      6F6E7327 
 735      20272D66 
 736 0132 2720272D 		.ascii	"' '-alms=./build/lst/u8x8_u16toa.lst'\000"
 736      616C6D73 
 736      3D2E2F62 
 736      75696C64 
 736      2F6C7374 
 737              		.text
 738              		.comm	__gnu_lto_slim,1,1
 739              		.ident	"GCC: (Arm GNU Toolchain 11.3.Rel1) 11.3.1 20220712"
ARM GAS  C:\Users\patri\AppData\Local\Temp\ccg7VWWO.s 			page 30


DEFINED SYMBOLS
                            *ABS*:00000000 u8x8_u16toa.c
C:\Users\patri\AppData\Local\Temp\ccg7VWWO.s:23     .gnu.debuglto_.debug_info:00000000 u8x8_u16toa.c.fc653780
                            *COM*:00000001 __gnu_lto_slim

NO UNDEFINED SYMBOLS
